# SOPH Battery Test Log
# Suite:     smallcrush
# Seed:      03
# Generator: $HOME/Desktop/SOPH_ALGO/bin/soph_v3 --gen --seed-hex 03 --bytes 0
# Date:      2026-03-22 07:11:28
#======================================================================

xxxxxxxxxxxxxxxxxxxxxxxxxxxxxxxxxxxxxxxxxxxxxxxxxxxxxxxxxxx
                 Starting SmallCrush
                 Version: TestU01 1.2.3
xxxxxxxxxxxxxxxxxxxxxxxxxxxxxxxxxxxxxxxxxxxxxxxxxxxxxxxxxxx


***********************************************************
HOST = soph-test-runner, Darwin

generator


smarsa_BirthdaySpacings test:
-----------------------------------------------
   N =  1,  n = 5000000,  r =  0,    d = 1073741824,    t = 2,    p = 1


      Number of cells = d^t = 1152921504606846976
      Lambda = Poisson mean =      27.1051


----------------------------------------------------
Total expected number = N*Lambda      :      27.11
Total observed number                 :      28
p-value of test                       :    0.46


-----------------------------------------------
CPU time used                    :  00:00:00.56

Generator state:




***********************************************************
Test sknuth_Collision calling smultin_Multinomial

***********************************************************
HOST = soph-test-runner, Darwin

generator


smultin_Multinomial test:
-----------------------------------------------
   N =  1,  n = 5000000,  r =  0,   d = 65536,   t =  2,
       Sparse =   TRUE

       GenerCell = smultin_GenerCellSerial
       Number of cells = d^t =         4294967296
       Expected number per cell =  1 /  858.99346
       EColl = n^2 / (2k) =  2910.383046
       Hashing =   TRUE

       Collision test,    Mu =      2909.2534,    Sigma =    53.8957

-----------------------------------------------
Test Results for Collisions

Expected number of collisions = Mu    :     2909.25
Observed number of collisions         :     2907
p-value of test                       :    0.51

-----------------------------
Total number of cells containing j balls

  j =  0                              :       4289970203
  j =  1                              :          4994187
  j =  2                              :             2905
  j =  3                              :                1
  j =  4                              :                0
  j =  5                              :                0

-----------------------------------------------
CPU time used                    :  00:00:00.38

Generator state:




***********************************************************
HOST = soph-test-runner, Darwin

generator


sknuth_Gap test:
-----------------------------------------------
   N =  1,  n = 200000,  r = 22,   Alpha =        0,   Beta  = 0.00390625


-----------------------------------------------
Number of degrees of freedom          : 1114
Chi-square statistic                  : 1127.19
p-value of test                       :    0.38

-----------------------------------------------
CPU time used                    :  00:00:00.16

Generator state:




***********************************************************
HOST = soph-test-runner, Darwin

generator


sknuth_SimpPoker test:
-----------------------------------------------
   N =  1,  n = 400000,  r = 24,   d =   64,   k =   64


-----------------------------------------------
Number of degrees of freedom          :   19
Chi-square statistic                  :   20.58
p-value of test                       :    0.36

-----------------------------------------------
CPU time used                    :  00:00:00.20

Generator state:




***********************************************************
HOST = soph-test-runner, Darwin

generator


sknuth_CouponCollector test:
-----------------------------------------------
   N =  1,  n = 500000,  r = 26,   d =   16


-----------------------------------------------
Number of degrees of freedom          :   44
Chi-square statistic                  :   62.19
p-value of test                       :    0.04

-----------------------------------------------
CPU time used                    :  00:00:00.15

Generator state:




***********************************************************
HOST = soph-test-runner, Darwin

generator


sknuth_MaxOft test:
-----------------------------------------------
   N =  1,  n = 2000000,  r =  0,   d = 100000,   t =  6

      Number of categories = 100000
      Expected number per category  = 20.00


-----------------------------------------------
Number of degrees of freedom          : 99999
Chi-square statistic                  :99575.20
p-value of test                       :    0.83


-----------------------------------------------
Anderson-Darling statistic            :    0.35
p-value of test                       :    0.65


-----------------------------------------------
CPU time used                    :  00:00:00.23

Generator state:




***********************************************************
HOST = soph-test-runner, Darwin

generator


svaria_WeightDistrib test:
-----------------------------------------------
   N =  1,  n = 200000,  r = 27,  k = 256,  Alpha =      0,  Beta =  0.125


-----------------------------------------------
Number of degrees of freedom          :   41
Chi-square statistic                  :   40.88
p-value of test                       :    0.48

-----------------------------------------------
CPU time used                    :  00:00:00.15

Generator state:




***********************************************************
HOST = soph-test-runner, Darwin

generator


smarsa_MatrixRank test:
-----------------------------------------------
   N =  1,  n = 20000,  r = 20,    s = 10,    L = 60,    k = 60


-----------------------------------------------
Number of degrees of freedom          :    3
Chi-square statistic                  :    0.71
p-value of test                       :    0.87

-----------------------------------------------
CPU time used                    :  00:00:00.18

Generator state:




***********************************************************
HOST = soph-test-runner, Darwin

generator


sstring_HammingIndep test:
-----------------------------------------------
   N =  1,  n = 500000,  r = 20,   s = 10,   L = 300,   d = 0



Counters with expected numbers >= 10
-----------------------------------------------
Number of degrees of freedom          : 2209
Chi-square statistic                  : 2238.81
p-value of test                       :    0.32

-----------------------------------------------
CPU time used                    :  00:00:00.08

Generator state:




***********************************************************
HOST = soph-test-runner, Darwin

generator


swalk_RandomWalk1 test:
-----------------------------------------------
   N =  1,  n = 1000000,  r =  0,   s = 30,   L0 =  150,   L1 =  150



-----------------------------------------------
Test on the values of the Statistic H

Number of degrees of freedom          :   52
ChiSquare statistic                   :   32.38
p-value of test                       :    0.99


-----------------------------------------------
Test on the values of the Statistic M

Number of degrees of freedom          :   52
ChiSquare statistic                   :   59.16
p-value of test                       :    0.23


-----------------------------------------------
Test on the values of the Statistic J

Number of degrees of freedom          :   75
ChiSquare statistic                   :   58.30
p-value of test                       :    0.92


-----------------------------------------------
Test on the values of the Statistic R

Number of degrees of freedom          :   44
ChiSquare statistic                   :   32.02
p-value of test                       :    0.91


-----------------------------------------------
Test on the values of the Statistic C

Number of degrees of freedom          :   26
ChiSquare statistic                   :   30.93
p-value of test                       :    0.23


-----------------------------------------------
CPU time used                    :  00:00:00.33

Generator state:





========= Summary results of SmallCrush =========

 Version:          TestU01 1.2.3
 Generator:        generator
 Number of statistics:  15
 Total CPU time:   00:00:02.46

 All tests were passed



