# SOPH Battery Test Log
# Suite:     smallcrush
# Seed:      01
# Generator: $HOME/Desktop/SOPH_ALGO/bin/soph_rng_lane --ctr-raw-gen --seed-hex 01 --bytes 0
# Date:      2026-04-02 16:23:16
#======================================================================

xxxxxxxxxxxxxxxxxxxxxxxxxxxxxxxxxxxxxxxxxxxxxxxxxxxxxxxxxxx
                 Starting SmallCrush
                 Version: TestU01 1.2.3
xxxxxxxxxxxxxxxxxxxxxxxxxxxxxxxxxxxxxxxxxxxxxxxxxxxxxxxxxxx


***********************************************************
HOST = soph-test-runner.local, Darwin

generator


smarsa_BirthdaySpacings test:
-----------------------------------------------
   N =  1,  n = 5000000,  r =  0,    d = 1073741824,    t = 2,    p = 1


      Number of cells = d^t = 1152921504606846976
      Lambda = Poisson mean =      27.1051


----------------------------------------------------
Total expected number = N*Lambda      :      27.11
Total observed number                 :      24
p-value of test                       :    0.68


-----------------------------------------------
CPU time used                    :  00:00:00.59

Generator state:




***********************************************************
Test sknuth_Collision calling smultin_Multinomial

***********************************************************
HOST = soph-test-runner.local, Darwin

generator


smultin_Multinomial test:
-----------------------------------------------
   N =  1,  n = 5000000,  r =  0,   d = 65536,   t =  2,
       Sparse =   TRUE

       GenerCell = smultin_GenerCellSerial
       Number of cells = d^t =         4294967296
       Expected number per cell =  1 /  858.99346
       EColl = n^2 / (2k) =  2910.383046
       Hashing =   TRUE

       Collision test,    Mu =      2909.2534,    Sigma =    53.8957

-----------------------------------------------
Test Results for Collisions

Expected number of collisions = Mu    :     2909.25
Observed number of collisions         :     2945
p-value of test                       :    0.26

-----------------------------
Total number of cells containing j balls

  j =  0                              :       4289970241
  j =  1                              :          4994112
  j =  2                              :             2941
  j =  3                              :                2
  j =  4                              :                0
  j =  5                              :                0

-----------------------------------------------
CPU time used                    :  00:00:00.43

Generator state:




***********************************************************
HOST = soph-test-runner.local, Darwin

generator


sknuth_Gap test:
-----------------------------------------------
   N =  1,  n = 200000,  r = 22,   Alpha =        0,   Beta  = 0.00390625


-----------------------------------------------
Number of degrees of freedom          : 1114
Chi-square statistic                  : 1151.02
p-value of test                       :    0.21

-----------------------------------------------
CPU time used                    :  00:00:00.17

Generator state:




***********************************************************
HOST = soph-test-runner.local, Darwin

generator


sknuth_SimpPoker test:
-----------------------------------------------
   N =  1,  n = 400000,  r = 24,   d =   64,   k =   64


-----------------------------------------------
Number of degrees of freedom          :   19
Chi-square statistic                  :   22.90
p-value of test                       :    0.24

-----------------------------------------------
CPU time used                    :  00:00:00.20

Generator state:




***********************************************************
HOST = soph-test-runner.local, Darwin

generator


sknuth_CouponCollector test:
-----------------------------------------------
   N =  1,  n = 500000,  r = 26,   d =   16


-----------------------------------------------
Number of degrees of freedom          :   44
Chi-square statistic                  :   41.78
p-value of test                       :    0.57

-----------------------------------------------
CPU time used                    :  00:00:00.16

Generator state:




***********************************************************
HOST = soph-test-runner.local, Darwin

generator


sknuth_MaxOft test:
-----------------------------------------------
   N =  1,  n = 2000000,  r =  0,   d = 100000,   t =  6

      Number of categories = 100000
      Expected number per category  = 20.00


-----------------------------------------------
Number of degrees of freedom          : 99999
Chi-square statistic                  : 1.00e+5
p-value of test                       :    0.24


-----------------------------------------------
Anderson-Darling statistic            :    0.47
p-value of test                       :    0.53


-----------------------------------------------
CPU time used                    :  00:00:00.23

Generator state:




***********************************************************
HOST = soph-test-runner.local, Darwin

generator


svaria_WeightDistrib test:
-----------------------------------------------
   N =  1,  n = 200000,  r = 27,  k = 256,  Alpha =      0,  Beta =  0.125


-----------------------------------------------
Number of degrees of freedom          :   41
Chi-square statistic                  :   45.47
p-value of test                       :    0.29

-----------------------------------------------
CPU time used                    :  00:00:00.16

Generator state:




***********************************************************
HOST = soph-test-runner.local, Darwin

generator


smarsa_MatrixRank test:
-----------------------------------------------
   N =  1,  n = 20000,  r = 20,    s = 10,    L = 60,    k = 60


-----------------------------------------------
Number of degrees of freedom          :    3
Chi-square statistic                  :    0.72
p-value of test                       :    0.87

-----------------------------------------------
CPU time used                    :  00:00:00.18

Generator state:




***********************************************************
HOST = soph-test-runner.local, Darwin

generator


sstring_HammingIndep test:
-----------------------------------------------
   N =  1,  n = 500000,  r = 20,   s = 10,   L = 300,   d = 0



Counters with expected numbers >= 10
-----------------------------------------------
Number of degrees of freedom          : 2209
Chi-square statistic                  : 2281.48
p-value of test                       :    0.14

-----------------------------------------------
CPU time used                    :  00:00:00.08

Generator state:




***********************************************************
HOST = soph-test-runner.local, Darwin

generator


swalk_RandomWalk1 test:
-----------------------------------------------
   N =  1,  n = 1000000,  r =  0,   s = 30,   L0 =  150,   L1 =  150



-----------------------------------------------
Test on the values of the Statistic H

Number of degrees of freedom          :   52
ChiSquare statistic                   :   63.32
p-value of test                       :    0.14


-----------------------------------------------
Test on the values of the Statistic M

Number of degrees of freedom          :   52
ChiSquare statistic                   :   53.68
p-value of test                       :    0.41


-----------------------------------------------
Test on the values of the Statistic J

Number of degrees of freedom          :   75
ChiSquare statistic                   :   64.32
p-value of test                       :    0.81


-----------------------------------------------
Test on the values of the Statistic R

Number of degrees of freedom          :   44
ChiSquare statistic                   :   34.56
p-value of test                       :    0.85


-----------------------------------------------
Test on the values of the Statistic C

Number of degrees of freedom          :   26
ChiSquare statistic                   :   33.87
p-value of test                       :    0.14


-----------------------------------------------
CPU time used                    :  00:00:00.33

Generator state:





========= Summary results of SmallCrush =========

 Version:          TestU01 1.2.3
 Generator:        generator
 Number of statistics:  15
 Total CPU time:   00:00:02.58

 All tests were passed



