# SOPH Battery Test Log
# Suite:     smallcrush
# Seed:      0123456789abcdef
# Generator: $HOME/Desktop/SOPH_ALGO/bin/soph_rng_lane --ctr-gen --seed-hex 0123456789abcdef --bytes 0
# Date:      2026-04-02 16:22:58
#======================================================================

xxxxxxxxxxxxxxxxxxxxxxxxxxxxxxxxxxxxxxxxxxxxxxxxxxxxxxxxxxx
                 Starting SmallCrush
                 Version: TestU01 1.2.3
xxxxxxxxxxxxxxxxxxxxxxxxxxxxxxxxxxxxxxxxxxxxxxxxxxxxxxxxxxx


***********************************************************
HOST = soph-test-runner.local, Darwin

generator


smarsa_BirthdaySpacings test:
-----------------------------------------------
   N =  1,  n = 5000000,  r =  0,    d = 1073741824,    t = 2,    p = 1


      Number of cells = d^t = 1152921504606846976
      Lambda = Poisson mean =      27.1051


----------------------------------------------------
Total expected number = N*Lambda      :      27.11
Total observed number                 :      24
p-value of test                       :    0.68


-----------------------------------------------
CPU time used                    :  00:00:00.57

Generator state:




***********************************************************
Test sknuth_Collision calling smultin_Multinomial

***********************************************************
HOST = soph-test-runner.local, Darwin

generator


smultin_Multinomial test:
-----------------------------------------------
   N =  1,  n = 5000000,  r =  0,   d = 65536,   t =  2,
       Sparse =   TRUE

       GenerCell = smultin_GenerCellSerial
       Number of cells = d^t =         4294967296
       Expected number per cell =  1 /  858.99346
       EColl = n^2 / (2k) =  2910.383046
       Hashing =   TRUE

       Collision test,    Mu =      2909.2534,    Sigma =    53.8957

-----------------------------------------------
Test Results for Collisions

Expected number of collisions = Mu    :     2909.25
Observed number of collisions         :     2925
p-value of test                       :    0.39

-----------------------------
Total number of cells containing j balls

  j =  0                              :       4289970221
  j =  1                              :          4994151
  j =  2                              :             2923
  j =  3                              :                1
  j =  4                              :                0
  j =  5                              :                0

-----------------------------------------------
CPU time used                    :  00:00:00.40

Generator state:




***********************************************************
HOST = soph-test-runner.local, Darwin

generator


sknuth_Gap test:
-----------------------------------------------
   N =  1,  n = 200000,  r = 22,   Alpha =        0,   Beta  = 0.00390625


-----------------------------------------------
Number of degrees of freedom          : 1114
Chi-square statistic                  : 1122.97
p-value of test                       :    0.42

-----------------------------------------------
CPU time used                    :  00:00:00.17

Generator state:




***********************************************************
HOST = soph-test-runner.local, Darwin

generator


sknuth_SimpPoker test:
-----------------------------------------------
   N =  1,  n = 400000,  r = 24,   d =   64,   k =   64


-----------------------------------------------
Number of degrees of freedom          :   19
Chi-square statistic                  :   25.57
p-value of test                       :    0.14

-----------------------------------------------
CPU time used                    :  00:00:00.21

Generator state:




***********************************************************
HOST = soph-test-runner.local, Darwin

generator


sknuth_CouponCollector test:
-----------------------------------------------
   N =  1,  n = 500000,  r = 26,   d =   16


-----------------------------------------------
Number of degrees of freedom          :   44
Chi-square statistic                  :   67.08
p-value of test                       :    0.01

-----------------------------------------------
CPU time used                    :  00:00:00.15

Generator state:




***********************************************************
HOST = soph-test-runner.local, Darwin

generator


sknuth_MaxOft test:
-----------------------------------------------
   N =  1,  n = 2000000,  r =  0,   d = 100000,   t =  6

      Number of categories = 100000
      Expected number per category  = 20.00


-----------------------------------------------
Number of degrees of freedom          : 99999
Chi-square statistic                  : 1.00e+5
p-value of test                       :    0.19


-----------------------------------------------
Anderson-Darling statistic            :    0.36
p-value of test                       :    0.64


-----------------------------------------------
CPU time used                    :  00:00:00.24

Generator state:




***********************************************************
HOST = soph-test-runner.local, Darwin

generator


svaria_WeightDistrib test:
-----------------------------------------------
   N =  1,  n = 200000,  r = 27,  k = 256,  Alpha =      0,  Beta =  0.125


-----------------------------------------------
Number of degrees of freedom          :   41
Chi-square statistic                  :   20.26
p-value of test                       :    0.9973

-----------------------------------------------
CPU time used                    :  00:00:00.15

Generator state:




***********************************************************
HOST = soph-test-runner.local, Darwin

generator


smarsa_MatrixRank test:
-----------------------------------------------
   N =  1,  n = 20000,  r = 20,    s = 10,    L = 60,    k = 60


-----------------------------------------------
Number of degrees of freedom          :    3
Chi-square statistic                  :    1.31
p-value of test                       :    0.73

-----------------------------------------------
CPU time used                    :  00:00:00.18

Generator state:




***********************************************************
HOST = soph-test-runner.local, Darwin

generator


sstring_HammingIndep test:
-----------------------------------------------
   N =  1,  n = 500000,  r = 20,   s = 10,   L = 300,   d = 0



Counters with expected numbers >= 10
-----------------------------------------------
Number of degrees of freedom          : 2209
Chi-square statistic                  : 2269.26
p-value of test                       :    0.18

-----------------------------------------------
CPU time used                    :  00:00:00.06

Generator state:




***********************************************************
HOST = soph-test-runner.local, Darwin

generator


swalk_RandomWalk1 test:
-----------------------------------------------
   N =  1,  n = 1000000,  r =  0,   s = 30,   L0 =  150,   L1 =  150



-----------------------------------------------
Test on the values of the Statistic H

Number of degrees of freedom          :   52
ChiSquare statistic                   :   61.82
p-value of test                       :    0.17


-----------------------------------------------
Test on the values of the Statistic M

Number of degrees of freedom          :   52
ChiSquare statistic                   :   53.80
p-value of test                       :    0.41


-----------------------------------------------
Test on the values of the Statistic J

Number of degrees of freedom          :   75
ChiSquare statistic                   :   66.42
p-value of test                       :    0.75


-----------------------------------------------
Test on the values of the Statistic R

Number of degrees of freedom          :   44
ChiSquare statistic                   :   33.20
p-value of test                       :    0.88


-----------------------------------------------
Test on the values of the Statistic C

Number of degrees of freedom          :   26
ChiSquare statistic                   :   15.31
p-value of test                       :    0.95


-----------------------------------------------
CPU time used                    :  00:00:00.35

Generator state:





========= Summary results of SmallCrush =========

 Version:          TestU01 1.2.3
 Generator:        generator
 Number of statistics:  15
 Total CPU time:   00:00:02.53

 All tests were passed



