# SOPH Battery Test Log
# Suite:     smallcrush
# Seed:      04
# Generator: $HOME/Desktop/SOPH_ALGO/bin/soph_rng_lane --ctr-gen --seed-hex 04 --bytes 0 --particles 1
# Date:      2026-04-02 16:19:17
#======================================================================

xxxxxxxxxxxxxxxxxxxxxxxxxxxxxxxxxxxxxxxxxxxxxxxxxxxxxxxxxxx
                 Starting SmallCrush
                 Version: TestU01 1.2.3
xxxxxxxxxxxxxxxxxxxxxxxxxxxxxxxxxxxxxxxxxxxxxxxxxxxxxxxxxxx


***********************************************************
HOST = soph-test-runner.local, Darwin

generator


smarsa_BirthdaySpacings test:
-----------------------------------------------
   N =  1,  n = 5000000,  r =  0,    d = 1073741824,    t = 2,    p = 1


      Number of cells = d^t = 1152921504606846976
      Lambda = Poisson mean =      27.1051


----------------------------------------------------
Total expected number = N*Lambda      :      27.11
Total observed number                 :      31
p-value of test                       :    0.25


-----------------------------------------------
CPU time used                    :  00:00:00.57

Generator state:




***********************************************************
Test sknuth_Collision calling smultin_Multinomial

***********************************************************
HOST = soph-test-runner.local, Darwin

generator


smultin_Multinomial test:
-----------------------------------------------
   N =  1,  n = 5000000,  r =  0,   d = 65536,   t =  2,
       Sparse =   TRUE

       GenerCell = smultin_GenerCellSerial
       Number of cells = d^t =         4294967296
       Expected number per cell =  1 /  858.99346
       EColl = n^2 / (2k) =  2910.383046
       Hashing =   TRUE

       Collision test,    Mu =      2909.2534,    Sigma =    53.8957

-----------------------------------------------
Test Results for Collisions

Expected number of collisions = Mu    :     2909.25
Observed number of collisions         :     2842
p-value of test                       :    0.89

-----------------------------
Total number of cells containing j balls

  j =  0                              :       4289970138
  j =  1                              :          4994317
  j =  2                              :             2840
  j =  3                              :                1
  j =  4                              :                0
  j =  5                              :                0

-----------------------------------------------
CPU time used                    :  00:00:00.39

Generator state:




***********************************************************
HOST = soph-test-runner.local, Darwin

generator


sknuth_Gap test:
-----------------------------------------------
   N =  1,  n = 200000,  r = 22,   Alpha =        0,   Beta  = 0.00390625


-----------------------------------------------
Number of degrees of freedom          : 1114
Chi-square statistic                  : 1138.47
p-value of test                       :    0.30

-----------------------------------------------
CPU time used                    :  00:00:00.16

Generator state:




***********************************************************
HOST = soph-test-runner.local, Darwin

generator


sknuth_SimpPoker test:
-----------------------------------------------
   N =  1,  n = 400000,  r = 24,   d =   64,   k =   64


-----------------------------------------------
Number of degrees of freedom          :   19
Chi-square statistic                  :   14.89
p-value of test                       :    0.73

-----------------------------------------------
CPU time used                    :  00:00:00.20

Generator state:




***********************************************************
HOST = soph-test-runner.local, Darwin

generator


sknuth_CouponCollector test:
-----------------------------------------------
   N =  1,  n = 500000,  r = 26,   d =   16


-----------------------------------------------
Number of degrees of freedom          :   44
Chi-square statistic                  :   48.35
p-value of test                       :    0.30

-----------------------------------------------
CPU time used                    :  00:00:00.16

Generator state:




***********************************************************
HOST = soph-test-runner.local, Darwin

generator


sknuth_MaxOft test:
-----------------------------------------------
   N =  1,  n = 2000000,  r =  0,   d = 100000,   t =  6

      Number of categories = 100000
      Expected number per category  = 20.00


-----------------------------------------------
Number of degrees of freedom          : 99999
Chi-square statistic                  : 1.00e+5
p-value of test                       :    0.31


-----------------------------------------------
Anderson-Darling statistic            :    0.73
p-value of test                       :    0.27


-----------------------------------------------
CPU time used                    :  00:00:00.23

Generator state:




***********************************************************
HOST = soph-test-runner.local, Darwin

generator


svaria_WeightDistrib test:
-----------------------------------------------
   N =  1,  n = 200000,  r = 27,  k = 256,  Alpha =      0,  Beta =  0.125


-----------------------------------------------
Number of degrees of freedom          :   41
Chi-square statistic                  :   44.57
p-value of test                       :    0.32

-----------------------------------------------
CPU time used                    :  00:00:00.15

Generator state:




***********************************************************
HOST = soph-test-runner.local, Darwin

generator


smarsa_MatrixRank test:
-----------------------------------------------
   N =  1,  n = 20000,  r = 20,    s = 10,    L = 60,    k = 60


-----------------------------------------------
Number of degrees of freedom          :    3
Chi-square statistic                  :   0.094
p-value of test                       :    0.9925

-----------------------------------------------
CPU time used                    :  00:00:00.18

Generator state:




***********************************************************
HOST = soph-test-runner.local, Darwin

generator


sstring_HammingIndep test:
-----------------------------------------------
   N =  1,  n = 500000,  r = 20,   s = 10,   L = 300,   d = 0



Counters with expected numbers >= 10
-----------------------------------------------
Number of degrees of freedom          : 2209
Chi-square statistic                  : 2100.16
p-value of test                       :    0.95

-----------------------------------------------
CPU time used                    :  00:00:00.06

Generator state:




***********************************************************
HOST = soph-test-runner.local, Darwin

generator


swalk_RandomWalk1 test:
-----------------------------------------------
   N =  1,  n = 1000000,  r =  0,   s = 30,   L0 =  150,   L1 =  150



-----------------------------------------------
Test on the values of the Statistic H

Number of degrees of freedom          :   52
ChiSquare statistic                   :   41.25
p-value of test                       :    0.86


-----------------------------------------------
Test on the values of the Statistic M

Number of degrees of freedom          :   52
ChiSquare statistic                   :   53.99
p-value of test                       :    0.40


-----------------------------------------------
Test on the values of the Statistic J

Number of degrees of freedom          :   75
ChiSquare statistic                   :   69.18
p-value of test                       :    0.67


-----------------------------------------------
Test on the values of the Statistic R

Number of degrees of freedom          :   44
ChiSquare statistic                   :   40.75
p-value of test                       :    0.61


-----------------------------------------------
Test on the values of the Statistic C

Number of degrees of freedom          :   26
ChiSquare statistic                   :   16.37
p-value of test                       :    0.93


-----------------------------------------------
CPU time used                    :  00:00:00.35

Generator state:





========= Summary results of SmallCrush =========

 Version:          TestU01 1.2.3
 Generator:        generator
 Number of statistics:  15
 Total CPU time:   00:00:02.50

 All tests were passed



