# SOPH Battery Test Log
# Suite:     practrand stdin64
# Seed:      00
# Generator: $HOME/Desktop/SOPH_ALGO/bin/soph_v3 --gen --seed-hex 00 --bytes 0
# Date:      2026-03-22 07:12:57
#======================================================================

RNG_test using PractRand version 0.95
RNG = RNG_stdin64, seed = unknown
test set = core, folding = standard (64 bit)

rng=RNG_stdin64, seed=unknown
length= 128 kilobytes (2^17 bytes), time= 0.0 seconds
  no anomalies in 60 test result(s)

rng=RNG_stdin64, seed=unknown
length= 256 kilobytes (2^18 bytes), time= 0.1 seconds
  no anomalies in 73 test result(s)

rng=RNG_stdin64, seed=unknown
length= 512 kilobytes (2^19 bytes), time= 0.2 seconds
  no anomalies in 83 test result(s)

rng=RNG_stdin64, seed=unknown
length= 1 megabyte (2^20 bytes), time= 0.3 seconds
  Test Name                         Raw       Processed     Evaluation
  BCFN(2+5,13-9,T)                  R= +20.7  p =  9.0e-6   mildly suspicious
  ...and 94 test result(s) without anomalies

rng=RNG_stdin64, seed=unknown
length= 2 megabytes (2^21 bytes), time= 0.4 seconds
  no anomalies in 107 test result(s)

rng=RNG_stdin64, seed=unknown
length= 4 megabytes (2^22 bytes), time= 0.5 seconds
  no anomalies in 122 test result(s)

rng=RNG_stdin64, seed=unknown
length= 8 megabytes (2^23 bytes), time= 0.6 seconds
  no anomalies in 136 test result(s)

rng=RNG_stdin64, seed=unknown
length= 16 megabytes (2^24 bytes), time= 0.8 seconds
  Test Name                         Raw       Processed     Evaluation
  [Low16/64]BCFN(2+6,13-8,T)        R=  -4.9  p =1-4.5e-5   unusual          
  ...and 149 test result(s) without anomalies

rng=RNG_stdin64, seed=unknown
length= 32 megabytes (2^25 bytes), time= 1.0 seconds
  no anomalies in 165 test result(s)

rng=RNG_stdin64, seed=unknown
length= 64 megabytes (2^26 bytes), time= 1.2 seconds
  no anomalies in 180 test result(s)

rng=RNG_stdin64, seed=unknown
length= 128 megabytes (2^27 bytes), time= 1.5 seconds
  no anomalies in 196 test result(s)

rng=RNG_stdin64, seed=unknown
length= 256 megabytes (2^28 bytes), time= 2.1 seconds
  no anomalies in 213 test result(s)

rng=RNG_stdin64, seed=unknown
length= 512 megabytes (2^29 bytes), time= 3.2 seconds
  no anomalies in 229 test result(s)

rng=RNG_stdin64, seed=unknown
length= 1 gigabyte (2^30 bytes), time= 5.2 seconds
  no anomalies in 246 test result(s)

