# SOPH Battery Test Log
# Suite:     practrand stdin8
# Seed:      aaaaaaaaaaaaaaaa
# Generator: $HOME/Desktop/SOPH_ALGO/bin/soph_v3 --gen --seed-hex aaaaaaaaaaaaaaaa --bytes 0
# Date:      2026-03-23 04:04:55
#======================================================================

RNG_test using PractRand version 0.95
RNG = RNG_stdin8, seed = unknown
test set = core, folding = standard (8 bit)

rng=RNG_stdin8, seed=unknown
length= 1 gigabyte (2^30 bytes), time= 5.1 seconds
  no anomalies in 136 test result(s)

rng=RNG_stdin8, seed=unknown
length= 2 gigabytes (2^31 bytes), time= 10.4 seconds
  no anomalies in 145 test result(s)

rng=RNG_stdin8, seed=unknown
length= 4 gigabytes (2^32 bytes), time= 20.4 seconds
  no anomalies in 151 test result(s)

rng=RNG_stdin8, seed=unknown
length= 8 gigabytes (2^33 bytes), time= 41.2 seconds
  no anomalies in 159 test result(s)

rng=RNG_stdin8, seed=unknown
length= 16 gigabytes (2^34 bytes), time= 82.4 seconds
  no anomalies in 167 test result(s)

rng=RNG_stdin8, seed=unknown
length= 32 gigabytes (2^35 bytes), time= 163 seconds
  no anomalies in 173 test result(s)

rng=RNG_stdin8, seed=unknown
length= 64 gigabytes (2^36 bytes), time= 328 seconds
  no anomalies in 181 test result(s)

rng=RNG_stdin8, seed=unknown
length= 128 gigabytes (2^37 bytes), time= 657 seconds
  no anomalies in 189 test result(s)

rng=RNG_stdin8, seed=unknown
length= 256 gigabytes (2^38 bytes), time= 1299 seconds
  no anomalies in 195 test result(s)

rng=RNG_stdin8, seed=unknown
length= 512 gigabytes (2^39 bytes), time= 2620 seconds
  no anomalies in 202 test result(s)

rng=RNG_stdin8, seed=unknown
length= 1 terabyte (2^40 bytes), time= 5253 seconds
  no anomalies in 209 test result(s)

