# SOPH Battery Test Log
# Suite:     practrand stdin16
# Seed:      aaaaaaaaaaaaaaaa
# Generator: $HOME/Desktop/SOPH_ALGO/bin/soph_v3 --gen --seed-hex aaaaaaaaaaaaaaaa --bytes 0
# Date:      2026-03-23 05:32:32
#======================================================================

RNG_test using PractRand version 0.95
RNG = RNG_stdin16, seed = unknown
test set = core, folding = standard (16 bit)

rng=RNG_stdin16, seed=unknown
length= 1 gigabyte (2^30 bytes), time= 4.7 seconds
  no anomalies in 198 test result(s)

rng=RNG_stdin16, seed=unknown
length= 2 gigabytes (2^31 bytes), time= 9.4 seconds
  no anomalies in 210 test result(s)

rng=RNG_stdin16, seed=unknown
length= 4 gigabytes (2^32 bytes), time= 18.6 seconds
  no anomalies in 222 test result(s)

rng=RNG_stdin16, seed=unknown
length= 8 gigabytes (2^33 bytes), time= 37.3 seconds
  no anomalies in 233 test result(s)

rng=RNG_stdin16, seed=unknown
length= 16 gigabytes (2^34 bytes), time= 74.5 seconds
  no anomalies in 244 test result(s)

rng=RNG_stdin16, seed=unknown
length= 32 gigabytes (2^35 bytes), time= 147 seconds
  no anomalies in 255 test result(s)

rng=RNG_stdin16, seed=unknown
length= 64 gigabytes (2^36 bytes), time= 297 seconds
  no anomalies in 266 test result(s)

rng=RNG_stdin16, seed=unknown
length= 128 gigabytes (2^37 bytes), time= 594 seconds
  no anomalies in 277 test result(s)

rng=RNG_stdin16, seed=unknown
length= 256 gigabytes (2^38 bytes), time= 1176 seconds
  no anomalies in 288 test result(s)

rng=RNG_stdin16, seed=unknown
length= 512 gigabytes (2^39 bytes), time= 2370 seconds
  no anomalies in 298 test result(s)

rng=RNG_stdin16, seed=unknown
length= 1 terabyte (2^40 bytes), time= 4741 seconds
  no anomalies in 308 test result(s)

