# SOPH Battery Test Log
# Suite:     practrand stdin8
# Seed:      00
# Generator: $HOME/Desktop/SOPH_ALGO/bin/soph_v3 --gen --seed-hex 00 --bytes 0
# Date:      2026-03-22 07:12:29
#======================================================================

RNG_test using PractRand version 0.95
RNG = RNG_stdin8, seed = unknown
test set = core, folding = standard (8 bit)

rng=RNG_stdin8, seed=unknown
length= 128 kilobytes (2^17 bytes), time= 0.0 seconds
  no anomalies in 38 test result(s)

rng=RNG_stdin8, seed=unknown
length= 256 kilobytes (2^18 bytes), time= 0.1 seconds
  no anomalies in 42 test result(s)

rng=RNG_stdin8, seed=unknown
length= 512 kilobytes (2^19 bytes), time= 0.1 seconds
  no anomalies in 51 test result(s)

rng=RNG_stdin8, seed=unknown
length= 1 megabyte (2^20 bytes), time= 0.2 seconds
  Test Name                         Raw       Processed     Evaluation
  BCFN(2+5,13-9,T)                  R= +20.7  p =  9.0e-6   mildly suspicious
  ...and 57 test result(s) without anomalies

rng=RNG_stdin8, seed=unknown
length= 2 megabytes (2^21 bytes), time= 0.2 seconds
  no anomalies in 64 test result(s)

rng=RNG_stdin8, seed=unknown
length= 4 megabytes (2^22 bytes), time= 0.3 seconds
  no anomalies in 72 test result(s)

rng=RNG_stdin8, seed=unknown
length= 8 megabytes (2^23 bytes), time= 0.4 seconds
  no anomalies in 78 test result(s)

rng=RNG_stdin8, seed=unknown
length= 16 megabytes (2^24 bytes), time= 0.5 seconds
  no anomalies in 85 test result(s)

rng=RNG_stdin8, seed=unknown
length= 32 megabytes (2^25 bytes), time= 0.6 seconds
  no anomalies in 94 test result(s)

rng=RNG_stdin8, seed=unknown
length= 64 megabytes (2^26 bytes), time= 0.8 seconds
  no anomalies in 101 test result(s)

rng=RNG_stdin8, seed=unknown
length= 128 megabytes (2^27 bytes), time= 1.2 seconds
  no anomalies in 110 test result(s)

rng=RNG_stdin8, seed=unknown
length= 256 megabytes (2^28 bytes), time= 1.9 seconds
  no anomalies in 120 test result(s)

rng=RNG_stdin8, seed=unknown
length= 512 megabytes (2^29 bytes), time= 3.2 seconds
  no anomalies in 127 test result(s)

rng=RNG_stdin8, seed=unknown
length= 1 gigabyte (2^30 bytes), time= 5.9 seconds
  no anomalies in 136 test result(s)

