# SOPH Battery Test Log
# Suite:     practrand stdin32
# Seed:      02
# Generator: $HOME/Desktop/SOPH_ALGO/bin/soph_v3 --gen --seed-hex 02 --bytes 0
# Date:      2026-03-22 07:14:02
#======================================================================

RNG_test using PractRand version 0.95
RNG = RNG_stdin32, seed = unknown
test set = core, folding = standard (32 bit)

rng=RNG_stdin32, seed=unknown
length= 128 kilobytes (2^17 bytes), time= 0.0 seconds
  no anomalies in 51 test result(s)

rng=RNG_stdin32, seed=unknown
length= 256 kilobytes (2^18 bytes), time= 0.1 seconds
  no anomalies in 60 test result(s)

rng=RNG_stdin32, seed=unknown
length= 512 kilobytes (2^19 bytes), time= 0.2 seconds
  no anomalies in 69 test result(s)

rng=RNG_stdin32, seed=unknown
length= 1 megabyte (2^20 bytes), time= 0.2 seconds
  no anomalies in 76 test result(s)

rng=RNG_stdin32, seed=unknown
length= 2 megabytes (2^21 bytes), time= 0.3 seconds
  no anomalies in 88 test result(s)

rng=RNG_stdin32, seed=unknown
length= 4 megabytes (2^22 bytes), time= 0.4 seconds
  no anomalies in 99 test result(s)

rng=RNG_stdin32, seed=unknown
length= 8 megabytes (2^23 bytes), time= 0.5 seconds
  no anomalies in 108 test result(s)

rng=RNG_stdin32, seed=unknown
length= 16 megabytes (2^24 bytes), time= 0.6 seconds
  no anomalies in 120 test result(s)

rng=RNG_stdin32, seed=unknown
length= 32 megabytes (2^25 bytes), time= 0.8 seconds
  no anomalies in 131 test result(s)

rng=RNG_stdin32, seed=unknown
length= 64 megabytes (2^26 bytes), time= 1.0 seconds
  no anomalies in 142 test result(s)

rng=RNG_stdin32, seed=unknown
length= 128 megabytes (2^27 bytes), time= 1.3 seconds
  no anomalies in 156 test result(s)

rng=RNG_stdin32, seed=unknown
length= 256 megabytes (2^28 bytes), time= 1.9 seconds
  no anomalies in 168 test result(s)

rng=RNG_stdin32, seed=unknown
length= 512 megabytes (2^29 bytes), time= 3.0 seconds
  no anomalies in 180 test result(s)

rng=RNG_stdin32, seed=unknown
length= 1 gigabyte (2^30 bytes), time= 5.1 seconds
  no anomalies in 194 test result(s)

