# SOPH Battery Test Log
# Suite:     practrand stdin16
# Seed:      5555555555555555
# Generator: $HOME/Desktop/SOPH_ALGO/bin/soph_v3 --gen --seed-hex 5555555555555555 --bytes 0
# Date:      2026-03-23 00:31:03
#======================================================================

RNG_test using PractRand version 0.95
RNG = RNG_stdin16, seed = unknown
test set = core, folding = standard (16 bit)

rng=RNG_stdin16, seed=unknown
length= 1 gigabyte (2^30 bytes), time= 4.6 seconds
  no anomalies in 198 test result(s)

rng=RNG_stdin16, seed=unknown
length= 2 gigabytes (2^31 bytes), time= 9.4 seconds
  Test Name                         Raw       Processed     Evaluation
  [Low4/16]BCFN(2+0,13-1,T)         R=  -7.3  p =1-9.0e-4   unusual          
  ...and 209 test result(s) without anomalies

rng=RNG_stdin16, seed=unknown
length= 4 gigabytes (2^32 bytes), time= 18.5 seconds
  no anomalies in 222 test result(s)

rng=RNG_stdin16, seed=unknown
length= 8 gigabytes (2^33 bytes), time= 37.2 seconds
  no anomalies in 233 test result(s)

rng=RNG_stdin16, seed=unknown
length= 16 gigabytes (2^34 bytes), time= 74.2 seconds
  no anomalies in 244 test result(s)

rng=RNG_stdin16, seed=unknown
length= 32 gigabytes (2^35 bytes), time= 147 seconds
  no anomalies in 255 test result(s)

rng=RNG_stdin16, seed=unknown
length= 64 gigabytes (2^36 bytes), time= 296 seconds
  Test Name                         Raw       Processed     Evaluation
  BCFN(2+2,13-0,T)                  R=  +8.6  p =  4.0e-4   unusual          
  ...and 265 test result(s) without anomalies

rng=RNG_stdin16, seed=unknown
length= 128 gigabytes (2^37 bytes), time= 592 seconds
  no anomalies in 277 test result(s)

rng=RNG_stdin16, seed=unknown
length= 256 gigabytes (2^38 bytes), time= 1175 seconds
  no anomalies in 288 test result(s)

rng=RNG_stdin16, seed=unknown
length= 512 gigabytes (2^39 bytes), time= 2369 seconds
  Test Name                         Raw       Processed     Evaluation
  BCFN(2+7,13-0,T)                  R=  +9.9  p =  8.4e-5   unusual          
  ...and 297 test result(s) without anomalies

rng=RNG_stdin16, seed=unknown
length= 1 terabyte (2^40 bytes), time= 4738 seconds
  no anomalies in 308 test result(s)

