# SOPH Battery Test Log
# Suite:     practrand stdin16
# Seed:      01
# Generator: $HOME/Desktop/SOPH_ALGO/bin/soph_v3 --gen --seed-hex 01 --bytes 0
# Date:      2026-03-22 07:13:16
#======================================================================

RNG_test using PractRand version 0.95
RNG = RNG_stdin16, seed = unknown
test set = core, folding = standard (16 bit)

rng=RNG_stdin16, seed=unknown
length= 128 kilobytes (2^17 bytes), time= 0.0 seconds
  no anomalies in 52 test result(s)

rng=RNG_stdin16, seed=unknown
length= 256 kilobytes (2^18 bytes), time= 0.1 seconds
  no anomalies in 61 test result(s)

rng=RNG_stdin16, seed=unknown
length= 512 kilobytes (2^19 bytes), time= 0.2 seconds
  no anomalies in 70 test result(s)

rng=RNG_stdin16, seed=unknown
length= 1 megabyte (2^20 bytes), time= 0.2 seconds
  no anomalies in 81 test result(s)

rng=RNG_stdin16, seed=unknown
length= 2 megabytes (2^21 bytes), time= 0.3 seconds
  Test Name                         Raw       Processed     Evaluation
  [Low4/16]DC6-9x1Bytes-1           R=  -4.8  p =1-3.9e-3   unusual          
  ...and 91 test result(s) without anomalies

rng=RNG_stdin16, seed=unknown
length= 4 megabytes (2^22 bytes), time= 0.4 seconds
  no anomalies in 102 test result(s)

rng=RNG_stdin16, seed=unknown
length= 8 megabytes (2^23 bytes), time= 0.5 seconds
  no anomalies in 112 test result(s)

rng=RNG_stdin16, seed=unknown
length= 16 megabytes (2^24 bytes), time= 0.6 seconds
  Test Name                         Raw       Processed     Evaluation
  DC6-9x1Bytes-1                    R=  -4.3  p =1-4.2e-3   unusual          
  ...and 122 test result(s) without anomalies

rng=RNG_stdin16, seed=unknown
length= 32 megabytes (2^25 bytes), time= 0.8 seconds
  no anomalies in 134 test result(s)

rng=RNG_stdin16, seed=unknown
length= 64 megabytes (2^26 bytes), time= 1.0 seconds
  no anomalies in 146 test result(s)

rng=RNG_stdin16, seed=unknown
length= 128 megabytes (2^27 bytes), time= 1.4 seconds
  Test Name                         Raw       Processed     Evaluation
  DC6-9x1Bytes-1                    R=  -4.9  p =1-1.7e-3   unusual          
  ...and 158 test result(s) without anomalies

rng=RNG_stdin16, seed=unknown
length= 256 megabytes (2^28 bytes), time= 2.0 seconds
  no anomalies in 172 test result(s)

rng=RNG_stdin16, seed=unknown
length= 512 megabytes (2^29 bytes), time= 3.2 seconds
  no anomalies in 185 test result(s)

rng=RNG_stdin16, seed=unknown
length= 1 gigabyte (2^30 bytes), time= 5.6 seconds
  no anomalies in 198 test result(s)

