#======================================================================

Selecting previously unselected package libgslcblas0:arm64.
(Reading database ... 
(Reading database ... 5%
(Reading database ... 10%
(Reading database ... 15%
(Reading database ... 20%
(Reading database ... 25%
(Reading database ... 30%
(Reading database ... 35%
(Reading database ... 40%
(Reading database ... 45%
(Reading database ... 50%
(Reading database ... 55%
(Reading database ... 60%
(Reading database ... 65%
(Reading database ... 70%
(Reading database ... 75%
(Reading database ... 80%
(Reading database ... 85%
(Reading database ... 90%
(Reading database ... 95%
(Reading database ... 100%
(Reading database ... 4932 files and directories currently installed.)
Preparing to unpack .../libgslcblas0_2.8+dfsg-5_arm64.deb ...
Unpacking libgslcblas0:arm64 (2.8+dfsg-5) ...
Selecting previously unselected package libgsl28:arm64.
Preparing to unpack .../libgsl28_2.8+dfsg-5_arm64.deb ...
Unpacking libgsl28:arm64 (2.8+dfsg-5) ...
Selecting previously unselected package libdieharder3t64.
Preparing to unpack .../libdieharder3t64_3.31.1.4-1.1+b1_arm64.deb ...
Unpacking libdieharder3t64 (3.31.1.4-1.1+b1) ...
Selecting previously unselected package dieharder.
Preparing to unpack .../dieharder_3.31.1.4-1.1+b1_arm64.deb ...
Unpacking dieharder (3.31.1.4-1.1+b1) ...
Setting up libgslcblas0:arm64 (2.8+dfsg-5) ...
Setting up libgsl28:arm64 (2.8+dfsg-5) ...
Setting up libdieharder3t64 (3.31.1.4-1.1+b1) ...
Setting up dieharder (3.31.1.4-1.1+b1) ...
Processing triggers for libc-bin (2.41-12) ...
#=============================================================================#
#            dieharder version 3.31.1 Copyright 2003 Robert G. Brown          #
#=============================================================================#
   rng_name    |rands/second|   Seed   |
stdin_input_raw|  9.21e+07  | 229574646|
#=============================================================================#
        test_name   |ntup| tsamples |psamples|  p-value |Assessment
#=============================================================================#
   diehard_birthdays|   0|       100|     100|0.80513855|  PASSED  
      diehard_operm5|   0|   1000000|     100|0.82994294|  PASSED  
  diehard_rank_32x32|   0|     40000|     100|0.87340169|  PASSED  
    diehard_rank_6x8|   0|    100000|     100|0.40127482|  PASSED  
   diehard_bitstream|   0|   2097152|     100|0.04936814|  PASSED  
        diehard_opso|   0|   2097152|     100|0.52852431|  PASSED  
        diehard_oqso|   0|   2097152|     100|0.00230623|   WEAK   
         diehard_dna|   0|   2097152|     100|0.87445359|  PASSED  
diehard_count_1s_str|   0|    256000|     100|0.77708320|  PASSED  
diehard_count_1s_byt|   0|    256000|     100|0.52379145|  PASSED  
 diehard_parking_lot|   0|     12000|     100|0.21306362|  PASSED  
    diehard_2dsphere|   2|      8000|     100|0.83101015|  PASSED  
    diehard_3dsphere|   3|      4000|     100|0.17413841|  PASSED  
     diehard_squeeze|   0|    100000|     100|0.39642063|  PASSED  
        diehard_sums|   0|       100|     100|0.38271781|  PASSED  
        diehard_runs|   0|    100000|     100|0.95641170|  PASSED  
        diehard_runs|   0|    100000|     100|0.16357496|  PASSED  
       diehard_craps|   0|    200000|     100|0.36830645|  PASSED  
       diehard_craps|   0|    200000|     100|0.61894320|  PASSED  
 marsaglia_tsang_gcd|   0|  10000000|     100|0.78389040|  PASSED  
 marsaglia_tsang_gcd|   0|  10000000|     100|0.45879332|  PASSED  
         sts_monobit|   1|    100000|     100|0.60277474|  PASSED  
            sts_runs|   2|    100000|     100|0.49405119|  PASSED  
          sts_serial|   1|    100000|     100|0.60695532|  PASSED  
          sts_serial|   2|    100000|     100|0.09328096|  PASSED  
          sts_serial|   3|    100000|     100|0.37150697|  PASSED  
          sts_serial|   3|    100000|     100|0.19259486|  PASSED  
          sts_serial|   4|    100000|     100|0.07575141|  PASSED  
          sts_serial|   4|    100000|     100|0.31700321|  PASSED  
          sts_serial|   5|    100000|     100|0.13370825|  PASSED  
          sts_serial|   5|    100000|     100|0.78509373|  PASSED  
          sts_serial|   6|    100000|     100|0.28839919|  PASSED  
          sts_serial|   6|    100000|     100|0.07767963|  PASSED  
          sts_serial|   7|    100000|     100|0.95528105|  PASSED  
          sts_serial|   7|    100000|     100|0.59967974|  PASSED  
          sts_serial|   8|    100000|     100|0.47904662|  PASSED  
          sts_serial|   8|    100000|     100|0.73988426|  PASSED  
          sts_serial|   9|    100000|     100|0.60634186|  PASSED  
          sts_serial|   9|    100000|     100|0.95308511|  PASSED  
          sts_serial|  10|    100000|     100|0.46330774|  PASSED  
          sts_serial|  10|    100000|     100|0.18890103|  PASSED  
          sts_serial|  11|    100000|     100|0.07605927|  PASSED  
          sts_serial|  11|    100000|     100|0.86730972|  PASSED  
          sts_serial|  12|    100000|     100|0.15486781|  PASSED  
          sts_serial|  12|    100000|     100|0.99154679|  PASSED  
          sts_serial|  13|    100000|     100|0.67055286|  PASSED  
          sts_serial|  13|    100000|     100|0.95738256|  PASSED  
          sts_serial|  14|    100000|     100|0.44535461|  PASSED  
          sts_serial|  14|    100000|     100|0.28917236|  PASSED  
          sts_serial|  15|    100000|     100|0.02897455|  PASSED  
          sts_serial|  15|    100000|     100|0.25818617|  PASSED  
          sts_serial|  16|    100000|     100|0.12669753|  PASSED  
          sts_serial|  16|    100000|     100|0.97532857|  PASSED  
         rgb_bitdist|   1|    100000|     100|0.48002842|  PASSED  
         rgb_bitdist|   2|    100000|     100|0.99522089|   WEAK   
         rgb_bitdist|   3|    100000|     100|0.12147626|  PASSED  
         rgb_bitdist|   4|    100000|     100|0.34911100|  PASSED  
         rgb_bitdist|   5|    100000|     100|0.71142799|  PASSED  
         rgb_bitdist|   6|    100000|     100|0.65295678|  PASSED  
         rgb_bitdist|   7|    100000|     100|0.75517549|  PASSED  
         rgb_bitdist|   8|    100000|     100|0.17033335|  PASSED  
         rgb_bitdist|   9|    100000|     100|0.77435519|  PASSED  
         rgb_bitdist|  10|    100000|     100|0.85087366|  PASSED  
         rgb_bitdist|  11|    100000|     100|0.48245851|  PASSED  
         rgb_bitdist|  12|    100000|     100|0.80777155|  PASSED  
rgb_minimum_distance|   2|     10000|    1000|0.33625775|  PASSED  
rgb_minimum_distance|   3|     10000|    1000|0.96377665|  PASSED  
rgb_minimum_distance|   4|     10000|    1000|0.14287992|  PASSED  
rgb_minimum_distance|   5|     10000|    1000|0.30767493|  PASSED  
    rgb_permutations|   2|    100000|     100|0.22014108|  PASSED  
    rgb_permutations|   3|    100000|     100|0.04598621|  PASSED  
    rgb_permutations|   4|    100000|     100|0.96870845|  PASSED  
    rgb_permutations|   5|    100000|     100|0.71702404|  PASSED  
      rgb_lagged_sum|   0|   1000000|     100|0.52526537|  PASSED  
      rgb_lagged_sum|   1|   1000000|     100|0.09309955|  PASSED  
      rgb_lagged_sum|   2|   1000000|     100|0.52654313|  PASSED  
      rgb_lagged_sum|   3|   1000000|     100|0.11860226|  PASSED  
      rgb_lagged_sum|   4|   1000000|     100|0.81511379|  PASSED  
      rgb_lagged_sum|   5|   1000000|     100|0.46057258|  PASSED  
      rgb_lagged_sum|   6|   1000000|     100|0.26860730|  PASSED  
      rgb_lagged_sum|   7|   1000000|     100|0.46715114|  PASSED  
      rgb_lagged_sum|   8|   1000000|     100|0.90650844|  PASSED  
      rgb_lagged_sum|   9|   1000000|     100|0.81683248|  PASSED  
      rgb_lagged_sum|  10|   1000000|     100|0.98478643|  PASSED  
      rgb_lagged_sum|  11|   1000000|     100|0.35181292|  PASSED  
      rgb_lagged_sum|  12|   1000000|     100|0.88338707|  PASSED  
      rgb_lagged_sum|  13|   1000000|     100|0.85816395|  PASSED  
      rgb_lagged_sum|  14|   1000000|     100|0.87755292|  PASSED  
      rgb_lagged_sum|  15|   1000000|     100|0.56011655|  PASSED  
      rgb_lagged_sum|  16|   1000000|     100|0.98771244|  PASSED  
      rgb_lagged_sum|  17|   1000000|     100|0.51566321|  PASSED  
      rgb_lagged_sum|  18|   1000000|     100|0.93493814|  PASSED  
      rgb_lagged_sum|  19|   1000000|     100|0.53342251|  PASSED  
      rgb_lagged_sum|  20|   1000000|     100|0.94906654|  PASSED  
      rgb_lagged_sum|  21|   1000000|     100|0.93493375|  PASSED  
      rgb_lagged_sum|  22|   1000000|     100|0.98324231|  PASSED  
      rgb_lagged_sum|  23|   1000000|     100|0.49949070|  PASSED  
      rgb_lagged_sum|  24|   1000000|     100|0.24388875|  PASSED  
      rgb_lagged_sum|  25|   1000000|     100|0.59416666|  PASSED  
      rgb_lagged_sum|  26|   1000000|     100|0.57911797|  PASSED  
      rgb_lagged_sum|  27|   1000000|     100|0.50443416|  PASSED  
      rgb_lagged_sum|  28|   1000000|     100|0.91240359|  PASSED  
      rgb_lagged_sum|  29|   1000000|     100|0.86682804|  PASSED  
      rgb_lagged_sum|  30|   1000000|     100|0.85229009|  PASSED  
      rgb_lagged_sum|  31|   1000000|     100|0.95035492|  PASSED  
      rgb_lagged_sum|  32|   1000000|     100|0.69178819|  PASSED  
     rgb_kstest_test|   0|     10000|    1000|0.67616783|  PASSED  
     dab_bytedistrib|   0|  51200000|       1|0.19145217|  PASSED  
             dab_dct| 256|     50000|       1|0.17180458|  PASSED  
Preparing to run test 207.  ntuple = 0
        dab_filltree|  32|  15000000|       1|0.87555131|  PASSED  
        dab_filltree|  32|  15000000|       1|0.09486819|  PASSED  
Preparing to run test 208.  ntuple = 0
       dab_filltree2|   0|   5000000|       1|0.67814725|  PASSED  
       dab_filltree2|   1|   5000000|       1|0.59312991|  PASSED  
Preparing to run test 209.  ntuple = 0
        dab_monobit2|  12|  65000000|       1|0.96650211|  PASSED  

# ── Weak re-run round 1: diehard_oqso (ntup=0) with -p 200 ──
Selecting previously unselected package libgslcblas0:arm64.
(Reading database ... 
(Reading database ... 5%
(Reading database ... 10%
(Reading database ... 15%
(Reading database ... 20%
(Reading database ... 25%
(Reading database ... 30%
(Reading database ... 35%
(Reading database ... 40%
(Reading database ... 45%
(Reading database ... 50%
(Reading database ... 55%
(Reading database ... 60%
(Reading database ... 65%
(Reading database ... 70%
(Reading database ... 75%
(Reading database ... 80%
(Reading database ... 85%
(Reading database ... 90%
(Reading database ... 95%
(Reading database ... 100%
(Reading database ... 4932 files and directories currently installed.)
Preparing to unpack .../libgslcblas0_2.8+dfsg-5_arm64.deb ...
Unpacking libgslcblas0:arm64 (2.8+dfsg-5) ...
Selecting previously unselected package libgsl28:arm64.
Preparing to unpack .../libgsl28_2.8+dfsg-5_arm64.deb ...
Unpacking libgsl28:arm64 (2.8+dfsg-5) ...
Selecting previously unselected package libdieharder3t64.
Preparing to unpack .../libdieharder3t64_3.31.1.4-1.1+b1_arm64.deb ...
Unpacking libdieharder3t64 (3.31.1.4-1.1+b1) ...
Selecting previously unselected package dieharder.
Preparing to unpack .../dieharder_3.31.1.4-1.1+b1_arm64.deb ...
Unpacking dieharder (3.31.1.4-1.1+b1) ...
Setting up libgslcblas0:arm64 (2.8+dfsg-5) ...
Setting up libgsl28:arm64 (2.8+dfsg-5) ...
Setting up libdieharder3t64 (3.31.1.4-1.1+b1) ...
Setting up dieharder (3.31.1.4-1.1+b1) ...
Processing triggers for libc-bin (2.41-12) ...
#=============================================================================#
#            dieharder version 3.31.1 Copyright 2003 Robert G. Brown          #
#=============================================================================#
   rng_name    |rands/second|   Seed   |
stdin_input_raw|  9.73e+07  |1115396965|
#=============================================================================#
        test_name   |ntup| tsamples |psamples|  p-value |Assessment
#=============================================================================#
        diehard_oqso|   0|   2097152|     200|0.39381877|  PASSED  

# ── Weak re-run round 1: rgb_bitdist (ntup=2) with -p 200 ──
Selecting previously unselected package libgslcblas0:arm64.
(Reading database ... 
(Reading database ... 5%
(Reading database ... 10%
(Reading database ... 15%
(Reading database ... 20%
(Reading database ... 25%
(Reading database ... 30%
(Reading database ... 35%
(Reading database ... 40%
(Reading database ... 45%
(Reading database ... 50%
(Reading database ... 55%
(Reading database ... 60%
(Reading database ... 65%
(Reading database ... 70%
(Reading database ... 75%
(Reading database ... 80%
(Reading database ... 85%
(Reading database ... 90%
(Reading database ... 95%
(Reading database ... 100%
(Reading database ... 4932 files and directories currently installed.)
Preparing to unpack .../libgslcblas0_2.8+dfsg-5_arm64.deb ...
Unpacking libgslcblas0:arm64 (2.8+dfsg-5) ...
Selecting previously unselected package libgsl28:arm64.
Preparing to unpack .../libgsl28_2.8+dfsg-5_arm64.deb ...
Unpacking libgsl28:arm64 (2.8+dfsg-5) ...
Selecting previously unselected package libdieharder3t64.
Preparing to unpack .../libdieharder3t64_3.31.1.4-1.1+b1_arm64.deb ...
Unpacking libdieharder3t64 (3.31.1.4-1.1+b1) ...
Selecting previously unselected package dieharder.
Preparing to unpack .../dieharder_3.31.1.4-1.1+b1_arm64.deb ...
Unpacking dieharder (3.31.1.4-1.1+b1) ...
Setting up libgslcblas0:arm64 (2.8+dfsg-5) ...
Setting up libgsl28:arm64 (2.8+dfsg-5) ...
Setting up libdieharder3t64 (3.31.1.4-1.1+b1) ...
Setting up dieharder (3.31.1.4-1.1+b1) ...
Processing triggers for libc-bin (2.41-12) ...
#=============================================================================#
#            dieharder version 3.31.1 Copyright 2003 Robert G. Brown          #
#=============================================================================#
   rng_name    |rands/second|   Seed   |
stdin_input_raw|  9.71e+07  | 140691795|
#=============================================================================#
        test_name   |ntup| tsamples |psamples|  p-value |Assessment
#=============================================================================#
         rgb_bitdist|   2|    100000|     200|0.76196661|  PASSED  

# ══ Weak Re-run Summary ══
# Rounds completed: 1
# Remaining WEAK: 0
# FAILED: 0
# All tests PASSED ✓
