#======================================================================

Selecting previously unselected package libgslcblas0:arm64.
(Reading database ... 
(Reading database ... 5%
(Reading database ... 10%
(Reading database ... 15%
(Reading database ... 20%
(Reading database ... 25%
(Reading database ... 30%
(Reading database ... 35%
(Reading database ... 40%
(Reading database ... 45%
(Reading database ... 50%
(Reading database ... 55%
(Reading database ... 60%
(Reading database ... 65%
(Reading database ... 70%
(Reading database ... 75%
(Reading database ... 80%
(Reading database ... 85%
(Reading database ... 90%
(Reading database ... 95%
(Reading database ... 100%
(Reading database ... 4932 files and directories currently installed.)
Preparing to unpack .../libgslcblas0_2.8+dfsg-5_arm64.deb ...
Unpacking libgslcblas0:arm64 (2.8+dfsg-5) ...
Selecting previously unselected package libgsl28:arm64.
Preparing to unpack .../libgsl28_2.8+dfsg-5_arm64.deb ...
Unpacking libgsl28:arm64 (2.8+dfsg-5) ...
Selecting previously unselected package libdieharder3t64.
Preparing to unpack .../libdieharder3t64_3.31.1.4-1.1+b1_arm64.deb ...
Unpacking libdieharder3t64 (3.31.1.4-1.1+b1) ...
Selecting previously unselected package dieharder.
Preparing to unpack .../dieharder_3.31.1.4-1.1+b1_arm64.deb ...
Unpacking dieharder (3.31.1.4-1.1+b1) ...
Setting up libgslcblas0:arm64 (2.8+dfsg-5) ...
Setting up libgsl28:arm64 (2.8+dfsg-5) ...
Setting up libdieharder3t64 (3.31.1.4-1.1+b1) ...
Setting up dieharder (3.31.1.4-1.1+b1) ...
Processing triggers for libc-bin (2.41-12) ...
#=============================================================================#
#            dieharder version 3.31.1 Copyright 2003 Robert G. Brown          #
#=============================================================================#
   rng_name    |rands/second|   Seed   |
stdin_input_raw|  5.95e+07  |1674348258|
#=============================================================================#
        test_name   |ntup| tsamples |psamples|  p-value |Assessment
#=============================================================================#
   diehard_birthdays|   0|       100|     100|0.06555680|  PASSED  
      diehard_operm5|   0|   1000000|     100|0.77036686|  PASSED  
  diehard_rank_32x32|   0|     40000|     100|0.60071348|  PASSED  
    diehard_rank_6x8|   0|    100000|     100|0.31840815|  PASSED  
   diehard_bitstream|   0|   2097152|     100|0.11008698|  PASSED  
        diehard_opso|   0|   2097152|     100|0.86680907|  PASSED  
        diehard_oqso|   0|   2097152|     100|0.45187885|  PASSED  
         diehard_dna|   0|   2097152|     100|0.35225249|  PASSED  
diehard_count_1s_str|   0|    256000|     100|0.03195671|  PASSED  
diehard_count_1s_byt|   0|    256000|     100|0.36312254|  PASSED  
 diehard_parking_lot|   0|     12000|     100|0.43795973|  PASSED  
    diehard_2dsphere|   2|      8000|     100|0.23695935|  PASSED  
    diehard_3dsphere|   3|      4000|     100|0.99487302|  PASSED  
     diehard_squeeze|   0|    100000|     100|0.25890665|  PASSED  
        diehard_sums|   0|       100|     100|0.93490419|  PASSED  
        diehard_runs|   0|    100000|     100|0.90519227|  PASSED  
        diehard_runs|   0|    100000|     100|0.96983068|  PASSED  
       diehard_craps|   0|    200000|     100|0.99274785|  PASSED  
       diehard_craps|   0|    200000|     100|0.97629885|  PASSED  
 marsaglia_tsang_gcd|   0|  10000000|     100|0.37307320|  PASSED  
 marsaglia_tsang_gcd|   0|  10000000|     100|0.62098867|  PASSED  
         sts_monobit|   1|    100000|     100|0.19447041|  PASSED  
            sts_runs|   2|    100000|     100|0.98674776|  PASSED  
          sts_serial|   1|    100000|     100|0.82284150|  PASSED  
          sts_serial|   2|    100000|     100|0.68291268|  PASSED  
          sts_serial|   3|    100000|     100|0.81614617|  PASSED  
          sts_serial|   3|    100000|     100|0.50165288|  PASSED  
          sts_serial|   4|    100000|     100|0.41951418|  PASSED  
          sts_serial|   4|    100000|     100|0.93517491|  PASSED  
          sts_serial|   5|    100000|     100|0.70991569|  PASSED  
          sts_serial|   5|    100000|     100|0.39731580|  PASSED  
          sts_serial|   6|    100000|     100|0.92330080|  PASSED  
          sts_serial|   6|    100000|     100|0.93208779|  PASSED  
          sts_serial|   7|    100000|     100|0.12673664|  PASSED  
          sts_serial|   7|    100000|     100|0.79864294|  PASSED  
          sts_serial|   8|    100000|     100|0.54809815|  PASSED  
          sts_serial|   8|    100000|     100|0.71557216|  PASSED  
          sts_serial|   9|    100000|     100|0.48551445|  PASSED  
          sts_serial|   9|    100000|     100|0.83998228|  PASSED  
          sts_serial|  10|    100000|     100|0.62722396|  PASSED  
          sts_serial|  10|    100000|     100|0.67584268|  PASSED  
          sts_serial|  11|    100000|     100|0.10843734|  PASSED  
          sts_serial|  11|    100000|     100|0.08394846|  PASSED  
          sts_serial|  12|    100000|     100|0.15842737|  PASSED  
          sts_serial|  12|    100000|     100|0.26049489|  PASSED  
          sts_serial|  13|    100000|     100|0.32820233|  PASSED  
          sts_serial|  13|    100000|     100|0.57012079|  PASSED  
          sts_serial|  14|    100000|     100|0.78277236|  PASSED  
          sts_serial|  14|    100000|     100|0.89142252|  PASSED  
          sts_serial|  15|    100000|     100|0.99022311|  PASSED  
          sts_serial|  15|    100000|     100|0.57772959|  PASSED  
          sts_serial|  16|    100000|     100|0.89521665|  PASSED  
          sts_serial|  16|    100000|     100|0.86447703|  PASSED  
         rgb_bitdist|   1|    100000|     100|0.28177562|  PASSED  
         rgb_bitdist|   2|    100000|     100|0.71466283|  PASSED  
         rgb_bitdist|   3|    100000|     100|0.96604797|  PASSED  
         rgb_bitdist|   4|    100000|     100|0.21225960|  PASSED  
         rgb_bitdist|   5|    100000|     100|0.84214386|  PASSED  
         rgb_bitdist|   6|    100000|     100|0.62510357|  PASSED  
         rgb_bitdist|   7|    100000|     100|0.12974650|  PASSED  
         rgb_bitdist|   8|    100000|     100|0.76137278|  PASSED  
         rgb_bitdist|   9|    100000|     100|0.65995967|  PASSED  
         rgb_bitdist|  10|    100000|     100|0.89112335|  PASSED  
         rgb_bitdist|  11|    100000|     100|0.67818932|  PASSED  
         rgb_bitdist|  12|    100000|     100|0.91063912|  PASSED  
rgb_minimum_distance|   2|     10000|    1000|0.96495600|  PASSED  
rgb_minimum_distance|   3|     10000|    1000|0.56186386|  PASSED  
rgb_minimum_distance|   4|     10000|    1000|0.66735918|  PASSED  
rgb_minimum_distance|   5|     10000|    1000|0.45874394|  PASSED  
    rgb_permutations|   2|    100000|     100|0.59338820|  PASSED  
    rgb_permutations|   3|    100000|     100|0.63570687|  PASSED  
    rgb_permutations|   4|    100000|     100|0.73673084|  PASSED  
    rgb_permutations|   5|    100000|     100|0.67504048|  PASSED  
      rgb_lagged_sum|   0|   1000000|     100|0.22310148|  PASSED  
      rgb_lagged_sum|   1|   1000000|     100|0.56306993|  PASSED  
      rgb_lagged_sum|   2|   1000000|     100|0.98560392|  PASSED  
      rgb_lagged_sum|   3|   1000000|     100|0.90024507|  PASSED  
      rgb_lagged_sum|   4|   1000000|     100|0.99434097|  PASSED  
      rgb_lagged_sum|   5|   1000000|     100|0.60818062|  PASSED  
      rgb_lagged_sum|   6|   1000000|     100|0.93016052|  PASSED  
      rgb_lagged_sum|   7|   1000000|     100|0.65387774|  PASSED  
      rgb_lagged_sum|   8|   1000000|     100|0.63749786|  PASSED  
      rgb_lagged_sum|   9|   1000000|     100|0.47870999|  PASSED  
      rgb_lagged_sum|  10|   1000000|     100|0.51786048|  PASSED  
      rgb_lagged_sum|  11|   1000000|     100|0.76040790|  PASSED  
      rgb_lagged_sum|  12|   1000000|     100|0.22322606|  PASSED  
      rgb_lagged_sum|  13|   1000000|     100|0.99540710|   WEAK   
      rgb_lagged_sum|  14|   1000000|     100|0.13462236|  PASSED  
      rgb_lagged_sum|  15|   1000000|     100|0.50997693|  PASSED  
      rgb_lagged_sum|  16|   1000000|     100|0.88538044|  PASSED  
      rgb_lagged_sum|  17|   1000000|     100|0.18121602|  PASSED  
      rgb_lagged_sum|  18|   1000000|     100|0.52534734|  PASSED  
      rgb_lagged_sum|  19|   1000000|     100|0.04118072|  PASSED  
      rgb_lagged_sum|  20|   1000000|     100|0.73606736|  PASSED  
      rgb_lagged_sum|  21|   1000000|     100|0.89820934|  PASSED  
      rgb_lagged_sum|  22|   1000000|     100|0.37450993|  PASSED  
      rgb_lagged_sum|  23|   1000000|     100|0.26419183|  PASSED  
      rgb_lagged_sum|  24|   1000000|     100|0.37261907|  PASSED  
      rgb_lagged_sum|  25|   1000000|     100|0.96122428|  PASSED  
      rgb_lagged_sum|  26|   1000000|     100|0.96897945|  PASSED  
      rgb_lagged_sum|  27|   1000000|     100|0.61509625|  PASSED  
      rgb_lagged_sum|  28|   1000000|     100|0.83835292|  PASSED  
      rgb_lagged_sum|  29|   1000000|     100|0.58967431|  PASSED  
      rgb_lagged_sum|  30|   1000000|     100|0.76900254|  PASSED  
      rgb_lagged_sum|  31|   1000000|     100|0.62308427|  PASSED  
      rgb_lagged_sum|  32|   1000000|     100|0.43965205|  PASSED  
     rgb_kstest_test|   0|     10000|    1000|0.13159120|  PASSED  
     dab_bytedistrib|   0|  51200000|       1|0.46283421|  PASSED  
             dab_dct| 256|     50000|       1|0.81990936|  PASSED  
Preparing to run test 207.  ntuple = 0
        dab_filltree|  32|  15000000|       1|0.59186994|  PASSED  
        dab_filltree|  32|  15000000|       1|0.98919759|  PASSED  
Preparing to run test 208.  ntuple = 0
       dab_filltree2|   0|   5000000|       1|0.33384478|  PASSED  
       dab_filltree2|   1|   5000000|       1|0.82138201|  PASSED  
Preparing to run test 209.  ntuple = 0
        dab_monobit2|  12|  65000000|       1|0.88442302|  PASSED  

# ── Weak re-run round 1: rgb_lagged_sum (ntup=13) with -p 200 ──
Selecting previously unselected package libgslcblas0:arm64.
(Reading database ... 
(Reading database ... 5%
(Reading database ... 10%
(Reading database ... 15%
(Reading database ... 20%
(Reading database ... 25%
(Reading database ... 30%
(Reading database ... 35%
(Reading database ... 40%
(Reading database ... 45%
(Reading database ... 50%
(Reading database ... 55%
(Reading database ... 60%
(Reading database ... 65%
(Reading database ... 70%
(Reading database ... 75%
(Reading database ... 80%
(Reading database ... 85%
(Reading database ... 90%
(Reading database ... 95%
(Reading database ... 100%
(Reading database ... 4932 files and directories currently installed.)
Preparing to unpack .../libgslcblas0_2.8+dfsg-5_arm64.deb ...
Unpacking libgslcblas0:arm64 (2.8+dfsg-5) ...
Selecting previously unselected package libgsl28:arm64.
Preparing to unpack .../libgsl28_2.8+dfsg-5_arm64.deb ...
Unpacking libgsl28:arm64 (2.8+dfsg-5) ...
Selecting previously unselected package libdieharder3t64.
Preparing to unpack .../libdieharder3t64_3.31.1.4-1.1+b1_arm64.deb ...
Unpacking libdieharder3t64 (3.31.1.4-1.1+b1) ...
Selecting previously unselected package dieharder.
Preparing to unpack .../dieharder_3.31.1.4-1.1+b1_arm64.deb ...
Unpacking dieharder (3.31.1.4-1.1+b1) ...
Setting up libgslcblas0:arm64 (2.8+dfsg-5) ...
Setting up libgsl28:arm64 (2.8+dfsg-5) ...
Setting up libdieharder3t64 (3.31.1.4-1.1+b1) ...
Setting up dieharder (3.31.1.4-1.1+b1) ...
Processing triggers for libc-bin (2.41-12) ...
#=============================================================================#
#            dieharder version 3.31.1 Copyright 2003 Robert G. Brown          #
#=============================================================================#
   rng_name    |rands/second|   Seed   |
stdin_input_raw|  8.82e+07  |1247404345|
#=============================================================================#
        test_name   |ntup| tsamples |psamples|  p-value |Assessment
#=============================================================================#
      rgb_lagged_sum|  13|   1000000|     200|0.73870057|  PASSED  

# ══ Weak Re-run Summary ══
# Rounds completed: 1
# Remaining WEAK: 0
# FAILED: 0
# All tests PASSED ✓
