# SOPH Battery Test Log
# Suite:     bigcrush
# Seed:      ff
# Generator: $HOME/Desktop/SOPH_ALGO/bin/soph_v3 --gen --seed-hex ff --bytes 0
# Date:      2026-03-22 20:04:41
#======================================================================

xxxxxxxxxxxxxxxxxxxxxxxxxxxxxxxxxxxxxxxxxxxxxxxxxxxxxxxxxxx
                 Starting BigCrush
                 Version: TestU01 1.2.3
xxxxxxxxxxxxxxxxxxxxxxxxxxxxxxxxxxxxxxxxxxxxxxxxxxxxxxxxxxx


***********************************************************
Test smarsa_SerialOver calling smultin_MultinomialOver

***********************************************************
HOST = soph-test-runner, Darwin

generator


smultin_MultinomialOver test:
-----------------------------------------------
   N =  1,  n = 1000000000,  r =  0,   d =  256,   t =  3,
       Sparse =  FALSE

       GenerCell = smultin_GenerCellSerial
       Number of cells = d^t =           16777216
       Expected number per cell =   59.604645
       Hashing =  FALSE

   For Delta > -1, we use the ChiSquare approximation
   Correction factor of the ChiSquare: 
       Delta =     1,    Mu =   0.0083558402,    Sigma =          1

-----------------------------------------------
Test Results for Delta =   1.0000

Number of degrees of freedom          : 16711680
Value of the statistic                : 1.67e+7
p-value of test                       :    0.66


-----------------------------------------------
CPU time used                    :  00:00:16.01

Generator state:




***********************************************************
Test smarsa_SerialOver calling smultin_MultinomialOver

***********************************************************
HOST = soph-test-runner, Darwin

generator


smultin_MultinomialOver test:
-----------------------------------------------
   N =  1,  n = 1000000000,  r = 22,   d =  256,   t =  3,
       Sparse =  FALSE

       GenerCell = smultin_GenerCellSerial
       Number of cells = d^t =           16777216
       Expected number per cell =   59.604645
       Hashing =  FALSE

   For Delta > -1, we use the ChiSquare approximation
   Correction factor of the ChiSquare: 
       Delta =     1,    Mu =   0.0083558402,    Sigma =          1

-----------------------------------------------
Test Results for Delta =   1.0000

Number of degrees of freedom          : 16711680
Value of the statistic                : 1.67e+7
p-value of test                       :  5.0e-3


-----------------------------------------------
CPU time used                    :  00:00:16.20

Generator state:




***********************************************************
Test smarsa_CollisionOver calling smultin_MultinomialOver

***********************************************************
HOST = soph-test-runner, Darwin

generator


smultin_MultinomialOver test:
-----------------------------------------------
   N = 30,  n = 20000000,  r =  0,   d = 2097152,   t =  2,
       Sparse =   TRUE

       GenerCell = smultin_GenerCellSerial
       Number of cells = d^t =      4398046511104
       Expected number per cell =  1 /  219902.33
       EColl = n^2 / (2k) =  45.47473509
       Hashing =   TRUE

       Collision test

       CollisionOver:   density = n / k =  1 /  219902.33
       Expected number of collisions = Mu =      45.47


-----------------------------------------------
Results of CollisionOver test:

POISSON approximation                 :
Expected number of collisions = N*Mu  :     1364.24
Observed number of collisions         :     1401
p-value of test                       :    0.16

-----------------------------
Total number of cells containing j balls

  j =  0                              :  131940795334521
  j =  1                              :        599997198
  j =  2                              :             1401
  j =  3                              :                0
  j =  4                              :                0
  j =  5                              :                0

-----------------------------------------------
CPU time used                    :  00:00:53.62

Generator state:




***********************************************************
Test smarsa_CollisionOver calling smultin_MultinomialOver

***********************************************************
HOST = soph-test-runner, Darwin

generator


smultin_MultinomialOver test:
-----------------------------------------------
   N = 30,  n = 20000000,  r =  9,   d = 2097152,   t =  2,
       Sparse =   TRUE

       GenerCell = smultin_GenerCellSerial
       Number of cells = d^t =      4398046511104
       Expected number per cell =  1 /  219902.33
       EColl = n^2 / (2k) =  45.47473509
       Hashing =   TRUE

       Collision test

       CollisionOver:   density = n / k =  1 /  219902.33
       Expected number of collisions = Mu =      45.47


-----------------------------------------------
Results of CollisionOver test:

POISSON approximation                 :
Expected number of collisions = N*Mu  :     1364.24
Observed number of collisions         :     1340
p-value of test                       :    0.74

-----------------------------
Total number of cells containing j balls

  j =  0                              :  131940795334460
  j =  1                              :        599997320
  j =  2                              :             1340
  j =  3                              :                0
  j =  4                              :                0
  j =  5                              :                0

-----------------------------------------------
CPU time used                    :  00:00:55.53

Generator state:




***********************************************************
Test smarsa_CollisionOver calling smultin_MultinomialOver

***********************************************************
HOST = soph-test-runner, Darwin

generator


smultin_MultinomialOver test:
-----------------------------------------------
   N = 30,  n = 20000000,  r =  0,   d = 16384,   t =  3,
       Sparse =   TRUE

       GenerCell = smultin_GenerCellSerial
       Number of cells = d^t =      4398046511104
       Expected number per cell =  1 /  219902.33
       EColl = n^2 / (2k) =  45.47473509
       Hashing =   TRUE

       Collision test

       CollisionOver:   density = n / k =  1 /  219902.33
       Expected number of collisions = Mu =      45.47


-----------------------------------------------
Results of CollisionOver test:

POISSON approximation                 :
Expected number of collisions = N*Mu  :     1364.24
Observed number of collisions         :     1331
p-value of test                       :    0.81

-----------------------------
Total number of cells containing j balls

  j =  0                              :  131940795334451
  j =  1                              :        599997338
  j =  2                              :             1331
  j =  3                              :                0
  j =  4                              :                0
  j =  5                              :                0

-----------------------------------------------
CPU time used                    :  00:01:08.71

Generator state:




***********************************************************
Test smarsa_CollisionOver calling smultin_MultinomialOver

***********************************************************
HOST = soph-test-runner, Darwin

generator


smultin_MultinomialOver test:
-----------------------------------------------
   N = 30,  n = 20000000,  r = 16,   d = 16384,   t =  3,
       Sparse =   TRUE

       GenerCell = smultin_GenerCellSerial
       Number of cells = d^t =      4398046511104
       Expected number per cell =  1 /  219902.33
       EColl = n^2 / (2k) =  45.47473509
       Hashing =   TRUE

       Collision test

       CollisionOver:   density = n / k =  1 /  219902.33
       Expected number of collisions = Mu =      45.47


-----------------------------------------------
Results of CollisionOver test:

POISSON approximation                 :
Expected number of collisions = N*Mu  :     1364.24
Observed number of collisions         :     1394
p-value of test                       :    0.21

-----------------------------
Total number of cells containing j balls

  j =  0                              :  131940795334514
  j =  1                              :        599997212
  j =  2                              :             1394
  j =  3                              :                0
  j =  4                              :                0
  j =  5                              :                0

-----------------------------------------------
CPU time used                    :  00:01:11.20

Generator state:




***********************************************************
Test smarsa_CollisionOver calling smultin_MultinomialOver

***********************************************************
HOST = soph-test-runner, Darwin

generator


smultin_MultinomialOver test:
-----------------------------------------------
   N = 30,  n = 20000000,  r =  0,   d =   64,   t =  7,
       Sparse =   TRUE

       GenerCell = smultin_GenerCellSerial
       Number of cells = d^t =      4398046511104
       Expected number per cell =  1 /  219902.33
       EColl = n^2 / (2k) =  45.47473509
       Hashing =   TRUE

       Collision test

       CollisionOver:   density = n / k =  1 /  219902.33
       Expected number of collisions = Mu =      45.47


-----------------------------------------------
Results of CollisionOver test:

POISSON approximation                 :
Expected number of collisions = N*Mu  :     1364.24
Observed number of collisions         :     1344
p-value of test                       :    0.70

-----------------------------
Total number of cells containing j balls

  j =  0                              :  131940795334464
  j =  1                              :        599997312
  j =  2                              :             1344
  j =  3                              :                0
  j =  4                              :                0
  j =  5                              :                0

-----------------------------------------------
CPU time used                    :  00:01:10.25

Generator state:




***********************************************************
Test smarsa_CollisionOver calling smultin_MultinomialOver

***********************************************************
HOST = soph-test-runner, Darwin

generator


smultin_MultinomialOver test:
-----------------------------------------------
   N = 30,  n = 20000000,  r = 24,   d =   64,   t =  7,
       Sparse =   TRUE

       GenerCell = smultin_GenerCellSerial
       Number of cells = d^t =      4398046511104
       Expected number per cell =  1 /  219902.33
       EColl = n^2 / (2k) =  45.47473509
       Hashing =   TRUE

       Collision test

       CollisionOver:   density = n / k =  1 /  219902.33
       Expected number of collisions = Mu =      45.47


-----------------------------------------------
Results of CollisionOver test:

POISSON approximation                 :
Expected number of collisions = N*Mu  :     1364.24
Observed number of collisions         :     1390
p-value of test                       :    0.25

-----------------------------
Total number of cells containing j balls

  j =  0                              :  131940795334510
  j =  1                              :        599997220
  j =  2                              :             1390
  j =  3                              :                0
  j =  4                              :                0
  j =  5                              :                0

-----------------------------------------------
CPU time used                    :  00:01:12.67

Generator state:




***********************************************************
Test smarsa_CollisionOver calling smultin_MultinomialOver

***********************************************************
HOST = soph-test-runner, Darwin

generator


smultin_MultinomialOver test:
-----------------------------------------------
   N = 30,  n = 20000000,  r =  0,   d =    8,   t = 14,
       Sparse =   TRUE

       GenerCell = smultin_GenerCellSerial
       Number of cells = d^t =      4398046511104
       Expected number per cell =  1 /  219902.33
       EColl = n^2 / (2k) =  45.47473509
       Hashing =   TRUE

       Collision test

       CollisionOver:   density = n / k =  1 /  219902.33
       Expected number of collisions = Mu =      45.47


-----------------------------------------------
Results of CollisionOver test:

POISSON approximation                 :
Expected number of collisions = N*Mu  :     1364.24
Observed number of collisions         :     1345
p-value of test                       :    0.69

-----------------------------
Total number of cells containing j balls

  j =  0                              :  131940795334465
  j =  1                              :        599997310
  j =  2                              :             1345
  j =  3                              :                0
  j =  4                              :                0
  j =  5                              :                0

-----------------------------------------------
CPU time used                    :  00:01:09.82

Generator state:




***********************************************************
Test smarsa_CollisionOver calling smultin_MultinomialOver

***********************************************************
HOST = soph-test-runner, Darwin

generator


smultin_MultinomialOver test:
-----------------------------------------------
   N = 30,  n = 20000000,  r = 27,   d =    8,   t = 14,
       Sparse =   TRUE

       GenerCell = smultin_GenerCellSerial
       Number of cells = d^t =      4398046511104
       Expected number per cell =  1 /  219902.33
       EColl = n^2 / (2k) =  45.47473509
       Hashing =   TRUE

       Collision test

       CollisionOver:   density = n / k =  1 /  219902.33
       Expected number of collisions = Mu =      45.47


-----------------------------------------------
Results of CollisionOver test:

POISSON approximation                 :
Expected number of collisions = N*Mu  :     1364.24
Observed number of collisions         :     1298
p-value of test                       :    0.96

-----------------------------
Total number of cells containing j balls

  j =  0                              :  131940795334418
  j =  1                              :        599997404
  j =  2                              :             1298
  j =  3                              :                0
  j =  4                              :                0
  j =  5                              :                0

-----------------------------------------------
CPU time used                    :  00:01:12.22

Generator state:




***********************************************************
Test smarsa_CollisionOver calling smultin_MultinomialOver

***********************************************************
HOST = soph-test-runner, Darwin

generator


smultin_MultinomialOver test:
-----------------------------------------------
   N = 30,  n = 20000000,  r =  0,   d =    4,   t = 21,
       Sparse =   TRUE

       GenerCell = smultin_GenerCellSerial
       Number of cells = d^t =      4398046511104
       Expected number per cell =  1 /  219902.33
       EColl = n^2 / (2k) =  45.47473509
       Hashing =   TRUE

       Collision test

       CollisionOver:   density = n / k =  1 /  219902.33
       Expected number of collisions = Mu =      45.47


-----------------------------------------------
Results of CollisionOver test:

POISSON approximation                 :
Expected number of collisions = N*Mu  :     1364.24
Observed number of collisions         :     1342
p-value of test                       :    0.72

-----------------------------
Total number of cells containing j balls

  j =  0                              :  131940795334462
  j =  1                              :        599997316
  j =  2                              :             1342
  j =  3                              :                0
  j =  4                              :                0
  j =  5                              :                0

-----------------------------------------------
CPU time used                    :  00:01:09.08

Generator state:




***********************************************************
Test smarsa_CollisionOver calling smultin_MultinomialOver

***********************************************************
HOST = soph-test-runner, Darwin

generator


smultin_MultinomialOver test:
-----------------------------------------------
   N = 30,  n = 20000000,  r = 28,   d =    4,   t = 21,
       Sparse =   TRUE

       GenerCell = smultin_GenerCellSerial
       Number of cells = d^t =      4398046511104
       Expected number per cell =  1 /  219902.33
       EColl = n^2 / (2k) =  45.47473509
       Hashing =   TRUE

       Collision test

       CollisionOver:   density = n / k =  1 /  219902.33
       Expected number of collisions = Mu =      45.47


-----------------------------------------------
Results of CollisionOver test:

POISSON approximation                 :
Expected number of collisions = N*Mu  :     1364.24
Observed number of collisions         :     1406
p-value of test                       :    0.13

-----------------------------
Total number of cells containing j balls

  j =  0                              :  131940795334526
  j =  1                              :        599997188
  j =  2                              :             1406
  j =  3                              :                0
  j =  4                              :                0
  j =  5                              :                0

-----------------------------------------------
CPU time used                    :  00:01:11.32

Generator state:




***********************************************************
HOST = soph-test-runner, Darwin

generator


smarsa_BirthdaySpacings test:
-----------------------------------------------
   N = 100,  n = 10000000,  r =  0,    d = 2147483648,    t = 2,    p = 1


      Number of cells = d^t = 4611686018427387904
      Lambda = Poisson mean =      54.2101


----------------------------------------------------
Total expected number = N*Lambda      :    5421.01
Total observed number                 :    5285
p-value of test                       :    0.97


-----------------------------------------------
CPU time used                    :  00:02:13.03

Generator state:




***********************************************************
HOST = soph-test-runner, Darwin

generator


smarsa_BirthdaySpacings test:
-----------------------------------------------
   N = 20,  n = 20000000,  r =  0,    d = 2097152,    t = 3,    p = 1


      Number of cells = d^t = 9223372036854775808
      Lambda = Poisson mean =     216.8404


----------------------------------------------------
Total expected number = N*Lambda      :    4336.81
Total observed number                 :    4406
p-value of test                       :    0.15


-----------------------------------------------
CPU time used                    :  00:00:56.63

Generator state:




***********************************************************
HOST = soph-test-runner, Darwin

generator


smarsa_BirthdaySpacings test:
-----------------------------------------------
   N = 20,  n = 30000000,  r = 14,    d = 65536,    t = 4,    p = 1


      Number of cells = d^t = 18446744073709551616
      Lambda = Poisson mean =     365.9182


----------------------------------------------------
Total expected number = N*Lambda      :    7318.36
Total observed number                 :    7350
p-value of test                       :    0.36


-----------------------------------------------
CPU time used                    :  00:01:28.89

Generator state:




***********************************************************
HOST = soph-test-runner, Darwin

generator


smarsa_BirthdaySpacings test:
-----------------------------------------------
   N = 20,  n = 20000000,  r =  0,    d = 512,    t = 7,    p = 1


      Number of cells = d^t = 9223372036854775808
      Lambda = Poisson mean =     216.8404


----------------------------------------------------
Total expected number = N*Lambda      :    4336.81
Total observed number                 :    4365
p-value of test                       :    0.34


-----------------------------------------------
CPU time used                    :  00:01:02.63

Generator state:




***********************************************************
HOST = soph-test-runner, Darwin

generator


smarsa_BirthdaySpacings test:
-----------------------------------------------
   N = 20,  n = 20000000,  r =  7,    d = 512,    t = 7,    p = 1


      Number of cells = d^t = 9223372036854775808
      Lambda = Poisson mean =     216.8404


----------------------------------------------------
Total expected number = N*Lambda      :    4336.81
Total observed number                 :    4314
p-value of test                       :    0.63


-----------------------------------------------
CPU time used                    :  00:01:02.68

Generator state:




***********************************************************
HOST = soph-test-runner, Darwin

generator


smarsa_BirthdaySpacings test:
-----------------------------------------------
   N = 20,  n = 30000000,  r = 14,    d = 256,    t = 8,    p = 1


      Number of cells = d^t = 18446744073709551616
      Lambda = Poisson mean =     365.9182


----------------------------------------------------
Total expected number = N*Lambda      :    7318.36
Total observed number                 :    7549
p-value of test                       :  3.7e-3


-----------------------------------------------
CPU time used                    :  00:01:37.67

Generator state:




***********************************************************
HOST = soph-test-runner, Darwin

generator


smarsa_BirthdaySpacings test:
-----------------------------------------------
   N = 20,  n = 30000000,  r = 22,    d = 256,    t = 8,    p = 1


      Number of cells = d^t = 18446744073709551616
      Lambda = Poisson mean =     365.9182


----------------------------------------------------
Total expected number = N*Lambda      :    7318.36
Total observed number                 :    7209
p-value of test                       :    0.90


-----------------------------------------------
CPU time used                    :  00:01:37.60

Generator state:




***********************************************************
HOST = soph-test-runner, Darwin

generator


smarsa_BirthdaySpacings test:
-----------------------------------------------
   N = 20,  n = 30000000,  r =  0,    d = 16,    t = 16,    p = 1


      Number of cells = d^t = 18446744073709551616
      Lambda = Poisson mean =     365.9182


----------------------------------------------------
Total expected number = N*Lambda      :    7318.36
Total observed number                 :    7338
p-value of test                       :    0.41


-----------------------------------------------
CPU time used                    :  00:01:57.58

Generator state:




***********************************************************
HOST = soph-test-runner, Darwin

generator


smarsa_BirthdaySpacings test:
-----------------------------------------------
   N = 20,  n = 30000000,  r = 26,    d = 16,    t = 16,    p = 1


      Number of cells = d^t = 18446744073709551616
      Lambda = Poisson mean =     365.9182


----------------------------------------------------
Total expected number = N*Lambda      :    7318.36
Total observed number                 :    7314
p-value of test                       :    0.52


-----------------------------------------------
CPU time used                    :  00:01:56.20

Generator state:




***********************************************************
HOST = soph-test-runner, Darwin

generator


snpair_ClosePairs test:
-----------------------------------------------
   N = 30,  n = 6000000,  r =  0,  t = 3,  p = 0,  m = 30,  Torus =  TRUE


---------------------------------------
Test based on the 2 nearest points (NP):

Stat. AD on the N values (NP)         :    3.20
p-value of test                       :    0.02


A2 test based on the spacings between the
   successive jump times of process Y_n(t):

A2 test on the values of A2 (m-NP)    :    0.74
p-value of test                       :    0.52

Test on the Nm values of W_{n,i}(mNP1):    0.30
p-value of test                       :    0.93

Test on the jump times of Y
   (superposition of Yn):

Expected number of jumps of Y = mN    :     900
Number of jumps of Y                  :     878
p-value of test                       :    0.76

Stat. AD (mNP2)                       :    0.81
p-value of test                       :    0.47

Stat. AD after spacings (mNP2-S)      :    1.15
p-value of test                       :    0.29

-----------------------------------------------
CPU time used                    :  00:00:46.08

Generator state:




***********************************************************
HOST = soph-test-runner, Darwin

generator


snpair_ClosePairs test:
-----------------------------------------------
   N = 20,  n = 4000000,  r =  0,  t = 5,  p = 0,  m = 30,  Torus =  TRUE


---------------------------------------
Test based on the 2 nearest points (NP):

Stat. AD on the N values (NP)         :    0.70
p-value of test                       :    0.56


A2 test based on the spacings between the
   successive jump times of process Y_n(t):

A2 test on the values of A2 (m-NP)    :    1.03
p-value of test                       :    0.34

Test on the Nm values of W_{n,i}(mNP1):    0.67
p-value of test                       :    0.59

Test on the jump times of Y
   (superposition of Yn):

Expected number of jumps of Y = mN    :     600
Number of jumps of Y                  :     563
p-value of test                       :    0.93

Stat. AD (mNP2)                       :    1.32
p-value of test                       :    0.23

Stat. AD after spacings (mNP2-S)      :    4.94
p-value of test                       :  3.1e-3

-----------------------------------------------
CPU time used                    :  00:00:33.24

Generator state:




***********************************************************
HOST = soph-test-runner, Darwin

generator


snpair_ClosePairs test:
-----------------------------------------------
   N = 10,  n = 3000000,  r =  0,  t = 9,  p = 0,  m = 30,  Torus =  TRUE


---------------------------------------
Test based on the 2 nearest points (NP):

Stat. AD on the N values (NP)         :    0.68
p-value of test                       :    0.58


A2 test based on the spacings between the
   successive jump times of process Y_n(t):

A2 test on the values of A2 (m-NP)    :    0.66
p-value of test                       :    0.59

Test on the Nm values of W_{n,i}(mNP1):    0.40
p-value of test                       :    0.85

Test on the jump times of Y
   (superposition of Yn):

Expected number of jumps of Y = mN    :     300
Number of jumps of Y                  :     313
p-value of test                       :    0.23

Stat. AD (mNP2)                       :    1.67
p-value of test                       :    0.14

Stat. AD after spacings (mNP2-S)      :    0.40
p-value of test                       :    0.85

-----------------------------------------------
CPU time used                    :  00:01:02.73

Generator state:




***********************************************************
HOST = soph-test-runner, Darwin

generator


snpair_ClosePairs test:
-----------------------------------------------
   N =  5,  n = 2000000,  r =  0,  t = 16,  p = 0,  m = 30,  Torus =  TRUE


---------------------------------------
Test based on the 2 nearest points (NP):

Stat. AD on the N values (NP)         :    0.54
p-value of test                       :    0.69


A2 test based on the spacings between the
   successive jump times of process Y_n(t):

A2 test on the values of A2 (m-NP)    :    0.53
p-value of test                       :    0.71

Test on the Nm values of W_{n,i}(mNP1):    1.39
p-value of test                       :    0.21

Test on the jump times of Y
   (superposition of Yn):

Expected number of jumps of Y = mN    :     150
Number of jumps of Y                  :     143
p-value of test                       :    0.70

Stat. AD (mNP2)                       :    0.45
p-value of test                       :    0.79

Stat. AD after spacings (mNP2-S)      :    1.40
p-value of test                       :    0.20

-----------------------------------------------
CPU time used                    :  00:01:26.03

Generator state:




***********************************************************
HOST = soph-test-runner, Darwin

generator


sknuth_SimpPoker test:
-----------------------------------------------
   N =  1,  n = 400000000,  r =  0,   d =    8,   k =    8


-----------------------------------------------
Number of degrees of freedom          :    7
Chi-square statistic                  :    2.60
p-value of test                       :    0.92

-----------------------------------------------
CPU time used                    :  00:00:24.24

Generator state:




***********************************************************
HOST = soph-test-runner, Darwin

generator


sknuth_SimpPoker test:
-----------------------------------------------
   N =  1,  n = 400000000,  r = 27,   d =    8,   k =    8


-----------------------------------------------
Number of degrees of freedom          :    7
Chi-square statistic                  :    4.24
p-value of test                       :    0.75

-----------------------------------------------
CPU time used                    :  00:00:26.69

Generator state:




***********************************************************
HOST = soph-test-runner, Darwin

generator


sknuth_SimpPoker test:
-----------------------------------------------
   N =  1,  n = 100000000,  r =  0,   d =   32,   k =   32


-----------------------------------------------
Number of degrees of freedom          :   18
Chi-square statistic                  :   12.00
p-value of test                       :    0.85

-----------------------------------------------
CPU time used                    :  00:00:24.85

Generator state:




***********************************************************
HOST = soph-test-runner, Darwin

generator


sknuth_SimpPoker test:
-----------------------------------------------
   N =  1,  n = 100000000,  r = 25,   d =   32,   k =   32


-----------------------------------------------
Number of degrees of freedom          :   18
Chi-square statistic                  :   15.18
p-value of test                       :    0.65

-----------------------------------------------
CPU time used                    :  00:00:28.10

Generator state:




***********************************************************
HOST = soph-test-runner, Darwin

generator


sknuth_CouponCollector test:
-----------------------------------------------
   N =  1,  n = 200000000,  r =  0,   d =    8


-----------------------------------------------
Number of degrees of freedom          :   54
Chi-square statistic                  :   52.95
p-value of test                       :    0.52

-----------------------------------------------
CPU time used                    :  00:00:29.01

Generator state:




***********************************************************
HOST = soph-test-runner, Darwin

generator


sknuth_CouponCollector test:
-----------------------------------------------
   N =  1,  n = 200000000,  r = 10,   d =    8


-----------------------------------------------
Number of degrees of freedom          :   54
Chi-square statistic                  :   47.90
p-value of test                       :    0.71

-----------------------------------------------
CPU time used                    :  00:00:32.75

Generator state:




***********************************************************
HOST = soph-test-runner, Darwin

generator


sknuth_CouponCollector test:
-----------------------------------------------
   N =  1,  n = 200000000,  r = 20,   d =    8


-----------------------------------------------
Number of degrees of freedom          :   54
Chi-square statistic                  :   78.05
p-value of test                       :    0.02

-----------------------------------------------
CPU time used                    :  00:00:32.72

Generator state:




***********************************************************
HOST = soph-test-runner, Darwin

generator


sknuth_CouponCollector test:
-----------------------------------------------
   N =  1,  n = 200000000,  r = 27,   d =    8


-----------------------------------------------
Number of degrees of freedom          :   54
Chi-square statistic                  :   57.08
p-value of test                       :    0.36

-----------------------------------------------
CPU time used                    :  00:00:32.68

Generator state:




***********************************************************
HOST = soph-test-runner, Darwin

generator


sknuth_Gap test:
-----------------------------------------------
   N =  1,  n = 500000000,  r =  0,   Alpha =        0,   Beta  =   0.0625


-----------------------------------------------
Number of degrees of freedom          :  232
Chi-square statistic                  :  251.11
p-value of test                       :    0.19

-----------------------------------------------
CPU time used                    :  00:00:31.33

Generator state:




***********************************************************
HOST = soph-test-runner, Darwin

generator


sknuth_Gap test:
-----------------------------------------------
   N =  1,  n = 300000000,  r = 25,   Alpha =        0,   Beta  =  0.03125


-----------------------------------------------
Number of degrees of freedom          :  434
Chi-square statistic                  :  423.66
p-value of test                       :    0.63

-----------------------------------------------
CPU time used                    :  00:00:36.13

Generator state:




***********************************************************
HOST = soph-test-runner, Darwin

generator


sknuth_Gap test:
-----------------------------------------------
   N =  1,  n = 100000000,  r =  0,   Alpha =        0,   Beta  = 0.0078125


-----------------------------------------------
Number of degrees of freedom          : 1437
Chi-square statistic                  : 1468.95
p-value of test                       :    0.27

-----------------------------------------------
CPU time used                    :  00:00:45.07

Generator state:




***********************************************************
HOST = soph-test-runner, Darwin

generator


sknuth_Gap test:
-----------------------------------------------
   N =  1,  n = 10000000,  r = 20,   Alpha =        0,   Beta  = 0.000976562


-----------------------------------------------
Number of degrees of freedom          : 7046
Chi-square statistic                  : 6973.31
p-value of test                       :    0.73

-----------------------------------------------
CPU time used                    :  00:00:34.80

Generator state:




***********************************************************
HOST = soph-test-runner, Darwin

generator


sknuth_Run test:
-----------------------------------------------
   N =  5,  n = 1000000000,  r =  0,   Up = FALSE


-----------------------------------------------

Kolmogorov-Smirnov+ statistic = D+    :    0.19
p-value of test                       :    0.61

Kolmogorov-Smirnov- statistic = D-    :    0.20
p-value of test                       :    0.58

Anderson-Darling statistic = A2       :    0.34
p-value of test                       :    0.90

Test on the sum of all N observations
Number of degrees of freedom          :   30
Chi-square statistic                  :   28.36
p-value of test                       :    0.55

-----------------------------------------------
CPU time used                    :  00:00:33.28

Generator state:




***********************************************************
HOST = soph-test-runner, Darwin

generator


sknuth_Run test:
-----------------------------------------------
   N = 10,  n = 1000000000,  r = 15,   Up =  TRUE


-----------------------------------------------

Kolmogorov-Smirnov+ statistic = D+    :    0.37
p-value of test                       :    0.05

Kolmogorov-Smirnov- statistic = D-    :   0.037
p-value of test                       :    0.95

Anderson-Darling statistic = A2       :    2.25
p-value of test                       :    0.07

Test on the sum of all N observations
Number of degrees of freedom          :   60
Chi-square statistic                  :   40.09
p-value of test                       :    0.98

-----------------------------------------------
CPU time used                    :  00:01:16.19

Generator state:




***********************************************************
Test sknuth_Permutation calling smultin_Multinomial

***********************************************************
HOST = soph-test-runner, Darwin

generator


smultin_Multinomial test:
-----------------------------------------------
   N =  1,  n = 1000000000,  r =  5,   t =  3,
       Sparse =  FALSE

       GenerCell = smultin_GenerCellPermut
       Number of cells = t! =                  6
       Expected number per cell =  1.6666667e+08
       Hashing =  FALSE

   For Delta > -1, we use the ChiSquare approximation
   Correction factor of the ChiSquare: 
       Delta =     1,    Mu =  2.5000002e-09,    Sigma =          1

-----------------------------------------------
Test Results for Delta =   1.0000

Number of degrees of freedom          :    5
Value of the statistic                :    1.26
p-value of test                       :    0.94


-----------------------------------------------
CPU time used                    :  00:00:14.69

Generator state:




***********************************************************
Test sknuth_Permutation calling smultin_Multinomial

***********************************************************
HOST = soph-test-runner, Darwin

generator


smultin_Multinomial test:
-----------------------------------------------
   N =  1,  n = 1000000000,  r =  5,   t =  5,
       Sparse =  FALSE

       GenerCell = smultin_GenerCellPermut
       Number of cells = t! =                120
       Expected number per cell =   8333333.3
       Hashing =  FALSE

   For Delta > -1, we use the ChiSquare approximation
   Correction factor of the ChiSquare: 
       Delta =     1,    Mu =  5.9500005e-08,    Sigma =          1

-----------------------------------------------
Test Results for Delta =   1.0000

Number of degrees of freedom          :  119
Value of the statistic                :  116.26
p-value of test                       :    0.55


-----------------------------------------------
CPU time used                    :  00:00:44.59

Generator state:




***********************************************************
Test sknuth_Permutation calling smultin_Multinomial

***********************************************************
HOST = soph-test-runner, Darwin

generator


smultin_Multinomial test:
-----------------------------------------------
   N =  1,  n = 500000000,  r =  5,   t =  7,
       Sparse =  FALSE

       GenerCell = smultin_GenerCellPermut
       Number of cells = t! =               5040
       Expected number per cell =   99206.349
       Hashing =  FALSE

   For Delta > -1, we use the ChiSquare approximation
   Correction factor of the ChiSquare: 
       Delta =     1,    Mu =  5.0390004e-06,    Sigma =          1

-----------------------------------------------
Test Results for Delta =   1.0000

Number of degrees of freedom          : 5039
Value of the statistic                : 4886.37
p-value of test                       :    0.94


-----------------------------------------------
CPU time used                    :  00:00:46.51

Generator state:




***********************************************************
Test sknuth_Permutation calling smultin_Multinomial

***********************************************************
HOST = soph-test-runner, Darwin

generator


smultin_Multinomial test:
-----------------------------------------------
   N =  1,  n = 500000000,  r = 10,   t = 10,
       Sparse =  FALSE

       GenerCell = smultin_GenerCellPermut
       Number of cells = t! =            3628800
       Expected number per cell =    137.7866
       Hashing =  FALSE

   For Delta > -1, we use the ChiSquare approximation
   Correction factor of the ChiSquare: 
       Delta =     1,    Mu =   0.0036287993,    Sigma =          1

-----------------------------------------------
Test Results for Delta =   1.0000

Number of degrees of freedom          : 3628799
Value of the statistic                : 3.63e+6
p-value of test                       :    0.43


-----------------------------------------------
CPU time used                    :  00:01:38.61

Generator state:




***********************************************************
Test sknuth_CollisionPermut calling smultin_Multinomial

***********************************************************
HOST = soph-test-runner, Darwin

generator


smultin_Multinomial test:
-----------------------------------------------
   N = 20,  n = 20000000,  r =  0,   t = 14,
       Sparse =   TRUE

       GenerCell = smultin_GenerCellPermut
       Number of cells = t! =        87178291200
       Expected number per cell =  1 /  4358.9146
       EColl = n^2 / (2k) =   2294.14912
       Hashing =   TRUE

       Collision test,    Mu =      2293.9736,    Sigma =    47.8841

-----------------------------------------------
Test Results for Collisions

For the total number of collisions, we use
      the Poisson approximation:
Expected number of collisions = N*Mu  :    45879.47
Observed number of collisions         :    45845
p-value of test                       :    0.56


-----------------------------
Total number of cells containing j balls

  j =  0                              :    1743165869845
  j =  1                              :        399908311
  j =  2                              :            45843
  j =  3                              :                1
  j =  4                              :                0
  j =  5                              :                0

-----------------------------------------------
CPU time used                    :  00:03:29.21

Generator state:




***********************************************************
Test sknuth_CollisionPermut calling smultin_Multinomial

***********************************************************
HOST = soph-test-runner, Darwin

generator


smultin_Multinomial test:
-----------------------------------------------
   N = 20,  n = 20000000,  r = 10,   t = 14,
       Sparse =   TRUE

       GenerCell = smultin_GenerCellPermut
       Number of cells = t! =        87178291200
       Expected number per cell =  1 /  4358.9146
       EColl = n^2 / (2k) =   2294.14912
       Hashing =   TRUE

       Collision test,    Mu =      2293.9736,    Sigma =    47.8841

-----------------------------------------------
Test Results for Collisions

For the total number of collisions, we use
      the Poisson approximation:
Expected number of collisions = N*Mu  :    45879.47
Observed number of collisions         :    46336
p-value of test                       :    0.02


-----------------------------
Total number of cells containing j balls

  j =  0                              :    1743165870336
  j =  1                              :        399907335
  j =  2                              :            46322
  j =  3                              :                7
  j =  4                              :                0
  j =  5                              :                0

-----------------------------------------------
CPU time used                    :  00:03:30.67

Generator state:




***********************************************************
HOST = soph-test-runner, Darwin

generator


sknuth_MaxOft test:
-----------------------------------------------
   N = 40,  n = 10000000,  r =  0,   d = 100000,   t =  8

      Number of categories = 100000
      Expected number per category  = 100.00


-----------------------------------------------
Test results for chi2 with 99999 degrees of freedom:

Kolmogorov-Smirnov+ statistic = D+    :    0.11
p-value of test                       :    0.35

Kolmogorov-Smirnov- statistic = D-    :   0.098
p-value of test                       :    0.43

Anderson-Darling statistic = A2       :    0.58
p-value of test                       :    0.67

Test on the sum of all N observations
Number of degrees of freedom          : 3999960
Chi-square statistic                  : 4.00e+6
p-value of test                       :    0.56


-----------------------------------------------
Test results for Anderson-Darling:

Kolmogorov-Smirnov+ statistic = D+    :   0.042
p-value of test                       :    0.85

Kolmogorov-Smirnov- statistic = D-    :    0.14
p-value of test                       :    0.21

Anderson-Darling statistic = A2       :    1.34
p-value of test                       :    0.22


-----------------------------------------------
CPU time used                    :  00:00:57.13

Generator state:




***********************************************************
HOST = soph-test-runner, Darwin

generator


sknuth_MaxOft test:
-----------------------------------------------
   N = 30,  n = 10000000,  r =  0,   d = 100000,   t = 16

      Number of categories = 100000
      Expected number per category  = 100.00


-----------------------------------------------
Test results for chi2 with 99999 degrees of freedom:

Kolmogorov-Smirnov+ statistic = D+    :    0.23
p-value of test                       :    0.03

Kolmogorov-Smirnov- statistic = D-    :   0.087
p-value of test                       :    0.60

Anderson-Darling statistic = A2       :    1.76
p-value of test                       :    0.13

Test on the sum of all N observations
Number of degrees of freedom          : 2999970
Chi-square statistic                  : 3.00e+6
p-value of test                       :    0.93


-----------------------------------------------
Test results for Anderson-Darling:

Kolmogorov-Smirnov+ statistic = D+    :   0.080
p-value of test                       :    0.64

Kolmogorov-Smirnov- statistic = D-    :   0.057
p-value of test                       :    0.79

Anderson-Darling statistic = A2       :    0.26
p-value of test                       :    0.97


-----------------------------------------------
CPU time used                    :  00:00:52.40

Generator state:




***********************************************************
HOST = soph-test-runner, Darwin

generator


sknuth_MaxOft test:
-----------------------------------------------
   N = 20,  n = 10000000,  r =  0,   d = 100000,   t = 24

      Number of categories = 100000
      Expected number per category  = 100.00


-----------------------------------------------
Test results for chi2 with 99999 degrees of freedom:

Kolmogorov-Smirnov+ statistic = D+    :   0.049
p-value of test                       :    0.88

Kolmogorov-Smirnov- statistic = D-    :    0.15
p-value of test                       :    0.36

Anderson-Darling statistic = A2       :    0.70
p-value of test                       :    0.56

Test on the sum of all N observations
Number of degrees of freedom          : 1999980
Chi-square statistic                  : 2.00e+6
p-value of test                       :    0.17


-----------------------------------------------
Test results for Anderson-Darling:

Kolmogorov-Smirnov+ statistic = D+    :    0.10
p-value of test                       :    0.63

Kolmogorov-Smirnov- statistic = D-    :    0.15
p-value of test                       :    0.37

Anderson-Darling statistic = A2       :    0.40
p-value of test                       :    0.84


-----------------------------------------------
CPU time used                    :  00:00:40.90

Generator state:




***********************************************************
HOST = soph-test-runner, Darwin

generator


sknuth_MaxOft test:
-----------------------------------------------
   N = 20,  n = 10000000,  r =  0,   d = 100000,   t = 32

      Number of categories = 100000
      Expected number per category  = 100.00


-----------------------------------------------
Test results for chi2 with 99999 degrees of freedom:

Kolmogorov-Smirnov+ statistic = D+    :   0.068
p-value of test                       :    0.80

Kolmogorov-Smirnov- statistic = D-    :    0.13
p-value of test                       :    0.47

Anderson-Darling statistic = A2       :    0.46
p-value of test                       :    0.79

Test on the sum of all N observations
Number of degrees of freedom          : 1999980
Chi-square statistic                  : 2.00e+6
p-value of test                       :    0.35


-----------------------------------------------
Test results for Anderson-Darling:

Kolmogorov-Smirnov+ statistic = D+    :   0.038
p-value of test                       :    0.92

Kolmogorov-Smirnov- statistic = D-    :    0.27
p-value of test                       :    0.04

Anderson-Darling statistic = A2       :    2.13
p-value of test                       :    0.08


-----------------------------------------------
CPU time used                    :  00:00:47.17

Generator state:




***********************************************************
HOST = soph-test-runner, Darwin

generator


svaria_SampleProd test:
-----------------------------------------------
   N = 40,  n = 10000000,  r =  0,   t = 8


-----------------------------------------------

Kolmogorov-Smirnov+ statistic = D+    :    0.11
p-value of test                       :    0.32

Kolmogorov-Smirnov- statistic = D-    :    0.12
p-value of test                       :    0.27

Anderson-Darling statistic = A2       :    0.66
p-value of test                       :    0.60

-----------------------------------------------
CPU time used                    :  00:00:46.88

Generator state:




***********************************************************
HOST = soph-test-runner, Darwin

generator


svaria_SampleProd test:
-----------------------------------------------
   N = 20,  n = 10000000,  r =  0,   t = 16


-----------------------------------------------

Kolmogorov-Smirnov+ statistic = D+    :    0.18
p-value of test                       :    0.24

Kolmogorov-Smirnov- statistic = D-    :    0.14
p-value of test                       :    0.44

Anderson-Darling statistic = A2       :    0.60
p-value of test                       :    0.64

-----------------------------------------------
CPU time used                    :  00:00:31.00

Generator state:




***********************************************************
HOST = soph-test-runner, Darwin

generator


svaria_SampleProd test:
-----------------------------------------------
   N = 20,  n = 10000000,  r =  0,   t = 24


-----------------------------------------------

Kolmogorov-Smirnov+ statistic = D+    :    0.12
p-value of test                       :    0.53

Kolmogorov-Smirnov- statistic = D-    :    0.20
p-value of test                       :    0.19

Anderson-Darling statistic = A2       :    0.99
p-value of test                       :    0.36

-----------------------------------------------
CPU time used                    :  00:00:38.46

Generator state:




***********************************************************
HOST = soph-test-runner, Darwin

generator


svaria_SampleMean test:
-----------------------------------------------
   N = 20000000,  n = 30,  r =  0


-----------------------------------------------

Kolmogorov-Smirnov+ statistic = D+    : 2.83e-4
p-value of test                       :    0.04

Kolmogorov-Smirnov- statistic = D-    : 5.23e-5
p-value of test                       :    0.90

Anderson-Darling statistic = A2       :    2.52
p-value of test                       :    0.05

-----------------------------------------------
CPU time used                    :  00:00:05.32

Generator state:




***********************************************************
HOST = soph-test-runner, Darwin

generator


svaria_SampleMean test:
-----------------------------------------------
   N = 20000000,  n = 30,  r = 10


-----------------------------------------------

Kolmogorov-Smirnov+ statistic = D+    : 4.70e-5
p-value of test                       :    0.92

Kolmogorov-Smirnov- statistic = D-    : 3.14e-4
p-value of test                       :    0.02

Anderson-Darling statistic = A2       :    2.51
p-value of test                       :    0.05

-----------------------------------------------
CPU time used                    :  00:00:05.25

Generator state:




***********************************************************
HOST = soph-test-runner, Darwin

generator


svaria_SampleCorr test:
-----------------------------------------------
   N =  1,  n = 2000000000,  r =  0,   k = 1


-----------------------------------------------
Normal statistic                      :    1.05
p-value of test                       :    0.15

-----------------------------------------------
CPU time used                    :  00:00:06.90

Generator state:




***********************************************************
HOST = soph-test-runner, Darwin

generator


svaria_SampleCorr test:
-----------------------------------------------
   N =  1,  n = 2000000000,  r =  0,   k = 2


-----------------------------------------------
Normal statistic                      :    1.92
p-value of test                       :    0.03

-----------------------------------------------
CPU time used                    :  00:00:07.25

Generator state:




***********************************************************
HOST = soph-test-runner, Darwin

generator


svaria_AppearanceSpacings test:
-----------------------------------------------
   N =  1,   Q = 10000000,   K = 1000000000,   r = 0,   s = 3,   L = 15

   Sequences of n = (K + Q)L =  15150000000 bits
   Q = 10000000 initialization blocks
   K = 1000000000 blocks for the test
   the blocks have L = 15 bits



-----------------------------------------------
Normal statistic                      :   -0.68
p-value of test                       :    0.75

-----------------------------------------------
CPU time used                    :  00:00:15.90

Generator state:




***********************************************************
HOST = soph-test-runner, Darwin

generator


svaria_AppearanceSpacings test:
-----------------------------------------------
   N =  1,   Q = 10000000,   K = 1000000000,   r = 27,   s = 3,   L = 15

   Sequences of n = (K + Q)L =  15150000000 bits
   Q = 10000000 initialization blocks
   K = 1000000000 blocks for the test
   the blocks have L = 15 bits



-----------------------------------------------
Normal statistic                      :    1.47
p-value of test                       :    0.07

-----------------------------------------------
CPU time used                    :  00:00:15.98

Generator state:




***********************************************************
HOST = soph-test-runner, Darwin

generator


svaria_WeightDistrib test:
-----------------------------------------------
   N =  1,  n = 20000000,  r =  0,  k = 256,  Alpha =      0,  Beta =   0.25


-----------------------------------------------
Number of degrees of freedom          :   67
Chi-square statistic                  :   55.82
p-value of test                       :    0.83

-----------------------------------------------
CPU time used                    :  00:00:17.51

Generator state:




***********************************************************
HOST = soph-test-runner, Darwin

generator


svaria_WeightDistrib test:
-----------------------------------------------
   N =  1,  n = 20000000,  r = 20,  k = 256,  Alpha =      0,  Beta =   0.25


-----------------------------------------------
Number of degrees of freedom          :   67
Chi-square statistic                  :   55.87
p-value of test                       :    0.83

-----------------------------------------------
CPU time used                    :  00:00:17.88

Generator state:




***********************************************************
HOST = soph-test-runner, Darwin

generator


svaria_WeightDistrib test:
-----------------------------------------------
   N =  1,  n = 20000000,  r = 28,  k = 256,  Alpha =      0,  Beta =   0.25


-----------------------------------------------
Number of degrees of freedom          :   67
Chi-square statistic                  :   64.97
p-value of test                       :    0.55

-----------------------------------------------
CPU time used                    :  00:00:17.61

Generator state:




***********************************************************
HOST = soph-test-runner, Darwin

generator


svaria_WeightDistrib test:
-----------------------------------------------
   N =  1,  n = 20000000,  r =  0,  k = 256,  Alpha =      0,  Beta = 0.0625


-----------------------------------------------
Number of degrees of freedom          :   37
Chi-square statistic                  :   32.20
p-value of test                       :    0.69

-----------------------------------------------
CPU time used                    :  00:00:17.61

Generator state:




***********************************************************
HOST = soph-test-runner, Darwin

generator


svaria_WeightDistrib test:
-----------------------------------------------
   N =  1,  n = 20000000,  r = 10,  k = 256,  Alpha =      0,  Beta = 0.0625


-----------------------------------------------
Number of degrees of freedom          :   37
Chi-square statistic                  :   37.32
p-value of test                       :    0.45

-----------------------------------------------
CPU time used                    :  00:00:17.65

Generator state:




***********************************************************
HOST = soph-test-runner, Darwin

generator


svaria_WeightDistrib test:
-----------------------------------------------
   N =  1,  n = 20000000,  r = 26,  k = 256,  Alpha =      0,  Beta = 0.0625


-----------------------------------------------
Number of degrees of freedom          :   37
Chi-square statistic                  :   31.04
p-value of test                       :    0.74

-----------------------------------------------
CPU time used                    :  00:00:17.61

Generator state:




***********************************************************
HOST = soph-test-runner, Darwin

generator


svaria_SumCollector test:
-----------------------------------------------
   N =  1,  n = 500000000,  r =  0,   g = 10


-----------------------------------------------
Number of degrees of freedom          :   29
Chi-square statistic                  :   35.28
p-value of test                       :    0.20

-----------------------------------------------
CPU time used                    :  00:00:42.98

Generator state:




***********************************************************
HOST = soph-test-runner, Darwin

generator


smarsa_MatrixRank test:
-----------------------------------------------
   N = 10,  n = 1000000,  r =  0,    s = 5,    L = 30,    k = 30


-----------------------------------------------

Kolmogorov-Smirnov+ statistic = D+    :    0.20
p-value of test                       :    0.41

Kolmogorov-Smirnov- statistic = D-    :   0.076
p-value of test                       :    0.85

Anderson-Darling statistic = A2       :    0.49
p-value of test                       :    0.76

Test on the sum of all N observations
Number of degrees of freedom          :   40
Chi-square statistic                  :   33.63
p-value of test                       :    0.75

-----------------------------------------------
CPU time used                    :  00:00:27.07

Generator state:




***********************************************************
HOST = soph-test-runner, Darwin

generator


smarsa_MatrixRank test:
-----------------------------------------------
   N = 10,  n = 1000000,  r = 25,    s = 5,    L = 30,    k = 30


-----------------------------------------------

Kolmogorov-Smirnov+ statistic = D+    :    0.13
p-value of test                       :    0.66

Kolmogorov-Smirnov- statistic = D-    :    0.15
p-value of test                       :    0.57

Anderson-Darling statistic = A2       :    0.23
p-value of test                       :    0.98

Test on the sum of all N observations
Number of degrees of freedom          :   40
Chi-square statistic                  :   40.11
p-value of test                       :    0.47

-----------------------------------------------
CPU time used                    :  00:00:27.09

Generator state:




***********************************************************
HOST = soph-test-runner, Darwin

generator


smarsa_MatrixRank test:
-----------------------------------------------
   N =  1,  n = 5000,  r =  0,    s = 4,    L = 1000,    k = 1000


-----------------------------------------------
Number of degrees of freedom          :    3
Chi-square statistic                  :    1.35
p-value of test                       :    0.72

-----------------------------------------------
CPU time used                    :  00:00:31.75

Generator state:




***********************************************************
HOST = soph-test-runner, Darwin

generator


smarsa_MatrixRank test:
-----------------------------------------------
   N =  1,  n = 5000,  r = 26,    s = 4,    L = 1000,    k = 1000


-----------------------------------------------
Number of degrees of freedom          :    3
Chi-square statistic                  :    5.42
p-value of test                       :    0.14

-----------------------------------------------
CPU time used                    :  00:00:32.13

Generator state:




***********************************************************
HOST = soph-test-runner, Darwin

generator


smarsa_MatrixRank test:
-----------------------------------------------
   N =  1,  n = 80,  r = 15,    s = 15,    L = 5000,    k = 5000


-----------------------------------------------
Number of degrees of freedom          :    2
Chi-square statistic                  :    0.59
p-value of test                       :    0.74

-----------------------------------------------
CPU time used                    :  00:00:26.67

Generator state:




***********************************************************
HOST = soph-test-runner, Darwin

generator


smarsa_MatrixRank test:
-----------------------------------------------
   N =  1,  n = 80,  r =  0,    s = 30,    L = 5000,    k = 5000


-----------------------------------------------
Number of degrees of freedom          :    2
Chi-square statistic                  :    1.30
p-value of test                       :    0.52

-----------------------------------------------
CPU time used                    :  00:00:22.71

Generator state:




***********************************************************
HOST = soph-test-runner, Darwin

generator


smarsa_Savir2 test:
-----------------------------------------------
   N = 10,  n = 10000000,  r = 10,    m = 1048576,    t = 30


-----------------------------------------------

Kolmogorov-Smirnov+ statistic = D+    :    0.21
p-value of test                       :    0.35

Kolmogorov-Smirnov- statistic = D-    :    0.24
p-value of test                       :    0.28

Anderson-Darling statistic = A2       :    0.85
p-value of test                       :    0.45

Test on the sum of all N observations
Number of degrees of freedom          :  130
Chi-square statistic                  :  124.27
p-value of test                       :    0.63

-----------------------------------------------
CPU time used                    :  00:00:12.63

Generator state:




***********************************************************
HOST = soph-test-runner, Darwin

generator


smarsa_GCD test:
-----------------------------------------------
   N = 10,  n = 50000000,  r =  0,   s = 30


-----------------------------------------------
Test results for GCD values:

Kolmogorov-Smirnov+ statistic = D+    :   0.051
p-value of test                       :    0.92

Kolmogorov-Smirnov- statistic = D-    :    0.41
p-value of test                       :    0.02

Anderson-Darling statistic = A2       :    2.62
p-value of test                       :    0.04

Test on the sum of all N observations
Number of degrees of freedom          : 17430
Chi-square statistic                  :17803.50
p-value of test                       :    0.02



-----------------------------------------------
CPU time used                    :  00:00:31.32

Generator state:




***********************************************************
HOST = soph-test-runner, Darwin

generator


swalk_RandomWalk1 test:
-----------------------------------------------
   N =  1,  n = 100000000,  r =  0,   s = 5,   L0 =   50,   L1 =   50



-----------------------------------------------
Test on the values of the Statistic H

Number of degrees of freedom          :   36
ChiSquare statistic                   :   41.40
p-value of test                       :    0.25


-----------------------------------------------
Test on the values of the Statistic M

Number of degrees of freedom          :   35
ChiSquare statistic                   :   40.79
p-value of test                       :    0.23


-----------------------------------------------
Test on the values of the Statistic J

Number of degrees of freedom          :   25
ChiSquare statistic                   :   32.12
p-value of test                       :    0.15


-----------------------------------------------
Test on the values of the Statistic R

Number of degrees of freedom          :   24
ChiSquare statistic                   :   23.37
p-value of test                       :    0.50


-----------------------------------------------
Test on the values of the Statistic C

Number of degrees of freedom          :   17
ChiSquare statistic                   :    7.87
p-value of test                       :    0.97


-----------------------------------------------
CPU time used                    :  00:00:16.90

Generator state:




***********************************************************
HOST = soph-test-runner, Darwin

generator


swalk_RandomWalk1 test:
-----------------------------------------------
   N =  1,  n = 100000000,  r = 25,   s = 5,   L0 =   50,   L1 =   50



-----------------------------------------------
Test on the values of the Statistic H

Number of degrees of freedom          :   36
ChiSquare statistic                   :   31.76
p-value of test                       :    0.67


-----------------------------------------------
Test on the values of the Statistic M

Number of degrees of freedom          :   35
ChiSquare statistic                   :   45.60
p-value of test                       :    0.11


-----------------------------------------------
Test on the values of the Statistic J

Number of degrees of freedom          :   25
ChiSquare statistic                   :   25.04
p-value of test                       :    0.46


-----------------------------------------------
Test on the values of the Statistic R

Number of degrees of freedom          :   24
ChiSquare statistic                   :   24.21
p-value of test                       :    0.45


-----------------------------------------------
Test on the values of the Statistic C

Number of degrees of freedom          :   17
ChiSquare statistic                   :   10.78
p-value of test                       :    0.87


-----------------------------------------------
CPU time used                    :  00:00:17.01

Generator state:




***********************************************************
HOST = soph-test-runner, Darwin

generator


swalk_RandomWalk1 test:
-----------------------------------------------
   N =  1,  n = 10000000,  r =  0,   s = 10,   L0 = 1000,   L1 = 1000



-----------------------------------------------
Test on the values of the Statistic H

Number of degrees of freedom          :  146
ChiSquare statistic                   :  164.34
p-value of test                       :    0.14


-----------------------------------------------
Test on the values of the Statistic M

Number of degrees of freedom          :  146
ChiSquare statistic                   :  139.48
p-value of test                       :    0.64


-----------------------------------------------
Test on the values of the Statistic J

Number of degrees of freedom          :  500
ChiSquare statistic                   :  513.62
p-value of test                       :    0.33


-----------------------------------------------
Test on the values of the Statistic R

Number of degrees of freedom          :  136
ChiSquare statistic                   :  140.93
p-value of test                       :    0.37


-----------------------------------------------
Test on the values of the Statistic C

Number of degrees of freedom          :   74
ChiSquare statistic                   :   58.79
p-value of test                       :    0.90


-----------------------------------------------
CPU time used                    :  00:00:21.90

Generator state:




***********************************************************
HOST = soph-test-runner, Darwin

generator


swalk_RandomWalk1 test:
-----------------------------------------------
   N =  1,  n = 10000000,  r = 20,   s = 10,   L0 = 1000,   L1 = 1000



-----------------------------------------------
Test on the values of the Statistic H

Number of degrees of freedom          :  146
ChiSquare statistic                   :  158.02
p-value of test                       :    0.23


-----------------------------------------------
Test on the values of the Statistic M

Number of degrees of freedom          :  146
ChiSquare statistic                   :  133.41
p-value of test                       :    0.76


-----------------------------------------------
Test on the values of the Statistic J

Number of degrees of freedom          :  500
ChiSquare statistic                   :  481.91
p-value of test                       :    0.71


-----------------------------------------------
Test on the values of the Statistic R

Number of degrees of freedom          :  136
ChiSquare statistic                   :  141.72
p-value of test                       :    0.35


-----------------------------------------------
Test on the values of the Statistic C

Number of degrees of freedom          :   74
ChiSquare statistic                   :   76.79
p-value of test                       :    0.39


-----------------------------------------------
CPU time used                    :  00:00:21.90

Generator state:




***********************************************************
HOST = soph-test-runner, Darwin

generator


swalk_RandomWalk1 test:
-----------------------------------------------
   N =  1,  n = 1000000,  r =  0,   s = 15,   L0 = 10000,   L1 = 10000



-----------------------------------------------
Test on the values of the Statistic H

Number of degrees of freedom          :  384
ChiSquare statistic                   :  413.42
p-value of test                       :    0.14


-----------------------------------------------
Test on the values of the Statistic M

Number of degrees of freedom          :  384
ChiSquare statistic                   :  391.43
p-value of test                       :    0.39


-----------------------------------------------
Test on the values of the Statistic J

Number of degrees of freedom          : 5000
ChiSquare statistic                   : 4891.77
p-value of test                       :    0.86


-----------------------------------------------
Test on the values of the Statistic R

Number of degrees of freedom          :  378
ChiSquare statistic                   :  415.59
p-value of test                       :    0.09


-----------------------------------------------
Test on the values of the Statistic C

Number of degrees of freedom          :  200
ChiSquare statistic                   :  203.89
p-value of test                       :    0.41


-----------------------------------------------
CPU time used                    :  00:00:19.69

Generator state:




***********************************************************
HOST = soph-test-runner, Darwin

generator


swalk_RandomWalk1 test:
-----------------------------------------------
   N =  1,  n = 1000000,  r = 15,   s = 15,   L0 = 10000,   L1 = 10000



-----------------------------------------------
Test on the values of the Statistic H

Number of degrees of freedom          :  384
ChiSquare statistic                   :  317.86
p-value of test                       :    0.9940


-----------------------------------------------
Test on the values of the Statistic M

Number of degrees of freedom          :  384
ChiSquare statistic                   :  391.83
p-value of test                       :    0.38


-----------------------------------------------
Test on the values of the Statistic J

Number of degrees of freedom          : 5000
ChiSquare statistic                   : 4964.08
p-value of test                       :    0.64


-----------------------------------------------
Test on the values of the Statistic R

Number of degrees of freedom          :  378
ChiSquare statistic                   :  392.28
p-value of test                       :    0.30


-----------------------------------------------
Test on the values of the Statistic C

Number of degrees of freedom          :  200
ChiSquare statistic                   :  195.55
p-value of test                       :    0.58


-----------------------------------------------
CPU time used                    :  00:00:19.67

Generator state:




***********************************************************
HOST = soph-test-runner, Darwin

generator


scomp_LinearComp test:
-----------------------------------------------
   N =  1,  n = 400020,  r =  0,    s = 1



-----------------------------------------------
Number of degrees of freedom          :   12
Chi2 statistic for size of jumps      :   11.91
p-value of test                       :    0.45


-----------------------------------------------
Normal statistic for number of jumps  :    1.49
p-value of test                       :    0.07



-----------------------------------------------
CPU time used                    :  00:01:16.09

Generator state:




***********************************************************
HOST = soph-test-runner, Darwin

generator


scomp_LinearComp test:
-----------------------------------------------
   N =  1,  n = 400020,  r = 29,    s = 1



-----------------------------------------------
Number of degrees of freedom          :   12
Chi2 statistic for size of jumps      :    5.52
p-value of test                       :    0.94


-----------------------------------------------
Normal statistic for number of jumps  :    0.37
p-value of test                       :    0.35



-----------------------------------------------
CPU time used                    :  00:01:16.26

Generator state:




***********************************************************
HOST = soph-test-runner, Darwin

generator


scomp_LempelZiv test:
-----------------------------------------------
   N = 10,  n = 134217728,  r =  0,   s =   30,   k =   27


-----------------------------------------------

Kolmogorov-Smirnov+ statistic = D+    :    0.13
p-value of test                       :    0.67

Kolmogorov-Smirnov- statistic = D-    :    0.14
p-value of test                       :    0.61

Anderson-Darling statistic = A2       :    0.38
p-value of test                       :    0.87

Tests on the sum of all N observations
Standardized normal statistic         :    0.52
p-value of test                       :    0.30

Sample variance                       :    1.22
p-value of test                       :    0.28

-----------------------------------------------
CPU time used                    :  00:00:26.80

Generator state:




***********************************************************
HOST = soph-test-runner, Darwin

generator


scomp_LempelZiv test:
-----------------------------------------------
   N = 10,  n = 134217728,  r = 15,   s =   15,   k =   27


-----------------------------------------------

Kolmogorov-Smirnov+ statistic = D+    :   0.068
p-value of test                       :    0.88

Kolmogorov-Smirnov- statistic = D-    :    0.17
p-value of test                       :    0.51

Anderson-Darling statistic = A2       :    0.20
p-value of test                       :    0.99

Tests on the sum of all N observations
Standardized normal statistic         :    0.18
p-value of test                       :    0.43

Sample variance                       :    1.00
p-value of test                       :    0.44

-----------------------------------------------
CPU time used                    :  00:00:26.57

Generator state:




***********************************************************
HOST = soph-test-runner, Darwin

generator


sspectral_Fourier3 test:
-----------------------------------------------
   N = 100000,  n = 16384,  r =  0,   s =    3,   k =   14


-----------------------------------------------

Kolmogorov-Smirnov+ statistic = D+    : 2.18e-3
p-value of test                       :    0.96

Kolmogorov-Smirnov- statistic = D-    :   0.010
p-value of test                       :    0.43

Anderson-Darling statistic = A2       :    0.52
p-value of test                       :    0.73

-----------------------------------------------
CPU time used                    :  00:00:06.19

Generator state:




***********************************************************
HOST = soph-test-runner, Darwin

generator


sspectral_Fourier3 test:
-----------------------------------------------
   N = 100000,  n = 16384,  r = 27,   s =    3,   k =   14


-----------------------------------------------

Kolmogorov-Smirnov+ statistic = D+    :   0.013
p-value of test                       :    0.24

Kolmogorov-Smirnov- statistic = D-    : 5.06e-3
p-value of test                       :    0.81

Anderson-Darling statistic = A2       :    0.88
p-value of test                       :    0.43

-----------------------------------------------
CPU time used                    :  00:00:06.19

Generator state:




***********************************************************
HOST = soph-test-runner, Darwin

generator


sstring_LongestHeadRun test:
-----------------------------------------------
   N =  1,  n = 1000,  r =  0,   s = 3,   L = 10000020


-----------------------------------------------
Number of degrees of freedom          :    8
Chi-square statistic                  :    4.38
p-value of test                       :    0.82

-----------------------------------------------
Global longest run of 1               :   35.00
p-value of test                       :    0.14



-----------------------------------------------
CPU time used                    :  00:00:41.15

Generator state:




***********************************************************
HOST = soph-test-runner, Darwin

generator


sstring_LongestHeadRun test:
-----------------------------------------------
   N =  1,  n = 1000,  r = 27,   s = 3,   L = 10000020


-----------------------------------------------
Number of degrees of freedom          :    8
Chi-square statistic                  :   14.97
p-value of test                       :    0.06

-----------------------------------------------
Global longest run of 1               :   32.00
p-value of test                       :    0.50



-----------------------------------------------
CPU time used                    :  00:00:41.15

Generator state:




***********************************************************
HOST = soph-test-runner, Darwin

generator


sstring_PeriodsInStrings test:
-----------------------------------------------
   N = 10,  n = 500000000,  r =  0,   s =   10


-----------------------------------------------

Kolmogorov-Smirnov+ statistic = D+    :    0.12
p-value of test                       :    0.69

Kolmogorov-Smirnov- statistic = D-    :    0.21
p-value of test                       :    0.37

Anderson-Darling statistic = A2       :    0.74
p-value of test                       :    0.52

Test on the sum of all N observations
Number of degrees of freedom          :  200
Chi-square statistic                  :  215.44
p-value of test                       :    0.22

-----------------------------------------------
CPU time used                    :  00:00:56.90

Generator state:




***********************************************************
HOST = soph-test-runner, Darwin

generator


sstring_PeriodsInStrings test:
-----------------------------------------------
   N = 10,  n = 500000000,  r = 20,   s =   10


-----------------------------------------------

Kolmogorov-Smirnov+ statistic = D+    :    0.20
p-value of test                       :    0.41

Kolmogorov-Smirnov- statistic = D-    :    0.29
p-value of test                       :    0.16

Anderson-Darling statistic = A2       :    0.85
p-value of test                       :    0.44

Test on the sum of all N observations
Number of degrees of freedom          :  200
Chi-square statistic                  :  204.54
p-value of test                       :    0.40

-----------------------------------------------
CPU time used                    :  00:00:56.84

Generator state:




***********************************************************
HOST = soph-test-runner, Darwin

generator


sstring_HammingWeight2 test:
-----------------------------------------------
   N = 10,  n = 1000000000,  r =  0,   s = 3,   L = 1000000


-----------------------------------------------

Kolmogorov-Smirnov+ statistic = D+    :    0.29
p-value of test                       :    0.16

Kolmogorov-Smirnov- statistic = D-    :    0.24
p-value of test                       :    0.27

Anderson-Darling statistic = A2       :    0.88
p-value of test                       :    0.43

Test on the sum of all N observations
Number of degrees of freedom          : 10000
Chi-square statistic                  : 9973.33
p-value of test                       :    0.57

-----------------------------------------------
CPU time used                    :  00:00:08.05

Generator state:




***********************************************************
HOST = soph-test-runner, Darwin

generator


sstring_HammingWeight2 test:
-----------------------------------------------
   N = 10,  n = 1000000000,  r = 27,   s = 3,   L = 1000000


-----------------------------------------------

Kolmogorov-Smirnov+ statistic = D+    :    0.18
p-value of test                       :    0.45

Kolmogorov-Smirnov- statistic = D-    :    0.28
p-value of test                       :    0.17

Anderson-Darling statistic = A2       :    0.68
p-value of test                       :    0.58

Test on the sum of all N observations
Number of degrees of freedom          : 10000
Chi-square statistic                  :10036.10
p-value of test                       :    0.40

-----------------------------------------------
CPU time used                    :  00:00:08.03

Generator state:




***********************************************************
HOST = soph-test-runner, Darwin

generator


sstring_HammingCorr test:
-----------------------------------------------
   N =  1,  n = 1000000000,  r = 10,   s = 10,   L = 30



-----------------------------------------------
Normal statistic                      :   -0.61
p-value of test                       :    0.73

-----------------------------------------------
CPU time used                    :  00:00:08.05

Generator state:




***********************************************************
HOST = soph-test-runner, Darwin

generator


sstring_HammingCorr test:
-----------------------------------------------
   N =  1,  n = 100000000,  r = 10,   s = 10,   L = 300



-----------------------------------------------
Normal statistic                      :   -0.68
p-value of test                       :    0.75

-----------------------------------------------
CPU time used                    :  00:00:07.81

Generator state:




***********************************************************
HOST = soph-test-runner, Darwin

generator


sstring_HammingCorr test:
-----------------------------------------------
   N =  1,  n = 100000000,  r = 10,   s = 10,   L = 1200



-----------------------------------------------
Normal statistic                      :    0.36
p-value of test                       :    0.36

-----------------------------------------------
CPU time used                    :  00:00:29.64

Generator state:




***********************************************************
HOST = soph-test-runner, Darwin

generator


sstring_HammingIndep test:
-----------------------------------------------
   N = 10,  n = 30000000,  r =  0,   s = 3,   L = 30,   d = 0



Counters with expected numbers >= 10
-----------------------------------------------

Kolmogorov-Smirnov+ statistic = D+    :    0.26
p-value of test                       :    0.23

Kolmogorov-Smirnov- statistic = D-    :    0.23
p-value of test                       :    0.30

Anderson-Darling statistic = A2       :    1.08
p-value of test                       :    0.32

Test on the sum of all N observations
Number of degrees of freedom          : 4890
Chi-square statistic                  : 4873.80
p-value of test                       :    0.56

-----------------------------------------------
CPU time used                    :  00:00:18.10

Generator state:




***********************************************************
HOST = soph-test-runner, Darwin

generator


sstring_HammingIndep test:
-----------------------------------------------
   N = 10,  n = 30000000,  r = 27,   s = 3,   L = 30,   d = 0



Counters with expected numbers >= 10
-----------------------------------------------

Kolmogorov-Smirnov+ statistic = D+    :   0.053
p-value of test                       :    0.92

Kolmogorov-Smirnov- statistic = D-    :    0.24
p-value of test                       :    0.26

Anderson-Darling statistic = A2       :    1.16
p-value of test                       :    0.28

Test on the sum of all N observations
Number of degrees of freedom          : 4890
Chi-square statistic                  : 5012.73
p-value of test                       :    0.11

-----------------------------------------------
CPU time used                    :  00:00:18.26

Generator state:




***********************************************************
HOST = soph-test-runner, Darwin

generator


sstring_HammingIndep test:
-----------------------------------------------
   N =  1,  n = 30000000,  r =  0,   s = 4,   L = 300,   d = 0



Counters with expected numbers >= 10
-----------------------------------------------
Number of degrees of freedom          : 4117
Chi-square statistic                  : 4024.94
p-value of test                       :    0.84

-----------------------------------------------
CPU time used                    :  00:00:11.27

Generator state:




***********************************************************
HOST = soph-test-runner, Darwin

generator


sstring_HammingIndep test:
-----------------------------------------------
   N =  1,  n = 30000000,  r = 26,   s = 4,   L = 300,   d = 0



Counters with expected numbers >= 10
-----------------------------------------------
Number of degrees of freedom          : 4117
Chi-square statistic                  : 4205.85
p-value of test                       :    0.16

-----------------------------------------------
CPU time used                    :  00:00:11.30

Generator state:




***********************************************************
HOST = soph-test-runner, Darwin

generator


sstring_HammingIndep test:
-----------------------------------------------
   N =  1,  n = 10000000,  r =  0,   s = 5,   L = 1200,   d = 0



Counters with expected numbers >= 10
-----------------------------------------------
Number of degrees of freedom          : 11825
Chi-square statistic                  :11802.56
p-value of test                       :    0.56

-----------------------------------------------
CPU time used                    :  00:00:11.68

Generator state:




***********************************************************
HOST = soph-test-runner, Darwin

generator


sstring_HammingIndep test:
-----------------------------------------------
   N =  1,  n = 10000000,  r = 25,   s = 5,   L = 1200,   d = 0



Counters with expected numbers >= 10
-----------------------------------------------
Number of degrees of freedom          : 11825
Chi-square statistic                  :11911.07
p-value of test                       :    0.29

-----------------------------------------------
CPU time used                    :  00:00:11.75

Generator state:




***********************************************************
HOST = soph-test-runner, Darwin

generator


sstring_Run test:
-----------------------------------------------
   N =  1,  n = 2000000000,  r =  0,   s =    3


-----------------------------------------------
Total number of 1 runs:  2000000000

Number of degrees of freedom          :   54
Chi2 statistic for number of runs     :   50.01
p-value of test                       :    0.63


-----------------------------------------------
Total number of bits:  7999988484

Normal statistic for number of bits   :  -0.091
p-value of test                       :    0.54



-----------------------------------------------
CPU time used                    :  00:00:31.05

Generator state:




***********************************************************
HOST = soph-test-runner, Darwin

generator


sstring_Run test:
-----------------------------------------------
   N =  1,  n = 2000000000,  r = 27,   s =    3


-----------------------------------------------
Total number of 1 runs:  2000000000

Number of degrees of freedom          :   54
Chi2 statistic for number of runs     :   39.34
p-value of test                       :    0.93


-----------------------------------------------
Total number of bits:  7999940691

Normal statistic for number of bits   :   -0.47
p-value of test                       :    0.68



-----------------------------------------------
CPU time used                    :  00:00:31.02

Generator state:




***********************************************************
HOST = soph-test-runner, Darwin

generator


sstring_AutoCor test:
-----------------------------------------------
   N = 10,  n = 1000000030,  r =  0,   s = 3,   d = 1


-----------------------------------------------

Kolmogorov-Smirnov+ statistic = D+    :    0.35
p-value of test                       :    0.06

Kolmogorov-Smirnov- statistic = D-    :    0.13
p-value of test                       :    0.67

Anderson-Darling statistic = A2       :    1.11
p-value of test                       :    0.30

Tests on the sum of all N observations
Standardized normal statistic         :   -0.77
p-value of test                       :    0.78

Sample variance                       :    0.40
p-value of test                       :    0.94

-----------------------------------------------
CPU time used                    :  00:00:34.89

Generator state:




***********************************************************
HOST = soph-test-runner, Darwin

generator


sstring_AutoCor test:
-----------------------------------------------
   N = 10,  n = 1000000029,  r =  0,   s = 3,   d = 3


-----------------------------------------------

Kolmogorov-Smirnov+ statistic = D+    :    0.27
p-value of test                       :    0.19

Kolmogorov-Smirnov- statistic = D-    : 6.52e-3
p-value of test                       :    0.9931

Anderson-Darling statistic = A2       :    1.19
p-value of test                       :    0.27

Tests on the sum of all N observations
Standardized normal statistic         :   -1.51
p-value of test                       :    0.93

Sample variance                       :    1.21
p-value of test                       :    0.28

-----------------------------------------------
CPU time used                    :  00:00:17.10

Generator state:




***********************************************************
HOST = soph-test-runner, Darwin

generator


sstring_AutoCor test:
-----------------------------------------------
   N = 10,  n = 1000000030,  r = 27,   s = 3,   d = 1


-----------------------------------------------

Kolmogorov-Smirnov+ statistic = D+    :    0.27
p-value of test                       :    0.20

Kolmogorov-Smirnov- statistic = D-    :   0.060
p-value of test                       :    0.90

Anderson-Darling statistic = A2       :    0.99
p-value of test                       :    0.36

Tests on the sum of all N observations
Standardized normal statistic         :   -1.14
p-value of test                       :    0.87

Sample variance                       :    0.83
p-value of test                       :    0.59

-----------------------------------------------
CPU time used                    :  00:00:34.81

Generator state:




***********************************************************
HOST = soph-test-runner, Darwin

generator


sstring_AutoCor test:
-----------------------------------------------
   N = 10,  n = 1000000029,  r = 27,   s = 3,   d = 3


-----------------------------------------------

Kolmogorov-Smirnov+ statistic = D+    :    0.28
p-value of test                       :    0.18

Kolmogorov-Smirnov- statistic = D-    :    0.32
p-value of test                       :    0.11

Anderson-Darling statistic = A2       :    1.40
p-value of test                       :    0.20

Tests on the sum of all N observations
Standardized normal statistic         :   0.073
p-value of test                       :    0.47

Sample variance                       :    0.35
p-value of test                       :    0.96

-----------------------------------------------
CPU time used                    :  00:00:17.06

Generator state:





========= Summary results of BigCrush =========

 Version:          TestU01 1.2.3
 Generator:        generator
 Number of statistics:  160
 Total CPU time:   01:14:12.35

 All tests were passed



