# SOPH Battery Test Log
# Suite:     bigcrush
# Seed:      02
# Generator: $HOME/Desktop/SOPH_ALGO/bin/soph_v3 --gen --seed-hex 02 --bytes 0
# Date:      2026-03-22 15:48:02
#======================================================================

xxxxxxxxxxxxxxxxxxxxxxxxxxxxxxxxxxxxxxxxxxxxxxxxxxxxxxxxxxx
                 Starting BigCrush
                 Version: TestU01 1.2.3
xxxxxxxxxxxxxxxxxxxxxxxxxxxxxxxxxxxxxxxxxxxxxxxxxxxxxxxxxxx


***********************************************************
Test smarsa_SerialOver calling smultin_MultinomialOver

***********************************************************
HOST = soph-test-runner.local, Darwin

generator


smultin_MultinomialOver test:
-----------------------------------------------
   N =  1,  n = 1000000000,  r =  0,   d =  256,   t =  3,
       Sparse =  FALSE

       GenerCell = smultin_GenerCellSerial
       Number of cells = d^t =           16777216
       Expected number per cell =   59.604645
       Hashing =  FALSE

   For Delta > -1, we use the ChiSquare approximation
   Correction factor of the ChiSquare: 
       Delta =     1,    Mu =   0.0083558402,    Sigma =          1

-----------------------------------------------
Test Results for Delta =   1.0000

Number of degrees of freedom          : 16711680
Value of the statistic                : 1.67e+7
p-value of test                       :    0.84


-----------------------------------------------
CPU time used                    :  00:00:15.58

Generator state:




***********************************************************
Test smarsa_SerialOver calling smultin_MultinomialOver

***********************************************************
HOST = soph-test-runner.local, Darwin

generator


smultin_MultinomialOver test:
-----------------------------------------------
   N =  1,  n = 1000000000,  r = 22,   d =  256,   t =  3,
       Sparse =  FALSE

       GenerCell = smultin_GenerCellSerial
       Number of cells = d^t =           16777216
       Expected number per cell =   59.604645
       Hashing =  FALSE

   For Delta > -1, we use the ChiSquare approximation
   Correction factor of the ChiSquare: 
       Delta =     1,    Mu =   0.0083558402,    Sigma =          1

-----------------------------------------------
Test Results for Delta =   1.0000

Number of degrees of freedom          : 16711680
Value of the statistic                : 1.67e+7
p-value of test                       :  2.5e-3


-----------------------------------------------
CPU time used                    :  00:00:16.00

Generator state:




***********************************************************
Test smarsa_CollisionOver calling smultin_MultinomialOver

***********************************************************
HOST = soph-test-runner.local, Darwin

generator


smultin_MultinomialOver test:
-----------------------------------------------
   N = 30,  n = 20000000,  r =  0,   d = 2097152,   t =  2,
       Sparse =   TRUE

       GenerCell = smultin_GenerCellSerial
       Number of cells = d^t =      4398046511104
       Expected number per cell =  1 /  219902.33
       EColl = n^2 / (2k) =  45.47473509
       Hashing =   TRUE

       Collision test

       CollisionOver:   density = n / k =  1 /  219902.33
       Expected number of collisions = Mu =      45.47


-----------------------------------------------
Results of CollisionOver test:

POISSON approximation                 :
Expected number of collisions = N*Mu  :     1364.24
Observed number of collisions         :     1399
p-value of test                       :    0.18

-----------------------------
Total number of cells containing j balls

  j =  0                              :  131940795334519
  j =  1                              :        599997202
  j =  2                              :             1399
  j =  3                              :                0
  j =  4                              :                0
  j =  5                              :                0

-----------------------------------------------
CPU time used                    :  00:00:53.68

Generator state:




***********************************************************
Test smarsa_CollisionOver calling smultin_MultinomialOver

***********************************************************
HOST = soph-test-runner.local, Darwin

generator


smultin_MultinomialOver test:
-----------------------------------------------
   N = 30,  n = 20000000,  r =  9,   d = 2097152,   t =  2,
       Sparse =   TRUE

       GenerCell = smultin_GenerCellSerial
       Number of cells = d^t =      4398046511104
       Expected number per cell =  1 /  219902.33
       EColl = n^2 / (2k) =  45.47473509
       Hashing =   TRUE

       Collision test

       CollisionOver:   density = n / k =  1 /  219902.33
       Expected number of collisions = Mu =      45.47


-----------------------------------------------
Results of CollisionOver test:

POISSON approximation                 :
Expected number of collisions = N*Mu  :     1364.24
Observed number of collisions         :     1397
p-value of test                       :    0.19

-----------------------------
Total number of cells containing j balls

  j =  0                              :  131940795334517
  j =  1                              :        599997206
  j =  2                              :             1397
  j =  3                              :                0
  j =  4                              :                0
  j =  5                              :                0

-----------------------------------------------
CPU time used                    :  00:00:55.63

Generator state:




***********************************************************
Test smarsa_CollisionOver calling smultin_MultinomialOver

***********************************************************
HOST = soph-test-runner.local, Darwin

generator


smultin_MultinomialOver test:
-----------------------------------------------
   N = 30,  n = 20000000,  r =  0,   d = 16384,   t =  3,
       Sparse =   TRUE

       GenerCell = smultin_GenerCellSerial
       Number of cells = d^t =      4398046511104
       Expected number per cell =  1 /  219902.33
       EColl = n^2 / (2k) =  45.47473509
       Hashing =   TRUE

       Collision test

       CollisionOver:   density = n / k =  1 /  219902.33
       Expected number of collisions = Mu =      45.47


-----------------------------------------------
Results of CollisionOver test:

POISSON approximation                 :
Expected number of collisions = N*Mu  :     1364.24
Observed number of collisions         :     1393
p-value of test                       :    0.22

-----------------------------
Total number of cells containing j balls

  j =  0                              :  131940795334513
  j =  1                              :        599997214
  j =  2                              :             1393
  j =  3                              :                0
  j =  4                              :                0
  j =  5                              :                0

-----------------------------------------------
CPU time used                    :  00:01:08.37

Generator state:




***********************************************************
Test smarsa_CollisionOver calling smultin_MultinomialOver

***********************************************************
HOST = soph-test-runner.local, Darwin

generator


smultin_MultinomialOver test:
-----------------------------------------------
   N = 30,  n = 20000000,  r = 16,   d = 16384,   t =  3,
       Sparse =   TRUE

       GenerCell = smultin_GenerCellSerial
       Number of cells = d^t =      4398046511104
       Expected number per cell =  1 /  219902.33
       EColl = n^2 / (2k) =  45.47473509
       Hashing =   TRUE

       Collision test

       CollisionOver:   density = n / k =  1 /  219902.33
       Expected number of collisions = Mu =      45.47


-----------------------------------------------
Results of CollisionOver test:

POISSON approximation                 :
Expected number of collisions = N*Mu  :     1364.24
Observed number of collisions         :     1354
p-value of test                       :    0.60

-----------------------------
Total number of cells containing j balls

  j =  0                              :  131940795334474
  j =  1                              :        599997292
  j =  2                              :             1354
  j =  3                              :                0
  j =  4                              :                0
  j =  5                              :                0

-----------------------------------------------
CPU time used                    :  00:01:10.87

Generator state:




***********************************************************
Test smarsa_CollisionOver calling smultin_MultinomialOver

***********************************************************
HOST = soph-test-runner.local, Darwin

generator


smultin_MultinomialOver test:
-----------------------------------------------
   N = 30,  n = 20000000,  r =  0,   d =   64,   t =  7,
       Sparse =   TRUE

       GenerCell = smultin_GenerCellSerial
       Number of cells = d^t =      4398046511104
       Expected number per cell =  1 /  219902.33
       EColl = n^2 / (2k) =  45.47473509
       Hashing =   TRUE

       Collision test

       CollisionOver:   density = n / k =  1 /  219902.33
       Expected number of collisions = Mu =      45.47


-----------------------------------------------
Results of CollisionOver test:

POISSON approximation                 :
Expected number of collisions = N*Mu  :     1364.24
Observed number of collisions         :     1358
p-value of test                       :    0.56

-----------------------------
Total number of cells containing j balls

  j =  0                              :  131940795334478
  j =  1                              :        599997284
  j =  2                              :             1358
  j =  3                              :                0
  j =  4                              :                0
  j =  5                              :                0

-----------------------------------------------
CPU time used                    :  00:01:09.97

Generator state:




***********************************************************
Test smarsa_CollisionOver calling smultin_MultinomialOver

***********************************************************
HOST = soph-test-runner.local, Darwin

generator


smultin_MultinomialOver test:
-----------------------------------------------
   N = 30,  n = 20000000,  r = 24,   d =   64,   t =  7,
       Sparse =   TRUE

       GenerCell = smultin_GenerCellSerial
       Number of cells = d^t =      4398046511104
       Expected number per cell =  1 /  219902.33
       EColl = n^2 / (2k) =  45.47473509
       Hashing =   TRUE

       Collision test

       CollisionOver:   density = n / k =  1 /  219902.33
       Expected number of collisions = Mu =      45.47


-----------------------------------------------
Results of CollisionOver test:

POISSON approximation                 :
Expected number of collisions = N*Mu  :     1364.24
Observed number of collisions         :     1332
p-value of test                       :    0.80

-----------------------------
Total number of cells containing j balls

  j =  0                              :  131940795334452
  j =  1                              :        599997336
  j =  2                              :             1332
  j =  3                              :                0
  j =  4                              :                0
  j =  5                              :                0

-----------------------------------------------
CPU time used                    :  00:01:12.39

Generator state:




***********************************************************
Test smarsa_CollisionOver calling smultin_MultinomialOver

***********************************************************
HOST = soph-test-runner.local, Darwin

generator


smultin_MultinomialOver test:
-----------------------------------------------
   N = 30,  n = 20000000,  r =  0,   d =    8,   t = 14,
       Sparse =   TRUE

       GenerCell = smultin_GenerCellSerial
       Number of cells = d^t =      4398046511104
       Expected number per cell =  1 /  219902.33
       EColl = n^2 / (2k) =  45.47473509
       Hashing =   TRUE

       Collision test

       CollisionOver:   density = n / k =  1 /  219902.33
       Expected number of collisions = Mu =      45.47


-----------------------------------------------
Results of CollisionOver test:

POISSON approximation                 :
Expected number of collisions = N*Mu  :     1364.24
Observed number of collisions         :     1329
p-value of test                       :    0.83

-----------------------------
Total number of cells containing j balls

  j =  0                              :  131940795334449
  j =  1                              :        599997342
  j =  2                              :             1329
  j =  3                              :                0
  j =  4                              :                0
  j =  5                              :                0

-----------------------------------------------
CPU time used                    :  00:01:09.51

Generator state:




***********************************************************
Test smarsa_CollisionOver calling smultin_MultinomialOver

***********************************************************
HOST = soph-test-runner.local, Darwin

generator


smultin_MultinomialOver test:
-----------------------------------------------
   N = 30,  n = 20000000,  r = 27,   d =    8,   t = 14,
       Sparse =   TRUE

       GenerCell = smultin_GenerCellSerial
       Number of cells = d^t =      4398046511104
       Expected number per cell =  1 /  219902.33
       EColl = n^2 / (2k) =  45.47473509
       Hashing =   TRUE

       Collision test

       CollisionOver:   density = n / k =  1 /  219902.33
       Expected number of collisions = Mu =      45.47


-----------------------------------------------
Results of CollisionOver test:

POISSON approximation                 :
Expected number of collisions = N*Mu  :     1364.24
Observed number of collisions         :     1360
p-value of test                       :    0.54

-----------------------------
Total number of cells containing j balls

  j =  0                              :  131940795334480
  j =  1                              :        599997280
  j =  2                              :             1360
  j =  3                              :                0
  j =  4                              :                0
  j =  5                              :                0

-----------------------------------------------
CPU time used                    :  00:01:12.09

Generator state:




***********************************************************
Test smarsa_CollisionOver calling smultin_MultinomialOver

***********************************************************
HOST = soph-test-runner.local, Darwin

generator


smultin_MultinomialOver test:
-----------------------------------------------
   N = 30,  n = 20000000,  r =  0,   d =    4,   t = 21,
       Sparse =   TRUE

       GenerCell = smultin_GenerCellSerial
       Number of cells = d^t =      4398046511104
       Expected number per cell =  1 /  219902.33
       EColl = n^2 / (2k) =  45.47473509
       Hashing =   TRUE

       Collision test

       CollisionOver:   density = n / k =  1 /  219902.33
       Expected number of collisions = Mu =      45.47


-----------------------------------------------
Results of CollisionOver test:

POISSON approximation                 :
Expected number of collisions = N*Mu  :     1364.24
Observed number of collisions         :     1305
p-value of test                       :    0.94

-----------------------------
Total number of cells containing j balls

  j =  0                              :  131940795334425
  j =  1                              :        599997390
  j =  2                              :             1305
  j =  3                              :                0
  j =  4                              :                0
  j =  5                              :                0

-----------------------------------------------
CPU time used                    :  00:01:08.72

Generator state:




***********************************************************
Test smarsa_CollisionOver calling smultin_MultinomialOver

***********************************************************
HOST = soph-test-runner.local, Darwin

generator


smultin_MultinomialOver test:
-----------------------------------------------
   N = 30,  n = 20000000,  r = 28,   d =    4,   t = 21,
       Sparse =   TRUE

       GenerCell = smultin_GenerCellSerial
       Number of cells = d^t =      4398046511104
       Expected number per cell =  1 /  219902.33
       EColl = n^2 / (2k) =  45.47473509
       Hashing =   TRUE

       Collision test

       CollisionOver:   density = n / k =  1 /  219902.33
       Expected number of collisions = Mu =      45.47


-----------------------------------------------
Results of CollisionOver test:

POISSON approximation                 :
Expected number of collisions = N*Mu  :     1364.24
Observed number of collisions         :     1402
p-value of test                       :    0.16

-----------------------------
Total number of cells containing j balls

  j =  0                              :  131940795334522
  j =  1                              :        599997196
  j =  2                              :             1402
  j =  3                              :                0
  j =  4                              :                0
  j =  5                              :                0

-----------------------------------------------
CPU time used                    :  00:01:10.96

Generator state:




***********************************************************
HOST = soph-test-runner.local, Darwin

generator


smarsa_BirthdaySpacings test:
-----------------------------------------------
   N = 100,  n = 10000000,  r =  0,    d = 2147483648,    t = 2,    p = 1


      Number of cells = d^t = 4611686018427387904
      Lambda = Poisson mean =      54.2101


----------------------------------------------------
Total expected number = N*Lambda      :    5421.01
Total observed number                 :    5397
p-value of test                       :    0.62


-----------------------------------------------
CPU time used                    :  00:02:12.67

Generator state:




***********************************************************
HOST = soph-test-runner.local, Darwin

generator


smarsa_BirthdaySpacings test:
-----------------------------------------------
   N = 20,  n = 20000000,  r =  0,    d = 2097152,    t = 3,    p = 1


      Number of cells = d^t = 9223372036854775808
      Lambda = Poisson mean =     216.8404


----------------------------------------------------
Total expected number = N*Lambda      :    4336.81
Total observed number                 :    4342
p-value of test                       :    0.47


-----------------------------------------------
CPU time used                    :  00:00:56.34

Generator state:




***********************************************************
HOST = soph-test-runner.local, Darwin

generator


smarsa_BirthdaySpacings test:
-----------------------------------------------
   N = 20,  n = 30000000,  r = 14,    d = 65536,    t = 4,    p = 1


      Number of cells = d^t = 18446744073709551616
      Lambda = Poisson mean =     365.9182


----------------------------------------------------
Total expected number = N*Lambda      :    7318.36
Total observed number                 :    7292
p-value of test                       :    0.62


-----------------------------------------------
CPU time used                    :  00:01:28.54

Generator state:




***********************************************************
HOST = soph-test-runner.local, Darwin

generator


smarsa_BirthdaySpacings test:
-----------------------------------------------
   N = 20,  n = 20000000,  r =  0,    d = 512,    t = 7,    p = 1


      Number of cells = d^t = 9223372036854775808
      Lambda = Poisson mean =     216.8404


----------------------------------------------------
Total expected number = N*Lambda      :    4336.81
Total observed number                 :    4357
p-value of test                       :    0.38


-----------------------------------------------
CPU time used                    :  00:01:02.25

Generator state:




***********************************************************
HOST = soph-test-runner.local, Darwin

generator


smarsa_BirthdaySpacings test:
-----------------------------------------------
   N = 20,  n = 20000000,  r =  7,    d = 512,    t = 7,    p = 1


      Number of cells = d^t = 9223372036854775808
      Lambda = Poisson mean =     216.8404


----------------------------------------------------
Total expected number = N*Lambda      :    4336.81
Total observed number                 :    4218
p-value of test                       :    0.96


-----------------------------------------------
CPU time used                    :  00:01:02.16

Generator state:




***********************************************************
HOST = soph-test-runner.local, Darwin

generator


smarsa_BirthdaySpacings test:
-----------------------------------------------
   N = 20,  n = 30000000,  r = 14,    d = 256,    t = 8,    p = 1


      Number of cells = d^t = 18446744073709551616
      Lambda = Poisson mean =     365.9182


----------------------------------------------------
Total expected number = N*Lambda      :    7318.36
Total observed number                 :    7339
p-value of test                       :    0.41


-----------------------------------------------
CPU time used                    :  00:01:36.89

Generator state:




***********************************************************
HOST = soph-test-runner.local, Darwin

generator


smarsa_BirthdaySpacings test:
-----------------------------------------------
   N = 20,  n = 30000000,  r = 22,    d = 256,    t = 8,    p = 1


      Number of cells = d^t = 18446744073709551616
      Lambda = Poisson mean =     365.9182


----------------------------------------------------
Total expected number = N*Lambda      :    7318.36
Total observed number                 :    7353
p-value of test                       :    0.34


-----------------------------------------------
CPU time used                    :  00:01:36.85

Generator state:




***********************************************************
HOST = soph-test-runner.local, Darwin

generator


smarsa_BirthdaySpacings test:
-----------------------------------------------
   N = 20,  n = 30000000,  r =  0,    d = 16,    t = 16,    p = 1


      Number of cells = d^t = 18446744073709551616
      Lambda = Poisson mean =     365.9182


----------------------------------------------------
Total expected number = N*Lambda      :    7318.36
Total observed number                 :    7234
p-value of test                       :    0.84


-----------------------------------------------
CPU time used                    :  00:01:55.49

Generator state:




***********************************************************
HOST = soph-test-runner.local, Darwin

generator


smarsa_BirthdaySpacings test:
-----------------------------------------------
   N = 20,  n = 30000000,  r = 26,    d = 16,    t = 16,    p = 1


      Number of cells = d^t = 18446744073709551616
      Lambda = Poisson mean =     365.9182


----------------------------------------------------
Total expected number = N*Lambda      :    7318.36
Total observed number                 :    7319
p-value of test                       :    0.50


-----------------------------------------------
CPU time used                    :  00:01:53.85

Generator state:




***********************************************************
HOST = soph-test-runner.local, Darwin

generator


snpair_ClosePairs test:
-----------------------------------------------
   N = 30,  n = 6000000,  r =  0,  t = 3,  p = 0,  m = 30,  Torus =  TRUE


---------------------------------------
Test based on the 2 nearest points (NP):

Stat. AD on the N values (NP)         :    1.41
p-value of test                       :    0.20


A2 test based on the spacings between the
   successive jump times of process Y_n(t):

A2 test on the values of A2 (m-NP)    :    0.69
p-value of test                       :    0.57

Test on the Nm values of W_{n,i}(mNP1):    0.69
p-value of test                       :    0.57

Test on the jump times of Y
   (superposition of Yn):

Expected number of jumps of Y = mN    :     900
Number of jumps of Y                  :     873
p-value of test                       :    0.81

Stat. AD (mNP2)                       :    1.27
p-value of test                       :    0.24

Stat. AD after spacings (mNP2-S)      :    1.54
p-value of test                       :    0.17

-----------------------------------------------
CPU time used                    :  00:00:46.00

Generator state:




***********************************************************
HOST = soph-test-runner.local, Darwin

generator


snpair_ClosePairs test:
-----------------------------------------------
   N = 20,  n = 4000000,  r =  0,  t = 5,  p = 0,  m = 30,  Torus =  TRUE


---------------------------------------
Test based on the 2 nearest points (NP):

Stat. AD on the N values (NP)         :    1.48
p-value of test                       :    0.18


A2 test based on the spacings between the
   successive jump times of process Y_n(t):

A2 test on the values of A2 (m-NP)    :    3.10
p-value of test                       :    0.02

Test on the Nm values of W_{n,i}(mNP1):    1.03
p-value of test                       :    0.34

Test on the jump times of Y
   (superposition of Yn):

Expected number of jumps of Y = mN    :     600
Number of jumps of Y                  :     576
p-value of test                       :    0.83

Stat. AD (mNP2)                       :    2.03
p-value of test                       :    0.09

Stat. AD after spacings (mNP2-S)      :    0.43
p-value of test                       :    0.82

-----------------------------------------------
CPU time used                    :  00:00:33.08

Generator state:




***********************************************************
HOST = soph-test-runner.local, Darwin

generator


snpair_ClosePairs test:
-----------------------------------------------
   N = 10,  n = 3000000,  r =  0,  t = 9,  p = 0,  m = 30,  Torus =  TRUE


---------------------------------------
Test based on the 2 nearest points (NP):

Stat. AD on the N values (NP)         :    0.38
p-value of test                       :    0.87


A2 test based on the spacings between the
   successive jump times of process Y_n(t):

A2 test on the values of A2 (m-NP)    :    1.12
p-value of test                       :    0.30

Test on the Nm values of W_{n,i}(mNP1):    2.57
p-value of test                       :    0.05

Test on the jump times of Y
   (superposition of Yn):

Expected number of jumps of Y = mN    :     300
Number of jumps of Y                  :     287
p-value of test                       :    0.76

Stat. AD (mNP2)                       :    0.52
p-value of test                       :    0.73

Stat. AD after spacings (mNP2-S)      :    1.61
p-value of test                       :    0.15

-----------------------------------------------
CPU time used                    :  00:01:02.60

Generator state:




***********************************************************
HOST = soph-test-runner.local, Darwin

generator


snpair_ClosePairs test:
-----------------------------------------------
   N =  5,  n = 2000000,  r =  0,  t = 16,  p = 0,  m = 30,  Torus =  TRUE


---------------------------------------
Test based on the 2 nearest points (NP):

Stat. AD on the N values (NP)         :    1.22
p-value of test                       :    0.26


A2 test based on the spacings between the
   successive jump times of process Y_n(t):

A2 test on the values of A2 (m-NP)    :    5.99
p-value of test                       :  1.1e-3

Test on the Nm values of W_{n,i}(mNP1):    4.07
p-value of test                       :  8.1e-3

Test on the jump times of Y
   (superposition of Yn):

Expected number of jumps of Y = mN    :     150
Number of jumps of Y                  :     196
p-value of test                       :  1.8e-4    *****

Stat. AD (mNP2)                       :    0.91
p-value of test                       :    0.41

Stat. AD after spacings (mNP2-S)      :    1.23
p-value of test                       :    0.26

-----------------------------------------------
CPU time used                    :  00:01:23.83

Generator state:




***********************************************************
HOST = soph-test-runner.local, Darwin

generator


sknuth_SimpPoker test:
-----------------------------------------------
   N =  1,  n = 400000000,  r =  0,   d =    8,   k =    8


-----------------------------------------------
Number of degrees of freedom          :    7
Chi-square statistic                  :    9.03
p-value of test                       :    0.25

-----------------------------------------------
CPU time used                    :  00:00:23.48

Generator state:




***********************************************************
HOST = soph-test-runner.local, Darwin

generator


sknuth_SimpPoker test:
-----------------------------------------------
   N =  1,  n = 400000000,  r = 27,   d =    8,   k =    8


-----------------------------------------------
Number of degrees of freedom          :    7
Chi-square statistic                  :    6.94
p-value of test                       :    0.44

-----------------------------------------------
CPU time used                    :  00:00:26.28

Generator state:




***********************************************************
HOST = soph-test-runner.local, Darwin

generator


sknuth_SimpPoker test:
-----------------------------------------------
   N =  1,  n = 100000000,  r =  0,   d =   32,   k =   32


-----------------------------------------------
Number of degrees of freedom          :   18
Chi-square statistic                  :   17.28
p-value of test                       :    0.50

-----------------------------------------------
CPU time used                    :  00:00:24.26

Generator state:




***********************************************************
HOST = soph-test-runner.local, Darwin

generator


sknuth_SimpPoker test:
-----------------------------------------------
   N =  1,  n = 100000000,  r = 25,   d =   32,   k =   32


-----------------------------------------------
Number of degrees of freedom          :   18
Chi-square statistic                  :   22.33
p-value of test                       :    0.22

-----------------------------------------------
CPU time used                    :  00:00:27.76

Generator state:




***********************************************************
HOST = soph-test-runner.local, Darwin

generator


sknuth_CouponCollector test:
-----------------------------------------------
   N =  1,  n = 200000000,  r =  0,   d =    8


-----------------------------------------------
Number of degrees of freedom          :   54
Chi-square statistic                  :   45.15
p-value of test                       :    0.80

-----------------------------------------------
CPU time used                    :  00:00:28.47

Generator state:




***********************************************************
HOST = soph-test-runner.local, Darwin

generator


sknuth_CouponCollector test:
-----------------------------------------------
   N =  1,  n = 200000000,  r = 10,   d =    8


-----------------------------------------------
Number of degrees of freedom          :   54
Chi-square statistic                  :   48.46
p-value of test                       :    0.69

-----------------------------------------------
CPU time used                    :  00:00:31.80

Generator state:




***********************************************************
HOST = soph-test-runner.local, Darwin

generator


sknuth_CouponCollector test:
-----------------------------------------------
   N =  1,  n = 200000000,  r = 20,   d =    8


-----------------------------------------------
Number of degrees of freedom          :   54
Chi-square statistic                  :   53.30
p-value of test                       :    0.50

-----------------------------------------------
CPU time used                    :  00:00:31.81

Generator state:




***********************************************************
HOST = soph-test-runner.local, Darwin

generator


sknuth_CouponCollector test:
-----------------------------------------------
   N =  1,  n = 200000000,  r = 27,   d =    8


-----------------------------------------------
Number of degrees of freedom          :   54
Chi-square statistic                  :   62.64
p-value of test                       :    0.20

-----------------------------------------------
CPU time used                    :  00:00:31.82

Generator state:




***********************************************************
HOST = soph-test-runner.local, Darwin

generator


sknuth_Gap test:
-----------------------------------------------
   N =  1,  n = 500000000,  r =  0,   Alpha =        0,   Beta  =   0.0625


-----------------------------------------------
Number of degrees of freedom          :  232
Chi-square statistic                  :  265.38
p-value of test                       :    0.07

-----------------------------------------------
CPU time used                    :  00:00:30.31

Generator state:




***********************************************************
HOST = soph-test-runner.local, Darwin

generator


sknuth_Gap test:
-----------------------------------------------
   N =  1,  n = 300000000,  r = 25,   Alpha =        0,   Beta  =  0.03125


-----------------------------------------------
Number of degrees of freedom          :  434
Chi-square statistic                  :  425.75
p-value of test                       :    0.60

-----------------------------------------------
CPU time used                    :  00:00:34.68

Generator state:




***********************************************************
HOST = soph-test-runner.local, Darwin

generator


sknuth_Gap test:
-----------------------------------------------
   N =  1,  n = 100000000,  r =  0,   Alpha =        0,   Beta  = 0.0078125


-----------------------------------------------
Number of degrees of freedom          : 1437
Chi-square statistic                  : 1517.59
p-value of test                       :    0.07

-----------------------------------------------
CPU time used                    :  00:00:42.92

Generator state:




***********************************************************
HOST = soph-test-runner.local, Darwin

generator


sknuth_Gap test:
-----------------------------------------------
   N =  1,  n = 10000000,  r = 20,   Alpha =        0,   Beta  = 0.000976562


-----------------------------------------------
Number of degrees of freedom          : 7046
Chi-square statistic                  : 6978.04
p-value of test                       :    0.72

-----------------------------------------------
CPU time used                    :  00:00:33.71

Generator state:




***********************************************************
HOST = soph-test-runner.local, Darwin

generator


sknuth_Run test:
-----------------------------------------------
   N =  5,  n = 1000000000,  r =  0,   Up = FALSE


-----------------------------------------------

Kolmogorov-Smirnov+ statistic = D+    :    0.24
p-value of test                       :    0.48

Kolmogorov-Smirnov- statistic = D-    :    0.12
p-value of test                       :    0.81

Anderson-Darling statistic = A2       :    0.39
p-value of test                       :    0.85

Test on the sum of all N observations
Number of degrees of freedom          :   30
Chi-square statistic                  :   24.86
p-value of test                       :    0.73

-----------------------------------------------
CPU time used                    :  00:00:32.17

Generator state:




***********************************************************
HOST = soph-test-runner.local, Darwin

generator


sknuth_Run test:
-----------------------------------------------
   N = 10,  n = 1000000000,  r = 15,   Up =  TRUE


-----------------------------------------------

Kolmogorov-Smirnov+ statistic = D+    :    0.23
p-value of test                       :    0.29

Kolmogorov-Smirnov- statistic = D-    :    0.19
p-value of test                       :    0.42

Anderson-Darling statistic = A2       :    0.76
p-value of test                       :    0.50

Test on the sum of all N observations
Number of degrees of freedom          :   60
Chi-square statistic                  :   51.33
p-value of test                       :    0.78

-----------------------------------------------
CPU time used                    :  00:01:14.78

Generator state:




***********************************************************
Test sknuth_Permutation calling smultin_Multinomial

***********************************************************
HOST = soph-test-runner.local, Darwin

generator


smultin_Multinomial test:
-----------------------------------------------
   N =  1,  n = 1000000000,  r =  5,   t =  3,
       Sparse =  FALSE

       GenerCell = smultin_GenerCellPermut
       Number of cells = t! =                  6
       Expected number per cell =  1.6666667e+08
       Hashing =  FALSE

   For Delta > -1, we use the ChiSquare approximation
   Correction factor of the ChiSquare: 
       Delta =     1,    Mu =  2.5000002e-09,    Sigma =          1

-----------------------------------------------
Test Results for Delta =   1.0000

Number of degrees of freedom          :    5
Value of the statistic                :    5.48
p-value of test                       :    0.36


-----------------------------------------------
CPU time used                    :  00:00:14.19

Generator state:




***********************************************************
Test sknuth_Permutation calling smultin_Multinomial

***********************************************************
HOST = soph-test-runner.local, Darwin

generator


smultin_Multinomial test:
-----------------------------------------------
   N =  1,  n = 1000000000,  r =  5,   t =  5,
       Sparse =  FALSE

       GenerCell = smultin_GenerCellPermut
       Number of cells = t! =                120
       Expected number per cell =   8333333.3
       Hashing =  FALSE

   For Delta > -1, we use the ChiSquare approximation
   Correction factor of the ChiSquare: 
       Delta =     1,    Mu =  5.9500005e-08,    Sigma =          1

-----------------------------------------------
Test Results for Delta =   1.0000

Number of degrees of freedom          :  119
Value of the statistic                :  115.85
p-value of test                       :    0.56


-----------------------------------------------
CPU time used                    :  00:00:44.00

Generator state:




***********************************************************
Test sknuth_Permutation calling smultin_Multinomial

***********************************************************
HOST = soph-test-runner.local, Darwin

generator


smultin_Multinomial test:
-----------------------------------------------
   N =  1,  n = 500000000,  r =  5,   t =  7,
       Sparse =  FALSE

       GenerCell = smultin_GenerCellPermut
       Number of cells = t! =               5040
       Expected number per cell =   99206.349
       Hashing =  FALSE

   For Delta > -1, we use the ChiSquare approximation
   Correction factor of the ChiSquare: 
       Delta =     1,    Mu =  5.0390004e-06,    Sigma =          1

-----------------------------------------------
Test Results for Delta =   1.0000

Number of degrees of freedom          : 5039
Value of the statistic                : 5139.87
p-value of test                       :    0.16


-----------------------------------------------
CPU time used                    :  00:00:46.03

Generator state:




***********************************************************
Test sknuth_Permutation calling smultin_Multinomial

***********************************************************
HOST = soph-test-runner.local, Darwin

generator


smultin_Multinomial test:
-----------------------------------------------
   N =  1,  n = 500000000,  r = 10,   t = 10,
       Sparse =  FALSE

       GenerCell = smultin_GenerCellPermut
       Number of cells = t! =            3628800
       Expected number per cell =    137.7866
       Hashing =  FALSE

   For Delta > -1, we use the ChiSquare approximation
   Correction factor of the ChiSquare: 
       Delta =     1,    Mu =   0.0036287993,    Sigma =          1

-----------------------------------------------
Test Results for Delta =   1.0000

Number of degrees of freedom          : 3628799
Value of the statistic                : 3.63e+6
p-value of test                       :    0.71


-----------------------------------------------
CPU time used                    :  00:01:37.51

Generator state:




***********************************************************
Test sknuth_CollisionPermut calling smultin_Multinomial

***********************************************************
HOST = soph-test-runner.local, Darwin

generator


smultin_Multinomial test:
-----------------------------------------------
   N = 20,  n = 20000000,  r =  0,   t = 14,
       Sparse =   TRUE

       GenerCell = smultin_GenerCellPermut
       Number of cells = t! =        87178291200
       Expected number per cell =  1 /  4358.9146
       EColl = n^2 / (2k) =   2294.14912
       Hashing =   TRUE

       Collision test,    Mu =      2293.9736,    Sigma =    47.8841

-----------------------------------------------
Test Results for Collisions

For the total number of collisions, we use
      the Poisson approximation:
Expected number of collisions = N*Mu  :    45879.47
Observed number of collisions         :    45653
p-value of test                       :    0.85


-----------------------------
Total number of cells containing j balls

  j =  0                              :    1743165869653
  j =  1                              :        399908703
  j =  2                              :            45635
  j =  3                              :                9
  j =  4                              :                0
  j =  5                              :                0

-----------------------------------------------
CPU time used                    :  00:03:28.38

Generator state:




***********************************************************
Test sknuth_CollisionPermut calling smultin_Multinomial

***********************************************************
HOST = soph-test-runner.local, Darwin

generator


smultin_Multinomial test:
-----------------------------------------------
   N = 20,  n = 20000000,  r = 10,   t = 14,
       Sparse =   TRUE

       GenerCell = smultin_GenerCellPermut
       Number of cells = t! =        87178291200
       Expected number per cell =  1 /  4358.9146
       EColl = n^2 / (2k) =   2294.14912
       Hashing =   TRUE

       Collision test,    Mu =      2293.9736,    Sigma =    47.8841

-----------------------------------------------
Test Results for Collisions

For the total number of collisions, we use
      the Poisson approximation:
Expected number of collisions = N*Mu  :    45879.47
Observed number of collisions         :    45933
p-value of test                       :    0.40


-----------------------------
Total number of cells containing j balls

  j =  0                              :    1743165869933
  j =  1                              :        399908137
  j =  2                              :            45927
  j =  3                              :                3
  j =  4                              :                0
  j =  5                              :                0

-----------------------------------------------
CPU time used                    :  00:03:30.17

Generator state:




***********************************************************
HOST = soph-test-runner.local, Darwin

generator


sknuth_MaxOft test:
-----------------------------------------------
   N = 40,  n = 10000000,  r =  0,   d = 100000,   t =  8

      Number of categories = 100000
      Expected number per category  = 100.00


-----------------------------------------------
Test results for chi2 with 99999 degrees of freedom:

Kolmogorov-Smirnov+ statistic = D+    :   0.044
p-value of test                       :    0.83

Kolmogorov-Smirnov- statistic = D-    :   0.096
p-value of test                       :    0.45

Anderson-Darling statistic = A2       :    0.42
p-value of test                       :    0.83

Test on the sum of all N observations
Number of degrees of freedom          : 3999960
Chi-square statistic                  : 4.00e+6
p-value of test                       :    0.35


-----------------------------------------------
Test results for Anderson-Darling:

Kolmogorov-Smirnov+ statistic = D+    :   0.094
p-value of test                       :    0.46

Kolmogorov-Smirnov- statistic = D-    :   0.050
p-value of test                       :    0.79

Anderson-Darling statistic = A2       :    0.35
p-value of test                       :    0.89


-----------------------------------------------
CPU time used                    :  00:00:56.80

Generator state:




***********************************************************
HOST = soph-test-runner.local, Darwin

generator


sknuth_MaxOft test:
-----------------------------------------------
   N = 30,  n = 10000000,  r =  0,   d = 100000,   t = 16

      Number of categories = 100000
      Expected number per category  = 100.00


-----------------------------------------------
Test results for chi2 with 99999 degrees of freedom:

Kolmogorov-Smirnov+ statistic = D+    :    0.11
p-value of test                       :    0.48

Kolmogorov-Smirnov- statistic = D-    :    0.24
p-value of test                       :    0.03

Anderson-Darling statistic = A2       :    2.56
p-value of test                       :    0.05

Test on the sum of all N observations
Number of degrees of freedom          : 2999970
Chi-square statistic                  : 3.00e+6
p-value of test                       :    0.11


-----------------------------------------------
Test results for Anderson-Darling:

Kolmogorov-Smirnov+ statistic = D+    :    0.25
p-value of test                       :    0.02

Kolmogorov-Smirnov- statistic = D-    :   0.048
p-value of test                       :    0.84

Anderson-Darling statistic = A2       :    1.34
p-value of test                       :    0.22


-----------------------------------------------
CPU time used                    :  00:00:51.73

Generator state:




***********************************************************
HOST = soph-test-runner.local, Darwin

generator


sknuth_MaxOft test:
-----------------------------------------------
   N = 20,  n = 10000000,  r =  0,   d = 100000,   t = 24

      Number of categories = 100000
      Expected number per category  = 100.00


-----------------------------------------------
Test results for chi2 with 99999 degrees of freedom:

Kolmogorov-Smirnov+ statistic = D+    :   0.091
p-value of test                       :    0.68

Kolmogorov-Smirnov- statistic = D-    :    0.12
p-value of test                       :    0.53

Anderson-Darling statistic = A2       :    0.59
p-value of test                       :    0.65

Test on the sum of all N observations
Number of degrees of freedom          : 1999980
Chi-square statistic                  : 2.00e+6
p-value of test                       :    0.51


-----------------------------------------------
Test results for Anderson-Darling:

Kolmogorov-Smirnov+ statistic = D+    :   0.077
p-value of test                       :    0.75

Kolmogorov-Smirnov- statistic = D-    :    0.18
p-value of test                       :    0.26

Anderson-Darling statistic = A2       :    0.78
p-value of test                       :    0.49


-----------------------------------------------
CPU time used                    :  00:00:40.21

Generator state:




***********************************************************
HOST = soph-test-runner.local, Darwin

generator


sknuth_MaxOft test:
-----------------------------------------------
   N = 20,  n = 10000000,  r =  0,   d = 100000,   t = 32

      Number of categories = 100000
      Expected number per category  = 100.00


-----------------------------------------------
Test results for chi2 with 99999 degrees of freedom:

Kolmogorov-Smirnov+ statistic = D+    :    0.15
p-value of test                       :    0.38

Kolmogorov-Smirnov- statistic = D-    :    0.19
p-value of test                       :    0.22

Anderson-Darling statistic = A2       :    1.00
p-value of test                       :    0.35

Test on the sum of all N observations
Number of degrees of freedom          : 1999980
Chi-square statistic                  : 2.00e+6
p-value of test                       :    0.34


-----------------------------------------------
Test results for Anderson-Darling:

Kolmogorov-Smirnov+ statistic = D+    :    0.13
p-value of test                       :    0.44

Kolmogorov-Smirnov- statistic = D-    :    0.16
p-value of test                       :    0.34

Anderson-Darling statistic = A2       :    0.94
p-value of test                       :    0.39


-----------------------------------------------
CPU time used                    :  00:00:46.07

Generator state:




***********************************************************
HOST = soph-test-runner.local, Darwin

generator


svaria_SampleProd test:
-----------------------------------------------
   N = 40,  n = 10000000,  r =  0,   t = 8


-----------------------------------------------

Kolmogorov-Smirnov+ statistic = D+    :    0.18
p-value of test                       :    0.06

Kolmogorov-Smirnov- statistic = D-    :   0.059
p-value of test                       :    0.73

Anderson-Darling statistic = A2       :    1.67
p-value of test                       :    0.14

-----------------------------------------------
CPU time used                    :  00:00:46.48

Generator state:




***********************************************************
HOST = soph-test-runner.local, Darwin

generator


svaria_SampleProd test:
-----------------------------------------------
   N = 20,  n = 10000000,  r =  0,   t = 16


-----------------------------------------------

Kolmogorov-Smirnov+ statistic = D+    :    0.18
p-value of test                       :    0.24

Kolmogorov-Smirnov- statistic = D-    :   0.031
p-value of test                       :    0.94

Anderson-Darling statistic = A2       :    1.00
p-value of test                       :    0.36

-----------------------------------------------
CPU time used                    :  00:00:30.51

Generator state:




***********************************************************
HOST = soph-test-runner.local, Darwin

generator


svaria_SampleProd test:
-----------------------------------------------
   N = 20,  n = 10000000,  r =  0,   t = 24


-----------------------------------------------

Kolmogorov-Smirnov+ statistic = D+    :   0.052
p-value of test                       :    0.87

Kolmogorov-Smirnov- statistic = D-    :    0.19
p-value of test                       :    0.21

Anderson-Darling statistic = A2       :    0.86
p-value of test                       :    0.44

-----------------------------------------------
CPU time used                    :  00:00:37.88

Generator state:




***********************************************************
HOST = soph-test-runner.local, Darwin

generator


svaria_SampleMean test:
-----------------------------------------------
   N = 20000000,  n = 30,  r =  0


-----------------------------------------------

Kolmogorov-Smirnov+ statistic = D+    : 1.40e-4
p-value of test                       :    0.46

Kolmogorov-Smirnov- statistic = D-    : 1.47e-4
p-value of test                       :    0.42

Anderson-Darling statistic = A2       :    0.61
p-value of test                       :    0.64

-----------------------------------------------
CPU time used                    :  00:00:05.21

Generator state:




***********************************************************
HOST = soph-test-runner.local, Darwin

generator


svaria_SampleMean test:
-----------------------------------------------
   N = 20000000,  n = 30,  r = 10


-----------------------------------------------

Kolmogorov-Smirnov+ statistic = D+    : 1.14e-4
p-value of test                       :    0.59

Kolmogorov-Smirnov- statistic = D-    : 1.60e-4
p-value of test                       :    0.36

Anderson-Darling statistic = A2       :    0.52
p-value of test                       :    0.72

-----------------------------------------------
CPU time used                    :  00:00:05.17

Generator state:




***********************************************************
HOST = soph-test-runner.local, Darwin

generator


svaria_SampleCorr test:
-----------------------------------------------
   N =  1,  n = 2000000000,  r =  0,   k = 1


-----------------------------------------------
Normal statistic                      :   -0.42
p-value of test                       :    0.66

-----------------------------------------------
CPU time used                    :  00:00:06.69

Generator state:




***********************************************************
HOST = soph-test-runner.local, Darwin

generator


svaria_SampleCorr test:
-----------------------------------------------
   N =  1,  n = 2000000000,  r =  0,   k = 2


-----------------------------------------------
Normal statistic                      :    1.30
p-value of test                       :    0.10

-----------------------------------------------
CPU time used                    :  00:00:06.69

Generator state:




***********************************************************
HOST = soph-test-runner.local, Darwin

generator


svaria_AppearanceSpacings test:
-----------------------------------------------
   N =  1,   Q = 10000000,   K = 1000000000,   r = 0,   s = 3,   L = 15

   Sequences of n = (K + Q)L =  15150000000 bits
   Q = 10000000 initialization blocks
   K = 1000000000 blocks for the test
   the blocks have L = 15 bits



-----------------------------------------------
Normal statistic                      :   -0.80
p-value of test                       :    0.79

-----------------------------------------------
CPU time used                    :  00:00:15.38

Generator state:




***********************************************************
HOST = soph-test-runner.local, Darwin

generator


svaria_AppearanceSpacings test:
-----------------------------------------------
   N =  1,   Q = 10000000,   K = 1000000000,   r = 27,   s = 3,   L = 15

   Sequences of n = (K + Q)L =  15150000000 bits
   Q = 10000000 initialization blocks
   K = 1000000000 blocks for the test
   the blocks have L = 15 bits



-----------------------------------------------
Normal statistic                      :   0.097
p-value of test                       :    0.46

-----------------------------------------------
CPU time used                    :  00:00:15.38

Generator state:




***********************************************************
HOST = soph-test-runner.local, Darwin

generator


svaria_WeightDistrib test:
-----------------------------------------------
   N =  1,  n = 20000000,  r =  0,  k = 256,  Alpha =      0,  Beta =   0.25


-----------------------------------------------
Number of degrees of freedom          :   67
Chi-square statistic                  :   58.09
p-value of test                       :    0.77

-----------------------------------------------
CPU time used                    :  00:00:17.00

Generator state:




***********************************************************
HOST = soph-test-runner.local, Darwin

generator


svaria_WeightDistrib test:
-----------------------------------------------
   N =  1,  n = 20000000,  r = 20,  k = 256,  Alpha =      0,  Beta =   0.25


-----------------------------------------------
Number of degrees of freedom          :   67
Chi-square statistic                  :   63.53
p-value of test                       :    0.60

-----------------------------------------------
CPU time used                    :  00:00:17.00

Generator state:




***********************************************************
HOST = soph-test-runner.local, Darwin

generator


svaria_WeightDistrib test:
-----------------------------------------------
   N =  1,  n = 20000000,  r = 28,  k = 256,  Alpha =      0,  Beta =   0.25


-----------------------------------------------
Number of degrees of freedom          :   67
Chi-square statistic                  :   63.70
p-value of test                       :    0.59

-----------------------------------------------
CPU time used                    :  00:00:17.00

Generator state:




***********************************************************
HOST = soph-test-runner.local, Darwin

generator


svaria_WeightDistrib test:
-----------------------------------------------
   N =  1,  n = 20000000,  r =  0,  k = 256,  Alpha =      0,  Beta = 0.0625


-----------------------------------------------
Number of degrees of freedom          :   37
Chi-square statistic                  :   38.97
p-value of test                       :    0.38

-----------------------------------------------
CPU time used                    :  00:00:17.00

Generator state:




***********************************************************
HOST = soph-test-runner.local, Darwin

generator


svaria_WeightDistrib test:
-----------------------------------------------
   N =  1,  n = 20000000,  r = 10,  k = 256,  Alpha =      0,  Beta = 0.0625


-----------------------------------------------
Number of degrees of freedom          :   37
Chi-square statistic                  :   51.77
p-value of test                       :    0.05

-----------------------------------------------
CPU time used                    :  00:00:17.01

Generator state:




***********************************************************
HOST = soph-test-runner.local, Darwin

generator


svaria_WeightDistrib test:
-----------------------------------------------
   N =  1,  n = 20000000,  r = 26,  k = 256,  Alpha =      0,  Beta = 0.0625


-----------------------------------------------
Number of degrees of freedom          :   37
Chi-square statistic                  :   41.44
p-value of test                       :    0.28

-----------------------------------------------
CPU time used                    :  00:00:16.98

Generator state:




***********************************************************
HOST = soph-test-runner.local, Darwin

generator


svaria_SumCollector test:
-----------------------------------------------
   N =  1,  n = 500000000,  r =  0,   g = 10


-----------------------------------------------
Number of degrees of freedom          :   29
Chi-square statistic                  :   20.77
p-value of test                       :    0.87

-----------------------------------------------
CPU time used                    :  00:00:41.67

Generator state:




***********************************************************
HOST = soph-test-runner.local, Darwin

generator


smarsa_MatrixRank test:
-----------------------------------------------
   N = 10,  n = 1000000,  r =  0,    s = 5,    L = 30,    k = 30


-----------------------------------------------

Kolmogorov-Smirnov+ statistic = D+    :    0.10
p-value of test                       :    0.76

Kolmogorov-Smirnov- statistic = D-    :    0.19
p-value of test                       :    0.44

Anderson-Darling statistic = A2       :    0.27
p-value of test                       :    0.96

Test on the sum of all N observations
Number of degrees of freedom          :   40
Chi-square statistic                  :   41.08
p-value of test                       :    0.42

-----------------------------------------------
CPU time used                    :  00:00:26.86

Generator state:




***********************************************************
HOST = soph-test-runner.local, Darwin

generator


smarsa_MatrixRank test:
-----------------------------------------------
   N = 10,  n = 1000000,  r = 25,    s = 5,    L = 30,    k = 30


-----------------------------------------------

Kolmogorov-Smirnov+ statistic = D+    :    0.33
p-value of test                       :    0.09

Kolmogorov-Smirnov- statistic = D-    :   0.061
p-value of test                       :    0.90

Anderson-Darling statistic = A2       :    1.53
p-value of test                       :    0.17

Test on the sum of all N observations
Number of degrees of freedom          :   40
Chi-square statistic                  :   27.91
p-value of test                       :    0.93

-----------------------------------------------
CPU time used                    :  00:00:26.88

Generator state:




***********************************************************
HOST = soph-test-runner.local, Darwin

generator


smarsa_MatrixRank test:
-----------------------------------------------
   N =  1,  n = 5000,  r =  0,    s = 4,    L = 1000,    k = 1000


-----------------------------------------------
Number of degrees of freedom          :    3
Chi-square statistic                  :    6.76
p-value of test                       :    0.08

-----------------------------------------------
CPU time used                    :  00:00:31.53

Generator state:




***********************************************************
HOST = soph-test-runner.local, Darwin

generator


smarsa_MatrixRank test:
-----------------------------------------------
   N =  1,  n = 5000,  r = 26,    s = 4,    L = 1000,    k = 1000


-----------------------------------------------
Number of degrees of freedom          :    3
Chi-square statistic                  :    3.50
p-value of test                       :    0.32

-----------------------------------------------
CPU time used                    :  00:00:31.36

Generator state:




***********************************************************
HOST = soph-test-runner.local, Darwin

generator


smarsa_MatrixRank test:
-----------------------------------------------
   N =  1,  n = 80,  r = 15,    s = 15,    L = 5000,    k = 5000


-----------------------------------------------
Number of degrees of freedom          :    2
Chi-square statistic                  :    0.17
p-value of test                       :    0.92

-----------------------------------------------
CPU time used                    :  00:00:26.63

Generator state:




***********************************************************
HOST = soph-test-runner.local, Darwin

generator


smarsa_MatrixRank test:
-----------------------------------------------
   N =  1,  n = 80,  r =  0,    s = 30,    L = 5000,    k = 5000


-----------------------------------------------
Number of degrees of freedom          :    2
Chi-square statistic                  :    1.37
p-value of test                       :    0.51

-----------------------------------------------
CPU time used                    :  00:00:22.65

Generator state:




***********************************************************
HOST = soph-test-runner.local, Darwin

generator


smarsa_Savir2 test:
-----------------------------------------------
   N = 10,  n = 10000000,  r = 10,    m = 1048576,    t = 30


-----------------------------------------------

Kolmogorov-Smirnov+ statistic = D+    :    0.49
p-value of test                       :  5.2e-3

Kolmogorov-Smirnov- statistic = D-    :    0.11
p-value of test                       :    0.74

Anderson-Darling statistic = A2       :    2.79
p-value of test                       :    0.04

Test on the sum of all N observations
Number of degrees of freedom          :  130
Chi-square statistic                  :  107.65
p-value of test                       :    0.92

-----------------------------------------------
CPU time used                    :  00:00:12.32

Generator state:




***********************************************************
HOST = soph-test-runner.local, Darwin

generator


smarsa_GCD test:
-----------------------------------------------
   N = 10,  n = 50000000,  r =  0,   s = 30


-----------------------------------------------
Test results for GCD values:

Kolmogorov-Smirnov+ statistic = D+    :   0.010
p-value of test                       :    0.99

Kolmogorov-Smirnov- statistic = D-    :    0.35
p-value of test                       :    0.07

Anderson-Darling statistic = A2       :    1.44
p-value of test                       :    0.19

Test on the sum of all N observations
Number of degrees of freedom          : 17430
Chi-square statistic                  :17727.12
p-value of test                       :    0.06



-----------------------------------------------
CPU time used                    :  00:00:31.15

Generator state:




***********************************************************
HOST = soph-test-runner.local, Darwin

generator


swalk_RandomWalk1 test:
-----------------------------------------------
   N =  1,  n = 100000000,  r =  0,   s = 5,   L0 =   50,   L1 =   50



-----------------------------------------------
Test on the values of the Statistic H

Number of degrees of freedom          :   36
ChiSquare statistic                   :   31.04
p-value of test                       :    0.70


-----------------------------------------------
Test on the values of the Statistic M

Number of degrees of freedom          :   35
ChiSquare statistic                   :   24.52
p-value of test                       :    0.91


-----------------------------------------------
Test on the values of the Statistic J

Number of degrees of freedom          :   25
ChiSquare statistic                   :   23.63
p-value of test                       :    0.54


-----------------------------------------------
Test on the values of the Statistic R

Number of degrees of freedom          :   24
ChiSquare statistic                   :   22.30
p-value of test                       :    0.56


-----------------------------------------------
Test on the values of the Statistic C

Number of degrees of freedom          :   17
ChiSquare statistic                   :   18.10
p-value of test                       :    0.38


-----------------------------------------------
CPU time used                    :  00:00:16.48

Generator state:




***********************************************************
HOST = soph-test-runner.local, Darwin

generator


swalk_RandomWalk1 test:
-----------------------------------------------
   N =  1,  n = 100000000,  r = 25,   s = 5,   L0 =   50,   L1 =   50



-----------------------------------------------
Test on the values of the Statistic H

Number of degrees of freedom          :   36
ChiSquare statistic                   :   34.22
p-value of test                       :    0.55


-----------------------------------------------
Test on the values of the Statistic M

Number of degrees of freedom          :   35
ChiSquare statistic                   :   37.03
p-value of test                       :    0.38


-----------------------------------------------
Test on the values of the Statistic J

Number of degrees of freedom          :   25
ChiSquare statistic                   :   23.38
p-value of test                       :    0.56


-----------------------------------------------
Test on the values of the Statistic R

Number of degrees of freedom          :   24
ChiSquare statistic                   :   16.58
p-value of test                       :    0.87


-----------------------------------------------
Test on the values of the Statistic C

Number of degrees of freedom          :   17
ChiSquare statistic                   :   22.34
p-value of test                       :    0.17


-----------------------------------------------
CPU time used                    :  00:00:16.48

Generator state:




***********************************************************
HOST = soph-test-runner.local, Darwin

generator


swalk_RandomWalk1 test:
-----------------------------------------------
   N =  1,  n = 10000000,  r =  0,   s = 10,   L0 = 1000,   L1 = 1000



-----------------------------------------------
Test on the values of the Statistic H

Number of degrees of freedom          :  146
ChiSquare statistic                   :  163.91
p-value of test                       :    0.15


-----------------------------------------------
Test on the values of the Statistic M

Number of degrees of freedom          :  146
ChiSquare statistic                   :  143.06
p-value of test                       :    0.55


-----------------------------------------------
Test on the values of the Statistic J

Number of degrees of freedom          :  500
ChiSquare statistic                   :  517.45
p-value of test                       :    0.29


-----------------------------------------------
Test on the values of the Statistic R

Number of degrees of freedom          :  136
ChiSquare statistic                   :  122.72
p-value of test                       :    0.79


-----------------------------------------------
Test on the values of the Statistic C

Number of degrees of freedom          :   74
ChiSquare statistic                   :   67.58
p-value of test                       :    0.69


-----------------------------------------------
CPU time used                    :  00:00:21.59

Generator state:




***********************************************************
HOST = soph-test-runner.local, Darwin

generator


swalk_RandomWalk1 test:
-----------------------------------------------
   N =  1,  n = 10000000,  r = 20,   s = 10,   L0 = 1000,   L1 = 1000



-----------------------------------------------
Test on the values of the Statistic H

Number of degrees of freedom          :  146
ChiSquare statistic                   :  145.21
p-value of test                       :    0.50


-----------------------------------------------
Test on the values of the Statistic M

Number of degrees of freedom          :  146
ChiSquare statistic                   :  162.29
p-value of test                       :    0.17


-----------------------------------------------
Test on the values of the Statistic J

Number of degrees of freedom          :  500
ChiSquare statistic                   :  490.38
p-value of test                       :    0.61


-----------------------------------------------
Test on the values of the Statistic R

Number of degrees of freedom          :  136
ChiSquare statistic                   :  164.73
p-value of test                       :    0.05


-----------------------------------------------
Test on the values of the Statistic C

Number of degrees of freedom          :   74
ChiSquare statistic                   :   60.23
p-value of test                       :    0.88


-----------------------------------------------
CPU time used                    :  00:00:21.65

Generator state:




***********************************************************
HOST = soph-test-runner.local, Darwin

generator


swalk_RandomWalk1 test:
-----------------------------------------------
   N =  1,  n = 1000000,  r =  0,   s = 15,   L0 = 10000,   L1 = 10000



-----------------------------------------------
Test on the values of the Statistic H

Number of degrees of freedom          :  384
ChiSquare statistic                   :  435.28
p-value of test                       :    0.04


-----------------------------------------------
Test on the values of the Statistic M

Number of degrees of freedom          :  384
ChiSquare statistic                   :  416.53
p-value of test                       :    0.12


-----------------------------------------------
Test on the values of the Statistic J

Number of degrees of freedom          : 5000
ChiSquare statistic                   : 5148.39
p-value of test                       :    0.07


-----------------------------------------------
Test on the values of the Statistic R

Number of degrees of freedom          :  378
ChiSquare statistic                   :  405.51
p-value of test                       :    0.16


-----------------------------------------------
Test on the values of the Statistic C

Number of degrees of freedom          :  200
ChiSquare statistic                   :  213.83
p-value of test                       :    0.24


-----------------------------------------------
CPU time used                    :  00:00:19.51

Generator state:




***********************************************************
HOST = soph-test-runner.local, Darwin

generator


swalk_RandomWalk1 test:
-----------------------------------------------
   N =  1,  n = 1000000,  r = 15,   s = 15,   L0 = 10000,   L1 = 10000



-----------------------------------------------
Test on the values of the Statistic H

Number of degrees of freedom          :  384
ChiSquare statistic                   :  375.99
p-value of test                       :    0.61


-----------------------------------------------
Test on the values of the Statistic M

Number of degrees of freedom          :  384
ChiSquare statistic                   :  373.90
p-value of test                       :    0.63


-----------------------------------------------
Test on the values of the Statistic J

Number of degrees of freedom          : 5000
ChiSquare statistic                   : 5011.45
p-value of test                       :    0.45


-----------------------------------------------
Test on the values of the Statistic R

Number of degrees of freedom          :  378
ChiSquare statistic                   :  386.84
p-value of test                       :    0.37


-----------------------------------------------
Test on the values of the Statistic C

Number of degrees of freedom          :  200
ChiSquare statistic                   :  168.06
p-value of test                       :    0.95


-----------------------------------------------
CPU time used                    :  00:00:19.55

Generator state:




***********************************************************
HOST = soph-test-runner.local, Darwin

generator


scomp_LinearComp test:
-----------------------------------------------
   N =  1,  n = 400020,  r =  0,    s = 1



-----------------------------------------------
Number of degrees of freedom          :   12
Chi2 statistic for size of jumps      :   15.61
p-value of test                       :    0.21


-----------------------------------------------
Normal statistic for number of jumps  :   -0.83
p-value of test                       :    0.80



-----------------------------------------------
CPU time used                    :  00:01:15.86

Generator state:




***********************************************************
HOST = soph-test-runner.local, Darwin

generator


scomp_LinearComp test:
-----------------------------------------------
   N =  1,  n = 400020,  r = 29,    s = 1



-----------------------------------------------
Number of degrees of freedom          :   12
Chi2 statistic for size of jumps      :   19.15
p-value of test                       :    0.09


-----------------------------------------------
Normal statistic for number of jumps  :    1.47
p-value of test                       :    0.07



-----------------------------------------------
CPU time used                    :  00:01:15.88

Generator state:




***********************************************************
HOST = soph-test-runner.local, Darwin

generator


scomp_LempelZiv test:
-----------------------------------------------
   N = 10,  n = 134217728,  r =  0,   s =   30,   k =   27


-----------------------------------------------

Kolmogorov-Smirnov+ statistic = D+    :    0.30
p-value of test                       :    0.14

Kolmogorov-Smirnov- statistic = D-    :   0.059
p-value of test                       :    0.90

Anderson-Darling statistic = A2       :    1.26
p-value of test                       :    0.24

Tests on the sum of all N observations
Standardized normal statistic         :   -1.43
p-value of test                       :    0.92

Sample variance                       :    0.71
p-value of test                       :    0.70

-----------------------------------------------
CPU time used                    :  00:00:25.53

Generator state:




***********************************************************
HOST = soph-test-runner.local, Darwin

generator


scomp_LempelZiv test:
-----------------------------------------------
   N = 10,  n = 134217728,  r = 15,   s =   15,   k =   27


-----------------------------------------------

Kolmogorov-Smirnov+ statistic = D+    :    0.33
p-value of test                       :    0.09

Kolmogorov-Smirnov- statistic = D-    :    0.11
p-value of test                       :    0.73

Anderson-Darling statistic = A2       :    0.98
p-value of test                       :    0.37

Tests on the sum of all N observations
Standardized normal statistic         :   -0.91
p-value of test                       :    0.82

Sample variance                       :    0.52
p-value of test                       :    0.86

-----------------------------------------------
CPU time used                    :  00:00:25.82

Generator state:




***********************************************************
HOST = soph-test-runner.local, Darwin

generator


sspectral_Fourier3 test:
-----------------------------------------------
   N = 100000,  n = 16384,  r =  0,   s =    3,   k =   14


-----------------------------------------------

Kolmogorov-Smirnov+ statistic = D+    : 5.18e-3
p-value of test                       :    0.80

Kolmogorov-Smirnov- statistic = D-    :   0.021
p-value of test                       :    0.03

Anderson-Darling statistic = A2       :    2.04
p-value of test                       :    0.09

-----------------------------------------------
CPU time used                    :  00:00:05.84

Generator state:




***********************************************************
HOST = soph-test-runner.local, Darwin

generator


sspectral_Fourier3 test:
-----------------------------------------------
   N = 100000,  n = 16384,  r = 27,   s =    3,   k =   14


-----------------------------------------------

Kolmogorov-Smirnov+ statistic = D+    : 8.69e-3
p-value of test                       :    0.54

Kolmogorov-Smirnov- statistic = D-    : 8.02e-3
p-value of test                       :    0.59

Anderson-Darling statistic = A2       :    0.47
p-value of test                       :    0.78

-----------------------------------------------
CPU time used                    :  00:00:05.86

Generator state:




***********************************************************
HOST = soph-test-runner.local, Darwin

generator


sstring_LongestHeadRun test:
-----------------------------------------------
   N =  1,  n = 1000,  r =  0,   s = 3,   L = 10000020


-----------------------------------------------
Number of degrees of freedom          :    8
Chi-square statistic                  :    7.14
p-value of test                       :    0.52

-----------------------------------------------
Global longest run of 1               :   37.00
p-value of test                       :    0.04



-----------------------------------------------
CPU time used                    :  00:00:40.69

Generator state:




***********************************************************
HOST = soph-test-runner.local, Darwin

generator


sstring_LongestHeadRun test:
-----------------------------------------------
   N =  1,  n = 1000,  r = 27,   s = 3,   L = 10000020


-----------------------------------------------
Number of degrees of freedom          :    8
Chi-square statistic                  :    9.63
p-value of test                       :    0.29

-----------------------------------------------
Global longest run of 1               :   34.00
p-value of test                       :    0.25



-----------------------------------------------
CPU time used                    :  00:00:40.69

Generator state:




***********************************************************
HOST = soph-test-runner.local, Darwin

generator


sstring_PeriodsInStrings test:
-----------------------------------------------
   N = 10,  n = 500000000,  r =  0,   s =   10


-----------------------------------------------

Kolmogorov-Smirnov+ statistic = D+    :    0.41
p-value of test                       :    0.02

Kolmogorov-Smirnov- statistic = D-    : 2.08e-3
p-value of test                       :    0.9979

Anderson-Darling statistic = A2       :    3.72
p-value of test                       :    0.01

Test on the sum of all N observations
Number of degrees of freedom          :  200
Chi-square statistic                  :  152.74
p-value of test                       :    0.9946

-----------------------------------------------
CPU time used                    :  00:00:55.78

Generator state:




***********************************************************
HOST = soph-test-runner.local, Darwin

generator


sstring_PeriodsInStrings test:
-----------------------------------------------
   N = 10,  n = 500000000,  r = 20,   s =   10


-----------------------------------------------

Kolmogorov-Smirnov+ statistic = D+    :    0.15
p-value of test                       :    0.59

Kolmogorov-Smirnov- statistic = D-    :    0.20
p-value of test                       :    0.40

Anderson-Darling statistic = A2       :    0.45
p-value of test                       :    0.79

Test on the sum of all N observations
Number of degrees of freedom          :  200
Chi-square statistic                  :  194.86
p-value of test                       :    0.59

-----------------------------------------------
CPU time used                    :  00:00:55.78

Generator state:




***********************************************************
HOST = soph-test-runner.local, Darwin

generator


sstring_HammingWeight2 test:
-----------------------------------------------
   N = 10,  n = 1000000000,  r =  0,   s = 3,   L = 1000000


-----------------------------------------------

Kolmogorov-Smirnov+ statistic = D+    :   0.064
p-value of test                       :    0.89

Kolmogorov-Smirnov- statistic = D-    :    0.18
p-value of test                       :    0.45

Anderson-Darling statistic = A2       :    0.38
p-value of test                       :    0.86

Test on the sum of all N observations
Number of degrees of freedom          : 10000
Chi-square statistic                  :10083.15
p-value of test                       :    0.28

-----------------------------------------------
CPU time used                    :  00:00:07.72

Generator state:




***********************************************************
HOST = soph-test-runner.local, Darwin

generator


sstring_HammingWeight2 test:
-----------------------------------------------
   N = 10,  n = 1000000000,  r = 27,   s = 3,   L = 1000000


-----------------------------------------------

Kolmogorov-Smirnov+ statistic = D+    :   0.071
p-value of test                       :    0.87

Kolmogorov-Smirnov- statistic = D-    :    0.28
p-value of test                       :    0.17

Anderson-Darling statistic = A2       :    0.93
p-value of test                       :    0.39

Test on the sum of all N observations
Number of degrees of freedom          : 10000
Chi-square statistic                  :10152.44
p-value of test                       :    0.14

-----------------------------------------------
CPU time used                    :  00:00:07.72

Generator state:




***********************************************************
HOST = soph-test-runner.local, Darwin

generator


sstring_HammingCorr test:
-----------------------------------------------
   N =  1,  n = 1000000000,  r = 10,   s = 10,   L = 30



-----------------------------------------------
Normal statistic                      :   -0.98
p-value of test                       :    0.84

-----------------------------------------------
CPU time used                    :  00:00:07.72

Generator state:




***********************************************************
HOST = soph-test-runner.local, Darwin

generator


sstring_HammingCorr test:
-----------------------------------------------
   N =  1,  n = 100000000,  r = 10,   s = 10,   L = 300



-----------------------------------------------
Normal statistic                      :    0.13
p-value of test                       :    0.45

-----------------------------------------------
CPU time used                    :  00:00:07.52

Generator state:




***********************************************************
HOST = soph-test-runner.local, Darwin

generator


sstring_HammingCorr test:
-----------------------------------------------
   N =  1,  n = 100000000,  r = 10,   s = 10,   L = 1200



-----------------------------------------------
Normal statistic                      :  -0.042
p-value of test                       :    0.52

-----------------------------------------------
CPU time used                    :  00:00:28.51

Generator state:




***********************************************************
HOST = soph-test-runner.local, Darwin

generator


sstring_HammingIndep test:
-----------------------------------------------
   N = 10,  n = 30000000,  r =  0,   s = 3,   L = 30,   d = 0



Counters with expected numbers >= 10
-----------------------------------------------

Kolmogorov-Smirnov+ statistic = D+    :    0.37
p-value of test                       :    0.05

Kolmogorov-Smirnov- statistic = D-    :    0.13
p-value of test                       :    0.66

Anderson-Darling statistic = A2       :    1.29
p-value of test                       :    0.23

Test on the sum of all N observations
Number of degrees of freedom          : 4890
Chi-square statistic                  : 4787.12
p-value of test                       :    0.85

-----------------------------------------------
CPU time used                    :  00:00:17.18

Generator state:




***********************************************************
HOST = soph-test-runner.local, Darwin

generator


sstring_HammingIndep test:
-----------------------------------------------
   N = 10,  n = 30000000,  r = 27,   s = 3,   L = 30,   d = 0



Counters with expected numbers >= 10
-----------------------------------------------

Kolmogorov-Smirnov+ statistic = D+    :   0.042
p-value of test                       :    0.94

Kolmogorov-Smirnov- statistic = D-    :    0.26
p-value of test                       :    0.22

Anderson-Darling statistic = A2       :    1.30
p-value of test                       :    0.23

Test on the sum of all N observations
Number of degrees of freedom          : 4890
Chi-square statistic                  : 5031.03
p-value of test                       :    0.08

-----------------------------------------------
CPU time used                    :  00:00:17.19

Generator state:




***********************************************************
HOST = soph-test-runner.local, Darwin

generator


sstring_HammingIndep test:
-----------------------------------------------
   N =  1,  n = 30000000,  r =  0,   s = 4,   L = 300,   d = 0



Counters with expected numbers >= 10
-----------------------------------------------
Number of degrees of freedom          : 4117
Chi-square statistic                  : 4087.84
p-value of test                       :    0.62

-----------------------------------------------
CPU time used                    :  00:00:10.85

Generator state:




***********************************************************
HOST = soph-test-runner.local, Darwin

generator


sstring_HammingIndep test:
-----------------------------------------------
   N =  1,  n = 30000000,  r = 26,   s = 4,   L = 300,   d = 0



Counters with expected numbers >= 10
-----------------------------------------------
Number of degrees of freedom          : 4117
Chi-square statistic                  : 4099.97
p-value of test                       :    0.57

-----------------------------------------------
CPU time used                    :  00:00:10.82

Generator state:




***********************************************************
HOST = soph-test-runner.local, Darwin

generator


sstring_HammingIndep test:
-----------------------------------------------
   N =  1,  n = 10000000,  r =  0,   s = 5,   L = 1200,   d = 0



Counters with expected numbers >= 10
-----------------------------------------------
Number of degrees of freedom          : 11825
Chi-square statistic                  :11465.32
p-value of test                       :    0.9908

-----------------------------------------------
CPU time used                    :  00:00:11.28

Generator state:




***********************************************************
HOST = soph-test-runner.local, Darwin

generator


sstring_HammingIndep test:
-----------------------------------------------
   N =  1,  n = 10000000,  r = 25,   s = 5,   L = 1200,   d = 0



Counters with expected numbers >= 10
-----------------------------------------------
Number of degrees of freedom          : 11825
Chi-square statistic                  :11891.29
p-value of test                       :    0.33

-----------------------------------------------
CPU time used                    :  00:00:11.28

Generator state:




***********************************************************
HOST = soph-test-runner.local, Darwin

generator


sstring_Run test:
-----------------------------------------------
   N =  1,  n = 2000000000,  r =  0,   s =    3


-----------------------------------------------
Total number of 1 runs:  2000000000

Number of degrees of freedom          :   54
Chi2 statistic for number of runs     :   45.97
p-value of test                       :    0.77


-----------------------------------------------
Total number of bits:  7999946481

Normal statistic for number of bits   :   -0.42
p-value of test                       :    0.66



-----------------------------------------------
CPU time used                    :  00:00:30.68

Generator state:




***********************************************************
HOST = soph-test-runner.local, Darwin

generator


sstring_Run test:
-----------------------------------------------
   N =  1,  n = 2000000000,  r = 27,   s =    3


-----------------------------------------------
Total number of 1 runs:  2000000000

Number of degrees of freedom          :   54
Chi2 statistic for number of runs     :   53.81
p-value of test                       :    0.48


-----------------------------------------------
Total number of bits:  7999987887

Normal statistic for number of bits   :  -0.096
p-value of test                       :    0.54



-----------------------------------------------
CPU time used                    :  00:00:30.68

Generator state:




***********************************************************
HOST = soph-test-runner.local, Darwin

generator


sstring_AutoCor test:
-----------------------------------------------
   N = 10,  n = 1000000030,  r =  0,   s = 3,   d = 1


-----------------------------------------------

Kolmogorov-Smirnov+ statistic = D+    :    0.18
p-value of test                       :    0.48

Kolmogorov-Smirnov- statistic = D-    :    0.12
p-value of test                       :    0.68

Anderson-Darling statistic = A2       :    0.54
p-value of test                       :    0.70

Tests on the sum of all N observations
Standardized normal statistic         :   -0.24
p-value of test                       :    0.59

Sample variance                       :    1.60
p-value of test                       :    0.11

-----------------------------------------------
CPU time used                    :  00:00:34.47

Generator state:




***********************************************************
HOST = soph-test-runner.local, Darwin

generator


sstring_AutoCor test:
-----------------------------------------------
   N = 10,  n = 1000000029,  r =  0,   s = 3,   d = 3


-----------------------------------------------

Kolmogorov-Smirnov+ statistic = D+    :    0.28
p-value of test                       :    0.17

Kolmogorov-Smirnov- statistic = D-    :   0.066
p-value of test                       :    0.88

Anderson-Darling statistic = A2       :    1.13
p-value of test                       :    0.30

Tests on the sum of all N observations
Standardized normal statistic         :   -1.15
p-value of test                       :    0.87

Sample variance                       :    0.49
p-value of test                       :    0.88

-----------------------------------------------
CPU time used                    :  00:00:16.72

Generator state:




***********************************************************
HOST = soph-test-runner.local, Darwin

generator


sstring_AutoCor test:
-----------------------------------------------
   N = 10,  n = 1000000030,  r = 27,   s = 3,   d = 1


-----------------------------------------------

Kolmogorov-Smirnov+ statistic = D+    :    0.11
p-value of test                       :    0.72

Kolmogorov-Smirnov- statistic = D-    :    0.26
p-value of test                       :    0.22

Anderson-Darling statistic = A2       :    0.60
p-value of test                       :    0.65

Tests on the sum of all N observations
Standardized normal statistic         :    0.37
p-value of test                       :    0.36

Sample variance                       :    0.44
p-value of test                       :    0.91

-----------------------------------------------
CPU time used                    :  00:00:34.47

Generator state:




***********************************************************
HOST = soph-test-runner.local, Darwin

generator


sstring_AutoCor test:
-----------------------------------------------
   N = 10,  n = 1000000029,  r = 27,   s = 3,   d = 3


-----------------------------------------------

Kolmogorov-Smirnov+ statistic = D+    :    0.12
p-value of test                       :    0.69

Kolmogorov-Smirnov- statistic = D-    :    0.20
p-value of test                       :    0.38

Anderson-Darling statistic = A2       :    0.33
p-value of test                       :    0.91

Tests on the sum of all N observations
Standardized normal statistic         :   0.041
p-value of test                       :    0.48

Sample variance                       :    1.11
p-value of test                       :    0.35

-----------------------------------------------
CPU time used                    :  00:00:16.73

Generator state:





========= Summary results of BigCrush =========

 Version:          TestU01 1.2.3
 Generator:        generator
 Number of statistics:  160
 Total CPU time:   01:13:11.48
 The following tests gave p-values outside [0.001, 0.9990]:
 (eps  means a value < 1.0e-300):
 (eps1 means a value < 1.0e-15):

       Test                          p-value
 ----------------------------------------------
 25  ClosePairs NJumps, t = 16       1.8e-4
 ----------------------------------------------
 All other tests were passed



