# SOPH Battery Test Log
# Suite:     bigcrush
# Seed:      03
# Generator: $HOME/Desktop/SOPH_ALGO/bin/soph_v3 --gen --seed-hex 03 --bytes 0
# Date:      2026-03-22 17:05:01
#======================================================================

xxxxxxxxxxxxxxxxxxxxxxxxxxxxxxxxxxxxxxxxxxxxxxxxxxxxxxxxxxx
                 Starting BigCrush
                 Version: TestU01 1.2.3
xxxxxxxxxxxxxxxxxxxxxxxxxxxxxxxxxxxxxxxxxxxxxxxxxxxxxxxxxxx


***********************************************************
Test smarsa_SerialOver calling smultin_MultinomialOver

***********************************************************
HOST = soph-test-runner, Darwin

generator


smultin_MultinomialOver test:
-----------------------------------------------
   N =  1,  n = 1000000000,  r =  0,   d =  256,   t =  3,
       Sparse =  FALSE

       GenerCell = smultin_GenerCellSerial
       Number of cells = d^t =           16777216
       Expected number per cell =   59.604645
       Hashing =  FALSE

   For Delta > -1, we use the ChiSquare approximation
   Correction factor of the ChiSquare: 
       Delta =     1,    Mu =   0.0083558402,    Sigma =          1

-----------------------------------------------
Test Results for Delta =   1.0000

Number of degrees of freedom          : 16711680
Value of the statistic                : 1.67e+7
p-value of test                       :    0.49


-----------------------------------------------
CPU time used                    :  00:00:15.67

Generator state:




***********************************************************
Test smarsa_SerialOver calling smultin_MultinomialOver

***********************************************************
HOST = soph-test-runner, Darwin

generator


smultin_MultinomialOver test:
-----------------------------------------------
   N =  1,  n = 1000000000,  r = 22,   d =  256,   t =  3,
       Sparse =  FALSE

       GenerCell = smultin_GenerCellSerial
       Number of cells = d^t =           16777216
       Expected number per cell =   59.604645
       Hashing =  FALSE

   For Delta > -1, we use the ChiSquare approximation
   Correction factor of the ChiSquare: 
       Delta =     1,    Mu =   0.0083558402,    Sigma =          1

-----------------------------------------------
Test Results for Delta =   1.0000

Number of degrees of freedom          : 16711680
Value of the statistic                : 1.67e+7
p-value of test                       :    0.26


-----------------------------------------------
CPU time used                    :  00:00:16.07

Generator state:




***********************************************************
Test smarsa_CollisionOver calling smultin_MultinomialOver

***********************************************************
HOST = soph-test-runner, Darwin

generator


smultin_MultinomialOver test:
-----------------------------------------------
   N = 30,  n = 20000000,  r =  0,   d = 2097152,   t =  2,
       Sparse =   TRUE

       GenerCell = smultin_GenerCellSerial
       Number of cells = d^t =      4398046511104
       Expected number per cell =  1 /  219902.33
       EColl = n^2 / (2k) =  45.47473509
       Hashing =   TRUE

       Collision test

       CollisionOver:   density = n / k =  1 /  219902.33
       Expected number of collisions = Mu =      45.47


-----------------------------------------------
Results of CollisionOver test:

POISSON approximation                 :
Expected number of collisions = N*Mu  :     1364.24
Observed number of collisions         :     1365
p-value of test                       :    0.50

-----------------------------
Total number of cells containing j balls

  j =  0                              :  131940795334485
  j =  1                              :        599997270
  j =  2                              :             1365
  j =  3                              :                0
  j =  4                              :                0
  j =  5                              :                0

-----------------------------------------------
CPU time used                    :  00:00:54.09

Generator state:




***********************************************************
Test smarsa_CollisionOver calling smultin_MultinomialOver

***********************************************************
HOST = soph-test-runner, Darwin

generator


smultin_MultinomialOver test:
-----------------------------------------------
   N = 30,  n = 20000000,  r =  9,   d = 2097152,   t =  2,
       Sparse =   TRUE

       GenerCell = smultin_GenerCellSerial
       Number of cells = d^t =      4398046511104
       Expected number per cell =  1 /  219902.33
       EColl = n^2 / (2k) =  45.47473509
       Hashing =   TRUE

       Collision test

       CollisionOver:   density = n / k =  1 /  219902.33
       Expected number of collisions = Mu =      45.47


-----------------------------------------------
Results of CollisionOver test:

POISSON approximation                 :
Expected number of collisions = N*Mu  :     1364.24
Observed number of collisions         :     1338
p-value of test                       :    0.76

-----------------------------
Total number of cells containing j balls

  j =  0                              :  131940795334458
  j =  1                              :        599997324
  j =  2                              :             1338
  j =  3                              :                0
  j =  4                              :                0
  j =  5                              :                0

-----------------------------------------------
CPU time used                    :  00:00:55.68

Generator state:




***********************************************************
Test smarsa_CollisionOver calling smultin_MultinomialOver

***********************************************************
HOST = soph-test-runner, Darwin

generator


smultin_MultinomialOver test:
-----------------------------------------------
   N = 30,  n = 20000000,  r =  0,   d = 16384,   t =  3,
       Sparse =   TRUE

       GenerCell = smultin_GenerCellSerial
       Number of cells = d^t =      4398046511104
       Expected number per cell =  1 /  219902.33
       EColl = n^2 / (2k) =  45.47473509
       Hashing =   TRUE

       Collision test

       CollisionOver:   density = n / k =  1 /  219902.33
       Expected number of collisions = Mu =      45.47


-----------------------------------------------
Results of CollisionOver test:

POISSON approximation                 :
Expected number of collisions = N*Mu  :     1364.24
Observed number of collisions         :     1455
p-value of test                       :  7.7e-3

-----------------------------
Total number of cells containing j balls

  j =  0                              :  131940795334575
  j =  1                              :        599997090
  j =  2                              :             1455
  j =  3                              :                0
  j =  4                              :                0
  j =  5                              :                0

-----------------------------------------------
CPU time used                    :  00:01:08.47

Generator state:




***********************************************************
Test smarsa_CollisionOver calling smultin_MultinomialOver

***********************************************************
HOST = soph-test-runner, Darwin

generator


smultin_MultinomialOver test:
-----------------------------------------------
   N = 30,  n = 20000000,  r = 16,   d = 16384,   t =  3,
       Sparse =   TRUE

       GenerCell = smultin_GenerCellSerial
       Number of cells = d^t =      4398046511104
       Expected number per cell =  1 /  219902.33
       EColl = n^2 / (2k) =  45.47473509
       Hashing =   TRUE

       Collision test

       CollisionOver:   density = n / k =  1 /  219902.33
       Expected number of collisions = Mu =      45.47


-----------------------------------------------
Results of CollisionOver test:

POISSON approximation                 :
Expected number of collisions = N*Mu  :     1364.24
Observed number of collisions         :     1314
p-value of test                       :    0.91

-----------------------------
Total number of cells containing j balls

  j =  0                              :  131940795334434
  j =  1                              :        599997372
  j =  2                              :             1314
  j =  3                              :                0
  j =  4                              :                0
  j =  5                              :                0

-----------------------------------------------
CPU time used                    :  00:01:10.93

Generator state:




***********************************************************
Test smarsa_CollisionOver calling smultin_MultinomialOver

***********************************************************
HOST = soph-test-runner, Darwin

generator


smultin_MultinomialOver test:
-----------------------------------------------
   N = 30,  n = 20000000,  r =  0,   d =   64,   t =  7,
       Sparse =   TRUE

       GenerCell = smultin_GenerCellSerial
       Number of cells = d^t =      4398046511104
       Expected number per cell =  1 /  219902.33
       EColl = n^2 / (2k) =  45.47473509
       Hashing =   TRUE

       Collision test

       CollisionOver:   density = n / k =  1 /  219902.33
       Expected number of collisions = Mu =      45.47


-----------------------------------------------
Results of CollisionOver test:

POISSON approximation                 :
Expected number of collisions = N*Mu  :     1364.24
Observed number of collisions         :     1360
p-value of test                       :    0.54

-----------------------------
Total number of cells containing j balls

  j =  0                              :  131940795334480
  j =  1                              :        599997280
  j =  2                              :             1360
  j =  3                              :                0
  j =  4                              :                0
  j =  5                              :                0

-----------------------------------------------
CPU time used                    :  00:01:10.18

Generator state:




***********************************************************
Test smarsa_CollisionOver calling smultin_MultinomialOver

***********************************************************
HOST = soph-test-runner, Darwin

generator


smultin_MultinomialOver test:
-----------------------------------------------
   N = 30,  n = 20000000,  r = 24,   d =   64,   t =  7,
       Sparse =   TRUE

       GenerCell = smultin_GenerCellSerial
       Number of cells = d^t =      4398046511104
       Expected number per cell =  1 /  219902.33
       EColl = n^2 / (2k) =  45.47473509
       Hashing =   TRUE

       Collision test

       CollisionOver:   density = n / k =  1 /  219902.33
       Expected number of collisions = Mu =      45.47


-----------------------------------------------
Results of CollisionOver test:

POISSON approximation                 :
Expected number of collisions = N*Mu  :     1364.24
Observed number of collisions         :     1404
p-value of test                       :    0.14

-----------------------------
Total number of cells containing j balls

  j =  0                              :  131940795334524
  j =  1                              :        599997192
  j =  2                              :             1404
  j =  3                              :                0
  j =  4                              :                0
  j =  5                              :                0

-----------------------------------------------
CPU time used                    :  00:01:12.48

Generator state:




***********************************************************
Test smarsa_CollisionOver calling smultin_MultinomialOver

***********************************************************
HOST = soph-test-runner, Darwin

generator


smultin_MultinomialOver test:
-----------------------------------------------
   N = 30,  n = 20000000,  r =  0,   d =    8,   t = 14,
       Sparse =   TRUE

       GenerCell = smultin_GenerCellSerial
       Number of cells = d^t =      4398046511104
       Expected number per cell =  1 /  219902.33
       EColl = n^2 / (2k) =  45.47473509
       Hashing =   TRUE

       Collision test

       CollisionOver:   density = n / k =  1 /  219902.33
       Expected number of collisions = Mu =      45.47


-----------------------------------------------
Results of CollisionOver test:

POISSON approximation                 :
Expected number of collisions = N*Mu  :     1364.24
Observed number of collisions         :     1429
p-value of test                       :    0.04

-----------------------------
Total number of cells containing j balls

  j =  0                              :  131940795334549
  j =  1                              :        599997142
  j =  2                              :             1429
  j =  3                              :                0
  j =  4                              :                0
  j =  5                              :                0

-----------------------------------------------
CPU time used                    :  00:01:09.66

Generator state:




***********************************************************
Test smarsa_CollisionOver calling smultin_MultinomialOver

***********************************************************
HOST = soph-test-runner, Darwin

generator


smultin_MultinomialOver test:
-----------------------------------------------
   N = 30,  n = 20000000,  r = 27,   d =    8,   t = 14,
       Sparse =   TRUE

       GenerCell = smultin_GenerCellSerial
       Number of cells = d^t =      4398046511104
       Expected number per cell =  1 /  219902.33
       EColl = n^2 / (2k) =  45.47473509
       Hashing =   TRUE

       Collision test

       CollisionOver:   density = n / k =  1 /  219902.33
       Expected number of collisions = Mu =      45.47


-----------------------------------------------
Results of CollisionOver test:

POISSON approximation                 :
Expected number of collisions = N*Mu  :     1364.24
Observed number of collisions         :     1341
p-value of test                       :    0.73

-----------------------------
Total number of cells containing j balls

  j =  0                              :  131940795334461
  j =  1                              :        599997318
  j =  2                              :             1341
  j =  3                              :                0
  j =  4                              :                0
  j =  5                              :                0

-----------------------------------------------
CPU time used                    :  00:01:12.00

Generator state:




***********************************************************
Test smarsa_CollisionOver calling smultin_MultinomialOver

***********************************************************
HOST = soph-test-runner, Darwin

generator


smultin_MultinomialOver test:
-----------------------------------------------
   N = 30,  n = 20000000,  r =  0,   d =    4,   t = 21,
       Sparse =   TRUE

       GenerCell = smultin_GenerCellSerial
       Number of cells = d^t =      4398046511104
       Expected number per cell =  1 /  219902.33
       EColl = n^2 / (2k) =  45.47473509
       Hashing =   TRUE

       Collision test

       CollisionOver:   density = n / k =  1 /  219902.33
       Expected number of collisions = Mu =      45.47


-----------------------------------------------
Results of CollisionOver test:

POISSON approximation                 :
Expected number of collisions = N*Mu  :     1364.24
Observed number of collisions         :     1334
p-value of test                       :    0.79

-----------------------------
Total number of cells containing j balls

  j =  0                              :  131940795334454
  j =  1                              :        599997332
  j =  2                              :             1334
  j =  3                              :                0
  j =  4                              :                0
  j =  5                              :                0

-----------------------------------------------
CPU time used                    :  00:01:08.91

Generator state:




***********************************************************
Test smarsa_CollisionOver calling smultin_MultinomialOver

***********************************************************
HOST = soph-test-runner, Darwin

generator


smultin_MultinomialOver test:
-----------------------------------------------
   N = 30,  n = 20000000,  r = 28,   d =    4,   t = 21,
       Sparse =   TRUE

       GenerCell = smultin_GenerCellSerial
       Number of cells = d^t =      4398046511104
       Expected number per cell =  1 /  219902.33
       EColl = n^2 / (2k) =  45.47473509
       Hashing =   TRUE

       Collision test

       CollisionOver:   density = n / k =  1 /  219902.33
       Expected number of collisions = Mu =      45.47


-----------------------------------------------
Results of CollisionOver test:

POISSON approximation                 :
Expected number of collisions = N*Mu  :     1364.24
Observed number of collisions         :     1400
p-value of test                       :    0.17

-----------------------------
Total number of cells containing j balls

  j =  0                              :  131940795334520
  j =  1                              :        599997200
  j =  2                              :             1400
  j =  3                              :                0
  j =  4                              :                0
  j =  5                              :                0

-----------------------------------------------
CPU time used                    :  00:01:11.17

Generator state:




***********************************************************
HOST = soph-test-runner, Darwin

generator


smarsa_BirthdaySpacings test:
-----------------------------------------------
   N = 100,  n = 10000000,  r =  0,    d = 2147483648,    t = 2,    p = 1


      Number of cells = d^t = 4611686018427387904
      Lambda = Poisson mean =      54.2101


----------------------------------------------------
Total expected number = N*Lambda      :    5421.01
Total observed number                 :    5360
p-value of test                       :    0.79


-----------------------------------------------
CPU time used                    :  00:02:12.86

Generator state:




***********************************************************
HOST = soph-test-runner, Darwin

generator


smarsa_BirthdaySpacings test:
-----------------------------------------------
   N = 20,  n = 20000000,  r =  0,    d = 2097152,    t = 3,    p = 1


      Number of cells = d^t = 9223372036854775808
      Lambda = Poisson mean =     216.8404


----------------------------------------------------
Total expected number = N*Lambda      :    4336.81
Total observed number                 :    4358
p-value of test                       :    0.38


-----------------------------------------------
CPU time used                    :  00:00:56.35

Generator state:




***********************************************************
HOST = soph-test-runner, Darwin

generator


smarsa_BirthdaySpacings test:
-----------------------------------------------
   N = 20,  n = 30000000,  r = 14,    d = 65536,    t = 4,    p = 1


      Number of cells = d^t = 18446744073709551616
      Lambda = Poisson mean =     365.9182


----------------------------------------------------
Total expected number = N*Lambda      :    7318.36
Total observed number                 :    7332
p-value of test                       :    0.44


-----------------------------------------------
CPU time used                    :  00:01:28.45

Generator state:




***********************************************************
HOST = soph-test-runner, Darwin

generator


smarsa_BirthdaySpacings test:
-----------------------------------------------
   N = 20,  n = 20000000,  r =  0,    d = 512,    t = 7,    p = 1


      Number of cells = d^t = 9223372036854775808
      Lambda = Poisson mean =     216.8404


----------------------------------------------------
Total expected number = N*Lambda      :    4336.81
Total observed number                 :    4327
p-value of test                       :    0.56


-----------------------------------------------
CPU time used                    :  00:01:02.24

Generator state:




***********************************************************
HOST = soph-test-runner, Darwin

generator


smarsa_BirthdaySpacings test:
-----------------------------------------------
   N = 20,  n = 20000000,  r =  7,    d = 512,    t = 7,    p = 1


      Number of cells = d^t = 9223372036854775808
      Lambda = Poisson mean =     216.8404


----------------------------------------------------
Total expected number = N*Lambda      :    4336.81
Total observed number                 :    4312
p-value of test                       :    0.64


-----------------------------------------------
CPU time used                    :  00:01:02.15

Generator state:




***********************************************************
HOST = soph-test-runner, Darwin

generator


smarsa_BirthdaySpacings test:
-----------------------------------------------
   N = 20,  n = 30000000,  r = 14,    d = 256,    t = 8,    p = 1


      Number of cells = d^t = 18446744073709551616
      Lambda = Poisson mean =     365.9182


----------------------------------------------------
Total expected number = N*Lambda      :    7318.36
Total observed number                 :    7447
p-value of test                       :    0.07


-----------------------------------------------
CPU time used                    :  00:01:36.85

Generator state:




***********************************************************
HOST = soph-test-runner, Darwin

generator


smarsa_BirthdaySpacings test:
-----------------------------------------------
   N = 20,  n = 30000000,  r = 22,    d = 256,    t = 8,    p = 1


      Number of cells = d^t = 18446744073709551616
      Lambda = Poisson mean =     365.9182


----------------------------------------------------
Total expected number = N*Lambda      :    7318.36
Total observed number                 :    7241
p-value of test                       :    0.82


-----------------------------------------------
CPU time used                    :  00:01:36.96

Generator state:




***********************************************************
HOST = soph-test-runner, Darwin

generator


smarsa_BirthdaySpacings test:
-----------------------------------------------
   N = 20,  n = 30000000,  r =  0,    d = 16,    t = 16,    p = 1


      Number of cells = d^t = 18446744073709551616
      Lambda = Poisson mean =     365.9182


----------------------------------------------------
Total expected number = N*Lambda      :    7318.36
Total observed number                 :    7268
p-value of test                       :    0.72


-----------------------------------------------
CPU time used                    :  00:01:55.57

Generator state:




***********************************************************
HOST = soph-test-runner, Darwin

generator


smarsa_BirthdaySpacings test:
-----------------------------------------------
   N = 20,  n = 30000000,  r = 26,    d = 16,    t = 16,    p = 1


      Number of cells = d^t = 18446744073709551616
      Lambda = Poisson mean =     365.9182


----------------------------------------------------
Total expected number = N*Lambda      :    7318.36
Total observed number                 :    7279
p-value of test                       :    0.67


-----------------------------------------------
CPU time used                    :  00:01:53.96

Generator state:




***********************************************************
HOST = soph-test-runner, Darwin

generator


snpair_ClosePairs test:
-----------------------------------------------
   N = 30,  n = 6000000,  r =  0,  t = 3,  p = 0,  m = 30,  Torus =  TRUE


---------------------------------------
Test based on the 2 nearest points (NP):

Stat. AD on the N values (NP)         :    0.76
p-value of test                       :    0.51


A2 test based on the spacings between the
   successive jump times of process Y_n(t):

A2 test on the values of A2 (m-NP)    :    1.04
p-value of test                       :    0.34

Test on the Nm values of W_{n,i}(mNP1):    0.60
p-value of test                       :    0.65

Test on the jump times of Y
   (superposition of Yn):

Expected number of jumps of Y = mN    :     900
Number of jumps of Y                  :     904
p-value of test                       :    0.45

Stat. AD (mNP2)                       :    0.61
p-value of test                       :    0.64

Stat. AD after spacings (mNP2-S)      :    1.48
p-value of test                       :    0.18

-----------------------------------------------
CPU time used                    :  00:00:45.96

Generator state:




***********************************************************
HOST = soph-test-runner, Darwin

generator


snpair_ClosePairs test:
-----------------------------------------------
   N = 20,  n = 4000000,  r =  0,  t = 5,  p = 0,  m = 30,  Torus =  TRUE


---------------------------------------
Test based on the 2 nearest points (NP):

Stat. AD on the N values (NP)         :    1.07
p-value of test                       :    0.32


A2 test based on the spacings between the
   successive jump times of process Y_n(t):

A2 test on the values of A2 (m-NP)    :    0.53
p-value of test                       :    0.72

Test on the Nm values of W_{n,i}(mNP1):    0.27
p-value of test                       :    0.96

Test on the jump times of Y
   (superposition of Yn):

Expected number of jumps of Y = mN    :     600
Number of jumps of Y                  :     601
p-value of test                       :    0.49

Stat. AD (mNP2)                       :    0.36
p-value of test                       :    0.88

Stat. AD after spacings (mNP2-S)      :    0.90
p-value of test                       :    0.42

-----------------------------------------------
CPU time used                    :  00:00:33.08

Generator state:




***********************************************************
HOST = soph-test-runner, Darwin

generator


snpair_ClosePairs test:
-----------------------------------------------
   N = 10,  n = 3000000,  r =  0,  t = 9,  p = 0,  m = 30,  Torus =  TRUE


---------------------------------------
Test based on the 2 nearest points (NP):

Stat. AD on the N values (NP)         :    2.12
p-value of test                       :    0.08


A2 test based on the spacings between the
   successive jump times of process Y_n(t):

A2 test on the values of A2 (m-NP)    :    0.62
p-value of test                       :    0.63

Test on the Nm values of W_{n,i}(mNP1):    0.96
p-value of test                       :    0.38

Test on the jump times of Y
   (superposition of Yn):

Expected number of jumps of Y = mN    :     300
Number of jumps of Y                  :     323
p-value of test                       :    0.10

Stat. AD (mNP2)                       :    1.62
p-value of test                       :    0.15

Stat. AD after spacings (mNP2-S)      :    0.89
p-value of test                       :    0.42

-----------------------------------------------
CPU time used                    :  00:01:02.09

Generator state:




***********************************************************
HOST = soph-test-runner, Darwin

generator


snpair_ClosePairs test:
-----------------------------------------------
   N =  5,  n = 2000000,  r =  0,  t = 16,  p = 0,  m = 30,  Torus =  TRUE


---------------------------------------
Test based on the 2 nearest points (NP):

Stat. AD on the N values (NP)         :    0.33
p-value of test                       :    0.91


A2 test based on the spacings between the
   successive jump times of process Y_n(t):

A2 test on the values of A2 (m-NP)    :    1.71
p-value of test                       :    0.13

Test on the Nm values of W_{n,i}(mNP1):    0.49
p-value of test                       :    0.76

Test on the jump times of Y
   (superposition of Yn):

Expected number of jumps of Y = mN    :     150
Number of jumps of Y                  :     157
p-value of test                       :    0.29

Stat. AD (mNP2)                       :    1.00
p-value of test                       :    0.36

Stat. AD after spacings (mNP2-S)      :    0.33
p-value of test                       :    0.92

-----------------------------------------------
CPU time used                    :  00:01:25.40

Generator state:




***********************************************************
HOST = soph-test-runner, Darwin

generator


sknuth_SimpPoker test:
-----------------------------------------------
   N =  1,  n = 400000000,  r =  0,   d =    8,   k =    8


-----------------------------------------------
Number of degrees of freedom          :    7
Chi-square statistic                  :    4.96
p-value of test                       :    0.67

-----------------------------------------------
CPU time used                    :  00:00:23.49

Generator state:




***********************************************************
HOST = soph-test-runner, Darwin

generator


sknuth_SimpPoker test:
-----------------------------------------------
   N =  1,  n = 400000000,  r = 27,   d =    8,   k =    8


-----------------------------------------------
Number of degrees of freedom          :    7
Chi-square statistic                  :    4.52
p-value of test                       :    0.72

-----------------------------------------------
CPU time used                    :  00:00:26.32

Generator state:




***********************************************************
HOST = soph-test-runner, Darwin

generator


sknuth_SimpPoker test:
-----------------------------------------------
   N =  1,  n = 100000000,  r =  0,   d =   32,   k =   32


-----------------------------------------------
Number of degrees of freedom          :   18
Chi-square statistic                  :   12.40
p-value of test                       :    0.83

-----------------------------------------------
CPU time used                    :  00:00:24.30

Generator state:




***********************************************************
HOST = soph-test-runner, Darwin

generator


sknuth_SimpPoker test:
-----------------------------------------------
   N =  1,  n = 100000000,  r = 25,   d =   32,   k =   32


-----------------------------------------------
Number of degrees of freedom          :   18
Chi-square statistic                  :   26.85
p-value of test                       :    0.08

-----------------------------------------------
CPU time used                    :  00:00:27.77

Generator state:




***********************************************************
HOST = soph-test-runner, Darwin

generator


sknuth_CouponCollector test:
-----------------------------------------------
   N =  1,  n = 200000000,  r =  0,   d =    8


-----------------------------------------------
Number of degrees of freedom          :   54
Chi-square statistic                  :   61.85
p-value of test                       :    0.22

-----------------------------------------------
CPU time used                    :  00:00:28.47

Generator state:




***********************************************************
HOST = soph-test-runner, Darwin

generator


sknuth_CouponCollector test:
-----------------------------------------------
   N =  1,  n = 200000000,  r = 10,   d =    8


-----------------------------------------------
Number of degrees of freedom          :   54
Chi-square statistic                  :   54.17
p-value of test                       :    0.47

-----------------------------------------------
CPU time used                    :  00:00:31.93

Generator state:




***********************************************************
HOST = soph-test-runner, Darwin

generator


sknuth_CouponCollector test:
-----------------------------------------------
   N =  1,  n = 200000000,  r = 20,   d =    8


-----------------------------------------------
Number of degrees of freedom          :   54
Chi-square statistic                  :   68.63
p-value of test                       :    0.09

-----------------------------------------------
CPU time used                    :  00:00:31.90

Generator state:




***********************************************************
HOST = soph-test-runner, Darwin

generator


sknuth_CouponCollector test:
-----------------------------------------------
   N =  1,  n = 200000000,  r = 27,   d =    8


-----------------------------------------------
Number of degrees of freedom          :   54
Chi-square statistic                  :   74.01
p-value of test                       :    0.04

-----------------------------------------------
CPU time used                    :  00:00:31.92

Generator state:




***********************************************************
HOST = soph-test-runner, Darwin

generator


sknuth_Gap test:
-----------------------------------------------
   N =  1,  n = 500000000,  r =  0,   Alpha =        0,   Beta  =   0.0625


-----------------------------------------------
Number of degrees of freedom          :  232
Chi-square statistic                  :  212.07
p-value of test                       :    0.82

-----------------------------------------------
CPU time used                    :  00:00:30.31

Generator state:




***********************************************************
HOST = soph-test-runner, Darwin

generator


sknuth_Gap test:
-----------------------------------------------
   N =  1,  n = 300000000,  r = 25,   Alpha =        0,   Beta  =  0.03125


-----------------------------------------------
Number of degrees of freedom          :  434
Chi-square statistic                  :  400.80
p-value of test                       :    0.87

-----------------------------------------------
CPU time used                    :  00:00:34.69

Generator state:




***********************************************************
HOST = soph-test-runner, Darwin

generator


sknuth_Gap test:
-----------------------------------------------
   N =  1,  n = 100000000,  r =  0,   Alpha =        0,   Beta  = 0.0078125


-----------------------------------------------
Number of degrees of freedom          : 1437
Chi-square statistic                  : 1485.13
p-value of test                       :    0.18

-----------------------------------------------
CPU time used                    :  00:00:42.94

Generator state:




***********************************************************
HOST = soph-test-runner, Darwin

generator


sknuth_Gap test:
-----------------------------------------------
   N =  1,  n = 10000000,  r = 20,   Alpha =        0,   Beta  = 0.000976562


-----------------------------------------------
Number of degrees of freedom          : 7046
Chi-square statistic                  : 6987.94
p-value of test                       :    0.69

-----------------------------------------------
CPU time used                    :  00:00:33.80

Generator state:




***********************************************************
HOST = soph-test-runner, Darwin

generator


sknuth_Run test:
-----------------------------------------------
   N =  5,  n = 1000000000,  r =  0,   Up = FALSE


-----------------------------------------------

Kolmogorov-Smirnov+ statistic = D+    :    0.18
p-value of test                       :    0.66

Kolmogorov-Smirnov- statistic = D-    :    0.37
p-value of test                       :    0.20

Anderson-Darling statistic = A2       :    0.58
p-value of test                       :    0.66

Test on the sum of all N observations
Number of degrees of freedom          :   30
Chi-square statistic                  :   31.31
p-value of test                       :    0.40

-----------------------------------------------
CPU time used                    :  00:00:32.40

Generator state:




***********************************************************
HOST = soph-test-runner, Darwin

generator


sknuth_Run test:
-----------------------------------------------
   N = 10,  n = 1000000000,  r = 15,   Up =  TRUE


-----------------------------------------------

Kolmogorov-Smirnov+ statistic = D+    :    0.41
p-value of test                       :    0.02

Kolmogorov-Smirnov- statistic = D-    :    0.12
p-value of test                       :    0.68

Anderson-Darling statistic = A2       :    1.99
p-value of test                       :    0.09

Test on the sum of all N observations
Number of degrees of freedom          :   60
Chi-square statistic                  :   42.31
p-value of test                       :    0.96

-----------------------------------------------
CPU time used                    :  00:01:15.09

Generator state:




***********************************************************
Test sknuth_Permutation calling smultin_Multinomial

***********************************************************
HOST = soph-test-runner, Darwin

generator


smultin_Multinomial test:
-----------------------------------------------
   N =  1,  n = 1000000000,  r =  5,   t =  3,
       Sparse =  FALSE

       GenerCell = smultin_GenerCellPermut
       Number of cells = t! =                  6
       Expected number per cell =  1.6666667e+08
       Hashing =  FALSE

   For Delta > -1, we use the ChiSquare approximation
   Correction factor of the ChiSquare: 
       Delta =     1,    Mu =  2.5000002e-09,    Sigma =          1

-----------------------------------------------
Test Results for Delta =   1.0000

Number of degrees of freedom          :    5
Value of the statistic                :    7.35
p-value of test                       :    0.20


-----------------------------------------------
CPU time used                    :  00:00:14.26

Generator state:




***********************************************************
Test sknuth_Permutation calling smultin_Multinomial

***********************************************************
HOST = soph-test-runner, Darwin

generator


smultin_Multinomial test:
-----------------------------------------------
   N =  1,  n = 1000000000,  r =  5,   t =  5,
       Sparse =  FALSE

       GenerCell = smultin_GenerCellPermut
       Number of cells = t! =                120
       Expected number per cell =   8333333.3
       Hashing =  FALSE

   For Delta > -1, we use the ChiSquare approximation
   Correction factor of the ChiSquare: 
       Delta =     1,    Mu =  5.9500005e-08,    Sigma =          1

-----------------------------------------------
Test Results for Delta =   1.0000

Number of degrees of freedom          :  119
Value of the statistic                :  104.55
p-value of test                       :    0.82


-----------------------------------------------
CPU time used                    :  00:00:44.13

Generator state:




***********************************************************
Test sknuth_Permutation calling smultin_Multinomial

***********************************************************
HOST = soph-test-runner, Darwin

generator


smultin_Multinomial test:
-----------------------------------------------
   N =  1,  n = 500000000,  r =  5,   t =  7,
       Sparse =  FALSE

       GenerCell = smultin_GenerCellPermut
       Number of cells = t! =               5040
       Expected number per cell =   99206.349
       Hashing =  FALSE

   For Delta > -1, we use the ChiSquare approximation
   Correction factor of the ChiSquare: 
       Delta =     1,    Mu =  5.0390004e-06,    Sigma =          1

-----------------------------------------------
Test Results for Delta =   1.0000

Number of degrees of freedom          : 5039
Value of the statistic                : 5034.16
p-value of test                       :    0.52


-----------------------------------------------
CPU time used                    :  00:00:46.17

Generator state:




***********************************************************
Test sknuth_Permutation calling smultin_Multinomial

***********************************************************
HOST = soph-test-runner, Darwin

generator


smultin_Multinomial test:
-----------------------------------------------
   N =  1,  n = 500000000,  r = 10,   t = 10,
       Sparse =  FALSE

       GenerCell = smultin_GenerCellPermut
       Number of cells = t! =            3628800
       Expected number per cell =    137.7866
       Hashing =  FALSE

   For Delta > -1, we use the ChiSquare approximation
   Correction factor of the ChiSquare: 
       Delta =     1,    Mu =   0.0036287993,    Sigma =          1

-----------------------------------------------
Test Results for Delta =   1.0000

Number of degrees of freedom          : 3628799
Value of the statistic                : 3.63e+6
p-value of test                       :    0.84


-----------------------------------------------
CPU time used                    :  00:01:37.96

Generator state:




***********************************************************
Test sknuth_CollisionPermut calling smultin_Multinomial

***********************************************************
HOST = soph-test-runner, Darwin

generator


smultin_Multinomial test:
-----------------------------------------------
   N = 20,  n = 20000000,  r =  0,   t = 14,
       Sparse =   TRUE

       GenerCell = smultin_GenerCellPermut
       Number of cells = t! =        87178291200
       Expected number per cell =  1 /  4358.9146
       EColl = n^2 / (2k) =   2294.14912
       Hashing =   TRUE

       Collision test,    Mu =      2293.9736,    Sigma =    47.8841

-----------------------------------------------
Test Results for Collisions

For the total number of collisions, we use
      the Poisson approximation:
Expected number of collisions = N*Mu  :    45879.47
Observed number of collisions         :    45766
p-value of test                       :    0.70


-----------------------------
Total number of cells containing j balls

  j =  0                              :    1743165869766
  j =  1                              :        399908474
  j =  2                              :            45754
  j =  3                              :                6
  j =  4                              :                0
  j =  5                              :                0

-----------------------------------------------
CPU time used                    :  00:03:28.86

Generator state:




***********************************************************
Test sknuth_CollisionPermut calling smultin_Multinomial

***********************************************************
HOST = soph-test-runner, Darwin

generator


smultin_Multinomial test:
-----------------------------------------------
   N = 20,  n = 20000000,  r = 10,   t = 14,
       Sparse =   TRUE

       GenerCell = smultin_GenerCellPermut
       Number of cells = t! =        87178291200
       Expected number per cell =  1 /  4358.9146
       EColl = n^2 / (2k) =   2294.14912
       Hashing =   TRUE

       Collision test,    Mu =      2293.9736,    Sigma =    47.8841

-----------------------------------------------
Test Results for Collisions

For the total number of collisions, we use
      the Poisson approximation:
Expected number of collisions = N*Mu  :    45879.47
Observed number of collisions         :    45731
p-value of test                       :    0.76


-----------------------------
Total number of cells containing j balls

  j =  0                              :    1743165869731
  j =  1                              :        399908541
  j =  2                              :            45725
  j =  3                              :                3
  j =  4                              :                0
  j =  5                              :                0

-----------------------------------------------
CPU time used                    :  00:03:32.13

Generator state:




***********************************************************
HOST = soph-test-runner, Darwin

generator


sknuth_MaxOft test:
-----------------------------------------------
   N = 40,  n = 10000000,  r =  0,   d = 100000,   t =  8

      Number of categories = 100000
      Expected number per category  = 100.00


-----------------------------------------------
Test results for chi2 with 99999 degrees of freedom:

Kolmogorov-Smirnov+ statistic = D+    :   0.083
p-value of test                       :    0.55

Kolmogorov-Smirnov- statistic = D-    :   0.088
p-value of test                       :    0.51

Anderson-Darling statistic = A2       :    0.20
p-value of test                       :    0.9904

Test on the sum of all N observations
Number of degrees of freedom          : 3999960
Chi-square statistic                  : 4.00e+6
p-value of test                       :    0.45


-----------------------------------------------
Test results for Anderson-Darling:

Kolmogorov-Smirnov+ statistic = D+    :    0.15
p-value of test                       :    0.17

Kolmogorov-Smirnov- statistic = D-    :   0.070
p-value of test                       :    0.65

Anderson-Darling statistic = A2       :    0.93
p-value of test                       :    0.40


-----------------------------------------------
CPU time used                    :  00:00:57.13

Generator state:




***********************************************************
HOST = soph-test-runner, Darwin

generator


sknuth_MaxOft test:
-----------------------------------------------
   N = 30,  n = 10000000,  r =  0,   d = 100000,   t = 16

      Number of categories = 100000
      Expected number per category  = 100.00


-----------------------------------------------
Test results for chi2 with 99999 degrees of freedom:

Kolmogorov-Smirnov+ statistic = D+    :    0.16
p-value of test                       :    0.20

Kolmogorov-Smirnov- statistic = D-    :   0.032
p-value of test                       :    0.92

Anderson-Darling statistic = A2       :    1.14
p-value of test                       :    0.29

Test on the sum of all N observations
Number of degrees of freedom          : 2999970
Chi-square statistic                  : 3.00e+6
p-value of test                       :    0.87


-----------------------------------------------
Test results for Anderson-Darling:

Kolmogorov-Smirnov+ statistic = D+    :   0.070
p-value of test                       :    0.71

Kolmogorov-Smirnov- statistic = D-    :   0.087
p-value of test                       :    0.60

Anderson-Darling statistic = A2       :    0.24
p-value of test                       :    0.97


-----------------------------------------------
CPU time used                    :  00:00:51.98

Generator state:




***********************************************************
HOST = soph-test-runner, Darwin

generator


sknuth_MaxOft test:
-----------------------------------------------
   N = 20,  n = 10000000,  r =  0,   d = 100000,   t = 24

      Number of categories = 100000
      Expected number per category  = 100.00


-----------------------------------------------
Test results for chi2 with 99999 degrees of freedom:

Kolmogorov-Smirnov+ statistic = D+    :   0.083
p-value of test                       :    0.72

Kolmogorov-Smirnov- statistic = D-    :    0.15
p-value of test                       :    0.37

Anderson-Darling statistic = A2       :    0.69
p-value of test                       :    0.57

Test on the sum of all N observations
Number of degrees of freedom          : 1999980
Chi-square statistic                  : 2.00e+6
p-value of test                       :    0.18


-----------------------------------------------
Test results for Anderson-Darling:

Kolmogorov-Smirnov+ statistic = D+    :    0.20
p-value of test                       :    0.18

Kolmogorov-Smirnov- statistic = D-    :    0.12
p-value of test                       :    0.52

Anderson-Darling statistic = A2       :    1.31
p-value of test                       :    0.23


-----------------------------------------------
CPU time used                    :  00:00:40.50

Generator state:




***********************************************************
HOST = soph-test-runner, Darwin

generator


sknuth_MaxOft test:
-----------------------------------------------
   N = 20,  n = 10000000,  r =  0,   d = 100000,   t = 32

      Number of categories = 100000
      Expected number per category  = 100.00


-----------------------------------------------
Test results for chi2 with 99999 degrees of freedom:

Kolmogorov-Smirnov+ statistic = D+    :    0.30
p-value of test                       :    0.02

Kolmogorov-Smirnov- statistic = D-    :   0.019
p-value of test                       :    0.97

Anderson-Darling statistic = A2       :    2.40
p-value of test                       :    0.06

Test on the sum of all N observations
Number of degrees of freedom          : 1999980
Chi-square statistic                  : 2.00e+6
p-value of test                       :    0.98


-----------------------------------------------
Test results for Anderson-Darling:

Kolmogorov-Smirnov+ statistic = D+    :    0.12
p-value of test                       :    0.52

Kolmogorov-Smirnov- statistic = D-    :   0.065
p-value of test                       :    0.81

Anderson-Darling statistic = A2       :    0.29
p-value of test                       :    0.95


-----------------------------------------------
CPU time used                    :  00:00:46.40

Generator state:




***********************************************************
HOST = soph-test-runner, Darwin

generator


svaria_SampleProd test:
-----------------------------------------------
   N = 40,  n = 10000000,  r =  0,   t = 8


-----------------------------------------------

Kolmogorov-Smirnov+ statistic = D+    :   0.040
p-value of test                       :    0.86

Kolmogorov-Smirnov- statistic = D-    :    0.13
p-value of test                       :    0.24

Anderson-Darling statistic = A2       :    0.61
p-value of test                       :    0.64

-----------------------------------------------
CPU time used                    :  00:00:46.59

Generator state:




***********************************************************
HOST = soph-test-runner, Darwin

generator


svaria_SampleProd test:
-----------------------------------------------
   N = 20,  n = 10000000,  r =  0,   t = 16


-----------------------------------------------

Kolmogorov-Smirnov+ statistic = D+    :   0.030
p-value of test                       :    0.95

Kolmogorov-Smirnov- statistic = D-    :    0.29
p-value of test                       :    0.03

Anderson-Darling statistic = A2       :    2.14
p-value of test                       :    0.08

-----------------------------------------------
CPU time used                    :  00:00:30.53

Generator state:




***********************************************************
HOST = soph-test-runner, Darwin

generator


svaria_SampleProd test:
-----------------------------------------------
   N = 20,  n = 10000000,  r =  0,   t = 24


-----------------------------------------------

Kolmogorov-Smirnov+ statistic = D+    :    0.12
p-value of test                       :    0.50

Kolmogorov-Smirnov- statistic = D-    :   0.098
p-value of test                       :    0.64

Anderson-Darling statistic = A2       :    0.38
p-value of test                       :    0.87

-----------------------------------------------
CPU time used                    :  00:00:37.75

Generator state:




***********************************************************
HOST = soph-test-runner, Darwin

generator


svaria_SampleMean test:
-----------------------------------------------
   N = 20000000,  n = 30,  r =  0


-----------------------------------------------

Kolmogorov-Smirnov+ statistic = D+    : 1.16e-4
p-value of test                       :    0.59

Kolmogorov-Smirnov- statistic = D-    : 1.94e-4
p-value of test                       :    0.22

Anderson-Darling statistic = A2       :    0.99
p-value of test                       :    0.36

-----------------------------------------------
CPU time used                    :  00:00:05.23

Generator state:




***********************************************************
HOST = soph-test-runner, Darwin

generator


svaria_SampleMean test:
-----------------------------------------------
   N = 20000000,  n = 30,  r = 10


-----------------------------------------------

Kolmogorov-Smirnov+ statistic = D+    : 2.19e-4
p-value of test                       :    0.15

Kolmogorov-Smirnov- statistic = D-    : 7.29e-6
p-value of test                       :    0.9979

Anderson-Darling statistic = A2       :    1.80
p-value of test                       :    0.12

-----------------------------------------------
CPU time used                    :  00:00:05.15

Generator state:




***********************************************************
HOST = soph-test-runner, Darwin

generator


svaria_SampleCorr test:
-----------------------------------------------
   N =  1,  n = 2000000000,  r =  0,   k = 1


-----------------------------------------------
Normal statistic                      :    1.62
p-value of test                       :    0.05

-----------------------------------------------
CPU time used                    :  00:00:06.67

Generator state:




***********************************************************
HOST = soph-test-runner, Darwin

generator


svaria_SampleCorr test:
-----------------------------------------------
   N =  1,  n = 2000000000,  r =  0,   k = 2


-----------------------------------------------
Normal statistic                      :   -0.13
p-value of test                       :    0.55

-----------------------------------------------
CPU time used                    :  00:00:06.67

Generator state:




***********************************************************
HOST = soph-test-runner, Darwin

generator


svaria_AppearanceSpacings test:
-----------------------------------------------
   N =  1,   Q = 10000000,   K = 1000000000,   r = 0,   s = 3,   L = 15

   Sequences of n = (K + Q)L =  15150000000 bits
   Q = 10000000 initialization blocks
   K = 1000000000 blocks for the test
   the blocks have L = 15 bits



-----------------------------------------------
Normal statistic                      :    0.64
p-value of test                       :    0.26

-----------------------------------------------
CPU time used                    :  00:00:15.40

Generator state:




***********************************************************
HOST = soph-test-runner, Darwin

generator


svaria_AppearanceSpacings test:
-----------------------------------------------
   N =  1,   Q = 10000000,   K = 1000000000,   r = 27,   s = 3,   L = 15

   Sequences of n = (K + Q)L =  15150000000 bits
   Q = 10000000 initialization blocks
   K = 1000000000 blocks for the test
   the blocks have L = 15 bits



-----------------------------------------------
Normal statistic                      :   -2.14
p-value of test                       :    0.98

-----------------------------------------------
CPU time used                    :  00:00:15.40

Generator state:




***********************************************************
HOST = soph-test-runner, Darwin

generator


svaria_WeightDistrib test:
-----------------------------------------------
   N =  1,  n = 20000000,  r =  0,  k = 256,  Alpha =      0,  Beta =   0.25


-----------------------------------------------
Number of degrees of freedom          :   67
Chi-square statistic                  :   91.70
p-value of test                       :    0.02

-----------------------------------------------
CPU time used                    :  00:00:16.94

Generator state:




***********************************************************
HOST = soph-test-runner, Darwin

generator


svaria_WeightDistrib test:
-----------------------------------------------
   N =  1,  n = 20000000,  r = 20,  k = 256,  Alpha =      0,  Beta =   0.25


-----------------------------------------------
Number of degrees of freedom          :   67
Chi-square statistic                  :   73.37
p-value of test                       :    0.28

-----------------------------------------------
CPU time used                    :  00:00:16.90

Generator state:




***********************************************************
HOST = soph-test-runner, Darwin

generator


svaria_WeightDistrib test:
-----------------------------------------------
   N =  1,  n = 20000000,  r = 28,  k = 256,  Alpha =      0,  Beta =   0.25


-----------------------------------------------
Number of degrees of freedom          :   67
Chi-square statistic                  :   60.05
p-value of test                       :    0.71

-----------------------------------------------
CPU time used                    :  00:00:16.90

Generator state:




***********************************************************
HOST = soph-test-runner, Darwin

generator


svaria_WeightDistrib test:
-----------------------------------------------
   N =  1,  n = 20000000,  r =  0,  k = 256,  Alpha =      0,  Beta = 0.0625


-----------------------------------------------
Number of degrees of freedom          :   37
Chi-square statistic                  :   49.43
p-value of test                       :    0.08

-----------------------------------------------
CPU time used                    :  00:00:16.96

Generator state:




***********************************************************
HOST = soph-test-runner, Darwin

generator


svaria_WeightDistrib test:
-----------------------------------------------
   N =  1,  n = 20000000,  r = 10,  k = 256,  Alpha =      0,  Beta = 0.0625


-----------------------------------------------
Number of degrees of freedom          :   37
Chi-square statistic                  :   30.65
p-value of test                       :    0.76

-----------------------------------------------
CPU time used                    :  00:00:16.92

Generator state:




***********************************************************
HOST = soph-test-runner, Darwin

generator


svaria_WeightDistrib test:
-----------------------------------------------
   N =  1,  n = 20000000,  r = 26,  k = 256,  Alpha =      0,  Beta = 0.0625


-----------------------------------------------
Number of degrees of freedom          :   37
Chi-square statistic                  :   43.91
p-value of test                       :    0.20

-----------------------------------------------
CPU time used                    :  00:00:16.90

Generator state:




***********************************************************
HOST = soph-test-runner, Darwin

generator


svaria_SumCollector test:
-----------------------------------------------
   N =  1,  n = 500000000,  r =  0,   g = 10


-----------------------------------------------
Number of degrees of freedom          :   29
Chi-square statistic                  :   25.64
p-value of test                       :    0.64

-----------------------------------------------
CPU time used                    :  00:00:41.55

Generator state:




***********************************************************
HOST = soph-test-runner, Darwin

generator


smarsa_MatrixRank test:
-----------------------------------------------
   N = 10,  n = 1000000,  r =  0,    s = 5,    L = 30,    k = 30


-----------------------------------------------

Kolmogorov-Smirnov+ statistic = D+    :    0.17
p-value of test                       :    0.51

Kolmogorov-Smirnov- statistic = D-    :   0.095
p-value of test                       :    0.79

Anderson-Darling statistic = A2       :    0.27
p-value of test                       :    0.96

Test on the sum of all N observations
Number of degrees of freedom          :   40
Chi-square statistic                  :   37.81
p-value of test                       :    0.57

-----------------------------------------------
CPU time used                    :  00:00:26.78

Generator state:




***********************************************************
HOST = soph-test-runner, Darwin

generator


smarsa_MatrixRank test:
-----------------------------------------------
   N = 10,  n = 1000000,  r = 25,    s = 5,    L = 30,    k = 30


-----------------------------------------------

Kolmogorov-Smirnov+ statistic = D+    :    0.29
p-value of test                       :    0.16

Kolmogorov-Smirnov- statistic = D-    :   0.071
p-value of test                       :    0.87

Anderson-Darling statistic = A2       :    1.10
p-value of test                       :    0.31

Test on the sum of all N observations
Number of degrees of freedom          :   40
Chi-square statistic                  :   27.92
p-value of test                       :    0.93

-----------------------------------------------
CPU time used                    :  00:00:26.76

Generator state:




***********************************************************
HOST = soph-test-runner, Darwin

generator


smarsa_MatrixRank test:
-----------------------------------------------
   N =  1,  n = 5000,  r =  0,    s = 4,    L = 1000,    k = 1000


-----------------------------------------------
Number of degrees of freedom          :    3
Chi-square statistic                  :    5.38
p-value of test                       :    0.15

-----------------------------------------------
CPU time used                    :  00:00:31.55

Generator state:




***********************************************************
HOST = soph-test-runner, Darwin

generator


smarsa_MatrixRank test:
-----------------------------------------------
   N =  1,  n = 5000,  r = 26,    s = 4,    L = 1000,    k = 1000


-----------------------------------------------
Number of degrees of freedom          :    3
Chi-square statistic                  :    4.21
p-value of test                       :    0.24

-----------------------------------------------
CPU time used                    :  00:00:31.23

Generator state:




***********************************************************
HOST = soph-test-runner, Darwin

generator


smarsa_MatrixRank test:
-----------------------------------------------
   N =  1,  n = 80,  r = 15,    s = 15,    L = 5000,    k = 5000


-----------------------------------------------
Number of degrees of freedom          :    2
Chi-square statistic                  :    4.30
p-value of test                       :    0.12

-----------------------------------------------
CPU time used                    :  00:00:26.57

Generator state:




***********************************************************
HOST = soph-test-runner, Darwin

generator


smarsa_MatrixRank test:
-----------------------------------------------
   N =  1,  n = 80,  r =  0,    s = 30,    L = 5000,    k = 5000


-----------------------------------------------
Number of degrees of freedom          :    2
Chi-square statistic                  :    0.32
p-value of test                       :    0.85

-----------------------------------------------
CPU time used                    :  00:00:22.67

Generator state:




***********************************************************
HOST = soph-test-runner, Darwin

generator


smarsa_Savir2 test:
-----------------------------------------------
   N = 10,  n = 10000000,  r = 10,    m = 1048576,    t = 30


-----------------------------------------------

Kolmogorov-Smirnov+ statistic = D+    :    0.23
p-value of test                       :    0.31

Kolmogorov-Smirnov- statistic = D-    :    0.19
p-value of test                       :    0.45

Anderson-Darling statistic = A2       :    0.47
p-value of test                       :    0.77

Test on the sum of all N observations
Number of degrees of freedom          :  130
Chi-square statistic                  :  122.04
p-value of test                       :    0.68

-----------------------------------------------
CPU time used                    :  00:00:12.38

Generator state:




***********************************************************
HOST = soph-test-runner, Darwin

generator


smarsa_GCD test:
-----------------------------------------------
   N = 10,  n = 50000000,  r =  0,   s = 30


-----------------------------------------------
Test results for GCD values:

Kolmogorov-Smirnov+ statistic = D+    :    0.25
p-value of test                       :    0.24

Kolmogorov-Smirnov- statistic = D-    :    0.11
p-value of test                       :    0.74

Anderson-Darling statistic = A2       :    0.67
p-value of test                       :    0.58

Test on the sum of all N observations
Number of degrees of freedom          : 17430
Chi-square statistic                  :17277.99
p-value of test                       :    0.79



-----------------------------------------------
CPU time used                    :  00:00:31.11

Generator state:




***********************************************************
HOST = soph-test-runner, Darwin

generator


swalk_RandomWalk1 test:
-----------------------------------------------
   N =  1,  n = 100000000,  r =  0,   s = 5,   L0 =   50,   L1 =   50



-----------------------------------------------
Test on the values of the Statistic H

Number of degrees of freedom          :   36
ChiSquare statistic                   :   54.37
p-value of test                       :    0.03


-----------------------------------------------
Test on the values of the Statistic M

Number of degrees of freedom          :   35
ChiSquare statistic                   :   21.00
p-value of test                       :    0.97


-----------------------------------------------
Test on the values of the Statistic J

Number of degrees of freedom          :   25
ChiSquare statistic                   :   26.80
p-value of test                       :    0.37


-----------------------------------------------
Test on the values of the Statistic R

Number of degrees of freedom          :   24
ChiSquare statistic                   :   29.28
p-value of test                       :    0.21


-----------------------------------------------
Test on the values of the Statistic C

Number of degrees of freedom          :   17
ChiSquare statistic                   :   12.93
p-value of test                       :    0.74


-----------------------------------------------
CPU time used                    :  00:00:16.63

Generator state:




***********************************************************
HOST = soph-test-runner, Darwin

generator


swalk_RandomWalk1 test:
-----------------------------------------------
   N =  1,  n = 100000000,  r = 25,   s = 5,   L0 =   50,   L1 =   50



-----------------------------------------------
Test on the values of the Statistic H

Number of degrees of freedom          :   36
ChiSquare statistic                   :   35.91
p-value of test                       :    0.47


-----------------------------------------------
Test on the values of the Statistic M

Number of degrees of freedom          :   35
ChiSquare statistic                   :   27.40
p-value of test                       :    0.82


-----------------------------------------------
Test on the values of the Statistic J

Number of degrees of freedom          :   25
ChiSquare statistic                   :   30.16
p-value of test                       :    0.22


-----------------------------------------------
Test on the values of the Statistic R

Number of degrees of freedom          :   24
ChiSquare statistic                   :   31.19
p-value of test                       :    0.15


-----------------------------------------------
Test on the values of the Statistic C

Number of degrees of freedom          :   17
ChiSquare statistic                   :   32.49
p-value of test                       :    0.01


-----------------------------------------------
CPU time used                    :  00:00:16.61

Generator state:




***********************************************************
HOST = soph-test-runner, Darwin

generator


swalk_RandomWalk1 test:
-----------------------------------------------
   N =  1,  n = 10000000,  r =  0,   s = 10,   L0 = 1000,   L1 = 1000



-----------------------------------------------
Test on the values of the Statistic H

Number of degrees of freedom          :  146
ChiSquare statistic                   :  141.76
p-value of test                       :    0.58


-----------------------------------------------
Test on the values of the Statistic M

Number of degrees of freedom          :  146
ChiSquare statistic                   :  147.48
p-value of test                       :    0.45


-----------------------------------------------
Test on the values of the Statistic J

Number of degrees of freedom          :  500
ChiSquare statistic                   :  575.52
p-value of test                       :    0.01


-----------------------------------------------
Test on the values of the Statistic R

Number of degrees of freedom          :  136
ChiSquare statistic                   :  138.76
p-value of test                       :    0.42


-----------------------------------------------
Test on the values of the Statistic C

Number of degrees of freedom          :   74
ChiSquare statistic                   :   70.81
p-value of test                       :    0.58


-----------------------------------------------
CPU time used                    :  00:00:21.75

Generator state:




***********************************************************
HOST = soph-test-runner, Darwin

generator


swalk_RandomWalk1 test:
-----------------------------------------------
   N =  1,  n = 10000000,  r = 20,   s = 10,   L0 = 1000,   L1 = 1000



-----------------------------------------------
Test on the values of the Statistic H

Number of degrees of freedom          :  146
ChiSquare statistic                   :  140.77
p-value of test                       :    0.61


-----------------------------------------------
Test on the values of the Statistic M

Number of degrees of freedom          :  146
ChiSquare statistic                   :  137.42
p-value of test                       :    0.68


-----------------------------------------------
Test on the values of the Statistic J

Number of degrees of freedom          :  500
ChiSquare statistic                   :  486.23
p-value of test                       :    0.66


-----------------------------------------------
Test on the values of the Statistic R

Number of degrees of freedom          :  136
ChiSquare statistic                   :  136.01
p-value of test                       :    0.48


-----------------------------------------------
Test on the values of the Statistic C

Number of degrees of freedom          :   74
ChiSquare statistic                   :   68.78
p-value of test                       :    0.65


-----------------------------------------------
CPU time used                    :  00:00:21.80

Generator state:




***********************************************************
HOST = soph-test-runner, Darwin

generator


swalk_RandomWalk1 test:
-----------------------------------------------
   N =  1,  n = 1000000,  r =  0,   s = 15,   L0 = 10000,   L1 = 10000



-----------------------------------------------
Test on the values of the Statistic H

Number of degrees of freedom          :  384
ChiSquare statistic                   :  387.99
p-value of test                       :    0.43


-----------------------------------------------
Test on the values of the Statistic M

Number of degrees of freedom          :  384
ChiSquare statistic                   :  357.68
p-value of test                       :    0.83


-----------------------------------------------
Test on the values of the Statistic J

Number of degrees of freedom          : 5000
ChiSquare statistic                   : 4955.79
p-value of test                       :    0.67


-----------------------------------------------
Test on the values of the Statistic R

Number of degrees of freedom          :  378
ChiSquare statistic                   :  377.77
p-value of test                       :    0.49


-----------------------------------------------
Test on the values of the Statistic C

Number of degrees of freedom          :  200
ChiSquare statistic                   :  167.86
p-value of test                       :    0.95


-----------------------------------------------
CPU time used                    :  00:00:19.57

Generator state:




***********************************************************
HOST = soph-test-runner, Darwin

generator


swalk_RandomWalk1 test:
-----------------------------------------------
   N =  1,  n = 1000000,  r = 15,   s = 15,   L0 = 10000,   L1 = 10000



-----------------------------------------------
Test on the values of the Statistic H

Number of degrees of freedom          :  384
ChiSquare statistic                   :  377.92
p-value of test                       :    0.58


-----------------------------------------------
Test on the values of the Statistic M

Number of degrees of freedom          :  384
ChiSquare statistic                   :  401.74
p-value of test                       :    0.26


-----------------------------------------------
Test on the values of the Statistic J

Number of degrees of freedom          : 5000
ChiSquare statistic                   : 5075.00
p-value of test                       :    0.23


-----------------------------------------------
Test on the values of the Statistic R

Number of degrees of freedom          :  378
ChiSquare statistic                   :  367.85
p-value of test                       :    0.64


-----------------------------------------------
Test on the values of the Statistic C

Number of degrees of freedom          :  200
ChiSquare statistic                   :  198.18
p-value of test                       :    0.52


-----------------------------------------------
CPU time used                    :  00:00:19.55

Generator state:




***********************************************************
HOST = soph-test-runner, Darwin

generator


scomp_LinearComp test:
-----------------------------------------------
   N =  1,  n = 400020,  r =  0,    s = 1



-----------------------------------------------
Number of degrees of freedom          :   12
Chi2 statistic for size of jumps      :   11.01
p-value of test                       :    0.53


-----------------------------------------------
Normal statistic for number of jumps  :    0.81
p-value of test                       :    0.21



-----------------------------------------------
CPU time used                    :  00:01:16.01

Generator state:




***********************************************************
HOST = soph-test-runner, Darwin

generator


scomp_LinearComp test:
-----------------------------------------------
   N =  1,  n = 400020,  r = 29,    s = 1



-----------------------------------------------
Number of degrees of freedom          :   12
Chi2 statistic for size of jumps      :    9.97
p-value of test                       :    0.62


-----------------------------------------------
Normal statistic for number of jumps  :    0.54
p-value of test                       :    0.29



-----------------------------------------------
CPU time used                    :  00:01:15.92

Generator state:




***********************************************************
HOST = soph-test-runner, Darwin

generator


scomp_LempelZiv test:
-----------------------------------------------
   N = 10,  n = 134217728,  r =  0,   s =   30,   k =   27


-----------------------------------------------

Kolmogorov-Smirnov+ statistic = D+    :    0.14
p-value of test                       :    0.61

Kolmogorov-Smirnov- statistic = D-    :    0.35
p-value of test                       :    0.06

Anderson-Darling statistic = A2       :    1.67
p-value of test                       :    0.14

Tests on the sum of all N observations
Standardized normal statistic         :    1.18
p-value of test                       :    0.12

Sample variance                       :    0.27
p-value of test                       :    0.98

-----------------------------------------------
CPU time used                    :  00:00:26.44

Generator state:




***********************************************************
HOST = soph-test-runner, Darwin

generator


scomp_LempelZiv test:
-----------------------------------------------
   N = 10,  n = 134217728,  r = 15,   s =   15,   k =   27


-----------------------------------------------

Kolmogorov-Smirnov+ statistic = D+    :    0.12
p-value of test                       :    0.68

Kolmogorov-Smirnov- statistic = D-    :    0.29
p-value of test                       :    0.16

Anderson-Darling statistic = A2       :    1.04
p-value of test                       :    0.33

Tests on the sum of all N observations
Standardized normal statistic         :    0.91
p-value of test                       :    0.18

Sample variance                       :    0.54
p-value of test                       :    0.85

-----------------------------------------------
CPU time used                    :  00:00:26.84

Generator state:




***********************************************************
HOST = soph-test-runner, Darwin

generator


sspectral_Fourier3 test:
-----------------------------------------------
   N = 100000,  n = 16384,  r =  0,   s =    3,   k =   14


-----------------------------------------------

Kolmogorov-Smirnov+ statistic = D+    :   0.013
p-value of test                       :    0.27

Kolmogorov-Smirnov- statistic = D-    :   0.014
p-value of test                       :    0.21

Anderson-Darling statistic = A2       :    1.32
p-value of test                       :    0.23

-----------------------------------------------
CPU time used                    :  00:00:05.86

Generator state:




***********************************************************
HOST = soph-test-runner, Darwin

generator


sspectral_Fourier3 test:
-----------------------------------------------
   N = 100000,  n = 16384,  r = 27,   s =    3,   k =   14


-----------------------------------------------

Kolmogorov-Smirnov+ statistic = D+    : 3.35e-3
p-value of test                       :    0.91

Kolmogorov-Smirnov- statistic = D-    :   0.011
p-value of test                       :    0.36

Anderson-Darling statistic = A2       :    0.38
p-value of test                       :    0.87

-----------------------------------------------
CPU time used                    :  00:00:05.86

Generator state:




***********************************************************
HOST = soph-test-runner, Darwin

generator


sstring_LongestHeadRun test:
-----------------------------------------------
   N =  1,  n = 1000,  r =  0,   s = 3,   L = 10000020


-----------------------------------------------
Number of degrees of freedom          :    8
Chi-square statistic                  :    8.21
p-value of test                       :    0.41

-----------------------------------------------
Global longest run of 1               :   32.00
p-value of test                       :    0.50



-----------------------------------------------
CPU time used                    :  00:00:40.82

Generator state:




***********************************************************
HOST = soph-test-runner, Darwin

generator


sstring_LongestHeadRun test:
-----------------------------------------------
   N =  1,  n = 1000,  r = 27,   s = 3,   L = 10000020


-----------------------------------------------
Number of degrees of freedom          :    8
Chi-square statistic                  :    8.87
p-value of test                       :    0.35

-----------------------------------------------
Global longest run of 1               :   33.00
p-value of test                       :    0.44



-----------------------------------------------
CPU time used                    :  00:00:40.86

Generator state:




***********************************************************
HOST = soph-test-runner, Darwin

generator


sstring_PeriodsInStrings test:
-----------------------------------------------
   N = 10,  n = 500000000,  r =  0,   s =   10


-----------------------------------------------

Kolmogorov-Smirnov+ statistic = D+    :    0.17
p-value of test                       :    0.51

Kolmogorov-Smirnov- statistic = D-    :    0.22
p-value of test                       :    0.34

Anderson-Darling statistic = A2       :    0.49
p-value of test                       :    0.76

Test on the sum of all N observations
Number of degrees of freedom          :  200
Chi-square statistic                  :  202.30
p-value of test                       :    0.44

-----------------------------------------------
CPU time used                    :  00:00:56.46

Generator state:




***********************************************************
HOST = soph-test-runner, Darwin

generator


sstring_PeriodsInStrings test:
-----------------------------------------------
   N = 10,  n = 500000000,  r = 20,   s =   10


-----------------------------------------------

Kolmogorov-Smirnov+ statistic = D+    :    0.26
p-value of test                       :    0.23

Kolmogorov-Smirnov- statistic = D-    :    0.11
p-value of test                       :    0.74

Anderson-Darling statistic = A2       :    0.48
p-value of test                       :    0.76

Test on the sum of all N observations
Number of degrees of freedom          :  200
Chi-square statistic                  :  189.30
p-value of test                       :    0.70

-----------------------------------------------
CPU time used                    :  00:00:56.46

Generator state:




***********************************************************
HOST = soph-test-runner, Darwin

generator


sstring_HammingWeight2 test:
-----------------------------------------------
   N = 10,  n = 1000000000,  r =  0,   s = 3,   L = 1000000


-----------------------------------------------

Kolmogorov-Smirnov+ statistic = D+    :    0.19
p-value of test                       :    0.43

Kolmogorov-Smirnov- statistic = D-    :    0.11
p-value of test                       :    0.74

Anderson-Darling statistic = A2       :    0.36
p-value of test                       :    0.89

Test on the sum of all N observations
Number of degrees of freedom          : 10000
Chi-square statistic                  : 9950.48
p-value of test                       :    0.64

-----------------------------------------------
CPU time used                    :  00:00:07.76

Generator state:




***********************************************************
HOST = soph-test-runner, Darwin

generator


sstring_HammingWeight2 test:
-----------------------------------------------
   N = 10,  n = 1000000000,  r = 27,   s = 3,   L = 1000000


-----------------------------------------------

Kolmogorov-Smirnov+ statistic = D+    : 7.48e-3
p-value of test                       :    0.9920

Kolmogorov-Smirnov- statistic = D-    :    0.27
p-value of test                       :    0.20

Anderson-Darling statistic = A2       :    1.69
p-value of test                       :    0.14

Test on the sum of all N observations
Number of degrees of freedom          : 10000
Chi-square statistic                  :10263.38
p-value of test                       :    0.03

-----------------------------------------------
CPU time used                    :  00:00:07.75

Generator state:




***********************************************************
HOST = soph-test-runner, Darwin

generator


sstring_HammingCorr test:
-----------------------------------------------
   N =  1,  n = 1000000000,  r = 10,   s = 10,   L = 30



-----------------------------------------------
Normal statistic                      :   -0.89
p-value of test                       :    0.81

-----------------------------------------------
CPU time used                    :  00:00:07.76

Generator state:




***********************************************************
HOST = soph-test-runner, Darwin

generator


sstring_HammingCorr test:
-----------------------------------------------
   N =  1,  n = 100000000,  r = 10,   s = 10,   L = 300



-----------------------------------------------
Normal statistic                      :   -0.27
p-value of test                       :    0.60

-----------------------------------------------
CPU time used                    :  00:00:07.56

Generator state:




***********************************************************
HOST = soph-test-runner, Darwin

generator


sstring_HammingCorr test:
-----------------------------------------------
   N =  1,  n = 100000000,  r = 10,   s = 10,   L = 1200



-----------------------------------------------
Normal statistic                      :    2.25
p-value of test                       :    0.01

-----------------------------------------------
CPU time used                    :  00:00:28.56

Generator state:




***********************************************************
HOST = soph-test-runner, Darwin

generator


sstring_HammingIndep test:
-----------------------------------------------
   N = 10,  n = 30000000,  r =  0,   s = 3,   L = 30,   d = 0



Counters with expected numbers >= 10
-----------------------------------------------

Kolmogorov-Smirnov+ statistic = D+    :    0.29
p-value of test                       :    0.16

Kolmogorov-Smirnov- statistic = D-    :   0.066
p-value of test                       :    0.88

Anderson-Darling statistic = A2       :    0.73
p-value of test                       :    0.53

Test on the sum of all N observations
Number of degrees of freedom          : 4890
Chi-square statistic                  : 4807.05
p-value of test                       :    0.80

-----------------------------------------------
CPU time used                    :  00:00:17.63

Generator state:




***********************************************************
HOST = soph-test-runner, Darwin

generator


sstring_HammingIndep test:
-----------------------------------------------
   N = 10,  n = 30000000,  r = 27,   s = 3,   L = 30,   d = 0



Counters with expected numbers >= 10
-----------------------------------------------

Kolmogorov-Smirnov+ statistic = D+    :    0.26
p-value of test                       :    0.23

Kolmogorov-Smirnov- statistic = D-    :   0.093
p-value of test                       :    0.79

Anderson-Darling statistic = A2       :    0.44
p-value of test                       :    0.80

Test on the sum of all N observations
Number of degrees of freedom          : 4890
Chi-square statistic                  : 4846.66
p-value of test                       :    0.67

-----------------------------------------------
CPU time used                    :  00:00:17.27

Generator state:




***********************************************************
HOST = soph-test-runner, Darwin

generator


sstring_HammingIndep test:
-----------------------------------------------
   N =  1,  n = 30000000,  r =  0,   s = 4,   L = 300,   d = 0



Counters with expected numbers >= 10
-----------------------------------------------
Number of degrees of freedom          : 4117
Chi-square statistic                  : 4127.19
p-value of test                       :    0.45

-----------------------------------------------
CPU time used                    :  00:00:10.88

Generator state:




***********************************************************
HOST = soph-test-runner, Darwin

generator


sstring_HammingIndep test:
-----------------------------------------------
   N =  1,  n = 30000000,  r = 26,   s = 4,   L = 300,   d = 0



Counters with expected numbers >= 10
-----------------------------------------------
Number of degrees of freedom          : 4117
Chi-square statistic                  : 4156.10
p-value of test                       :    0.33

-----------------------------------------------
CPU time used                    :  00:00:10.85

Generator state:




***********************************************************
HOST = soph-test-runner, Darwin

generator


sstring_HammingIndep test:
-----------------------------------------------
   N =  1,  n = 10000000,  r =  0,   s = 5,   L = 1200,   d = 0



Counters with expected numbers >= 10
-----------------------------------------------
Number of degrees of freedom          : 11825
Chi-square statistic                  :11699.10
p-value of test                       :    0.79

-----------------------------------------------
CPU time used                    :  00:00:11.35

Generator state:




***********************************************************
HOST = soph-test-runner, Darwin

generator


sstring_HammingIndep test:
-----------------------------------------------
   N =  1,  n = 10000000,  r = 25,   s = 5,   L = 1200,   d = 0



Counters with expected numbers >= 10
-----------------------------------------------
Number of degrees of freedom          : 11825
Chi-square statistic                  :11774.79
p-value of test                       :    0.63

-----------------------------------------------
CPU time used                    :  00:00:11.35

Generator state:




***********************************************************
HOST = soph-test-runner, Darwin

generator


sstring_Run test:
-----------------------------------------------
   N =  1,  n = 2000000000,  r =  0,   s =    3


-----------------------------------------------
Total number of 1 runs:  2000000000

Number of degrees of freedom          :   54
Chi2 statistic for number of runs     :   55.42
p-value of test                       :    0.42


-----------------------------------------------
Total number of bits:  7999813221

Normal statistic for number of bits   :   -1.48
p-value of test                       :    0.93



-----------------------------------------------
CPU time used                    :  00:00:30.85

Generator state:




***********************************************************
HOST = soph-test-runner, Darwin

generator


sstring_Run test:
-----------------------------------------------
   N =  1,  n = 2000000000,  r = 27,   s =    3


-----------------------------------------------
Total number of 1 runs:  2000000000

Number of degrees of freedom          :   54
Chi2 statistic for number of runs     :   43.64
p-value of test                       :    0.84


-----------------------------------------------
Total number of bits:  7999955247

Normal statistic for number of bits   :   -0.35
p-value of test                       :    0.64



-----------------------------------------------
CPU time used                    :  00:00:30.76

Generator state:




***********************************************************
HOST = soph-test-runner, Darwin

generator


sstring_AutoCor test:
-----------------------------------------------
   N = 10,  n = 1000000030,  r =  0,   s = 3,   d = 1


-----------------------------------------------

Kolmogorov-Smirnov+ statistic = D+    :    0.20
p-value of test                       :    0.41

Kolmogorov-Smirnov- statistic = D-    :    0.26
p-value of test                       :    0.22

Anderson-Darling statistic = A2       :    0.69
p-value of test                       :    0.56

Tests on the sum of all N observations
Standardized normal statistic         :    0.32
p-value of test                       :    0.38

Sample variance                       :    0.61
p-value of test                       :    0.79

-----------------------------------------------
CPU time used                    :  00:00:34.61

Generator state:




***********************************************************
HOST = soph-test-runner, Darwin

generator


sstring_AutoCor test:
-----------------------------------------------
   N = 10,  n = 1000000029,  r =  0,   s = 3,   d = 3


-----------------------------------------------

Kolmogorov-Smirnov+ statistic = D+    :    0.10
p-value of test                       :    0.75

Kolmogorov-Smirnov- statistic = D-    :    0.14
p-value of test                       :    0.61

Anderson-Darling statistic = A2       :    0.24
p-value of test                       :    0.98

Tests on the sum of all N observations
Standardized normal statistic         :   0.021
p-value of test                       :    0.49

Sample variance                       :    0.67
p-value of test                       :    0.74

-----------------------------------------------
CPU time used                    :  00:00:16.82

Generator state:




***********************************************************
HOST = soph-test-runner, Darwin

generator


sstring_AutoCor test:
-----------------------------------------------
   N = 10,  n = 1000000030,  r = 27,   s = 3,   d = 1


-----------------------------------------------

Kolmogorov-Smirnov+ statistic = D+    :    0.15
p-value of test                       :    0.59

Kolmogorov-Smirnov- statistic = D-    :    0.19
p-value of test                       :    0.44

Anderson-Darling statistic = A2       :    0.66
p-value of test                       :    0.59

Tests on the sum of all N observations
Standardized normal statistic         :   -0.11
p-value of test                       :    0.55

Sample variance                       :    1.92
p-value of test                       :    0.04

-----------------------------------------------
CPU time used                    :  00:00:34.57

Generator state:




***********************************************************
HOST = soph-test-runner, Darwin

generator


sstring_AutoCor test:
-----------------------------------------------
   N = 10,  n = 1000000029,  r = 27,   s = 3,   d = 3


-----------------------------------------------

Kolmogorov-Smirnov+ statistic = D+    :    0.17
p-value of test                       :    0.49

Kolmogorov-Smirnov- statistic = D-    :    0.21
p-value of test                       :    0.37

Anderson-Darling statistic = A2       :    0.75
p-value of test                       :    0.52

Tests on the sum of all N observations
Standardized normal statistic         :    0.21
p-value of test                       :    0.42

Sample variance                       :    0.31
p-value of test                       :    0.97

-----------------------------------------------
CPU time used                    :  00:00:16.81

Generator state:





========= Summary results of BigCrush =========

 Version:          TestU01 1.2.3
 Generator:        generator
 Number of statistics:  160
 Total CPU time:   01:13:24.89

 All tests were passed



