# SOPH Battery Test Log
# Suite:     bigcrush
# Seed:      ffff
# Generator: $HOME/Desktop/SOPH_ALGO/bin/soph_v3 --gen --seed-hex ffff --bytes 0
# Date:      2026-03-22 21:22:40
#======================================================================

xxxxxxxxxxxxxxxxxxxxxxxxxxxxxxxxxxxxxxxxxxxxxxxxxxxxxxxxxxx
                 Starting BigCrush
                 Version: TestU01 1.2.3
xxxxxxxxxxxxxxxxxxxxxxxxxxxxxxxxxxxxxxxxxxxxxxxxxxxxxxxxxxx


***********************************************************
Test smarsa_SerialOver calling smultin_MultinomialOver

***********************************************************
HOST = soph-test-runner, Darwin

generator


smultin_MultinomialOver test:
-----------------------------------------------
   N =  1,  n = 1000000000,  r =  0,   d =  256,   t =  3,
       Sparse =  FALSE

       GenerCell = smultin_GenerCellSerial
       Number of cells = d^t =           16777216
       Expected number per cell =   59.604645
       Hashing =  FALSE

   For Delta > -1, we use the ChiSquare approximation
   Correction factor of the ChiSquare: 
       Delta =     1,    Mu =   0.0083558402,    Sigma =          1

-----------------------------------------------
Test Results for Delta =   1.0000

Number of degrees of freedom          : 16711680
Value of the statistic                : 1.67e+7
p-value of test                       :    0.64


-----------------------------------------------
CPU time used                    :  00:00:15.76

Generator state:




***********************************************************
Test smarsa_SerialOver calling smultin_MultinomialOver

***********************************************************
HOST = soph-test-runner, Darwin

generator


smultin_MultinomialOver test:
-----------------------------------------------
   N =  1,  n = 1000000000,  r = 22,   d =  256,   t =  3,
       Sparse =  FALSE

       GenerCell = smultin_GenerCellSerial
       Number of cells = d^t =           16777216
       Expected number per cell =   59.604645
       Hashing =  FALSE

   For Delta > -1, we use the ChiSquare approximation
   Correction factor of the ChiSquare: 
       Delta =     1,    Mu =   0.0083558402,    Sigma =          1

-----------------------------------------------
Test Results for Delta =   1.0000

Number of degrees of freedom          : 16711680
Value of the statistic                : 1.67e+7
p-value of test                       :    0.61


-----------------------------------------------
CPU time used                    :  00:00:16.25

Generator state:




***********************************************************
Test smarsa_CollisionOver calling smultin_MultinomialOver

***********************************************************
HOST = soph-test-runner, Darwin

generator


smultin_MultinomialOver test:
-----------------------------------------------
   N = 30,  n = 20000000,  r =  0,   d = 2097152,   t =  2,
       Sparse =   TRUE

       GenerCell = smultin_GenerCellSerial
       Number of cells = d^t =      4398046511104
       Expected number per cell =  1 /  219902.33
       EColl = n^2 / (2k) =  45.47473509
       Hashing =   TRUE

       Collision test

       CollisionOver:   density = n / k =  1 /  219902.33
       Expected number of collisions = Mu =      45.47


-----------------------------------------------
Results of CollisionOver test:

POISSON approximation                 :
Expected number of collisions = N*Mu  :     1364.24
Observed number of collisions         :     1392
p-value of test                       :    0.23

-----------------------------
Total number of cells containing j balls

  j =  0                              :  131940795334512
  j =  1                              :        599997216
  j =  2                              :             1392
  j =  3                              :                0
  j =  4                              :                0
  j =  5                              :                0

-----------------------------------------------
CPU time used                    :  00:00:53.76

Generator state:




***********************************************************
Test smarsa_CollisionOver calling smultin_MultinomialOver

***********************************************************
HOST = soph-test-runner, Darwin

generator


smultin_MultinomialOver test:
-----------------------------------------------
   N = 30,  n = 20000000,  r =  9,   d = 2097152,   t =  2,
       Sparse =   TRUE

       GenerCell = smultin_GenerCellSerial
       Number of cells = d^t =      4398046511104
       Expected number per cell =  1 /  219902.33
       EColl = n^2 / (2k) =  45.47473509
       Hashing =   TRUE

       Collision test

       CollisionOver:   density = n / k =  1 /  219902.33
       Expected number of collisions = Mu =      45.47


-----------------------------------------------
Results of CollisionOver test:

POISSON approximation                 :
Expected number of collisions = N*Mu  :     1364.24
Observed number of collisions         :     1354
p-value of test                       :    0.60

-----------------------------
Total number of cells containing j balls

  j =  0                              :  131940795334474
  j =  1                              :        599997292
  j =  2                              :             1354
  j =  3                              :                0
  j =  4                              :                0
  j =  5                              :                0

-----------------------------------------------
CPU time used                    :  00:00:55.59

Generator state:




***********************************************************
Test smarsa_CollisionOver calling smultin_MultinomialOver

***********************************************************
HOST = soph-test-runner, Darwin

generator


smultin_MultinomialOver test:
-----------------------------------------------
   N = 30,  n = 20000000,  r =  0,   d = 16384,   t =  3,
       Sparse =   TRUE

       GenerCell = smultin_GenerCellSerial
       Number of cells = d^t =      4398046511104
       Expected number per cell =  1 /  219902.33
       EColl = n^2 / (2k) =  45.47473509
       Hashing =   TRUE

       Collision test

       CollisionOver:   density = n / k =  1 /  219902.33
       Expected number of collisions = Mu =      45.47


-----------------------------------------------
Results of CollisionOver test:

POISSON approximation                 :
Expected number of collisions = N*Mu  :     1364.24
Observed number of collisions         :     1436
p-value of test                       :    0.03

-----------------------------
Total number of cells containing j balls

  j =  0                              :  131940795334556
  j =  1                              :        599997128
  j =  2                              :             1436
  j =  3                              :                0
  j =  4                              :                0
  j =  5                              :                0

-----------------------------------------------
CPU time used                    :  00:01:08.59

Generator state:




***********************************************************
Test smarsa_CollisionOver calling smultin_MultinomialOver

***********************************************************
HOST = soph-test-runner, Darwin

generator


smultin_MultinomialOver test:
-----------------------------------------------
   N = 30,  n = 20000000,  r = 16,   d = 16384,   t =  3,
       Sparse =   TRUE

       GenerCell = smultin_GenerCellSerial
       Number of cells = d^t =      4398046511104
       Expected number per cell =  1 /  219902.33
       EColl = n^2 / (2k) =  45.47473509
       Hashing =   TRUE

       Collision test

       CollisionOver:   density = n / k =  1 /  219902.33
       Expected number of collisions = Mu =      45.47


-----------------------------------------------
Results of CollisionOver test:

POISSON approximation                 :
Expected number of collisions = N*Mu  :     1364.24
Observed number of collisions         :     1362
p-value of test                       :    0.52

-----------------------------
Total number of cells containing j balls

  j =  0                              :  131940795334482
  j =  1                              :        599997276
  j =  2                              :             1362
  j =  3                              :                0
  j =  4                              :                0
  j =  5                              :                0

-----------------------------------------------
CPU time used                    :  00:01:11.29

Generator state:




***********************************************************
Test smarsa_CollisionOver calling smultin_MultinomialOver

***********************************************************
HOST = soph-test-runner, Darwin

generator


smultin_MultinomialOver test:
-----------------------------------------------
   N = 30,  n = 20000000,  r =  0,   d =   64,   t =  7,
       Sparse =   TRUE

       GenerCell = smultin_GenerCellSerial
       Number of cells = d^t =      4398046511104
       Expected number per cell =  1 /  219902.33
       EColl = n^2 / (2k) =  45.47473509
       Hashing =   TRUE

       Collision test

       CollisionOver:   density = n / k =  1 /  219902.33
       Expected number of collisions = Mu =      45.47


-----------------------------------------------
Results of CollisionOver test:

POISSON approximation                 :
Expected number of collisions = N*Mu  :     1364.24
Observed number of collisions         :     1427
p-value of test                       :    0.05

-----------------------------
Total number of cells containing j balls

  j =  0                              :  131940795334547
  j =  1                              :        599997146
  j =  2                              :             1427
  j =  3                              :                0
  j =  4                              :                0
  j =  5                              :                0

-----------------------------------------------
CPU time used                    :  00:01:10.35

Generator state:




***********************************************************
Test smarsa_CollisionOver calling smultin_MultinomialOver

***********************************************************
HOST = soph-test-runner, Darwin

generator


smultin_MultinomialOver test:
-----------------------------------------------
   N = 30,  n = 20000000,  r = 24,   d =   64,   t =  7,
       Sparse =   TRUE

       GenerCell = smultin_GenerCellSerial
       Number of cells = d^t =      4398046511104
       Expected number per cell =  1 /  219902.33
       EColl = n^2 / (2k) =  45.47473509
       Hashing =   TRUE

       Collision test

       CollisionOver:   density = n / k =  1 /  219902.33
       Expected number of collisions = Mu =      45.47


-----------------------------------------------
Results of CollisionOver test:

POISSON approximation                 :
Expected number of collisions = N*Mu  :     1364.24
Observed number of collisions         :     1384
p-value of test                       :    0.30

-----------------------------
Total number of cells containing j balls

  j =  0                              :  131940795334504
  j =  1                              :        599997232
  j =  2                              :             1384
  j =  3                              :                0
  j =  4                              :                0
  j =  5                              :                0

-----------------------------------------------
CPU time used                    :  00:01:12.69

Generator state:




***********************************************************
Test smarsa_CollisionOver calling smultin_MultinomialOver

***********************************************************
HOST = soph-test-runner, Darwin

generator


smultin_MultinomialOver test:
-----------------------------------------------
   N = 30,  n = 20000000,  r =  0,   d =    8,   t = 14,
       Sparse =   TRUE

       GenerCell = smultin_GenerCellSerial
       Number of cells = d^t =      4398046511104
       Expected number per cell =  1 /  219902.33
       EColl = n^2 / (2k) =  45.47473509
       Hashing =   TRUE

       Collision test

       CollisionOver:   density = n / k =  1 /  219902.33
       Expected number of collisions = Mu =      45.47


-----------------------------------------------
Results of CollisionOver test:

POISSON approximation                 :
Expected number of collisions = N*Mu  :     1364.24
Observed number of collisions         :     1222
p-value of test                       : 1 -  4.8e-5    *****

-----------------------------
Total number of cells containing j balls

  j =  0                              :  131940795334342
  j =  1                              :        599997556
  j =  2                              :             1222
  j =  3                              :                0
  j =  4                              :                0
  j =  5                              :                0

-----------------------------------------------
CPU time used                    :  00:01:09.69

Generator state:




***********************************************************
Test smarsa_CollisionOver calling smultin_MultinomialOver

***********************************************************
HOST = soph-test-runner, Darwin

generator


smultin_MultinomialOver test:
-----------------------------------------------
   N = 30,  n = 20000000,  r = 27,   d =    8,   t = 14,
       Sparse =   TRUE

       GenerCell = smultin_GenerCellSerial
       Number of cells = d^t =      4398046511104
       Expected number per cell =  1 /  219902.33
       EColl = n^2 / (2k) =  45.47473509
       Hashing =   TRUE

       Collision test

       CollisionOver:   density = n / k =  1 /  219902.33
       Expected number of collisions = Mu =      45.47


-----------------------------------------------
Results of CollisionOver test:

POISSON approximation                 :
Expected number of collisions = N*Mu  :     1364.24
Observed number of collisions         :     1387
p-value of test                       :    0.27

-----------------------------
Total number of cells containing j balls

  j =  0                              :  131940795334507
  j =  1                              :        599997226
  j =  2                              :             1387
  j =  3                              :                0
  j =  4                              :                0
  j =  5                              :                0

-----------------------------------------------
CPU time used                    :  00:01:12.20

Generator state:




***********************************************************
Test smarsa_CollisionOver calling smultin_MultinomialOver

***********************************************************
HOST = soph-test-runner, Darwin

generator


smultin_MultinomialOver test:
-----------------------------------------------
   N = 30,  n = 20000000,  r =  0,   d =    4,   t = 21,
       Sparse =   TRUE

       GenerCell = smultin_GenerCellSerial
       Number of cells = d^t =      4398046511104
       Expected number per cell =  1 /  219902.33
       EColl = n^2 / (2k) =  45.47473509
       Hashing =   TRUE

       Collision test

       CollisionOver:   density = n / k =  1 /  219902.33
       Expected number of collisions = Mu =      45.47


-----------------------------------------------
Results of CollisionOver test:

POISSON approximation                 :
Expected number of collisions = N*Mu  :     1364.24
Observed number of collisions         :     1329
p-value of test                       :    0.83

-----------------------------
Total number of cells containing j balls

  j =  0                              :  131940795334449
  j =  1                              :        599997342
  j =  2                              :             1329
  j =  3                              :                0
  j =  4                              :                0
  j =  5                              :                0

-----------------------------------------------
CPU time used                    :  00:01:09.04

Generator state:




***********************************************************
Test smarsa_CollisionOver calling smultin_MultinomialOver

***********************************************************
HOST = soph-test-runner, Darwin

generator


smultin_MultinomialOver test:
-----------------------------------------------
   N = 30,  n = 20000000,  r = 28,   d =    4,   t = 21,
       Sparse =   TRUE

       GenerCell = smultin_GenerCellSerial
       Number of cells = d^t =      4398046511104
       Expected number per cell =  1 /  219902.33
       EColl = n^2 / (2k) =  45.47473509
       Hashing =   TRUE

       Collision test

       CollisionOver:   density = n / k =  1 /  219902.33
       Expected number of collisions = Mu =      45.47


-----------------------------------------------
Results of CollisionOver test:

POISSON approximation                 :
Expected number of collisions = N*Mu  :     1364.24
Observed number of collisions         :     1350
p-value of test                       :    0.64

-----------------------------
Total number of cells containing j balls

  j =  0                              :  131940795334470
  j =  1                              :        599997300
  j =  2                              :             1350
  j =  3                              :                0
  j =  4                              :                0
  j =  5                              :                0

-----------------------------------------------
CPU time used                    :  00:01:11.52

Generator state:




***********************************************************
HOST = soph-test-runner, Darwin

generator


smarsa_BirthdaySpacings test:
-----------------------------------------------
   N = 100,  n = 10000000,  r =  0,    d = 2147483648,    t = 2,    p = 1


      Number of cells = d^t = 4611686018427387904
      Lambda = Poisson mean =      54.2101


----------------------------------------------------
Total expected number = N*Lambda      :    5421.01
Total observed number                 :    5294
p-value of test                       :    0.96


-----------------------------------------------
CPU time used                    :  00:02:12.96

Generator state:




***********************************************************
HOST = soph-test-runner, Darwin

generator


smarsa_BirthdaySpacings test:
-----------------------------------------------
   N = 20,  n = 20000000,  r =  0,    d = 2097152,    t = 3,    p = 1


      Number of cells = d^t = 9223372036854775808
      Lambda = Poisson mean =     216.8404


----------------------------------------------------
Total expected number = N*Lambda      :    4336.81
Total observed number                 :    4358
p-value of test                       :    0.38


-----------------------------------------------
CPU time used                    :  00:00:56.48

Generator state:




***********************************************************
HOST = soph-test-runner, Darwin

generator


smarsa_BirthdaySpacings test:
-----------------------------------------------
   N = 20,  n = 30000000,  r = 14,    d = 65536,    t = 4,    p = 1


      Number of cells = d^t = 18446744073709551616
      Lambda = Poisson mean =     365.9182


----------------------------------------------------
Total expected number = N*Lambda      :    7318.36
Total observed number                 :    7292
p-value of test                       :    0.62


-----------------------------------------------
CPU time used                    :  00:01:28.49

Generator state:




***********************************************************
HOST = soph-test-runner, Darwin

generator


smarsa_BirthdaySpacings test:
-----------------------------------------------
   N = 20,  n = 20000000,  r =  0,    d = 512,    t = 7,    p = 1


      Number of cells = d^t = 9223372036854775808
      Lambda = Poisson mean =     216.8404


----------------------------------------------------
Total expected number = N*Lambda      :    4336.81
Total observed number                 :    4331
p-value of test                       :    0.53


-----------------------------------------------
CPU time used                    :  00:01:02.43

Generator state:




***********************************************************
HOST = soph-test-runner, Darwin

generator


smarsa_BirthdaySpacings test:
-----------------------------------------------
   N = 20,  n = 20000000,  r =  7,    d = 512,    t = 7,    p = 1


      Number of cells = d^t = 9223372036854775808
      Lambda = Poisson mean =     216.8404


----------------------------------------------------
Total expected number = N*Lambda      :    4336.81
Total observed number                 :    4158
p-value of test                       :    0.9968


-----------------------------------------------
CPU time used                    :  00:01:02.27

Generator state:




***********************************************************
HOST = soph-test-runner, Darwin

generator


smarsa_BirthdaySpacings test:
-----------------------------------------------
   N = 20,  n = 30000000,  r = 14,    d = 256,    t = 8,    p = 1


      Number of cells = d^t = 18446744073709551616
      Lambda = Poisson mean =     365.9182


----------------------------------------------------
Total expected number = N*Lambda      :    7318.36
Total observed number                 :    7242
p-value of test                       :    0.81


-----------------------------------------------
CPU time used                    :  00:01:37.05

Generator state:




***********************************************************
HOST = soph-test-runner, Darwin

generator


smarsa_BirthdaySpacings test:
-----------------------------------------------
   N = 20,  n = 30000000,  r = 22,    d = 256,    t = 8,    p = 1


      Number of cells = d^t = 18446744073709551616
      Lambda = Poisson mean =     365.9182


----------------------------------------------------
Total expected number = N*Lambda      :    7318.36
Total observed number                 :    7299
p-value of test                       :    0.59


-----------------------------------------------
CPU time used                    :  00:01:36.96

Generator state:




***********************************************************
HOST = soph-test-runner, Darwin

generator


smarsa_BirthdaySpacings test:
-----------------------------------------------
   N = 20,  n = 30000000,  r =  0,    d = 16,    t = 16,    p = 1


      Number of cells = d^t = 18446744073709551616
      Lambda = Poisson mean =     365.9182


----------------------------------------------------
Total expected number = N*Lambda      :    7318.36
Total observed number                 :    7307
p-value of test                       :    0.55


-----------------------------------------------
CPU time used                    :  00:01:55.72

Generator state:




***********************************************************
HOST = soph-test-runner, Darwin

generator


smarsa_BirthdaySpacings test:
-----------------------------------------------
   N = 20,  n = 30000000,  r = 26,    d = 16,    t = 16,    p = 1


      Number of cells = d^t = 18446744073709551616
      Lambda = Poisson mean =     365.9182


----------------------------------------------------
Total expected number = N*Lambda      :    7318.36
Total observed number                 :    7125
p-value of test                       :    0.99


-----------------------------------------------
CPU time used                    :  00:01:54.09

Generator state:




***********************************************************
HOST = soph-test-runner, Darwin

generator


snpair_ClosePairs test:
-----------------------------------------------
   N = 30,  n = 6000000,  r =  0,  t = 3,  p = 0,  m = 30,  Torus =  TRUE


---------------------------------------
Test based on the 2 nearest points (NP):

Stat. AD on the N values (NP)         :    0.40
p-value of test                       :    0.85


A2 test based on the spacings between the
   successive jump times of process Y_n(t):

A2 test on the values of A2 (m-NP)    :    0.85
p-value of test                       :    0.45

Test on the Nm values of W_{n,i}(mNP1):    1.74
p-value of test                       :    0.13

Test on the jump times of Y
   (superposition of Yn):

Expected number of jumps of Y = mN    :     900
Number of jumps of Y                  :     871
p-value of test                       :    0.83

Stat. AD (mNP2)                       :    0.73
p-value of test                       :    0.54

Stat. AD after spacings (mNP2-S)      :    1.29
p-value of test                       :    0.24

-----------------------------------------------
CPU time used                    :  00:00:46.01

Generator state:




***********************************************************
HOST = soph-test-runner, Darwin

generator


snpair_ClosePairs test:
-----------------------------------------------
   N = 20,  n = 4000000,  r =  0,  t = 5,  p = 0,  m = 30,  Torus =  TRUE


---------------------------------------
Test based on the 2 nearest points (NP):

Stat. AD on the N values (NP)         :    1.60
p-value of test                       :    0.16


A2 test based on the spacings between the
   successive jump times of process Y_n(t):

A2 test on the values of A2 (m-NP)    :    0.35
p-value of test                       :    0.90

Test on the Nm values of W_{n,i}(mNP1):    0.95
p-value of test                       :    0.38

Test on the jump times of Y
   (superposition of Yn):

Expected number of jumps of Y = mN    :     600
Number of jumps of Y                  :     590
p-value of test                       :    0.65

Stat. AD (mNP2)                       :    1.93
p-value of test                       :    0.10

Stat. AD after spacings (mNP2-S)      :    1.26
p-value of test                       :    0.24

-----------------------------------------------
CPU time used                    :  00:00:33.20

Generator state:




***********************************************************
HOST = soph-test-runner, Darwin

generator


snpair_ClosePairs test:
-----------------------------------------------
   N = 10,  n = 3000000,  r =  0,  t = 9,  p = 0,  m = 30,  Torus =  TRUE


---------------------------------------
Test based on the 2 nearest points (NP):

Stat. AD on the N values (NP)         :    0.83
p-value of test                       :    0.46


A2 test based on the spacings between the
   successive jump times of process Y_n(t):

A2 test on the values of A2 (m-NP)    :    1.76
p-value of test                       :    0.13

Test on the Nm values of W_{n,i}(mNP1):    1.13
p-value of test                       :    0.30

Test on the jump times of Y
   (superposition of Yn):

Expected number of jumps of Y = mN    :     300
Number of jumps of Y                  :     315
p-value of test                       :    0.20

Stat. AD (mNP2)                       :    0.34
p-value of test                       :    0.91

Stat. AD after spacings (mNP2-S)      :    0.39
p-value of test                       :    0.86

-----------------------------------------------
CPU time used                    :  00:01:02.43

Generator state:




***********************************************************
HOST = soph-test-runner, Darwin

generator


snpair_ClosePairs test:
-----------------------------------------------
   N =  5,  n = 2000000,  r =  0,  t = 16,  p = 0,  m = 30,  Torus =  TRUE


---------------------------------------
Test based on the 2 nearest points (NP):

Stat. AD on the N values (NP)         :    1.93
p-value of test                       :    0.10


A2 test based on the spacings between the
   successive jump times of process Y_n(t):

A2 test on the values of A2 (m-NP)    :    0.35
p-value of test                       :    0.89

Test on the Nm values of W_{n,i}(mNP1):    0.96
p-value of test                       :    0.38

Test on the jump times of Y
   (superposition of Yn):

Expected number of jumps of Y = mN    :     150
Number of jumps of Y                  :     167
p-value of test                       :    0.09

Stat. AD (mNP2)                       :    2.37
p-value of test                       :    0.06

Stat. AD after spacings (mNP2-S)      :    1.49
p-value of test                       :    0.18

-----------------------------------------------
CPU time used                    :  00:01:25.06

Generator state:




***********************************************************
HOST = soph-test-runner, Darwin

generator


sknuth_SimpPoker test:
-----------------------------------------------
   N =  1,  n = 400000000,  r =  0,   d =    8,   k =    8


-----------------------------------------------
Number of degrees of freedom          :    7
Chi-square statistic                  :    8.77
p-value of test                       :    0.27

-----------------------------------------------
CPU time used                    :  00:00:23.53

Generator state:




***********************************************************
HOST = soph-test-runner, Darwin

generator


sknuth_SimpPoker test:
-----------------------------------------------
   N =  1,  n = 400000000,  r = 27,   d =    8,   k =    8


-----------------------------------------------
Number of degrees of freedom          :    7
Chi-square statistic                  :   19.17
p-value of test                       :  7.7e-3

-----------------------------------------------
CPU time used                    :  00:00:26.42

Generator state:




***********************************************************
HOST = soph-test-runner, Darwin

generator


sknuth_SimpPoker test:
-----------------------------------------------
   N =  1,  n = 100000000,  r =  0,   d =   32,   k =   32


-----------------------------------------------
Number of degrees of freedom          :   18
Chi-square statistic                  :   12.70
p-value of test                       :    0.81

-----------------------------------------------
CPU time used                    :  00:00:24.45

Generator state:




***********************************************************
HOST = soph-test-runner, Darwin

generator


sknuth_SimpPoker test:
-----------------------------------------------
   N =  1,  n = 100000000,  r = 25,   d =   32,   k =   32


-----------------------------------------------
Number of degrees of freedom          :   18
Chi-square statistic                  :   29.70
p-value of test                       :    0.04

-----------------------------------------------
CPU time used                    :  00:00:27.84

Generator state:




***********************************************************
HOST = soph-test-runner, Darwin

generator


sknuth_CouponCollector test:
-----------------------------------------------
   N =  1,  n = 200000000,  r =  0,   d =    8


-----------------------------------------------
Number of degrees of freedom          :   54
Chi-square statistic                  :   65.98
p-value of test                       :    0.13

-----------------------------------------------
CPU time used                    :  00:00:28.57

Generator state:




***********************************************************
HOST = soph-test-runner, Darwin

generator


sknuth_CouponCollector test:
-----------------------------------------------
   N =  1,  n = 200000000,  r = 10,   d =    8


-----------------------------------------------
Number of degrees of freedom          :   54
Chi-square statistic                  :   44.00
p-value of test                       :    0.83

-----------------------------------------------
CPU time used                    :  00:00:31.96

Generator state:




***********************************************************
HOST = soph-test-runner, Darwin

generator


sknuth_CouponCollector test:
-----------------------------------------------
   N =  1,  n = 200000000,  r = 20,   d =    8


-----------------------------------------------
Number of degrees of freedom          :   54
Chi-square statistic                  :   56.74
p-value of test                       :    0.37

-----------------------------------------------
CPU time used                    :  00:00:32.00

Generator state:




***********************************************************
HOST = soph-test-runner, Darwin

generator


sknuth_CouponCollector test:
-----------------------------------------------
   N =  1,  n = 200000000,  r = 27,   d =    8


-----------------------------------------------
Number of degrees of freedom          :   54
Chi-square statistic                  :   63.56
p-value of test                       :    0.18

-----------------------------------------------
CPU time used                    :  00:00:32.04

Generator state:




***********************************************************
HOST = soph-test-runner, Darwin

generator


sknuth_Gap test:
-----------------------------------------------
   N =  1,  n = 500000000,  r =  0,   Alpha =        0,   Beta  =   0.0625


-----------------------------------------------
Number of degrees of freedom          :  232
Chi-square statistic                  :  243.97
p-value of test                       :    0.28

-----------------------------------------------
CPU time used                    :  00:00:30.32

Generator state:




***********************************************************
HOST = soph-test-runner, Darwin

generator


sknuth_Gap test:
-----------------------------------------------
   N =  1,  n = 300000000,  r = 25,   Alpha =        0,   Beta  =  0.03125


-----------------------------------------------
Number of degrees of freedom          :  434
Chi-square statistic                  :  381.66
p-value of test                       :    0.97

-----------------------------------------------
CPU time used                    :  00:00:34.78

Generator state:




***********************************************************
HOST = soph-test-runner, Darwin

generator


sknuth_Gap test:
-----------------------------------------------
   N =  1,  n = 100000000,  r =  0,   Alpha =        0,   Beta  = 0.0078125


-----------------------------------------------
Number of degrees of freedom          : 1437
Chi-square statistic                  : 1368.34
p-value of test                       :    0.90

-----------------------------------------------
CPU time used                    :  00:00:42.92

Generator state:




***********************************************************
HOST = soph-test-runner, Darwin

generator


sknuth_Gap test:
-----------------------------------------------
   N =  1,  n = 10000000,  r = 20,   Alpha =        0,   Beta  = 0.000976562


-----------------------------------------------
Number of degrees of freedom          : 7046
Chi-square statistic                  : 7092.88
p-value of test                       :    0.34

-----------------------------------------------
CPU time used                    :  00:00:33.80

Generator state:




***********************************************************
HOST = soph-test-runner, Darwin

generator


sknuth_Run test:
-----------------------------------------------
   N =  5,  n = 1000000000,  r =  0,   Up = FALSE


-----------------------------------------------

Kolmogorov-Smirnov+ statistic = D+    :    0.21
p-value of test                       :    0.57

Kolmogorov-Smirnov- statistic = D-    :    0.37
p-value of test                       :    0.20

Anderson-Darling statistic = A2       :    0.94
p-value of test                       :    0.39

Test on the sum of all N observations
Number of degrees of freedom          :   30
Chi-square statistic                  :   31.83
p-value of test                       :    0.38

-----------------------------------------------
CPU time used                    :  00:00:32.28

Generator state:




***********************************************************
HOST = soph-test-runner, Darwin

generator


sknuth_Run test:
-----------------------------------------------
   N = 10,  n = 1000000000,  r = 15,   Up =  TRUE


-----------------------------------------------

Kolmogorov-Smirnov+ statistic = D+    :   0.069
p-value of test                       :    0.87

Kolmogorov-Smirnov- statistic = D-    :    0.29
p-value of test                       :    0.15

Anderson-Darling statistic = A2       :    0.78
p-value of test                       :    0.49

Test on the sum of all N observations
Number of degrees of freedom          :   60
Chi-square statistic                  :   70.80
p-value of test                       :    0.16

-----------------------------------------------
CPU time used                    :  00:01:15.48

Generator state:




***********************************************************
Test sknuth_Permutation calling smultin_Multinomial

***********************************************************
HOST = soph-test-runner, Darwin

generator


smultin_Multinomial test:
-----------------------------------------------
   N =  1,  n = 1000000000,  r =  5,   t =  3,
       Sparse =  FALSE

       GenerCell = smultin_GenerCellPermut
       Number of cells = t! =                  6
       Expected number per cell =  1.6666667e+08
       Hashing =  FALSE

   For Delta > -1, we use the ChiSquare approximation
   Correction factor of the ChiSquare: 
       Delta =     1,    Mu =  2.5000002e-09,    Sigma =          1

-----------------------------------------------
Test Results for Delta =   1.0000

Number of degrees of freedom          :    5
Value of the statistic                :    5.07
p-value of test                       :    0.41


-----------------------------------------------
CPU time used                    :  00:00:14.03

Generator state:




***********************************************************
Test sknuth_Permutation calling smultin_Multinomial

***********************************************************
HOST = soph-test-runner, Darwin

generator


smultin_Multinomial test:
-----------------------------------------------
   N =  1,  n = 1000000000,  r =  5,   t =  5,
       Sparse =  FALSE

       GenerCell = smultin_GenerCellPermut
       Number of cells = t! =                120
       Expected number per cell =   8333333.3
       Hashing =  FALSE

   For Delta > -1, we use the ChiSquare approximation
   Correction factor of the ChiSquare: 
       Delta =     1,    Mu =  5.9500005e-08,    Sigma =          1

-----------------------------------------------
Test Results for Delta =   1.0000

Number of degrees of freedom          :  119
Value of the statistic                :  106.43
p-value of test                       :    0.79


-----------------------------------------------
CPU time used                    :  00:00:44.26

Generator state:




***********************************************************
Test sknuth_Permutation calling smultin_Multinomial

***********************************************************
HOST = soph-test-runner, Darwin

generator


smultin_Multinomial test:
-----------------------------------------------
   N =  1,  n = 500000000,  r =  5,   t =  7,
       Sparse =  FALSE

       GenerCell = smultin_GenerCellPermut
       Number of cells = t! =               5040
       Expected number per cell =   99206.349
       Hashing =  FALSE

   For Delta > -1, we use the ChiSquare approximation
   Correction factor of the ChiSquare: 
       Delta =     1,    Mu =  5.0390004e-06,    Sigma =          1

-----------------------------------------------
Test Results for Delta =   1.0000

Number of degrees of freedom          : 5039
Value of the statistic                : 4982.22
p-value of test                       :    0.71


-----------------------------------------------
CPU time used                    :  00:00:46.21

Generator state:




***********************************************************
Test sknuth_Permutation calling smultin_Multinomial

***********************************************************
HOST = soph-test-runner, Darwin

generator


smultin_Multinomial test:
-----------------------------------------------
   N =  1,  n = 500000000,  r = 10,   t = 10,
       Sparse =  FALSE

       GenerCell = smultin_GenerCellPermut
       Number of cells = t! =            3628800
       Expected number per cell =    137.7866
       Hashing =  FALSE

   For Delta > -1, we use the ChiSquare approximation
   Correction factor of the ChiSquare: 
       Delta =     1,    Mu =   0.0036287993,    Sigma =          1

-----------------------------------------------
Test Results for Delta =   1.0000

Number of degrees of freedom          : 3628799
Value of the statistic                : 3.63e+6
p-value of test                       :    0.30


-----------------------------------------------
CPU time used                    :  00:01:37.94

Generator state:




***********************************************************
Test sknuth_CollisionPermut calling smultin_Multinomial

***********************************************************
HOST = soph-test-runner, Darwin

generator


smultin_Multinomial test:
-----------------------------------------------
   N = 20,  n = 20000000,  r =  0,   t = 14,
       Sparse =   TRUE

       GenerCell = smultin_GenerCellPermut
       Number of cells = t! =        87178291200
       Expected number per cell =  1 /  4358.9146
       EColl = n^2 / (2k) =   2294.14912
       Hashing =   TRUE

       Collision test,    Mu =      2293.9736,    Sigma =    47.8841

-----------------------------------------------
Test Results for Collisions

For the total number of collisions, we use
      the Poisson approximation:
Expected number of collisions = N*Mu  :    45879.47
Observed number of collisions         :    45899
p-value of test                       :    0.46


-----------------------------
Total number of cells containing j balls

  j =  0                              :    1743165869899
  j =  1                              :        399908204
  j =  2                              :            45895
  j =  3                              :                2
  j =  4                              :                0
  j =  5                              :                0

-----------------------------------------------
CPU time used                    :  00:03:28.23

Generator state:




***********************************************************
Test sknuth_CollisionPermut calling smultin_Multinomial

***********************************************************
HOST = soph-test-runner, Darwin

generator


smultin_Multinomial test:
-----------------------------------------------
   N = 20,  n = 20000000,  r = 10,   t = 14,
       Sparse =   TRUE

       GenerCell = smultin_GenerCellPermut
       Number of cells = t! =        87178291200
       Expected number per cell =  1 /  4358.9146
       EColl = n^2 / (2k) =   2294.14912
       Hashing =   TRUE

       Collision test,    Mu =      2293.9736,    Sigma =    47.8841

-----------------------------------------------
Test Results for Collisions

For the total number of collisions, we use
      the Poisson approximation:
Expected number of collisions = N*Mu  :    45879.47
Observed number of collisions         :    46190
p-value of test                       :    0.07


-----------------------------
Total number of cells containing j balls

  j =  0                              :    1743165870190
  j =  1                              :        399907623
  j =  2                              :            46184
  j =  3                              :                3
  j =  4                              :                0
  j =  5                              :                0

-----------------------------------------------
CPU time used                    :  00:03:29.94

Generator state:




***********************************************************
HOST = soph-test-runner, Darwin

generator


sknuth_MaxOft test:
-----------------------------------------------
   N = 40,  n = 10000000,  r =  0,   d = 100000,   t =  8

      Number of categories = 100000
      Expected number per category  = 100.00


-----------------------------------------------
Test results for chi2 with 99999 degrees of freedom:

Kolmogorov-Smirnov+ statistic = D+    :   0.032
p-value of test                       :    0.90

Kolmogorov-Smirnov- statistic = D-    :    0.11
p-value of test                       :    0.38

Anderson-Darling statistic = A2       :    0.65
p-value of test                       :    0.60

Test on the sum of all N observations
Number of degrees of freedom          : 3999960
Chi-square statistic                  : 4.00e+6
p-value of test                       :    0.17


-----------------------------------------------
Test results for Anderson-Darling:

Kolmogorov-Smirnov+ statistic = D+    :    0.15
p-value of test                       :    0.13

Kolmogorov-Smirnov- statistic = D-    :   0.023
p-value of test                       :    0.94

Anderson-Darling statistic = A2       :    1.42
p-value of test                       :    0.20


-----------------------------------------------
CPU time used                    :  00:00:56.94

Generator state:




***********************************************************
HOST = soph-test-runner, Darwin

generator


sknuth_MaxOft test:
-----------------------------------------------
   N = 30,  n = 10000000,  r =  0,   d = 100000,   t = 16

      Number of categories = 100000
      Expected number per category  = 100.00


-----------------------------------------------
Test results for chi2 with 99999 degrees of freedom:

Kolmogorov-Smirnov+ statistic = D+    : 3.74e-3
p-value of test                       :    0.9958

Kolmogorov-Smirnov- statistic = D-    :    0.25
p-value of test                       :    0.02

Anderson-Darling statistic = A2       :    2.51
p-value of test                       :    0.05

Test on the sum of all N observations
Number of degrees of freedom          : 2999970
Chi-square statistic                  : 3.01e+6
p-value of test                       :    0.02


-----------------------------------------------
Test results for Anderson-Darling:

Kolmogorov-Smirnov+ statistic = D+    :   0.073
p-value of test                       :    0.70

Kolmogorov-Smirnov- statistic = D-    :   0.085
p-value of test                       :    0.62

Anderson-Darling statistic = A2       :    0.34
p-value of test                       :    0.91


-----------------------------------------------
CPU time used                    :  00:00:52.03

Generator state:




***********************************************************
HOST = soph-test-runner, Darwin

generator


sknuth_MaxOft test:
-----------------------------------------------
   N = 20,  n = 10000000,  r =  0,   d = 100000,   t = 24

      Number of categories = 100000
      Expected number per category  = 100.00


-----------------------------------------------
Test results for chi2 with 99999 degrees of freedom:

Kolmogorov-Smirnov+ statistic = D+    :    0.20
p-value of test                       :    0.19

Kolmogorov-Smirnov- statistic = D-    :   0.031
p-value of test                       :    0.94

Anderson-Darling statistic = A2       :    0.79
p-value of test                       :    0.49

Test on the sum of all N observations
Number of degrees of freedom          : 1999980
Chi-square statistic                  : 2.00e+6
p-value of test                       :    0.85


-----------------------------------------------
Test results for Anderson-Darling:

Kolmogorov-Smirnov+ statistic = D+    :    0.16
p-value of test                       :    0.31

Kolmogorov-Smirnov- statistic = D-    :   0.099
p-value of test                       :    0.63

Anderson-Darling statistic = A2       :    0.57
p-value of test                       :    0.67


-----------------------------------------------
CPU time used                    :  00:00:40.51

Generator state:




***********************************************************
HOST = soph-test-runner, Darwin

generator


sknuth_MaxOft test:
-----------------------------------------------
   N = 20,  n = 10000000,  r =  0,   d = 100000,   t = 32

      Number of categories = 100000
      Expected number per category  = 100.00


-----------------------------------------------
Test results for chi2 with 99999 degrees of freedom:

Kolmogorov-Smirnov+ statistic = D+    :    0.16
p-value of test                       :    0.34

Kolmogorov-Smirnov- statistic = D-    :    0.10
p-value of test                       :    0.61

Anderson-Darling statistic = A2       :    0.76
p-value of test                       :    0.51

Test on the sum of all N observations
Number of degrees of freedom          : 1999980
Chi-square statistic                  : 2.00e+6
p-value of test                       :    0.76


-----------------------------------------------
Test results for Anderson-Darling:

Kolmogorov-Smirnov+ statistic = D+    :   0.094
p-value of test                       :    0.66

Kolmogorov-Smirnov- statistic = D-    :    0.12
p-value of test                       :    0.50

Anderson-Darling statistic = A2       :    0.34
p-value of test                       :    0.90


-----------------------------------------------
CPU time used                    :  00:00:46.44

Generator state:




***********************************************************
HOST = soph-test-runner, Darwin

generator


svaria_SampleProd test:
-----------------------------------------------
   N = 40,  n = 10000000,  r =  0,   t = 8


-----------------------------------------------

Kolmogorov-Smirnov+ statistic = D+    :    0.11
p-value of test                       :    0.37

Kolmogorov-Smirnov- statistic = D-    :   0.035
p-value of test                       :    0.89

Anderson-Darling statistic = A2       :    0.56
p-value of test                       :    0.68

-----------------------------------------------
CPU time used                    :  00:00:46.67

Generator state:




***********************************************************
HOST = soph-test-runner, Darwin

generator


svaria_SampleProd test:
-----------------------------------------------
   N = 20,  n = 10000000,  r =  0,   t = 16


-----------------------------------------------

Kolmogorov-Smirnov+ statistic = D+    :    0.19
p-value of test                       :    0.21

Kolmogorov-Smirnov- statistic = D-    :   0.049
p-value of test                       :    0.88

Anderson-Darling statistic = A2       :    1.09
p-value of test                       :    0.31

-----------------------------------------------
CPU time used                    :  00:00:30.73

Generator state:




***********************************************************
HOST = soph-test-runner, Darwin

generator


svaria_SampleProd test:
-----------------------------------------------
   N = 20,  n = 10000000,  r =  0,   t = 24


-----------------------------------------------

Kolmogorov-Smirnov+ statistic = D+    :    0.12
p-value of test                       :    0.53

Kolmogorov-Smirnov- statistic = D-    :    0.15
p-value of test                       :    0.39

Anderson-Darling statistic = A2       :    0.57
p-value of test                       :    0.67

-----------------------------------------------
CPU time used                    :  00:00:38.09

Generator state:




***********************************************************
HOST = soph-test-runner, Darwin

generator


svaria_SampleMean test:
-----------------------------------------------
   N = 20000000,  n = 30,  r =  0


-----------------------------------------------

Kolmogorov-Smirnov+ statistic = D+    : 2.15e-4
p-value of test                       :    0.16

Kolmogorov-Smirnov- statistic = D-    : 3.54e-5
p-value of test                       :    0.95

Anderson-Darling statistic = A2       :    1.17
p-value of test                       :    0.28

-----------------------------------------------
CPU time used                    :  00:00:05.23

Generator state:




***********************************************************
HOST = soph-test-runner, Darwin

generator


svaria_SampleMean test:
-----------------------------------------------
   N = 20000000,  n = 30,  r = 10


-----------------------------------------------

Kolmogorov-Smirnov+ statistic = D+    : 1.10e-4
p-value of test                       :    0.62

Kolmogorov-Smirnov- statistic = D-    : 1.04e-4
p-value of test                       :    0.65

Anderson-Darling statistic = A2       :    0.30
p-value of test                       :    0.94

-----------------------------------------------
CPU time used                    :  00:00:05.21

Generator state:




***********************************************************
HOST = soph-test-runner, Darwin

generator


svaria_SampleCorr test:
-----------------------------------------------
   N =  1,  n = 2000000000,  r =  0,   k = 1


-----------------------------------------------
Normal statistic                      :    0.11
p-value of test                       :    0.46

-----------------------------------------------
CPU time used                    :  00:00:06.71

Generator state:




***********************************************************
HOST = soph-test-runner, Darwin

generator


svaria_SampleCorr test:
-----------------------------------------------
   N =  1,  n = 2000000000,  r =  0,   k = 2


-----------------------------------------------
Normal statistic                      :   -0.24
p-value of test                       :    0.60

-----------------------------------------------
CPU time used                    :  00:00:06.71

Generator state:




***********************************************************
HOST = soph-test-runner, Darwin

generator


svaria_AppearanceSpacings test:
-----------------------------------------------
   N =  1,   Q = 10000000,   K = 1000000000,   r = 0,   s = 3,   L = 15

   Sequences of n = (K + Q)L =  15150000000 bits
   Q = 10000000 initialization blocks
   K = 1000000000 blocks for the test
   the blocks have L = 15 bits



-----------------------------------------------
Normal statistic                      :   -0.65
p-value of test                       :    0.74

-----------------------------------------------
CPU time used                    :  00:00:15.67

Generator state:




***********************************************************
HOST = soph-test-runner, Darwin

generator


svaria_AppearanceSpacings test:
-----------------------------------------------
   N =  1,   Q = 10000000,   K = 1000000000,   r = 27,   s = 3,   L = 15

   Sequences of n = (K + Q)L =  15150000000 bits
   Q = 10000000 initialization blocks
   K = 1000000000 blocks for the test
   the blocks have L = 15 bits



-----------------------------------------------
Normal statistic                      :   -0.22
p-value of test                       :    0.59

-----------------------------------------------
CPU time used                    :  00:00:15.67

Generator state:




***********************************************************
HOST = soph-test-runner, Darwin

generator


svaria_WeightDistrib test:
-----------------------------------------------
   N =  1,  n = 20000000,  r =  0,  k = 256,  Alpha =      0,  Beta =   0.25


-----------------------------------------------
Number of degrees of freedom          :   67
Chi-square statistic                  :   82.29
p-value of test                       :    0.10

-----------------------------------------------
CPU time used                    :  00:00:17.05

Generator state:




***********************************************************
HOST = soph-test-runner, Darwin

generator


svaria_WeightDistrib test:
-----------------------------------------------
   N =  1,  n = 20000000,  r = 20,  k = 256,  Alpha =      0,  Beta =   0.25


-----------------------------------------------
Number of degrees of freedom          :   67
Chi-square statistic                  :   59.58
p-value of test                       :    0.73

-----------------------------------------------
CPU time used                    :  00:00:16.98

Generator state:




***********************************************************
HOST = soph-test-runner, Darwin

generator


svaria_WeightDistrib test:
-----------------------------------------------
   N =  1,  n = 20000000,  r = 28,  k = 256,  Alpha =      0,  Beta =   0.25


-----------------------------------------------
Number of degrees of freedom          :   67
Chi-square statistic                  :   73.95
p-value of test                       :    0.26

-----------------------------------------------
CPU time used                    :  00:00:16.98

Generator state:




***********************************************************
HOST = soph-test-runner, Darwin

generator


svaria_WeightDistrib test:
-----------------------------------------------
   N =  1,  n = 20000000,  r =  0,  k = 256,  Alpha =      0,  Beta = 0.0625


-----------------------------------------------
Number of degrees of freedom          :   37
Chi-square statistic                  :   30.12
p-value of test                       :    0.78

-----------------------------------------------
CPU time used                    :  00:00:17.03

Generator state:




***********************************************************
HOST = soph-test-runner, Darwin

generator


svaria_WeightDistrib test:
-----------------------------------------------
   N =  1,  n = 20000000,  r = 10,  k = 256,  Alpha =      0,  Beta = 0.0625


-----------------------------------------------
Number of degrees of freedom          :   37
Chi-square statistic                  :   38.25
p-value of test                       :    0.41

-----------------------------------------------
CPU time used                    :  00:00:17.00

Generator state:




***********************************************************
HOST = soph-test-runner, Darwin

generator


svaria_WeightDistrib test:
-----------------------------------------------
   N =  1,  n = 20000000,  r = 26,  k = 256,  Alpha =      0,  Beta = 0.0625


-----------------------------------------------
Number of degrees of freedom          :   37
Chi-square statistic                  :   39.04
p-value of test                       :    0.38

-----------------------------------------------
CPU time used                    :  00:00:16.96

Generator state:




***********************************************************
HOST = soph-test-runner, Darwin

generator


svaria_SumCollector test:
-----------------------------------------------
   N =  1,  n = 500000000,  r =  0,   g = 10


-----------------------------------------------
Number of degrees of freedom          :   29
Chi-square statistic                  :   26.15
p-value of test                       :    0.62

-----------------------------------------------
CPU time used                    :  00:00:41.98

Generator state:




***********************************************************
HOST = soph-test-runner, Darwin

generator


smarsa_MatrixRank test:
-----------------------------------------------
   N = 10,  n = 1000000,  r =  0,    s = 5,    L = 30,    k = 30


-----------------------------------------------

Kolmogorov-Smirnov+ statistic = D+    :    0.11
p-value of test                       :    0.74

Kolmogorov-Smirnov- statistic = D-    :    0.18
p-value of test                       :    0.46

Anderson-Darling statistic = A2       :    0.42
p-value of test                       :    0.83

Test on the sum of all N observations
Number of degrees of freedom          :   40
Chi-square statistic                  :   41.67
p-value of test                       :    0.40

-----------------------------------------------
CPU time used                    :  00:00:26.90

Generator state:




***********************************************************
HOST = soph-test-runner, Darwin

generator


smarsa_MatrixRank test:
-----------------------------------------------
   N = 10,  n = 1000000,  r = 25,    s = 5,    L = 30,    k = 30


-----------------------------------------------

Kolmogorov-Smirnov+ statistic = D+    :    0.12
p-value of test                       :    0.69

Kolmogorov-Smirnov- statistic = D-    :    0.15
p-value of test                       :    0.58

Anderson-Darling statistic = A2       :    0.34
p-value of test                       :    0.90

Test on the sum of all N observations
Number of degrees of freedom          :   40
Chi-square statistic                  :   40.05
p-value of test                       :    0.47

-----------------------------------------------
CPU time used                    :  00:00:26.98

Generator state:




***********************************************************
HOST = soph-test-runner, Darwin

generator


smarsa_MatrixRank test:
-----------------------------------------------
   N =  1,  n = 5000,  r =  0,    s = 4,    L = 1000,    k = 1000


-----------------------------------------------
Number of degrees of freedom          :    3
Chi-square statistic                  :    2.05
p-value of test                       :    0.56

-----------------------------------------------
CPU time used                    :  00:00:31.44

Generator state:




***********************************************************
HOST = soph-test-runner, Darwin

generator


smarsa_MatrixRank test:
-----------------------------------------------
   N =  1,  n = 5000,  r = 26,    s = 4,    L = 1000,    k = 1000


-----------------------------------------------
Number of degrees of freedom          :    3
Chi-square statistic                  :    2.29
p-value of test                       :    0.52

-----------------------------------------------
CPU time used                    :  00:00:31.44

Generator state:




***********************************************************
HOST = soph-test-runner, Darwin

generator


smarsa_MatrixRank test:
-----------------------------------------------
   N =  1,  n = 80,  r = 15,    s = 15,    L = 5000,    k = 5000


-----------------------------------------------
Number of degrees of freedom          :    2
Chi-square statistic                  :    1.79
p-value of test                       :    0.41

-----------------------------------------------
CPU time used                    :  00:00:26.73

Generator state:




***********************************************************
HOST = soph-test-runner, Darwin

generator


smarsa_MatrixRank test:
-----------------------------------------------
   N =  1,  n = 80,  r =  0,    s = 30,    L = 5000,    k = 5000


-----------------------------------------------
Number of degrees of freedom          :    2
Chi-square statistic                  :    2.36
p-value of test                       :    0.31

-----------------------------------------------
CPU time used                    :  00:00:22.63

Generator state:




***********************************************************
HOST = soph-test-runner, Darwin

generator


smarsa_Savir2 test:
-----------------------------------------------
   N = 10,  n = 10000000,  r = 10,    m = 1048576,    t = 30


-----------------------------------------------

Kolmogorov-Smirnov+ statistic = D+    :    0.29
p-value of test                       :    0.15

Kolmogorov-Smirnov- statistic = D-    :   0.032
p-value of test                       :    0.96

Anderson-Darling statistic = A2       :    0.78
p-value of test                       :    0.49

Test on the sum of all N observations
Number of degrees of freedom          :  130
Chi-square statistic                  :  113.14
p-value of test                       :    0.85

-----------------------------------------------
CPU time used                    :  00:00:12.44

Generator state:




***********************************************************
HOST = soph-test-runner, Darwin

generator


smarsa_GCD test:
-----------------------------------------------
   N = 10,  n = 50000000,  r =  0,   s = 30


-----------------------------------------------
Test results for GCD values:

Kolmogorov-Smirnov+ statistic = D+    :    0.17
p-value of test                       :    0.52

Kolmogorov-Smirnov- statistic = D-    :    0.21
p-value of test                       :    0.38

Anderson-Darling statistic = A2       :    0.78
p-value of test                       :    0.49

Test on the sum of all N observations
Number of degrees of freedom          : 17430
Chi-square statistic                  :17463.18
p-value of test                       :    0.43



-----------------------------------------------
CPU time used                    :  00:00:31.21

Generator state:




***********************************************************
HOST = soph-test-runner, Darwin

generator


swalk_RandomWalk1 test:
-----------------------------------------------
   N =  1,  n = 100000000,  r =  0,   s = 5,   L0 =   50,   L1 =   50



-----------------------------------------------
Test on the values of the Statistic H

Number of degrees of freedom          :   36
ChiSquare statistic                   :   31.54
p-value of test                       :    0.68


-----------------------------------------------
Test on the values of the Statistic M

Number of degrees of freedom          :   35
ChiSquare statistic                   :   37.44
p-value of test                       :    0.36


-----------------------------------------------
Test on the values of the Statistic J

Number of degrees of freedom          :   25
ChiSquare statistic                   :   12.71
p-value of test                       :    0.98


-----------------------------------------------
Test on the values of the Statistic R

Number of degrees of freedom          :   24
ChiSquare statistic                   :    8.01
p-value of test                       :    0.9991    *****


-----------------------------------------------
Test on the values of the Statistic C

Number of degrees of freedom          :   17
ChiSquare statistic                   :   13.25
p-value of test                       :    0.72


-----------------------------------------------
CPU time used                    :  00:00:16.76

Generator state:




***********************************************************
HOST = soph-test-runner, Darwin

generator


swalk_RandomWalk1 test:
-----------------------------------------------
   N =  1,  n = 100000000,  r = 25,   s = 5,   L0 =   50,   L1 =   50



-----------------------------------------------
Test on the values of the Statistic H

Number of degrees of freedom          :   36
ChiSquare statistic                   :   68.35
p-value of test                       :  9.1e-4    *****


-----------------------------------------------
Test on the values of the Statistic M

Number of degrees of freedom          :   35
ChiSquare statistic                   :   36.07
p-value of test                       :    0.42


-----------------------------------------------
Test on the values of the Statistic J

Number of degrees of freedom          :   25
ChiSquare statistic                   :   17.36
p-value of test                       :    0.87


-----------------------------------------------
Test on the values of the Statistic R

Number of degrees of freedom          :   24
ChiSquare statistic                   :   24.04
p-value of test                       :    0.46


-----------------------------------------------
Test on the values of the Statistic C

Number of degrees of freedom          :   17
ChiSquare statistic                   :   25.92
p-value of test                       :    0.08


-----------------------------------------------
CPU time used                    :  00:00:16.76

Generator state:




***********************************************************
HOST = soph-test-runner, Darwin

generator


swalk_RandomWalk1 test:
-----------------------------------------------
   N =  1,  n = 10000000,  r =  0,   s = 10,   L0 = 1000,   L1 = 1000



-----------------------------------------------
Test on the values of the Statistic H

Number of degrees of freedom          :  146
ChiSquare statistic                   :  123.76
p-value of test                       :    0.91


-----------------------------------------------
Test on the values of the Statistic M

Number of degrees of freedom          :  146
ChiSquare statistic                   :  160.27
p-value of test                       :    0.20


-----------------------------------------------
Test on the values of the Statistic J

Number of degrees of freedom          :  500
ChiSquare statistic                   :  528.21
p-value of test                       :    0.18


-----------------------------------------------
Test on the values of the Statistic R

Number of degrees of freedom          :  136
ChiSquare statistic                   :  157.85
p-value of test                       :    0.10


-----------------------------------------------
Test on the values of the Statistic C

Number of degrees of freedom          :   74
ChiSquare statistic                   :   60.43
p-value of test                       :    0.87


-----------------------------------------------
CPU time used                    :  00:00:21.78

Generator state:




***********************************************************
HOST = soph-test-runner, Darwin

generator


swalk_RandomWalk1 test:
-----------------------------------------------
   N =  1,  n = 10000000,  r = 20,   s = 10,   L0 = 1000,   L1 = 1000



-----------------------------------------------
Test on the values of the Statistic H

Number of degrees of freedom          :  146
ChiSquare statistic                   :  139.57
p-value of test                       :    0.63


-----------------------------------------------
Test on the values of the Statistic M

Number of degrees of freedom          :  146
ChiSquare statistic                   :  171.34
p-value of test                       :    0.07


-----------------------------------------------
Test on the values of the Statistic J

Number of degrees of freedom          :  500
ChiSquare statistic                   :  518.06
p-value of test                       :    0.28


-----------------------------------------------
Test on the values of the Statistic R

Number of degrees of freedom          :  136
ChiSquare statistic                   :  118.09
p-value of test                       :    0.86


-----------------------------------------------
Test on the values of the Statistic C

Number of degrees of freedom          :   74
ChiSquare statistic                   :   73.85
p-value of test                       :    0.48


-----------------------------------------------
CPU time used                    :  00:00:21.88

Generator state:




***********************************************************
HOST = soph-test-runner, Darwin

generator


swalk_RandomWalk1 test:
-----------------------------------------------
   N =  1,  n = 1000000,  r =  0,   s = 15,   L0 = 10000,   L1 = 10000



-----------------------------------------------
Test on the values of the Statistic H

Number of degrees of freedom          :  384
ChiSquare statistic                   :  380.89
p-value of test                       :    0.54


-----------------------------------------------
Test on the values of the Statistic M

Number of degrees of freedom          :  384
ChiSquare statistic                   :  377.94
p-value of test                       :    0.58


-----------------------------------------------
Test on the values of the Statistic J

Number of degrees of freedom          : 5000
ChiSquare statistic                   : 4925.42
p-value of test                       :    0.77


-----------------------------------------------
Test on the values of the Statistic R

Number of degrees of freedom          :  378
ChiSquare statistic                   :  378.19
p-value of test                       :    0.49


-----------------------------------------------
Test on the values of the Statistic C

Number of degrees of freedom          :  200
ChiSquare statistic                   :  185.28
p-value of test                       :    0.76


-----------------------------------------------
CPU time used                    :  00:00:19.61

Generator state:




***********************************************************
HOST = soph-test-runner, Darwin

generator


swalk_RandomWalk1 test:
-----------------------------------------------
   N =  1,  n = 1000000,  r = 15,   s = 15,   L0 = 10000,   L1 = 10000



-----------------------------------------------
Test on the values of the Statistic H

Number of degrees of freedom          :  384
ChiSquare statistic                   :  411.91
p-value of test                       :    0.16


-----------------------------------------------
Test on the values of the Statistic M

Number of degrees of freedom          :  384
ChiSquare statistic                   :  360.36
p-value of test                       :    0.80


-----------------------------------------------
Test on the values of the Statistic J

Number of degrees of freedom          : 5000
ChiSquare statistic                   : 4891.44
p-value of test                       :    0.86


-----------------------------------------------
Test on the values of the Statistic R

Number of degrees of freedom          :  378
ChiSquare statistic                   :  381.41
p-value of test                       :    0.44


-----------------------------------------------
Test on the values of the Statistic C

Number of degrees of freedom          :  200
ChiSquare statistic                   :  212.67
p-value of test                       :    0.26


-----------------------------------------------
CPU time used                    :  00:00:19.65

Generator state:




***********************************************************
HOST = soph-test-runner, Darwin

generator


scomp_LinearComp test:
-----------------------------------------------
   N =  1,  n = 400020,  r =  0,    s = 1



-----------------------------------------------
Number of degrees of freedom          :   12
Chi2 statistic for size of jumps      :    8.00
p-value of test                       :    0.78


-----------------------------------------------
Normal statistic for number of jumps  :    0.49
p-value of test                       :    0.31



-----------------------------------------------
CPU time used                    :  00:01:16.15

Generator state:




***********************************************************
HOST = soph-test-runner, Darwin

generator


scomp_LinearComp test:
-----------------------------------------------
   N =  1,  n = 400020,  r = 29,    s = 1



-----------------------------------------------
Number of degrees of freedom          :   12
Chi2 statistic for size of jumps      :   13.89
p-value of test                       :    0.31


-----------------------------------------------
Normal statistic for number of jumps  :    1.66
p-value of test                       :    0.05



-----------------------------------------------
CPU time used                    :  00:01:16.07

Generator state:




***********************************************************
HOST = soph-test-runner, Darwin

generator


scomp_LempelZiv test:
-----------------------------------------------
   N = 10,  n = 134217728,  r =  0,   s =   30,   k =   27


-----------------------------------------------

Kolmogorov-Smirnov+ statistic = D+    :    0.30
p-value of test                       :    0.13

Kolmogorov-Smirnov- statistic = D-    :   0.063
p-value of test                       :    0.89

Anderson-Darling statistic = A2       :    1.05
p-value of test                       :    0.33

Tests on the sum of all N observations
Standardized normal statistic         :   -1.10
p-value of test                       :    0.87

Sample variance                       :    0.59
p-value of test                       :    0.81

-----------------------------------------------
CPU time used                    :  00:00:28.11

Generator state:




***********************************************************
HOST = soph-test-runner, Darwin

generator


scomp_LempelZiv test:
-----------------------------------------------
   N = 10,  n = 134217728,  r = 15,   s =   15,   k =   27


-----------------------------------------------

Kolmogorov-Smirnov+ statistic = D+    :    0.14
p-value of test                       :    0.62

Kolmogorov-Smirnov- statistic = D-    :    0.24
p-value of test                       :    0.28

Anderson-Darling statistic = A2       :    0.71
p-value of test                       :    0.55

Tests on the sum of all N observations
Standardized normal statistic         :    0.57
p-value of test                       :    0.29

Sample variance                       :    0.48
p-value of test                       :    0.89

-----------------------------------------------
CPU time used                    :  00:00:28.69

Generator state:




***********************************************************
HOST = soph-test-runner, Darwin

generator


sspectral_Fourier3 test:
-----------------------------------------------
   N = 100000,  n = 16384,  r =  0,   s =    3,   k =   14


-----------------------------------------------

Kolmogorov-Smirnov+ statistic = D+    : 4.64e-3
p-value of test                       :    0.84

Kolmogorov-Smirnov- statistic = D-    : 8.17e-3
p-value of test                       :    0.58

Anderson-Darling statistic = A2       :    0.22
p-value of test                       :    0.98

-----------------------------------------------
CPU time used                    :  00:00:05.86

Generator state:




***********************************************************
HOST = soph-test-runner, Darwin

generator


sspectral_Fourier3 test:
-----------------------------------------------
   N = 100000,  n = 16384,  r = 27,   s =    3,   k =   14


-----------------------------------------------

Kolmogorov-Smirnov+ statistic = D+    :   0.013
p-value of test                       :    0.22

Kolmogorov-Smirnov- statistic = D-    : 7.28e-3
p-value of test                       :    0.64

Anderson-Darling statistic = A2       :    0.58
p-value of test                       :    0.67

-----------------------------------------------
CPU time used                    :  00:00:05.88

Generator state:




***********************************************************
HOST = soph-test-runner, Darwin

generator


sstring_LongestHeadRun test:
-----------------------------------------------
   N =  1,  n = 1000,  r =  0,   s = 3,   L = 10000020


-----------------------------------------------
Number of degrees of freedom          :    8
Chi-square statistic                  :    9.58
p-value of test                       :    0.30

-----------------------------------------------
Global longest run of 1               :   31.00
p-value of test                       :    0.69



-----------------------------------------------
CPU time used                    :  00:00:41.21

Generator state:




***********************************************************
HOST = soph-test-runner, Darwin

generator


sstring_LongestHeadRun test:
-----------------------------------------------
   N =  1,  n = 1000,  r = 27,   s = 3,   L = 10000020


-----------------------------------------------
Number of degrees of freedom          :    8
Chi-square statistic                  :   10.31
p-value of test                       :    0.24

-----------------------------------------------
Global longest run of 1               :   31.00
p-value of test                       :    0.69



-----------------------------------------------
CPU time used                    :  00:00:41.25

Generator state:




***********************************************************
HOST = soph-test-runner, Darwin

generator


sstring_PeriodsInStrings test:
-----------------------------------------------
   N = 10,  n = 500000000,  r =  0,   s =   10


-----------------------------------------------

Kolmogorov-Smirnov+ statistic = D+    :    0.16
p-value of test                       :    0.55

Kolmogorov-Smirnov- statistic = D-    :    0.16
p-value of test                       :    0.56

Anderson-Darling statistic = A2       :    0.39
p-value of test                       :    0.86

Test on the sum of all N observations
Number of degrees of freedom          :  200
Chi-square statistic                  :  198.83
p-value of test                       :    0.51

-----------------------------------------------
CPU time used                    :  00:00:58.09

Generator state:




***********************************************************
HOST = soph-test-runner, Darwin

generator


sstring_PeriodsInStrings test:
-----------------------------------------------
   N = 10,  n = 500000000,  r = 20,   s =   10


-----------------------------------------------

Kolmogorov-Smirnov+ statistic = D+    :    0.15
p-value of test                       :    0.59

Kolmogorov-Smirnov- statistic = D-    :    0.25
p-value of test                       :    0.24

Anderson-Darling statistic = A2       :    0.84
p-value of test                       :    0.45

Test on the sum of all N observations
Number of degrees of freedom          :  200
Chi-square statistic                  :  212.00
p-value of test                       :    0.27

-----------------------------------------------
CPU time used                    :  00:00:57.82

Generator state:




***********************************************************
HOST = soph-test-runner, Darwin

generator


sstring_HammingWeight2 test:
-----------------------------------------------
   N = 10,  n = 1000000000,  r =  0,   s = 3,   L = 1000000


-----------------------------------------------

Kolmogorov-Smirnov+ statistic = D+    :    0.37
p-value of test                       :    0.05

Kolmogorov-Smirnov- statistic = D-    :    0.10
p-value of test                       :    0.76

Anderson-Darling statistic = A2       :    1.46
p-value of test                       :    0.19

Test on the sum of all N observations
Number of degrees of freedom          : 10000
Chi-square statistic                  : 9855.76
p-value of test                       :    0.85

-----------------------------------------------
CPU time used                    :  00:00:07.73

Generator state:




***********************************************************
HOST = soph-test-runner, Darwin

generator


sstring_HammingWeight2 test:
-----------------------------------------------
   N = 10,  n = 1000000000,  r = 27,   s = 3,   L = 1000000


-----------------------------------------------

Kolmogorov-Smirnov+ statistic = D+    :    0.13
p-value of test                       :    0.65

Kolmogorov-Smirnov- statistic = D-    :    0.17
p-value of test                       :    0.50

Anderson-Darling statistic = A2       :    0.42
p-value of test                       :    0.83

Test on the sum of all N observations
Number of degrees of freedom          : 10000
Chi-square statistic                  :10040.80
p-value of test                       :    0.38

-----------------------------------------------
CPU time used                    :  00:00:07.73

Generator state:




***********************************************************
HOST = soph-test-runner, Darwin

generator


sstring_HammingCorr test:
-----------------------------------------------
   N =  1,  n = 1000000000,  r = 10,   s = 10,   L = 30



-----------------------------------------------
Normal statistic                      :   -0.66
p-value of test                       :    0.75

-----------------------------------------------
CPU time used                    :  00:00:07.75

Generator state:




***********************************************************
HOST = soph-test-runner, Darwin

generator


sstring_HammingCorr test:
-----------------------------------------------
   N =  1,  n = 100000000,  r = 10,   s = 10,   L = 300



-----------------------------------------------
Normal statistic                      :   -0.10
p-value of test                       :    0.54

-----------------------------------------------
CPU time used                    :  00:00:07.56

Generator state:




***********************************************************
HOST = soph-test-runner, Darwin

generator


sstring_HammingCorr test:
-----------------------------------------------
   N =  1,  n = 100000000,  r = 10,   s = 10,   L = 1200



-----------------------------------------------
Normal statistic                      :   -1.04
p-value of test                       :    0.85

-----------------------------------------------
CPU time used                    :  00:00:28.56

Generator state:




***********************************************************
HOST = soph-test-runner, Darwin

generator


sstring_HammingIndep test:
-----------------------------------------------
   N = 10,  n = 30000000,  r =  0,   s = 3,   L = 30,   d = 0



Counters with expected numbers >= 10
-----------------------------------------------

Kolmogorov-Smirnov+ statistic = D+    :    0.23
p-value of test                       :    0.31

Kolmogorov-Smirnov- statistic = D-    :   0.077
p-value of test                       :    0.85

Anderson-Darling statistic = A2       :    0.79
p-value of test                       :    0.49

Test on the sum of all N observations
Number of degrees of freedom          : 4890
Chi-square statistic                  : 4779.39
p-value of test                       :    0.87

-----------------------------------------------
CPU time used                    :  00:00:17.72

Generator state:




***********************************************************
HOST = soph-test-runner, Darwin

generator


sstring_HammingIndep test:
-----------------------------------------------
   N = 10,  n = 30000000,  r = 27,   s = 3,   L = 30,   d = 0



Counters with expected numbers >= 10
-----------------------------------------------

Kolmogorov-Smirnov+ statistic = D+    :    0.20
p-value of test                       :    0.41

Kolmogorov-Smirnov- statistic = D-    :   0.090
p-value of test                       :    0.80

Anderson-Darling statistic = A2       :    0.43
p-value of test                       :    0.82

Test on the sum of all N observations
Number of degrees of freedom          : 4890
Chi-square statistic                  : 4819.62
p-value of test                       :    0.76

-----------------------------------------------
CPU time used                    :  00:00:17.68

Generator state:




***********************************************************
HOST = soph-test-runner, Darwin

generator


sstring_HammingIndep test:
-----------------------------------------------
   N =  1,  n = 30000000,  r =  0,   s = 4,   L = 300,   d = 0



Counters with expected numbers >= 10
-----------------------------------------------
Number of degrees of freedom          : 4117
Chi-square statistic                  : 4104.97
p-value of test                       :    0.55

-----------------------------------------------
CPU time used                    :  00:00:10.85

Generator state:




***********************************************************
HOST = soph-test-runner, Darwin

generator


sstring_HammingIndep test:
-----------------------------------------------
   N =  1,  n = 30000000,  r = 26,   s = 4,   L = 300,   d = 0



Counters with expected numbers >= 10
-----------------------------------------------
Number of degrees of freedom          : 4117
Chi-square statistic                  : 4093.98
p-value of test                       :    0.60

-----------------------------------------------
CPU time used                    :  00:00:10.85

Generator state:




***********************************************************
HOST = soph-test-runner, Darwin

generator


sstring_HammingIndep test:
-----------------------------------------------
   N =  1,  n = 10000000,  r =  0,   s = 5,   L = 1200,   d = 0



Counters with expected numbers >= 10
-----------------------------------------------
Number of degrees of freedom          : 11825
Chi-square statistic                  :11902.44
p-value of test                       :    0.31

-----------------------------------------------
CPU time used                    :  00:00:11.32

Generator state:




***********************************************************
HOST = soph-test-runner, Darwin

generator


sstring_HammingIndep test:
-----------------------------------------------
   N =  1,  n = 10000000,  r = 25,   s = 5,   L = 1200,   d = 0



Counters with expected numbers >= 10
-----------------------------------------------
Number of degrees of freedom          : 11825
Chi-square statistic                  :11881.54
p-value of test                       :    0.36

-----------------------------------------------
CPU time used                    :  00:00:11.32

Generator state:




***********************************************************
HOST = soph-test-runner, Darwin

generator


sstring_Run test:
-----------------------------------------------
   N =  1,  n = 2000000000,  r =  0,   s =    3


-----------------------------------------------
Total number of 1 runs:  2000000000

Number of degrees of freedom          :   54
Chi2 statistic for number of runs     :   54.45
p-value of test                       :    0.46


-----------------------------------------------
Total number of bits:  7999951932

Normal statistic for number of bits   :   -0.38
p-value of test                       :    0.65



-----------------------------------------------
CPU time used                    :  00:00:30.86

Generator state:




***********************************************************
HOST = soph-test-runner, Darwin

generator


sstring_Run test:
-----------------------------------------------
   N =  1,  n = 2000000000,  r = 27,   s =    3


-----------------------------------------------
Total number of 1 runs:  2000000000

Number of degrees of freedom          :   54
Chi2 statistic for number of runs     :   59.79
p-value of test                       :    0.27


-----------------------------------------------
Total number of bits:  7999982292

Normal statistic for number of bits   :   -0.14
p-value of test                       :    0.56



-----------------------------------------------
CPU time used                    :  00:00:30.93

Generator state:




***********************************************************
HOST = soph-test-runner, Darwin

generator


sstring_AutoCor test:
-----------------------------------------------
   N = 10,  n = 1000000030,  r =  0,   s = 3,   d = 1


-----------------------------------------------

Kolmogorov-Smirnov+ statistic = D+    :    0.17
p-value of test                       :    0.51

Kolmogorov-Smirnov- statistic = D-    :    0.13
p-value of test                       :    0.65

Anderson-Darling statistic = A2       :    0.48
p-value of test                       :    0.77

Tests on the sum of all N observations
Standardized normal statistic         :   -0.72
p-value of test                       :    0.76

Sample variance                       :    1.16
p-value of test                       :    0.31

-----------------------------------------------
CPU time used                    :  00:00:35.27

Generator state:




***********************************************************
HOST = soph-test-runner, Darwin

generator


sstring_AutoCor test:
-----------------------------------------------
   N = 10,  n = 1000000029,  r =  0,   s = 3,   d = 3


-----------------------------------------------

Kolmogorov-Smirnov+ statistic = D+    :    0.11
p-value of test                       :    0.73

Kolmogorov-Smirnov- statistic = D-    :    0.28
p-value of test                       :    0.16

Anderson-Darling statistic = A2       :    1.19
p-value of test                       :    0.27

Tests on the sum of all N observations
Standardized normal statistic         :    1.13
p-value of test                       :    0.13

Sample variance                       :    0.97
p-value of test                       :    0.46

-----------------------------------------------
CPU time used                    :  00:00:16.92

Generator state:




***********************************************************
HOST = soph-test-runner, Darwin

generator


sstring_AutoCor test:
-----------------------------------------------
   N = 10,  n = 1000000030,  r = 27,   s = 3,   d = 1


-----------------------------------------------

Kolmogorov-Smirnov+ statistic = D+    :   0.092
p-value of test                       :    0.80

Kolmogorov-Smirnov- statistic = D-    :    0.16
p-value of test                       :    0.54

Anderson-Darling statistic = A2       :    0.22
p-value of test                       :    0.98

Tests on the sum of all N observations
Standardized normal statistic         :    0.24
p-value of test                       :    0.40

Sample variance                       :    0.84
p-value of test                       :    0.58

-----------------------------------------------
CPU time used                    :  00:00:35.19

Generator state:




***********************************************************
HOST = soph-test-runner, Darwin

generator


sstring_AutoCor test:
-----------------------------------------------
   N = 10,  n = 1000000029,  r = 27,   s = 3,   d = 3


-----------------------------------------------

Kolmogorov-Smirnov+ statistic = D+    :    0.15
p-value of test                       :    0.57

Kolmogorov-Smirnov- statistic = D-    :    0.38
p-value of test                       :    0.04

Anderson-Darling statistic = A2       :    1.76
p-value of test                       :    0.13

Tests on the sum of all N observations
Standardized normal statistic         :    1.04
p-value of test                       :    0.15

Sample variance                       :    0.53
p-value of test                       :    0.86

-----------------------------------------------
CPU time used                    :  00:00:16.98

Generator state:





========= Summary results of BigCrush =========

 Version:          TestU01 1.2.3
 Generator:        generator
 Number of statistics:  160
 Total CPU time:   01:13:38.89
 The following tests gave p-values outside [0.001, 0.9990]:
 (eps  means a value < 1.0e-300):
 (eps1 means a value < 1.0e-15):

       Test                          p-value
 ----------------------------------------------
  9  CollisionOver, t = 14          1 -  4.8e-5
 74  RandomWalk1 R (L=50, r=0)       0.9991 
 75  RandomWalk1 H (L=50, r=25)      9.1e-4
 ----------------------------------------------
 All other tests were passed



