# SOPH Battery Test Log
# Suite:     bigcrush
# Seed:      01
# Generator: $HOME/Desktop/SOPH_ALGO/bin/soph_v3 --gen --seed-hex 01 --bytes 0
# Date:      2026-03-22 10:49:21
#======================================================================

xxxxxxxxxxxxxxxxxxxxxxxxxxxxxxxxxxxxxxxxxxxxxxxxxxxxxxxxxxx
                 Starting BigCrush
                 Version: TestU01 1.2.3
xxxxxxxxxxxxxxxxxxxxxxxxxxxxxxxxxxxxxxxxxxxxxxxxxxxxxxxxxxx


***********************************************************
Test smarsa_SerialOver calling smultin_MultinomialOver

***********************************************************
HOST = soph-test-runner, Darwin

generator


smultin_MultinomialOver test:
-----------------------------------------------
   N =  1,  n = 1000000000,  r =  0,   d =  256,   t =  3,
       Sparse =  FALSE

       GenerCell = smultin_GenerCellSerial
       Number of cells = d^t =           16777216
       Expected number per cell =   59.604645
       Hashing =  FALSE

   For Delta > -1, we use the ChiSquare approximation
   Correction factor of the ChiSquare: 
       Delta =     1,    Mu =   0.0083558402,    Sigma =          1

-----------------------------------------------
Test Results for Delta =   1.0000

Number of degrees of freedom          : 16711680
Value of the statistic                : 1.67e+7
p-value of test                       :    0.88


-----------------------------------------------
CPU time used                    :  00:00:15.78

Generator state:




***********************************************************
Test smarsa_SerialOver calling smultin_MultinomialOver

***********************************************************
HOST = soph-test-runner, Darwin

generator


smultin_MultinomialOver test:
-----------------------------------------------
   N =  1,  n = 1000000000,  r = 22,   d =  256,   t =  3,
       Sparse =  FALSE

       GenerCell = smultin_GenerCellSerial
       Number of cells = d^t =           16777216
       Expected number per cell =   59.604645
       Hashing =  FALSE

   For Delta > -1, we use the ChiSquare approximation
   Correction factor of the ChiSquare: 
       Delta =     1,    Mu =   0.0083558402,    Sigma =          1

-----------------------------------------------
Test Results for Delta =   1.0000

Number of degrees of freedom          : 16711680
Value of the statistic                : 1.67e+7
p-value of test                       :    0.58


-----------------------------------------------
CPU time used                    :  00:00:16.23

Generator state:




***********************************************************
Test smarsa_CollisionOver calling smultin_MultinomialOver

***********************************************************
HOST = soph-test-runner, Darwin

generator


smultin_MultinomialOver test:
-----------------------------------------------
   N = 30,  n = 20000000,  r =  0,   d = 2097152,   t =  2,
       Sparse =   TRUE

       GenerCell = smultin_GenerCellSerial
       Number of cells = d^t =      4398046511104
       Expected number per cell =  1 /  219902.33
       EColl = n^2 / (2k) =  45.47473509
       Hashing =   TRUE

       Collision test

       CollisionOver:   density = n / k =  1 /  219902.33
       Expected number of collisions = Mu =      45.47


-----------------------------------------------
Results of CollisionOver test:

POISSON approximation                 :
Expected number of collisions = N*Mu  :     1364.24
Observed number of collisions         :     1417
p-value of test                       :    0.08

-----------------------------
Total number of cells containing j balls

  j =  0                              :  131940795334537
  j =  1                              :        599997166
  j =  2                              :             1417
  j =  3                              :                0
  j =  4                              :                0
  j =  5                              :                0

-----------------------------------------------
CPU time used                    :  00:00:53.96

Generator state:




***********************************************************
Test smarsa_CollisionOver calling smultin_MultinomialOver

***********************************************************
HOST = soph-test-runner, Darwin

generator


smultin_MultinomialOver test:
-----------------------------------------------
   N = 30,  n = 20000000,  r =  9,   d = 2097152,   t =  2,
       Sparse =   TRUE

       GenerCell = smultin_GenerCellSerial
       Number of cells = d^t =      4398046511104
       Expected number per cell =  1 /  219902.33
       EColl = n^2 / (2k) =  45.47473509
       Hashing =   TRUE

       Collision test

       CollisionOver:   density = n / k =  1 /  219902.33
       Expected number of collisions = Mu =      45.47


-----------------------------------------------
Results of CollisionOver test:

POISSON approximation                 :
Expected number of collisions = N*Mu  :     1364.24
Observed number of collisions         :     1368
p-value of test                       :    0.46

-----------------------------
Total number of cells containing j balls

  j =  0                              :  131940795334488
  j =  1                              :        599997264
  j =  2                              :             1368
  j =  3                              :                0
  j =  4                              :                0
  j =  5                              :                0

-----------------------------------------------
CPU time used                    :  00:00:55.61

Generator state:




***********************************************************
Test smarsa_CollisionOver calling smultin_MultinomialOver

***********************************************************
HOST = soph-test-runner, Darwin

generator


smultin_MultinomialOver test:
-----------------------------------------------
   N = 30,  n = 20000000,  r =  0,   d = 16384,   t =  3,
       Sparse =   TRUE

       GenerCell = smultin_GenerCellSerial
       Number of cells = d^t =      4398046511104
       Expected number per cell =  1 /  219902.33
       EColl = n^2 / (2k) =  45.47473509
       Hashing =   TRUE

       Collision test

       CollisionOver:   density = n / k =  1 /  219902.33
       Expected number of collisions = Mu =      45.47


-----------------------------------------------
Results of CollisionOver test:

POISSON approximation                 :
Expected number of collisions = N*Mu  :     1364.24
Observed number of collisions         :     1335
p-value of test                       :    0.78

-----------------------------
Total number of cells containing j balls

  j =  0                              :  131940795334455
  j =  1                              :        599997330
  j =  2                              :             1335
  j =  3                              :                0
  j =  4                              :                0
  j =  5                              :                0

-----------------------------------------------
CPU time used                    :  00:01:08.49

Generator state:




***********************************************************
Test smarsa_CollisionOver calling smultin_MultinomialOver

***********************************************************
HOST = soph-test-runner, Darwin

generator


smultin_MultinomialOver test:
-----------------------------------------------
   N = 30,  n = 20000000,  r = 16,   d = 16384,   t =  3,
       Sparse =   TRUE

       GenerCell = smultin_GenerCellSerial
       Number of cells = d^t =      4398046511104
       Expected number per cell =  1 /  219902.33
       EColl = n^2 / (2k) =  45.47473509
       Hashing =   TRUE

       Collision test

       CollisionOver:   density = n / k =  1 /  219902.33
       Expected number of collisions = Mu =      45.47


-----------------------------------------------
Results of CollisionOver test:

POISSON approximation                 :
Expected number of collisions = N*Mu  :     1364.24
Observed number of collisions         :     1376
p-value of test                       :    0.38

-----------------------------
Total number of cells containing j balls

  j =  0                              :  131940795334496
  j =  1                              :        599997248
  j =  2                              :             1376
  j =  3                              :                0
  j =  4                              :                0
  j =  5                              :                0

-----------------------------------------------
CPU time used                    :  00:01:11.07

Generator state:




***********************************************************
Test smarsa_CollisionOver calling smultin_MultinomialOver

***********************************************************
HOST = soph-test-runner, Darwin

generator


smultin_MultinomialOver test:
-----------------------------------------------
   N = 30,  n = 20000000,  r =  0,   d =   64,   t =  7,
       Sparse =   TRUE

       GenerCell = smultin_GenerCellSerial
       Number of cells = d^t =      4398046511104
       Expected number per cell =  1 /  219902.33
       EColl = n^2 / (2k) =  45.47473509
       Hashing =   TRUE

       Collision test

       CollisionOver:   density = n / k =  1 /  219902.33
       Expected number of collisions = Mu =      45.47


-----------------------------------------------
Results of CollisionOver test:

POISSON approximation                 :
Expected number of collisions = N*Mu  :     1364.24
Observed number of collisions         :     1420
p-value of test                       :    0.07

-----------------------------
Total number of cells containing j balls

  j =  0                              :  131940795334540
  j =  1                              :        599997160
  j =  2                              :             1420
  j =  3                              :                0
  j =  4                              :                0
  j =  5                              :                0

-----------------------------------------------
CPU time used                    :  00:01:09.98

Generator state:




***********************************************************
Test smarsa_CollisionOver calling smultin_MultinomialOver

***********************************************************
HOST = soph-test-runner, Darwin

generator


smultin_MultinomialOver test:
-----------------------------------------------
   N = 30,  n = 20000000,  r = 24,   d =   64,   t =  7,
       Sparse =   TRUE

       GenerCell = smultin_GenerCellSerial
       Number of cells = d^t =      4398046511104
       Expected number per cell =  1 /  219902.33
       EColl = n^2 / (2k) =  45.47473509
       Hashing =   TRUE

       Collision test

       CollisionOver:   density = n / k =  1 /  219902.33
       Expected number of collisions = Mu =      45.47


-----------------------------------------------
Results of CollisionOver test:

POISSON approximation                 :
Expected number of collisions = N*Mu  :     1364.24
Observed number of collisions         :     1398
p-value of test                       :    0.18

-----------------------------
Total number of cells containing j balls

  j =  0                              :  131940795334518
  j =  1                              :        599997204
  j =  2                              :             1398
  j =  3                              :                0
  j =  4                              :                0
  j =  5                              :                0

-----------------------------------------------
CPU time used                    :  00:01:12.61

Generator state:




***********************************************************
Test smarsa_CollisionOver calling smultin_MultinomialOver

***********************************************************
HOST = soph-test-runner, Darwin

generator


smultin_MultinomialOver test:
-----------------------------------------------
   N = 30,  n = 20000000,  r =  0,   d =    8,   t = 14,
       Sparse =   TRUE

       GenerCell = smultin_GenerCellSerial
       Number of cells = d^t =      4398046511104
       Expected number per cell =  1 /  219902.33
       EColl = n^2 / (2k) =  45.47473509
       Hashing =   TRUE

       Collision test

       CollisionOver:   density = n / k =  1 /  219902.33
       Expected number of collisions = Mu =      45.47


-----------------------------------------------
Results of CollisionOver test:

POISSON approximation                 :
Expected number of collisions = N*Mu  :     1364.24
Observed number of collisions         :     1379
p-value of test                       :    0.35

-----------------------------
Total number of cells containing j balls

  j =  0                              :  131940795334499
  j =  1                              :        599997242
  j =  2                              :             1379
  j =  3                              :                0
  j =  4                              :                0
  j =  5                              :                0

-----------------------------------------------
CPU time used                    :  00:01:09.63

Generator state:




***********************************************************
Test smarsa_CollisionOver calling smultin_MultinomialOver

***********************************************************
HOST = soph-test-runner, Darwin

generator


smultin_MultinomialOver test:
-----------------------------------------------
   N = 30,  n = 20000000,  r = 27,   d =    8,   t = 14,
       Sparse =   TRUE

       GenerCell = smultin_GenerCellSerial
       Number of cells = d^t =      4398046511104
       Expected number per cell =  1 /  219902.33
       EColl = n^2 / (2k) =  45.47473509
       Hashing =   TRUE

       Collision test

       CollisionOver:   density = n / k =  1 /  219902.33
       Expected number of collisions = Mu =      45.47


-----------------------------------------------
Results of CollisionOver test:

POISSON approximation                 :
Expected number of collisions = N*Mu  :     1364.24
Observed number of collisions         :     1398
p-value of test                       :    0.18

-----------------------------
Total number of cells containing j balls

  j =  0                              :  131940795334518
  j =  1                              :        599997204
  j =  2                              :             1398
  j =  3                              :                0
  j =  4                              :                0
  j =  5                              :                0

-----------------------------------------------
CPU time used                    :  00:01:12.17

Generator state:




***********************************************************
Test smarsa_CollisionOver calling smultin_MultinomialOver

***********************************************************
HOST = soph-test-runner, Darwin

generator


smultin_MultinomialOver test:
-----------------------------------------------
   N = 30,  n = 20000000,  r =  0,   d =    4,   t = 21,
       Sparse =   TRUE

       GenerCell = smultin_GenerCellSerial
       Number of cells = d^t =      4398046511104
       Expected number per cell =  1 /  219902.33
       EColl = n^2 / (2k) =  45.47473509
       Hashing =   TRUE

       Collision test

       CollisionOver:   density = n / k =  1 /  219902.33
       Expected number of collisions = Mu =      45.47


-----------------------------------------------
Results of CollisionOver test:

POISSON approximation                 :
Expected number of collisions = N*Mu  :     1364.24
Observed number of collisions         :     1436
p-value of test                       :    0.03

-----------------------------
Total number of cells containing j balls

  j =  0                              :  131940795334556
  j =  1                              :        599997128
  j =  2                              :             1436
  j =  3                              :                0
  j =  4                              :                0
  j =  5                              :                0

-----------------------------------------------
CPU time used                    :  00:01:08.90

Generator state:




***********************************************************
Test smarsa_CollisionOver calling smultin_MultinomialOver

***********************************************************
HOST = soph-test-runner, Darwin

generator


smultin_MultinomialOver test:
-----------------------------------------------
   N = 30,  n = 20000000,  r = 28,   d =    4,   t = 21,
       Sparse =   TRUE

       GenerCell = smultin_GenerCellSerial
       Number of cells = d^t =      4398046511104
       Expected number per cell =  1 /  219902.33
       EColl = n^2 / (2k) =  45.47473509
       Hashing =   TRUE

       Collision test

       CollisionOver:   density = n / k =  1 /  219902.33
       Expected number of collisions = Mu =      45.47


-----------------------------------------------
Results of CollisionOver test:

POISSON approximation                 :
Expected number of collisions = N*Mu  :     1364.24
Observed number of collisions         :     1367
p-value of test                       :    0.47

-----------------------------
Total number of cells containing j balls

  j =  0                              :  131940795334487
  j =  1                              :        599997266
  j =  2                              :             1367
  j =  3                              :                0
  j =  4                              :                0
  j =  5                              :                0

-----------------------------------------------
CPU time used                    :  00:01:11.17

Generator state:




***********************************************************
HOST = soph-test-runner, Darwin

generator


smarsa_BirthdaySpacings test:
-----------------------------------------------
   N = 100,  n = 10000000,  r =  0,    d = 2147483648,    t = 2,    p = 1


      Number of cells = d^t = 4611686018427387904
      Lambda = Poisson mean =      54.2101


----------------------------------------------------
Total expected number = N*Lambda      :    5421.01
Total observed number                 :    5407
p-value of test                       :    0.57


-----------------------------------------------
CPU time used                    :  00:02:13.25

Generator state:




***********************************************************
HOST = soph-test-runner, Darwin

generator


smarsa_BirthdaySpacings test:
-----------------------------------------------
   N = 20,  n = 20000000,  r =  0,    d = 2097152,    t = 3,    p = 1


      Number of cells = d^t = 9223372036854775808
      Lambda = Poisson mean =     216.8404


----------------------------------------------------
Total expected number = N*Lambda      :    4336.81
Total observed number                 :    4469
p-value of test                       :    0.02


-----------------------------------------------
CPU time used                    :  00:00:56.71

Generator state:




***********************************************************
HOST = soph-test-runner, Darwin

generator


smarsa_BirthdaySpacings test:
-----------------------------------------------
   N = 20,  n = 30000000,  r = 14,    d = 65536,    t = 4,    p = 1


      Number of cells = d^t = 18446744073709551616
      Lambda = Poisson mean =     365.9182


----------------------------------------------------
Total expected number = N*Lambda      :    7318.36
Total observed number                 :    7277
p-value of test                       :    0.68


-----------------------------------------------
CPU time used                    :  00:01:28.75

Generator state:




***********************************************************
HOST = soph-test-runner, Darwin

generator


smarsa_BirthdaySpacings test:
-----------------------------------------------
   N = 20,  n = 20000000,  r =  0,    d = 512,    t = 7,    p = 1


      Number of cells = d^t = 9223372036854775808
      Lambda = Poisson mean =     216.8404


----------------------------------------------------
Total expected number = N*Lambda      :    4336.81
Total observed number                 :    4343
p-value of test                       :    0.46


-----------------------------------------------
CPU time used                    :  00:01:02.43

Generator state:




***********************************************************
HOST = soph-test-runner, Darwin

generator


smarsa_BirthdaySpacings test:
-----------------------------------------------
   N = 20,  n = 20000000,  r =  7,    d = 512,    t = 7,    p = 1


      Number of cells = d^t = 9223372036854775808
      Lambda = Poisson mean =     216.8404


----------------------------------------------------
Total expected number = N*Lambda      :    4336.81
Total observed number                 :    4438
p-value of test                       :    0.06


-----------------------------------------------
CPU time used                    :  00:01:02.27

Generator state:




***********************************************************
HOST = soph-test-runner, Darwin

generator


smarsa_BirthdaySpacings test:
-----------------------------------------------
   N = 20,  n = 30000000,  r = 14,    d = 256,    t = 8,    p = 1


      Number of cells = d^t = 18446744073709551616
      Lambda = Poisson mean =     365.9182


----------------------------------------------------
Total expected number = N*Lambda      :    7318.36
Total observed number                 :    7266
p-value of test                       :    0.73


-----------------------------------------------
CPU time used                    :  00:01:37.10

Generator state:




***********************************************************
HOST = soph-test-runner, Darwin

generator


smarsa_BirthdaySpacings test:
-----------------------------------------------
   N = 20,  n = 30000000,  r = 22,    d = 256,    t = 8,    p = 1


      Number of cells = d^t = 18446744073709551616
      Lambda = Poisson mean =     365.9182


----------------------------------------------------
Total expected number = N*Lambda      :    7318.36
Total observed number                 :    7317
p-value of test                       :    0.50


-----------------------------------------------
CPU time used                    :  00:01:37.08

Generator state:




***********************************************************
HOST = soph-test-runner, Darwin

generator


smarsa_BirthdaySpacings test:
-----------------------------------------------
   N = 20,  n = 30000000,  r =  0,    d = 16,    t = 16,    p = 1


      Number of cells = d^t = 18446744073709551616
      Lambda = Poisson mean =     365.9182


----------------------------------------------------
Total expected number = N*Lambda      :    7318.36
Total observed number                 :    7346
p-value of test                       :    0.37


-----------------------------------------------
CPU time used                    :  00:01:56.35

Generator state:




***********************************************************
HOST = soph-test-runner, Darwin

generator


smarsa_BirthdaySpacings test:
-----------------------------------------------
   N = 20,  n = 30000000,  r = 26,    d = 16,    t = 16,    p = 1


      Number of cells = d^t = 18446744073709551616
      Lambda = Poisson mean =     365.9182


----------------------------------------------------
Total expected number = N*Lambda      :    7318.36
Total observed number                 :    7198
p-value of test                       :    0.92


-----------------------------------------------
CPU time used                    :  00:01:54.28

Generator state:




***********************************************************
HOST = soph-test-runner, Darwin

generator


snpair_ClosePairs test:
-----------------------------------------------
   N = 30,  n = 6000000,  r =  0,  t = 3,  p = 0,  m = 30,  Torus =  TRUE


---------------------------------------
Test based on the 2 nearest points (NP):

Stat. AD on the N values (NP)         :    0.88
p-value of test                       :    0.43


A2 test based on the spacings between the
   successive jump times of process Y_n(t):

A2 test on the values of A2 (m-NP)    :    0.73
p-value of test                       :    0.53

Test on the Nm values of W_{n,i}(mNP1):    0.56
p-value of test                       :    0.69

Test on the jump times of Y
   (superposition of Yn):

Expected number of jumps of Y = mN    :     900
Number of jumps of Y                  :     931
p-value of test                       :    0.15

Stat. AD (mNP2)                       :    0.90
p-value of test                       :    0.41

Stat. AD after spacings (mNP2-S)      :    5.52
p-value of test                       :  1.6e-3

-----------------------------------------------
CPU time used                    :  00:00:46.35

Generator state:




***********************************************************
HOST = soph-test-runner, Darwin

generator


snpair_ClosePairs test:
-----------------------------------------------
   N = 20,  n = 4000000,  r =  0,  t = 5,  p = 0,  m = 30,  Torus =  TRUE


---------------------------------------
Test based on the 2 nearest points (NP):

Stat. AD on the N values (NP)         :    0.46
p-value of test                       :    0.78


A2 test based on the spacings between the
   successive jump times of process Y_n(t):

A2 test on the values of A2 (m-NP)    :    0.80
p-value of test                       :    0.48

Test on the Nm values of W_{n,i}(mNP1):    0.51
p-value of test                       :    0.73

Test on the jump times of Y
   (superposition of Yn):

Expected number of jumps of Y = mN    :     600
Number of jumps of Y                  :     583
p-value of test                       :    0.75

Stat. AD (mNP2)                       :    0.24
p-value of test                       :    0.97

Stat. AD after spacings (mNP2-S)      :    1.70
p-value of test                       :    0.13

-----------------------------------------------
CPU time used                    :  00:00:33.40

Generator state:




***********************************************************
HOST = soph-test-runner, Darwin

generator


snpair_ClosePairs test:
-----------------------------------------------
   N = 10,  n = 3000000,  r =  0,  t = 9,  p = 0,  m = 30,  Torus =  TRUE


---------------------------------------
Test based on the 2 nearest points (NP):

Stat. AD on the N values (NP)         :    1.61
p-value of test                       :    0.15


A2 test based on the spacings between the
   successive jump times of process Y_n(t):

A2 test on the values of A2 (m-NP)    :    0.89
p-value of test                       :    0.42

Test on the Nm values of W_{n,i}(mNP1):    1.06
p-value of test                       :    0.33

Test on the jump times of Y
   (superposition of Yn):

Expected number of jumps of Y = mN    :     300
Number of jumps of Y                  :     296
p-value of test                       :    0.58

Stat. AD (mNP2)                       :    1.99
p-value of test                       :    0.09

Stat. AD after spacings (mNP2-S)      :    2.81
p-value of test                       :    0.03

-----------------------------------------------
CPU time used                    :  00:01:02.73

Generator state:




***********************************************************
HOST = soph-test-runner, Darwin

generator


snpair_ClosePairs test:
-----------------------------------------------
   N =  5,  n = 2000000,  r =  0,  t = 16,  p = 0,  m = 30,  Torus =  TRUE


---------------------------------------
Test based on the 2 nearest points (NP):

Stat. AD on the N values (NP)         :    0.32
p-value of test                       :    0.92


A2 test based on the spacings between the
   successive jump times of process Y_n(t):

A2 test on the values of A2 (m-NP)    :    1.54
p-value of test                       :    0.17

Test on the Nm values of W_{n,i}(mNP1):    0.62
p-value of test                       :    0.63

Test on the jump times of Y
   (superposition of Yn):

Expected number of jumps of Y = mN    :     150
Number of jumps of Y                  :     154
p-value of test                       :    0.38

Stat. AD (mNP2)                       :    0.54
p-value of test                       :    0.70

Stat. AD after spacings (mNP2-S)      :    2.62
p-value of test                       :    0.04

-----------------------------------------------
CPU time used                    :  00:01:25.94

Generator state:




***********************************************************
HOST = soph-test-runner, Darwin

generator


sknuth_SimpPoker test:
-----------------------------------------------
   N =  1,  n = 400000000,  r =  0,   d =    8,   k =    8


-----------------------------------------------
Number of degrees of freedom          :    7
Chi-square statistic                  :    2.45
p-value of test                       :    0.93

-----------------------------------------------
CPU time used                    :  00:00:23.57

Generator state:




***********************************************************
HOST = soph-test-runner, Darwin

generator


sknuth_SimpPoker test:
-----------------------------------------------
   N =  1,  n = 400000000,  r = 27,   d =    8,   k =    8


-----------------------------------------------
Number of degrees of freedom          :    7
Chi-square statistic                  :    2.34
p-value of test                       :    0.94

-----------------------------------------------
CPU time used                    :  00:00:26.42

Generator state:




***********************************************************
HOST = soph-test-runner, Darwin

generator


sknuth_SimpPoker test:
-----------------------------------------------
   N =  1,  n = 100000000,  r =  0,   d =   32,   k =   32


-----------------------------------------------
Number of degrees of freedom          :   18
Chi-square statistic                  :   19.43
p-value of test                       :    0.37

-----------------------------------------------
CPU time used                    :  00:00:24.45

Generator state:




***********************************************************
HOST = soph-test-runner, Darwin

generator


sknuth_SimpPoker test:
-----------------------------------------------
   N =  1,  n = 100000000,  r = 25,   d =   32,   k =   32


-----------------------------------------------
Number of degrees of freedom          :   18
Chi-square statistic                  :   13.65
p-value of test                       :    0.75

-----------------------------------------------
CPU time used                    :  00:00:27.84

Generator state:




***********************************************************
HOST = soph-test-runner, Darwin

generator


sknuth_CouponCollector test:
-----------------------------------------------
   N =  1,  n = 200000000,  r =  0,   d =    8


-----------------------------------------------
Number of degrees of freedom          :   54
Chi-square statistic                  :   67.06
p-value of test                       :    0.11

-----------------------------------------------
CPU time used                    :  00:00:28.28

Generator state:




***********************************************************
HOST = soph-test-runner, Darwin

generator


sknuth_CouponCollector test:
-----------------------------------------------
   N =  1,  n = 200000000,  r = 10,   d =    8


-----------------------------------------------
Number of degrees of freedom          :   54
Chi-square statistic                  :   42.55
p-value of test                       :    0.87

-----------------------------------------------
CPU time used                    :  00:00:31.60

Generator state:




***********************************************************
HOST = soph-test-runner, Darwin

generator


sknuth_CouponCollector test:
-----------------------------------------------
   N =  1,  n = 200000000,  r = 20,   d =    8


-----------------------------------------------
Number of degrees of freedom          :   54
Chi-square statistic                  :   56.91
p-value of test                       :    0.37

-----------------------------------------------
CPU time used                    :  00:00:31.68

Generator state:




***********************************************************
HOST = soph-test-runner, Darwin

generator


sknuth_CouponCollector test:
-----------------------------------------------
   N =  1,  n = 200000000,  r = 27,   d =    8


-----------------------------------------------
Number of degrees of freedom          :   54
Chi-square statistic                  :   65.68
p-value of test                       :    0.13

-----------------------------------------------
CPU time used                    :  00:00:31.91

Generator state:




***********************************************************
HOST = soph-test-runner, Darwin

generator


sknuth_Gap test:
-----------------------------------------------
   N =  1,  n = 500000000,  r =  0,   Alpha =        0,   Beta  =   0.0625


-----------------------------------------------
Number of degrees of freedom          :  232
Chi-square statistic                  :  200.06
p-value of test                       :    0.94

-----------------------------------------------
CPU time used                    :  00:00:30.36

Generator state:




***********************************************************
HOST = soph-test-runner, Darwin

generator


sknuth_Gap test:
-----------------------------------------------
   N =  1,  n = 300000000,  r = 25,   Alpha =        0,   Beta  =  0.03125


-----------------------------------------------
Number of degrees of freedom          :  434
Chi-square statistic                  :  399.97
p-value of test                       :    0.88

-----------------------------------------------
CPU time used                    :  00:00:34.78

Generator state:




***********************************************************
HOST = soph-test-runner, Darwin

generator


sknuth_Gap test:
-----------------------------------------------
   N =  1,  n = 100000000,  r =  0,   Alpha =        0,   Beta  = 0.0078125


-----------------------------------------------
Number of degrees of freedom          : 1437
Chi-square statistic                  : 1462.47
p-value of test                       :    0.31

-----------------------------------------------
CPU time used                    :  00:00:42.98

Generator state:




***********************************************************
HOST = soph-test-runner, Darwin

generator


sknuth_Gap test:
-----------------------------------------------
   N =  1,  n = 10000000,  r = 20,   Alpha =        0,   Beta  = 0.000976562


-----------------------------------------------
Number of degrees of freedom          : 7046
Chi-square statistic                  : 7206.00
p-value of test                       :    0.09

-----------------------------------------------
CPU time used                    :  00:00:33.86

Generator state:




***********************************************************
HOST = soph-test-runner, Darwin

generator


sknuth_Run test:
-----------------------------------------------
   N =  5,  n = 1000000000,  r =  0,   Up = FALSE


-----------------------------------------------

Kolmogorov-Smirnov+ statistic = D+    :    0.19
p-value of test                       :    0.63

Kolmogorov-Smirnov- statistic = D-    :    0.11
p-value of test                       :    0.83

Anderson-Darling statistic = A2       :    0.43
p-value of test                       :    0.82

Test on the sum of all N observations
Number of degrees of freedom          :   30
Chi-square statistic                  :   26.23
p-value of test                       :    0.66

-----------------------------------------------
CPU time used                    :  00:00:32.34

Generator state:




***********************************************************
HOST = soph-test-runner, Darwin

generator


sknuth_Run test:
-----------------------------------------------
   N = 10,  n = 1000000000,  r = 15,   Up =  TRUE


-----------------------------------------------

Kolmogorov-Smirnov+ statistic = D+    :    0.17
p-value of test                       :    0.51

Kolmogorov-Smirnov- statistic = D-    :    0.17
p-value of test                       :    0.50

Anderson-Darling statistic = A2       :    0.33
p-value of test                       :    0.91

Test on the sum of all N observations
Number of degrees of freedom          :   60
Chi-square statistic                  :   61.33
p-value of test                       :    0.43

-----------------------------------------------
CPU time used                    :  00:01:15.25

Generator state:




***********************************************************
Test sknuth_Permutation calling smultin_Multinomial

***********************************************************
HOST = soph-test-runner, Darwin

generator


smultin_Multinomial test:
-----------------------------------------------
   N =  1,  n = 1000000000,  r =  5,   t =  3,
       Sparse =  FALSE

       GenerCell = smultin_GenerCellPermut
       Number of cells = t! =                  6
       Expected number per cell =  1.6666667e+08
       Hashing =  FALSE

   For Delta > -1, we use the ChiSquare approximation
   Correction factor of the ChiSquare: 
       Delta =     1,    Mu =  2.5000002e-09,    Sigma =          1

-----------------------------------------------
Test Results for Delta =   1.0000

Number of degrees of freedom          :    5
Value of the statistic                :    7.14
p-value of test                       :    0.21


-----------------------------------------------
CPU time used                    :  00:00:14.26

Generator state:




***********************************************************
Test sknuth_Permutation calling smultin_Multinomial

***********************************************************
HOST = soph-test-runner, Darwin

generator


smultin_Multinomial test:
-----------------------------------------------
   N =  1,  n = 1000000000,  r =  5,   t =  5,
       Sparse =  FALSE

       GenerCell = smultin_GenerCellPermut
       Number of cells = t! =                120
       Expected number per cell =   8333333.3
       Hashing =  FALSE

   For Delta > -1, we use the ChiSquare approximation
   Correction factor of the ChiSquare: 
       Delta =     1,    Mu =  5.9500005e-08,    Sigma =          1

-----------------------------------------------
Test Results for Delta =   1.0000

Number of degrees of freedom          :  119
Value of the statistic                :  168.24
p-value of test                       :  2.0e-3


-----------------------------------------------
CPU time used                    :  00:00:44.13

Generator state:




***********************************************************
Test sknuth_Permutation calling smultin_Multinomial

***********************************************************
HOST = soph-test-runner, Darwin

generator


smultin_Multinomial test:
-----------------------------------------------
   N =  1,  n = 500000000,  r =  5,   t =  7,
       Sparse =  FALSE

       GenerCell = smultin_GenerCellPermut
       Number of cells = t! =               5040
       Expected number per cell =   99206.349
       Hashing =  FALSE

   For Delta > -1, we use the ChiSquare approximation
   Correction factor of the ChiSquare: 
       Delta =     1,    Mu =  5.0390004e-06,    Sigma =          1

-----------------------------------------------
Test Results for Delta =   1.0000

Number of degrees of freedom          : 5039
Value of the statistic                : 4938.53
p-value of test                       :    0.84


-----------------------------------------------
CPU time used                    :  00:00:46.15

Generator state:




***********************************************************
Test sknuth_Permutation calling smultin_Multinomial

***********************************************************
HOST = soph-test-runner, Darwin

generator


smultin_Multinomial test:
-----------------------------------------------
   N =  1,  n = 500000000,  r = 10,   t = 10,
       Sparse =  FALSE

       GenerCell = smultin_GenerCellPermut
       Number of cells = t! =            3628800
       Expected number per cell =    137.7866
       Hashing =  FALSE

   For Delta > -1, we use the ChiSquare approximation
   Correction factor of the ChiSquare: 
       Delta =     1,    Mu =   0.0036287993,    Sigma =          1

-----------------------------------------------
Test Results for Delta =   1.0000

Number of degrees of freedom          : 3628799
Value of the statistic                : 3.63e+6
p-value of test                       :    0.60


-----------------------------------------------
CPU time used                    :  00:01:39.25

Generator state:




***********************************************************
Test sknuth_CollisionPermut calling smultin_Multinomial

***********************************************************
HOST = soph-test-runner, Darwin

generator


smultin_Multinomial test:
-----------------------------------------------
   N = 20,  n = 20000000,  r =  0,   t = 14,
       Sparse =   TRUE

       GenerCell = smultin_GenerCellPermut
       Number of cells = t! =        87178291200
       Expected number per cell =  1 /  4358.9146
       EColl = n^2 / (2k) =   2294.14912
       Hashing =   TRUE

       Collision test,    Mu =      2293.9736,    Sigma =    47.8841

-----------------------------------------------
Test Results for Collisions

For the total number of collisions, we use
      the Poisson approximation:
Expected number of collisions = N*Mu  :    45879.47
Observed number of collisions         :    45982
p-value of test                       :    0.32


-----------------------------
Total number of cells containing j balls

  j =  0                              :    1743165869982
  j =  1                              :        399908037
  j =  2                              :            45980
  j =  3                              :                1
  j =  4                              :                0
  j =  5                              :                0

-----------------------------------------------
CPU time used                    :  00:03:27.80

Generator state:




***********************************************************
Test sknuth_CollisionPermut calling smultin_Multinomial

***********************************************************
HOST = soph-test-runner, Darwin

generator


smultin_Multinomial test:
-----------------------------------------------
   N = 20,  n = 20000000,  r = 10,   t = 14,
       Sparse =   TRUE

       GenerCell = smultin_GenerCellPermut
       Number of cells = t! =        87178291200
       Expected number per cell =  1 /  4358.9146
       EColl = n^2 / (2k) =   2294.14912
       Hashing =   TRUE

       Collision test,    Mu =      2293.9736,    Sigma =    47.8841

-----------------------------------------------
Test Results for Collisions

For the total number of collisions, we use
      the Poisson approximation:
Expected number of collisions = N*Mu  :    45879.47
Observed number of collisions         :    45775
p-value of test                       :    0.69


-----------------------------
Total number of cells containing j balls

  j =  0                              :    1743165869775
  j =  1                              :        399908452
  j =  2                              :            45771
  j =  3                              :                2
  j =  4                              :                0
  j =  5                              :                0

-----------------------------------------------
CPU time used                    :  00:03:29.50

Generator state:




***********************************************************
HOST = soph-test-runner, Darwin

generator


sknuth_MaxOft test:
-----------------------------------------------
   N = 40,  n = 10000000,  r =  0,   d = 100000,   t =  8

      Number of categories = 100000
      Expected number per category  = 100.00


-----------------------------------------------
Test results for chi2 with 99999 degrees of freedom:

Kolmogorov-Smirnov+ statistic = D+    :   0.068
p-value of test                       :    0.66

Kolmogorov-Smirnov- statistic = D-    :    0.18
p-value of test                       :    0.06

Anderson-Darling statistic = A2       :    1.56
p-value of test                       :    0.16

Test on the sum of all N observations
Number of degrees of freedom          : 3999960
Chi-square statistic                  : 4.00e+6
p-value of test                       :    0.14


-----------------------------------------------
Test results for Anderson-Darling:

Kolmogorov-Smirnov+ statistic = D+    :   0.092
p-value of test                       :    0.48

Kolmogorov-Smirnov- statistic = D-    :   0.066
p-value of test                       :    0.67

Anderson-Darling statistic = A2       :    0.57
p-value of test                       :    0.68


-----------------------------------------------
CPU time used                    :  00:00:56.88

Generator state:




***********************************************************
HOST = soph-test-runner, Darwin

generator


sknuth_MaxOft test:
-----------------------------------------------
   N = 30,  n = 10000000,  r =  0,   d = 100000,   t = 16

      Number of categories = 100000
      Expected number per category  = 100.00


-----------------------------------------------
Test results for chi2 with 99999 degrees of freedom:

Kolmogorov-Smirnov+ statistic = D+    :    0.16
p-value of test                       :    0.18

Kolmogorov-Smirnov- statistic = D-    :   0.021
p-value of test                       :    0.96

Anderson-Darling statistic = A2       :    1.14
p-value of test                       :    0.29

Test on the sum of all N observations
Number of degrees of freedom          : 2999970
Chi-square statistic                  : 3.00e+6
p-value of test                       :    0.89


-----------------------------------------------
Test results for Anderson-Darling:

Kolmogorov-Smirnov+ statistic = D+    :    0.11
p-value of test                       :    0.44

Kolmogorov-Smirnov- statistic = D-    :    0.13
p-value of test                       :    0.32

Anderson-Darling statistic = A2       :    0.76
p-value of test                       :    0.51


-----------------------------------------------
CPU time used                    :  00:00:52.09

Generator state:




***********************************************************
HOST = soph-test-runner, Darwin

generator


sknuth_MaxOft test:
-----------------------------------------------
   N = 20,  n = 10000000,  r =  0,   d = 100000,   t = 24

      Number of categories = 100000
      Expected number per category  = 100.00


-----------------------------------------------
Test results for chi2 with 99999 degrees of freedom:

Kolmogorov-Smirnov+ statistic = D+    :   0.040
p-value of test                       :    0.92

Kolmogorov-Smirnov- statistic = D-    :    0.20
p-value of test                       :    0.17

Anderson-Darling statistic = A2       :    1.04
p-value of test                       :    0.33

Test on the sum of all N observations
Number of degrees of freedom          : 1999980
Chi-square statistic                  : 2.00e+6
p-value of test                       :    0.10


-----------------------------------------------
Test results for Anderson-Darling:

Kolmogorov-Smirnov+ statistic = D+    :    0.12
p-value of test                       :    0.51

Kolmogorov-Smirnov- statistic = D-    :   0.081
p-value of test                       :    0.73

Anderson-Darling statistic = A2       :    0.18
p-value of test                       :    0.9949


-----------------------------------------------
CPU time used                    :  00:00:40.44

Generator state:




***********************************************************
HOST = soph-test-runner, Darwin

generator


sknuth_MaxOft test:
-----------------------------------------------
   N = 20,  n = 10000000,  r =  0,   d = 100000,   t = 32

      Number of categories = 100000
      Expected number per category  = 100.00


-----------------------------------------------
Test results for chi2 with 99999 degrees of freedom:

Kolmogorov-Smirnov+ statistic = D+    :    0.17
p-value of test                       :    0.30

Kolmogorov-Smirnov- statistic = D-    :    0.15
p-value of test                       :    0.38

Anderson-Darling statistic = A2       :    0.62
p-value of test                       :    0.63

Test on the sum of all N observations
Number of degrees of freedom          : 1999980
Chi-square statistic                  : 2.00e+6
p-value of test                       :    0.74


-----------------------------------------------
Test results for Anderson-Darling:

Kolmogorov-Smirnov+ statistic = D+    :    0.10
p-value of test                       :    0.61

Kolmogorov-Smirnov- statistic = D-    :    0.27
p-value of test                       :    0.04

Anderson-Darling statistic = A2       :    1.23
p-value of test                       :    0.26


-----------------------------------------------
CPU time used                    :  00:00:46.48

Generator state:




***********************************************************
HOST = soph-test-runner, Darwin

generator


svaria_SampleProd test:
-----------------------------------------------
   N = 40,  n = 10000000,  r =  0,   t = 8


-----------------------------------------------

Kolmogorov-Smirnov+ statistic = D+    :   0.094
p-value of test                       :    0.47

Kolmogorov-Smirnov- statistic = D-    :    0.11
p-value of test                       :    0.37

Anderson-Darling statistic = A2       :    0.53
p-value of test                       :    0.71

-----------------------------------------------
CPU time used                    :  00:00:46.69

Generator state:




***********************************************************
HOST = soph-test-runner, Darwin

generator


svaria_SampleProd test:
-----------------------------------------------
   N = 20,  n = 10000000,  r =  0,   t = 16


-----------------------------------------------

Kolmogorov-Smirnov+ statistic = D+    :    0.24
p-value of test                       :    0.09

Kolmogorov-Smirnov- statistic = D-    :    0.13
p-value of test                       :    0.46

Anderson-Darling statistic = A2       :    1.24
p-value of test                       :    0.25

-----------------------------------------------
CPU time used                    :  00:00:30.84

Generator state:




***********************************************************
HOST = soph-test-runner, Darwin

generator


svaria_SampleProd test:
-----------------------------------------------
   N = 20,  n = 10000000,  r =  0,   t = 24


-----------------------------------------------

Kolmogorov-Smirnov+ statistic = D+    :    0.10
p-value of test                       :    0.62

Kolmogorov-Smirnov- statistic = D-    :    0.16
p-value of test                       :    0.33

Anderson-Darling statistic = A2       :    0.79
p-value of test                       :    0.48

-----------------------------------------------
CPU time used                    :  00:00:38.11

Generator state:




***********************************************************
HOST = soph-test-runner, Darwin

generator


svaria_SampleMean test:
-----------------------------------------------
   N = 20000000,  n = 30,  r =  0


-----------------------------------------------

Kolmogorov-Smirnov+ statistic = D+    : 1.50e-4
p-value of test                       :    0.41

Kolmogorov-Smirnov- statistic = D-    : 1.35e-4
p-value of test                       :    0.48

Anderson-Darling statistic = A2       :    0.54
p-value of test                       :    0.71

-----------------------------------------------
CPU time used                    :  00:00:05.26

Generator state:




***********************************************************
HOST = soph-test-runner, Darwin

generator


svaria_SampleMean test:
-----------------------------------------------
   N = 20000000,  n = 30,  r = 10


-----------------------------------------------

Kolmogorov-Smirnov+ statistic = D+    : 6.73e-5
p-value of test                       :    0.83

Kolmogorov-Smirnov- statistic = D-    : 4.41e-4
p-value of test                       :  4.2e-4    *****

Anderson-Darling statistic = A2       :    4.78
p-value of test                       :  3.7e-3

-----------------------------------------------
CPU time used                    :  00:00:05.21

Generator state:




***********************************************************
HOST = soph-test-runner, Darwin

generator


svaria_SampleCorr test:
-----------------------------------------------
   N =  1,  n = 2000000000,  r =  0,   k = 1


-----------------------------------------------
Normal statistic                      :   -0.18
p-value of test                       :    0.57

-----------------------------------------------
CPU time used                    :  00:00:06.76

Generator state:




***********************************************************
HOST = soph-test-runner, Darwin

generator


svaria_SampleCorr test:
-----------------------------------------------
   N =  1,  n = 2000000000,  r =  0,   k = 2


-----------------------------------------------
Normal statistic                      :   0.053
p-value of test                       :    0.48

-----------------------------------------------
CPU time used                    :  00:00:06.73

Generator state:




***********************************************************
HOST = soph-test-runner, Darwin

generator


svaria_AppearanceSpacings test:
-----------------------------------------------
   N =  1,   Q = 10000000,   K = 1000000000,   r = 0,   s = 3,   L = 15

   Sequences of n = (K + Q)L =  15150000000 bits
   Q = 10000000 initialization blocks
   K = 1000000000 blocks for the test
   the blocks have L = 15 bits



-----------------------------------------------
Normal statistic                      :  -0.030
p-value of test                       :    0.51

-----------------------------------------------
CPU time used                    :  00:00:15.48

Generator state:




***********************************************************
HOST = soph-test-runner, Darwin

generator


svaria_AppearanceSpacings test:
-----------------------------------------------
   N =  1,   Q = 10000000,   K = 1000000000,   r = 27,   s = 3,   L = 15

   Sequences of n = (K + Q)L =  15150000000 bits
   Q = 10000000 initialization blocks
   K = 1000000000 blocks for the test
   the blocks have L = 15 bits



-----------------------------------------------
Normal statistic                      :   -1.27
p-value of test                       :    0.90

-----------------------------------------------
CPU time used                    :  00:00:15.53

Generator state:




***********************************************************
HOST = soph-test-runner, Darwin

generator


svaria_WeightDistrib test:
-----------------------------------------------
   N =  1,  n = 20000000,  r =  0,  k = 256,  Alpha =      0,  Beta =   0.25


-----------------------------------------------
Number of degrees of freedom          :   67
Chi-square statistic                  :   75.92
p-value of test                       :    0.21

-----------------------------------------------
CPU time used                    :  00:00:17.21

Generator state:




***********************************************************
HOST = soph-test-runner, Darwin

generator


svaria_WeightDistrib test:
-----------------------------------------------
   N =  1,  n = 20000000,  r = 20,  k = 256,  Alpha =      0,  Beta =   0.25


-----------------------------------------------
Number of degrees of freedom          :   67
Chi-square statistic                  :   81.92
p-value of test                       :    0.10

-----------------------------------------------
CPU time used                    :  00:00:17.13

Generator state:




***********************************************************
HOST = soph-test-runner, Darwin

generator


svaria_WeightDistrib test:
-----------------------------------------------
   N =  1,  n = 20000000,  r = 28,  k = 256,  Alpha =      0,  Beta =   0.25


-----------------------------------------------
Number of degrees of freedom          :   67
Chi-square statistic                  :   48.28
p-value of test                       :    0.96

-----------------------------------------------
CPU time used                    :  00:00:17.13

Generator state:




***********************************************************
HOST = soph-test-runner, Darwin

generator


svaria_WeightDistrib test:
-----------------------------------------------
   N =  1,  n = 20000000,  r =  0,  k = 256,  Alpha =      0,  Beta = 0.0625


-----------------------------------------------
Number of degrees of freedom          :   37
Chi-square statistic                  :   41.28
p-value of test                       :    0.29

-----------------------------------------------
CPU time used                    :  00:00:17.09

Generator state:




***********************************************************
HOST = soph-test-runner, Darwin

generator


svaria_WeightDistrib test:
-----------------------------------------------
   N =  1,  n = 20000000,  r = 10,  k = 256,  Alpha =      0,  Beta = 0.0625


-----------------------------------------------
Number of degrees of freedom          :   37
Chi-square statistic                  :   34.09
p-value of test                       :    0.61

-----------------------------------------------
CPU time used                    :  00:00:17.17

Generator state:




***********************************************************
HOST = soph-test-runner, Darwin

generator


svaria_WeightDistrib test:
-----------------------------------------------
   N =  1,  n = 20000000,  r = 26,  k = 256,  Alpha =      0,  Beta = 0.0625


-----------------------------------------------
Number of degrees of freedom          :   37
Chi-square statistic                  :   40.63
p-value of test                       :    0.31

-----------------------------------------------
CPU time used                    :  00:00:17.30

Generator state:




***********************************************************
HOST = soph-test-runner, Darwin

generator


svaria_SumCollector test:
-----------------------------------------------
   N =  1,  n = 500000000,  r =  0,   g = 10


-----------------------------------------------
Number of degrees of freedom          :   29
Chi-square statistic                  :   27.55
p-value of test                       :    0.54

-----------------------------------------------
CPU time used                    :  00:00:41.84

Generator state:




***********************************************************
HOST = soph-test-runner, Darwin

generator


smarsa_MatrixRank test:
-----------------------------------------------
   N = 10,  n = 1000000,  r =  0,    s = 5,    L = 30,    k = 30


-----------------------------------------------

Kolmogorov-Smirnov+ statistic = D+    :   0.077
p-value of test                       :    0.85

Kolmogorov-Smirnov- statistic = D-    :    0.33
p-value of test                       :    0.09

Anderson-Darling statistic = A2       :    1.50
p-value of test                       :    0.18

Test on the sum of all N observations
Number of degrees of freedom          :   40
Chi-square statistic                  :   48.10
p-value of test                       :    0.18

-----------------------------------------------
CPU time used                    :  00:00:26.96

Generator state:




***********************************************************
HOST = soph-test-runner, Darwin

generator


smarsa_MatrixRank test:
-----------------------------------------------
   N = 10,  n = 1000000,  r = 25,    s = 5,    L = 30,    k = 30


-----------------------------------------------

Kolmogorov-Smirnov+ statistic = D+    :   0.052
p-value of test                       :    0.92

Kolmogorov-Smirnov- statistic = D-    :    0.34
p-value of test                       :    0.08

Anderson-Darling statistic = A2       :    1.16
p-value of test                       :    0.28

Test on the sum of all N observations
Number of degrees of freedom          :   40
Chi-square statistic                  :   50.11
p-value of test                       :    0.13

-----------------------------------------------
CPU time used                    :  00:00:27.07

Generator state:




***********************************************************
HOST = soph-test-runner, Darwin

generator


smarsa_MatrixRank test:
-----------------------------------------------
   N =  1,  n = 5000,  r =  0,    s = 4,    L = 1000,    k = 1000


-----------------------------------------------
Number of degrees of freedom          :    3
Chi-square statistic                  :    0.54
p-value of test                       :    0.91

-----------------------------------------------
CPU time used                    :  00:00:32.00

Generator state:




***********************************************************
HOST = soph-test-runner, Darwin

generator


smarsa_MatrixRank test:
-----------------------------------------------
   N =  1,  n = 5000,  r = 26,    s = 4,    L = 1000,    k = 1000


-----------------------------------------------
Number of degrees of freedom          :    3
Chi-square statistic                  :    4.68
p-value of test                       :    0.20

-----------------------------------------------
CPU time used                    :  00:00:31.96

Generator state:




***********************************************************
HOST = soph-test-runner, Darwin

generator


smarsa_MatrixRank test:
-----------------------------------------------
   N =  1,  n = 80,  r = 15,    s = 15,    L = 5000,    k = 5000


-----------------------------------------------
Number of degrees of freedom          :    2
Chi-square statistic                  :    0.58
p-value of test                       :    0.75

-----------------------------------------------
CPU time used                    :  00:00:26.76

Generator state:




***********************************************************
HOST = soph-test-runner, Darwin

generator


smarsa_MatrixRank test:
-----------------------------------------------
   N =  1,  n = 80,  r =  0,    s = 30,    L = 5000,    k = 5000


-----------------------------------------------
Number of degrees of freedom          :    2
Chi-square statistic                  :    0.27
p-value of test                       :    0.87

-----------------------------------------------
CPU time used                    :  00:00:22.71

Generator state:




***********************************************************
HOST = soph-test-runner, Darwin

generator


smarsa_Savir2 test:
-----------------------------------------------
   N = 10,  n = 10000000,  r = 10,    m = 1048576,    t = 30


-----------------------------------------------

Kolmogorov-Smirnov+ statistic = D+    :    0.18
p-value of test                       :    0.45

Kolmogorov-Smirnov- statistic = D-    :   0.096
p-value of test                       :    0.78

Anderson-Darling statistic = A2       :    0.57
p-value of test                       :    0.67

Test on the sum of all N observations
Number of degrees of freedom          :  130
Chi-square statistic                  :  130.98
p-value of test                       :    0.46

-----------------------------------------------
CPU time used                    :  00:00:12.48

Generator state:




***********************************************************
HOST = soph-test-runner, Darwin

generator


smarsa_GCD test:
-----------------------------------------------
   N = 10,  n = 50000000,  r =  0,   s = 30


-----------------------------------------------
Test results for GCD values:

Kolmogorov-Smirnov+ statistic = D+    :    0.14
p-value of test                       :    0.63

Kolmogorov-Smirnov- statistic = D-    :    0.29
p-value of test                       :    0.15

Anderson-Darling statistic = A2       :    1.23
p-value of test                       :    0.26

Test on the sum of all N observations
Number of degrees of freedom          : 17430
Chi-square statistic                  :17541.77
p-value of test                       :    0.27



-----------------------------------------------
CPU time used                    :  00:00:31.34

Generator state:




***********************************************************
HOST = soph-test-runner, Darwin

generator


swalk_RandomWalk1 test:
-----------------------------------------------
   N =  1,  n = 100000000,  r =  0,   s = 5,   L0 =   50,   L1 =   50



-----------------------------------------------
Test on the values of the Statistic H

Number of degrees of freedom          :   36
ChiSquare statistic                   :   42.39
p-value of test                       :    0.21


-----------------------------------------------
Test on the values of the Statistic M

Number of degrees of freedom          :   35
ChiSquare statistic                   :   23.37
p-value of test                       :    0.93


-----------------------------------------------
Test on the values of the Statistic J

Number of degrees of freedom          :   25
ChiSquare statistic                   :   17.64
p-value of test                       :    0.86


-----------------------------------------------
Test on the values of the Statistic R

Number of degrees of freedom          :   24
ChiSquare statistic                   :   19.89
p-value of test                       :    0.70


-----------------------------------------------
Test on the values of the Statistic C

Number of degrees of freedom          :   17
ChiSquare statistic                   :   17.18
p-value of test                       :    0.44


-----------------------------------------------
CPU time used                    :  00:00:16.82

Generator state:




***********************************************************
HOST = soph-test-runner, Darwin

generator


swalk_RandomWalk1 test:
-----------------------------------------------
   N =  1,  n = 100000000,  r = 25,   s = 5,   L0 =   50,   L1 =   50



-----------------------------------------------
Test on the values of the Statistic H

Number of degrees of freedom          :   36
ChiSquare statistic                   :   46.16
p-value of test                       :    0.12


-----------------------------------------------
Test on the values of the Statistic M

Number of degrees of freedom          :   35
ChiSquare statistic                   :   34.52
p-value of test                       :    0.49


-----------------------------------------------
Test on the values of the Statistic J

Number of degrees of freedom          :   25
ChiSquare statistic                   :   26.20
p-value of test                       :    0.40


-----------------------------------------------
Test on the values of the Statistic R

Number of degrees of freedom          :   24
ChiSquare statistic                   :   25.47
p-value of test                       :    0.38


-----------------------------------------------
Test on the values of the Statistic C

Number of degrees of freedom          :   17
ChiSquare statistic                   :   11.42
p-value of test                       :    0.83


-----------------------------------------------
CPU time used                    :  00:00:16.76

Generator state:




***********************************************************
HOST = soph-test-runner, Darwin

generator


swalk_RandomWalk1 test:
-----------------------------------------------
   N =  1,  n = 10000000,  r =  0,   s = 10,   L0 = 1000,   L1 = 1000



-----------------------------------------------
Test on the values of the Statistic H

Number of degrees of freedom          :  146
ChiSquare statistic                   :  136.62
p-value of test                       :    0.70


-----------------------------------------------
Test on the values of the Statistic M

Number of degrees of freedom          :  146
ChiSquare statistic                   :  134.71
p-value of test                       :    0.74


-----------------------------------------------
Test on the values of the Statistic J

Number of degrees of freedom          :  500
ChiSquare statistic                   :  555.98
p-value of test                       :    0.04


-----------------------------------------------
Test on the values of the Statistic R

Number of degrees of freedom          :  136
ChiSquare statistic                   :  148.49
p-value of test                       :    0.22


-----------------------------------------------
Test on the values of the Statistic C

Number of degrees of freedom          :   74
ChiSquare statistic                   :   69.70
p-value of test                       :    0.62


-----------------------------------------------
CPU time used                    :  00:00:21.76

Generator state:




***********************************************************
HOST = soph-test-runner, Darwin

generator


swalk_RandomWalk1 test:
-----------------------------------------------
   N =  1,  n = 10000000,  r = 20,   s = 10,   L0 = 1000,   L1 = 1000



-----------------------------------------------
Test on the values of the Statistic H

Number of degrees of freedom          :  146
ChiSquare statistic                   :  135.18
p-value of test                       :    0.73


-----------------------------------------------
Test on the values of the Statistic M

Number of degrees of freedom          :  146
ChiSquare statistic                   :  135.47
p-value of test                       :    0.72


-----------------------------------------------
Test on the values of the Statistic J

Number of degrees of freedom          :  500
ChiSquare statistic                   :  492.59
p-value of test                       :    0.58


-----------------------------------------------
Test on the values of the Statistic R

Number of degrees of freedom          :  136
ChiSquare statistic                   :  163.25
p-value of test                       :    0.06


-----------------------------------------------
Test on the values of the Statistic C

Number of degrees of freedom          :   74
ChiSquare statistic                   :   86.94
p-value of test                       :    0.14


-----------------------------------------------
CPU time used                    :  00:00:21.69

Generator state:




***********************************************************
HOST = soph-test-runner, Darwin

generator


swalk_RandomWalk1 test:
-----------------------------------------------
   N =  1,  n = 1000000,  r =  0,   s = 15,   L0 = 10000,   L1 = 10000



-----------------------------------------------
Test on the values of the Statistic H

Number of degrees of freedom          :  384
ChiSquare statistic                   :  408.59
p-value of test                       :    0.19


-----------------------------------------------
Test on the values of the Statistic M

Number of degrees of freedom          :  384
ChiSquare statistic                   :  332.65
p-value of test                       :    0.97


-----------------------------------------------
Test on the values of the Statistic J

Number of degrees of freedom          : 5000
ChiSquare statistic                   : 5018.61
p-value of test                       :    0.42


-----------------------------------------------
Test on the values of the Statistic R

Number of degrees of freedom          :  378
ChiSquare statistic                   :  395.63
p-value of test                       :    0.26


-----------------------------------------------
Test on the values of the Statistic C

Number of degrees of freedom          :  200
ChiSquare statistic                   :  182.51
p-value of test                       :    0.81


-----------------------------------------------
CPU time used                    :  00:00:19.59

Generator state:




***********************************************************
HOST = soph-test-runner, Darwin

generator


swalk_RandomWalk1 test:
-----------------------------------------------
   N =  1,  n = 1000000,  r = 15,   s = 15,   L0 = 10000,   L1 = 10000



-----------------------------------------------
Test on the values of the Statistic H

Number of degrees of freedom          :  384
ChiSquare statistic                   :  327.36
p-value of test                       :    0.98


-----------------------------------------------
Test on the values of the Statistic M

Number of degrees of freedom          :  384
ChiSquare statistic                   :  370.69
p-value of test                       :    0.68


-----------------------------------------------
Test on the values of the Statistic J

Number of degrees of freedom          : 5000
ChiSquare statistic                   : 5108.14
p-value of test                       :    0.14


-----------------------------------------------
Test on the values of the Statistic R

Number of degrees of freedom          :  378
ChiSquare statistic                   :  427.27
p-value of test                       :    0.04


-----------------------------------------------
Test on the values of the Statistic C

Number of degrees of freedom          :  200
ChiSquare statistic                   :  228.06
p-value of test                       :    0.08


-----------------------------------------------
CPU time used                    :  00:00:19.59

Generator state:




***********************************************************
HOST = soph-test-runner, Darwin

generator


scomp_LinearComp test:
-----------------------------------------------
   N =  1,  n = 400020,  r =  0,    s = 1



-----------------------------------------------
Number of degrees of freedom          :   12
Chi2 statistic for size of jumps      :    9.65
p-value of test                       :    0.65


-----------------------------------------------
Normal statistic for number of jumps  :   -1.59
p-value of test                       :    0.94



-----------------------------------------------
CPU time used                    :  00:01:16.00

Generator state:




***********************************************************
HOST = soph-test-runner, Darwin

generator


scomp_LinearComp test:
-----------------------------------------------
   N =  1,  n = 400020,  r = 29,    s = 1



-----------------------------------------------
Number of degrees of freedom          :   12
Chi2 statistic for size of jumps      :   12.09
p-value of test                       :    0.44


-----------------------------------------------
Normal statistic for number of jumps  : -5.96e-3
p-value of test                       :    0.50



-----------------------------------------------
CPU time used                    :  00:01:15.96

Generator state:




***********************************************************
HOST = soph-test-runner, Darwin

generator


scomp_LempelZiv test:
-----------------------------------------------
   N = 10,  n = 134217728,  r =  0,   s =   30,   k =   27


-----------------------------------------------

Kolmogorov-Smirnov+ statistic = D+    :    0.19
p-value of test                       :    0.43

Kolmogorov-Smirnov- statistic = D-    :    0.29
p-value of test                       :    0.16

Anderson-Darling statistic = A2       :    0.77
p-value of test                       :    0.50

Tests on the sum of all N observations
Standardized normal statistic         :    0.21
p-value of test                       :    0.42

Sample variance                       :    0.51
p-value of test                       :    0.87

-----------------------------------------------
CPU time used                    :  00:00:28.25

Generator state:




***********************************************************
HOST = soph-test-runner, Darwin

generator


scomp_LempelZiv test:
-----------------------------------------------
   N = 10,  n = 134217728,  r = 15,   s =   15,   k =   27


-----------------------------------------------

Kolmogorov-Smirnov+ statistic = D+    :   0.091
p-value of test                       :    0.80

Kolmogorov-Smirnov- statistic = D-    :    0.25
p-value of test                       :    0.26

Anderson-Darling statistic = A2       :    0.78
p-value of test                       :    0.49

Tests on the sum of all N observations
Standardized normal statistic         :    1.10
p-value of test                       :    0.14

Sample variance                       :    0.88
p-value of test                       :    0.54

-----------------------------------------------
CPU time used                    :  00:00:27.86

Generator state:




***********************************************************
HOST = soph-test-runner, Darwin

generator


sspectral_Fourier3 test:
-----------------------------------------------
   N = 100000,  n = 16384,  r =  0,   s =    3,   k =   14


-----------------------------------------------

Kolmogorov-Smirnov+ statistic = D+    : 5.86e-3
p-value of test                       :    0.75

Kolmogorov-Smirnov- statistic = D-    :   0.010
p-value of test                       :    0.42

Anderson-Darling statistic = A2       :    0.78
p-value of test                       :    0.50

-----------------------------------------------
CPU time used                    :  00:00:05.88

Generator state:




***********************************************************
HOST = soph-test-runner, Darwin

generator


sspectral_Fourier3 test:
-----------------------------------------------
   N = 100000,  n = 16384,  r = 27,   s =    3,   k =   14


-----------------------------------------------

Kolmogorov-Smirnov+ statistic = D+    :   0.018
p-value of test                       :    0.07

Kolmogorov-Smirnov- statistic = D-    : 6.24e-3
p-value of test                       :    0.72

Anderson-Darling statistic = A2       :    1.70
p-value of test                       :    0.14

-----------------------------------------------
CPU time used                    :  00:00:05.88

Generator state:




***********************************************************
HOST = soph-test-runner, Darwin

generator


sstring_LongestHeadRun test:
-----------------------------------------------
   N =  1,  n = 1000,  r =  0,   s = 3,   L = 10000020


-----------------------------------------------
Number of degrees of freedom          :    8
Chi-square statistic                  :    6.02
p-value of test                       :    0.65

-----------------------------------------------
Global longest run of 1               :   31.00
p-value of test                       :    0.69



-----------------------------------------------
CPU time used                    :  00:00:40.84

Generator state:




***********************************************************
HOST = soph-test-runner, Darwin

generator


sstring_LongestHeadRun test:
-----------------------------------------------
   N =  1,  n = 1000,  r = 27,   s = 3,   L = 10000020


-----------------------------------------------
Number of degrees of freedom          :    8
Chi-square statistic                  :   12.84
p-value of test                       :    0.12

-----------------------------------------------
Global longest run of 1               :   38.00
p-value of test                       :    0.02



-----------------------------------------------
CPU time used                    :  00:00:40.78

Generator state:




***********************************************************
HOST = soph-test-runner, Darwin

generator


sstring_PeriodsInStrings test:
-----------------------------------------------
   N = 10,  n = 500000000,  r =  0,   s =   10


-----------------------------------------------

Kolmogorov-Smirnov+ statistic = D+    :    0.21
p-value of test                       :    0.36

Kolmogorov-Smirnov- statistic = D-    :    0.15
p-value of test                       :    0.57

Anderson-Darling statistic = A2       :    0.40
p-value of test                       :    0.85

Test on the sum of all N observations
Number of degrees of freedom          :  200
Chi-square statistic                  :  193.19
p-value of test                       :    0.62

-----------------------------------------------
CPU time used                    :  00:00:56.15

Generator state:




***********************************************************
HOST = soph-test-runner, Darwin

generator


sstring_PeriodsInStrings test:
-----------------------------------------------
   N = 10,  n = 500000000,  r = 20,   s =   10


-----------------------------------------------

Kolmogorov-Smirnov+ statistic = D+    :    0.31
p-value of test                       :    0.12

Kolmogorov-Smirnov- statistic = D-    :    0.10
p-value of test                       :    0.76

Anderson-Darling statistic = A2       :    0.92
p-value of test                       :    0.40

Test on the sum of all N observations
Number of degrees of freedom          :  200
Chi-square statistic                  :  195.59
p-value of test                       :    0.57

-----------------------------------------------
CPU time used                    :  00:00:56.14

Generator state:




***********************************************************
HOST = soph-test-runner, Darwin

generator


sstring_HammingWeight2 test:
-----------------------------------------------
   N = 10,  n = 1000000000,  r =  0,   s = 3,   L = 1000000


-----------------------------------------------

Kolmogorov-Smirnov+ statistic = D+    :    0.32
p-value of test                       :    0.10

Kolmogorov-Smirnov- statistic = D-    :   0.078
p-value of test                       :    0.85

Anderson-Darling statistic = A2       :    1.43
p-value of test                       :    0.19

Test on the sum of all N observations
Number of degrees of freedom          : 10000
Chi-square statistic                  : 9789.55
p-value of test                       :    0.93

-----------------------------------------------
CPU time used                    :  00:00:07.81

Generator state:




***********************************************************
HOST = soph-test-runner, Darwin

generator


sstring_HammingWeight2 test:
-----------------------------------------------
   N = 10,  n = 1000000000,  r = 27,   s = 3,   L = 1000000


-----------------------------------------------

Kolmogorov-Smirnov+ statistic = D+    :    0.22
p-value of test                       :    0.33

Kolmogorov-Smirnov- statistic = D-    :   0.058
p-value of test                       :    0.90

Anderson-Darling statistic = A2       :    0.43
p-value of test                       :    0.82

Test on the sum of all N observations
Number of degrees of freedom          : 10000
Chi-square statistic                  : 9905.44
p-value of test                       :    0.75

-----------------------------------------------
CPU time used                    :  00:00:07.77

Generator state:




***********************************************************
HOST = soph-test-runner, Darwin

generator


sstring_HammingCorr test:
-----------------------------------------------
   N =  1,  n = 1000000000,  r = 10,   s = 10,   L = 30



-----------------------------------------------
Normal statistic                      :   -0.81
p-value of test                       :    0.79

-----------------------------------------------
CPU time used                    :  00:00:07.92

Generator state:




***********************************************************
HOST = soph-test-runner, Darwin

generator


sstring_HammingCorr test:
-----------------------------------------------
   N =  1,  n = 100000000,  r = 10,   s = 10,   L = 300



-----------------------------------------------
Normal statistic                      :   -1.06
p-value of test                       :    0.86

-----------------------------------------------
CPU time used                    :  00:00:07.59

Generator state:




***********************************************************
HOST = soph-test-runner, Darwin

generator


sstring_HammingCorr test:
-----------------------------------------------
   N =  1,  n = 100000000,  r = 10,   s = 10,   L = 1200



-----------------------------------------------
Normal statistic                      :  -0.033
p-value of test                       :    0.51

-----------------------------------------------
CPU time used                    :  00:00:28.71

Generator state:




***********************************************************
HOST = soph-test-runner, Darwin

generator


sstring_HammingIndep test:
-----------------------------------------------
   N = 10,  n = 30000000,  r =  0,   s = 3,   L = 30,   d = 0



Counters with expected numbers >= 10
-----------------------------------------------

Kolmogorov-Smirnov+ statistic = D+    :    0.27
p-value of test                       :    0.20

Kolmogorov-Smirnov- statistic = D-    :   0.087
p-value of test                       :    0.81

Anderson-Darling statistic = A2       :    1.00
p-value of test                       :    0.36

Test on the sum of all N observations
Number of degrees of freedom          : 4890
Chi-square statistic                  : 4804.18
p-value of test                       :    0.81

-----------------------------------------------
CPU time used                    :  00:00:17.22

Generator state:




***********************************************************
HOST = soph-test-runner, Darwin

generator


sstring_HammingIndep test:
-----------------------------------------------
   N = 10,  n = 30000000,  r = 27,   s = 3,   L = 30,   d = 0



Counters with expected numbers >= 10
-----------------------------------------------

Kolmogorov-Smirnov+ statistic = D+    :    0.11
p-value of test                       :    0.73

Kolmogorov-Smirnov- statistic = D-    :    0.24
p-value of test                       :    0.26

Anderson-Darling statistic = A2       :    0.40
p-value of test                       :    0.84

Test on the sum of all N observations
Number of degrees of freedom          : 4890
Chi-square statistic                  : 4909.39
p-value of test                       :    0.42

-----------------------------------------------
CPU time used                    :  00:00:17.38

Generator state:




***********************************************************
HOST = soph-test-runner, Darwin

generator


sstring_HammingIndep test:
-----------------------------------------------
   N =  1,  n = 30000000,  r =  0,   s = 4,   L = 300,   d = 0



Counters with expected numbers >= 10
-----------------------------------------------
Number of degrees of freedom          : 4117
Chi-square statistic                  : 4239.49
p-value of test                       :    0.09

-----------------------------------------------
CPU time used                    :  00:00:10.92

Generator state:




***********************************************************
HOST = soph-test-runner, Darwin

generator


sstring_HammingIndep test:
-----------------------------------------------
   N =  1,  n = 30000000,  r = 26,   s = 4,   L = 300,   d = 0



Counters with expected numbers >= 10
-----------------------------------------------
Number of degrees of freedom          : 4117
Chi-square statistic                  : 4129.07
p-value of test                       :    0.44

-----------------------------------------------
CPU time used                    :  00:00:10.93

Generator state:




***********************************************************
HOST = soph-test-runner, Darwin

generator


sstring_HammingIndep test:
-----------------------------------------------
   N =  1,  n = 10000000,  r =  0,   s = 5,   L = 1200,   d = 0



Counters with expected numbers >= 10
-----------------------------------------------
Number of degrees of freedom          : 11825
Chi-square statistic                  :12010.90
p-value of test                       :    0.11

-----------------------------------------------
CPU time used                    :  00:00:11.42

Generator state:




***********************************************************
HOST = soph-test-runner, Darwin

generator


sstring_HammingIndep test:
-----------------------------------------------
   N =  1,  n = 10000000,  r = 25,   s = 5,   L = 1200,   d = 0



Counters with expected numbers >= 10
-----------------------------------------------
Number of degrees of freedom          : 11825
Chi-square statistic                  :11653.24
p-value of test                       :    0.87

-----------------------------------------------
CPU time used                    :  00:00:11.43

Generator state:




***********************************************************
HOST = soph-test-runner, Darwin

generator


sstring_Run test:
-----------------------------------------------
   N =  1,  n = 2000000000,  r =  0,   s =    3


-----------------------------------------------
Total number of 1 runs:  2000000000

Number of degrees of freedom          :   54
Chi2 statistic for number of runs     :   64.25
p-value of test                       :    0.16


-----------------------------------------------
Total number of bits:  8000063232

Normal statistic for number of bits   :    0.50
p-value of test                       :    0.31



-----------------------------------------------
CPU time used                    :  00:00:30.89

Generator state:




***********************************************************
HOST = soph-test-runner, Darwin

generator


sstring_Run test:
-----------------------------------------------
   N =  1,  n = 2000000000,  r = 27,   s =    3


-----------------------------------------------
Total number of 1 runs:  2000000000

Number of degrees of freedom          :   54
Chi2 statistic for number of runs     :   42.59
p-value of test                       :    0.87


-----------------------------------------------
Total number of bits:  7999961700

Normal statistic for number of bits   :   -0.30
p-value of test                       :    0.62



-----------------------------------------------
CPU time used                    :  00:00:30.73

Generator state:




***********************************************************
HOST = soph-test-runner, Darwin

generator


sstring_AutoCor test:
-----------------------------------------------
   N = 10,  n = 1000000030,  r =  0,   s = 3,   d = 1


-----------------------------------------------

Kolmogorov-Smirnov+ statistic = D+    :   0.061
p-value of test                       :    0.90

Kolmogorov-Smirnov- statistic = D-    :    0.26
p-value of test                       :    0.21

Anderson-Darling statistic = A2       :    0.71
p-value of test                       :    0.55

Tests on the sum of all N observations
Standardized normal statistic         :    0.91
p-value of test                       :    0.18

Sample variance                       :    0.95
p-value of test                       :    0.48

-----------------------------------------------
CPU time used                    :  00:00:34.55

Generator state:




***********************************************************
HOST = soph-test-runner, Darwin

generator


sstring_AutoCor test:
-----------------------------------------------
   N = 10,  n = 1000000029,  r =  0,   s = 3,   d = 3


-----------------------------------------------

Kolmogorov-Smirnov+ statistic = D+    :   0.053
p-value of test                       :    0.92

Kolmogorov-Smirnov- statistic = D-    :    0.31
p-value of test                       :    0.12

Anderson-Darling statistic = A2       :    1.11
p-value of test                       :    0.30

Tests on the sum of all N observations
Standardized normal statistic         :    1.18
p-value of test                       :    0.12

Sample variance                       :    0.96
p-value of test                       :    0.47

-----------------------------------------------
CPU time used                    :  00:00:16.82

Generator state:




***********************************************************
HOST = soph-test-runner, Darwin

generator


sstring_AutoCor test:
-----------------------------------------------
   N = 10,  n = 1000000030,  r = 27,   s = 3,   d = 1


-----------------------------------------------

Kolmogorov-Smirnov+ statistic = D+    :    0.22
p-value of test                       :    0.33

Kolmogorov-Smirnov- statistic = D-    :    0.15
p-value of test                       :    0.57

Anderson-Darling statistic = A2       :    0.55
p-value of test                       :    0.70

Tests on the sum of all N observations
Standardized normal statistic         :   -0.29
p-value of test                       :    0.61

Sample variance                       :    0.79
p-value of test                       :    0.63

-----------------------------------------------
CPU time used                    :  00:00:34.56

Generator state:




***********************************************************
HOST = soph-test-runner, Darwin

generator


sstring_AutoCor test:
-----------------------------------------------
   N = 10,  n = 1000000029,  r = 27,   s = 3,   d = 3


-----------------------------------------------

Kolmogorov-Smirnov+ statistic = D+    :   0.082
p-value of test                       :    0.83

Kolmogorov-Smirnov- statistic = D-    :    0.29
p-value of test                       :    0.16

Anderson-Darling statistic = A2       :    0.81
p-value of test                       :    0.47

Tests on the sum of all N observations
Standardized normal statistic         :    0.79
p-value of test                       :    0.21

Sample variance                       :    1.18
p-value of test                       :    0.30

-----------------------------------------------
CPU time used                    :  00:00:16.76

Generator state:





========= Summary results of BigCrush =========

 Version:          TestU01 1.2.3
 Generator:        generator
 Number of statistics:  160
 Total CPU time:   01:13:35.51

 All tests were passed



