# SOPH Battery Test Log
# Suite:     bigcrush
# Seed:      04
# Generator: $HOME/Desktop/SOPH_ALGO/bin/soph_v3 --gen --seed-hex 04 --bytes 0
# Date:      2026-03-22 18:25:41
#======================================================================

xxxxxxxxxxxxxxxxxxxxxxxxxxxxxxxxxxxxxxxxxxxxxxxxxxxxxxxxxxx
                 Starting BigCrush
                 Version: TestU01 1.2.3
xxxxxxxxxxxxxxxxxxxxxxxxxxxxxxxxxxxxxxxxxxxxxxxxxxxxxxxxxxx


***********************************************************
Test smarsa_SerialOver calling smultin_MultinomialOver

***********************************************************
HOST = soph-test-runner.local, Darwin

generator


smultin_MultinomialOver test:
-----------------------------------------------
   N =  1,  n = 1000000000,  r =  0,   d =  256,   t =  3,
       Sparse =  FALSE

       GenerCell = smultin_GenerCellSerial
       Number of cells = d^t =           16777216
       Expected number per cell =   59.604645
       Hashing =  FALSE

   For Delta > -1, we use the ChiSquare approximation
   Correction factor of the ChiSquare: 
       Delta =     1,    Mu =   0.0083558402,    Sigma =          1

-----------------------------------------------
Test Results for Delta =   1.0000

Number of degrees of freedom          : 16711680
Value of the statistic                : 1.67e+7
p-value of test                       :    0.92


-----------------------------------------------
CPU time used                    :  00:00:15.75

Generator state:




***********************************************************
Test smarsa_SerialOver calling smultin_MultinomialOver

***********************************************************
HOST = soph-test-runner.local, Darwin

generator


smultin_MultinomialOver test:
-----------------------------------------------
   N =  1,  n = 1000000000,  r = 22,   d =  256,   t =  3,
       Sparse =  FALSE

       GenerCell = smultin_GenerCellSerial
       Number of cells = d^t =           16777216
       Expected number per cell =   59.604645
       Hashing =  FALSE

   For Delta > -1, we use the ChiSquare approximation
   Correction factor of the ChiSquare: 
       Delta =     1,    Mu =   0.0083558402,    Sigma =          1

-----------------------------------------------
Test Results for Delta =   1.0000

Number of degrees of freedom          : 16711680
Value of the statistic                : 1.67e+7
p-value of test                       :    0.51


-----------------------------------------------
CPU time used                    :  00:00:16.17

Generator state:




***********************************************************
Test smarsa_CollisionOver calling smultin_MultinomialOver

***********************************************************
HOST = soph-test-runner.local, Darwin

generator


smultin_MultinomialOver test:
-----------------------------------------------
   N = 30,  n = 20000000,  r =  0,   d = 2097152,   t =  2,
       Sparse =   TRUE

       GenerCell = smultin_GenerCellSerial
       Number of cells = d^t =      4398046511104
       Expected number per cell =  1 /  219902.33
       EColl = n^2 / (2k) =  45.47473509
       Hashing =   TRUE

       Collision test

       CollisionOver:   density = n / k =  1 /  219902.33
       Expected number of collisions = Mu =      45.47


-----------------------------------------------
Results of CollisionOver test:

POISSON approximation                 :
Expected number of collisions = N*Mu  :     1364.24
Observed number of collisions         :     1408
p-value of test                       :    0.12

-----------------------------
Total number of cells containing j balls

  j =  0                              :  131940795334528
  j =  1                              :        599997184
  j =  2                              :             1408
  j =  3                              :                0
  j =  4                              :                0
  j =  5                              :                0

-----------------------------------------------
CPU time used                    :  00:00:53.68

Generator state:




***********************************************************
Test smarsa_CollisionOver calling smultin_MultinomialOver

***********************************************************
HOST = soph-test-runner.local, Darwin

generator


smultin_MultinomialOver test:
-----------------------------------------------
   N = 30,  n = 20000000,  r =  9,   d = 2097152,   t =  2,
       Sparse =   TRUE

       GenerCell = smultin_GenerCellSerial
       Number of cells = d^t =      4398046511104
       Expected number per cell =  1 /  219902.33
       EColl = n^2 / (2k) =  45.47473509
       Hashing =   TRUE

       Collision test

       CollisionOver:   density = n / k =  1 /  219902.33
       Expected number of collisions = Mu =      45.47


-----------------------------------------------
Results of CollisionOver test:

POISSON approximation                 :
Expected number of collisions = N*Mu  :     1364.24
Observed number of collisions         :     1335
p-value of test                       :    0.78

-----------------------------
Total number of cells containing j balls

  j =  0                              :  131940795334455
  j =  1                              :        599997330
  j =  2                              :             1335
  j =  3                              :                0
  j =  4                              :                0
  j =  5                              :                0

-----------------------------------------------
CPU time used                    :  00:00:55.53

Generator state:




***********************************************************
Test smarsa_CollisionOver calling smultin_MultinomialOver

***********************************************************
HOST = soph-test-runner.local, Darwin

generator


smultin_MultinomialOver test:
-----------------------------------------------
   N = 30,  n = 20000000,  r =  0,   d = 16384,   t =  3,
       Sparse =   TRUE

       GenerCell = smultin_GenerCellSerial
       Number of cells = d^t =      4398046511104
       Expected number per cell =  1 /  219902.33
       EColl = n^2 / (2k) =  45.47473509
       Hashing =   TRUE

       Collision test

       CollisionOver:   density = n / k =  1 /  219902.33
       Expected number of collisions = Mu =      45.47


-----------------------------------------------
Results of CollisionOver test:

POISSON approximation                 :
Expected number of collisions = N*Mu  :     1364.24
Observed number of collisions         :     1408
p-value of test                       :    0.12

-----------------------------
Total number of cells containing j balls

  j =  0                              :  131940795334528
  j =  1                              :        599997184
  j =  2                              :             1408
  j =  3                              :                0
  j =  4                              :                0
  j =  5                              :                0

-----------------------------------------------
CPU time used                    :  00:01:08.65

Generator state:




***********************************************************
Test smarsa_CollisionOver calling smultin_MultinomialOver

***********************************************************
HOST = soph-test-runner.local, Darwin

generator


smultin_MultinomialOver test:
-----------------------------------------------
   N = 30,  n = 20000000,  r = 16,   d = 16384,   t =  3,
       Sparse =   TRUE

       GenerCell = smultin_GenerCellSerial
       Number of cells = d^t =      4398046511104
       Expected number per cell =  1 /  219902.33
       EColl = n^2 / (2k) =  45.47473509
       Hashing =   TRUE

       Collision test

       CollisionOver:   density = n / k =  1 /  219902.33
       Expected number of collisions = Mu =      45.47


-----------------------------------------------
Results of CollisionOver test:

POISSON approximation                 :
Expected number of collisions = N*Mu  :     1364.24
Observed number of collisions         :     1462
p-value of test                       :  4.6e-3

-----------------------------
Total number of cells containing j balls

  j =  0                              :  131940795334582
  j =  1                              :        599997076
  j =  2                              :             1462
  j =  3                              :                0
  j =  4                              :                0
  j =  5                              :                0

-----------------------------------------------
CPU time used                    :  00:01:11.30

Generator state:




***********************************************************
Test smarsa_CollisionOver calling smultin_MultinomialOver

***********************************************************
HOST = soph-test-runner.local, Darwin

generator


smultin_MultinomialOver test:
-----------------------------------------------
   N = 30,  n = 20000000,  r =  0,   d =   64,   t =  7,
       Sparse =   TRUE

       GenerCell = smultin_GenerCellSerial
       Number of cells = d^t =      4398046511104
       Expected number per cell =  1 /  219902.33
       EColl = n^2 / (2k) =  45.47473509
       Hashing =   TRUE

       Collision test

       CollisionOver:   density = n / k =  1 /  219902.33
       Expected number of collisions = Mu =      45.47


-----------------------------------------------
Results of CollisionOver test:

POISSON approximation                 :
Expected number of collisions = N*Mu  :     1364.24
Observed number of collisions         :     1323
p-value of test                       :    0.87

-----------------------------
Total number of cells containing j balls

  j =  0                              :  131940795334443
  j =  1                              :        599997354
  j =  2                              :             1323
  j =  3                              :                0
  j =  4                              :                0
  j =  5                              :                0

-----------------------------------------------
CPU time used                    :  00:01:10.26

Generator state:




***********************************************************
Test smarsa_CollisionOver calling smultin_MultinomialOver

***********************************************************
HOST = soph-test-runner.local, Darwin

generator


smultin_MultinomialOver test:
-----------------------------------------------
   N = 30,  n = 20000000,  r = 24,   d =   64,   t =  7,
       Sparse =   TRUE

       GenerCell = smultin_GenerCellSerial
       Number of cells = d^t =      4398046511104
       Expected number per cell =  1 /  219902.33
       EColl = n^2 / (2k) =  45.47473509
       Hashing =   TRUE

       Collision test

       CollisionOver:   density = n / k =  1 /  219902.33
       Expected number of collisions = Mu =      45.47


-----------------------------------------------
Results of CollisionOver test:

POISSON approximation                 :
Expected number of collisions = N*Mu  :     1364.24
Observed number of collisions         :     1373
p-value of test                       :    0.41

-----------------------------
Total number of cells containing j balls

  j =  0                              :  131940795334493
  j =  1                              :        599997254
  j =  2                              :             1373
  j =  3                              :                0
  j =  4                              :                0
  j =  5                              :                0

-----------------------------------------------
CPU time used                    :  00:01:12.70

Generator state:




***********************************************************
Test smarsa_CollisionOver calling smultin_MultinomialOver

***********************************************************
HOST = soph-test-runner.local, Darwin

generator


smultin_MultinomialOver test:
-----------------------------------------------
   N = 30,  n = 20000000,  r =  0,   d =    8,   t = 14,
       Sparse =   TRUE

       GenerCell = smultin_GenerCellSerial
       Number of cells = d^t =      4398046511104
       Expected number per cell =  1 /  219902.33
       EColl = n^2 / (2k) =  45.47473509
       Hashing =   TRUE

       Collision test

       CollisionOver:   density = n / k =  1 /  219902.33
       Expected number of collisions = Mu =      45.47


-----------------------------------------------
Results of CollisionOver test:

POISSON approximation                 :
Expected number of collisions = N*Mu  :     1364.24
Observed number of collisions         :     1310
p-value of test                       :    0.93

-----------------------------
Total number of cells containing j balls

  j =  0                              :  131940795334430
  j =  1                              :        599997380
  j =  2                              :             1310
  j =  3                              :                0
  j =  4                              :                0
  j =  5                              :                0

-----------------------------------------------
CPU time used                    :  00:01:09.86

Generator state:




***********************************************************
Test smarsa_CollisionOver calling smultin_MultinomialOver

***********************************************************
HOST = soph-test-runner.local, Darwin

generator


smultin_MultinomialOver test:
-----------------------------------------------
   N = 30,  n = 20000000,  r = 27,   d =    8,   t = 14,
       Sparse =   TRUE

       GenerCell = smultin_GenerCellSerial
       Number of cells = d^t =      4398046511104
       Expected number per cell =  1 /  219902.33
       EColl = n^2 / (2k) =  45.47473509
       Hashing =   TRUE

       Collision test

       CollisionOver:   density = n / k =  1 /  219902.33
       Expected number of collisions = Mu =      45.47


-----------------------------------------------
Results of CollisionOver test:

POISSON approximation                 :
Expected number of collisions = N*Mu  :     1364.24
Observed number of collisions         :     1370
p-value of test                       :    0.44

-----------------------------
Total number of cells containing j balls

  j =  0                              :  131940795334490
  j =  1                              :        599997260
  j =  2                              :             1370
  j =  3                              :                0
  j =  4                              :                0
  j =  5                              :                0

-----------------------------------------------
CPU time used                    :  00:01:12.32

Generator state:




***********************************************************
Test smarsa_CollisionOver calling smultin_MultinomialOver

***********************************************************
HOST = soph-test-runner.local, Darwin

generator


smultin_MultinomialOver test:
-----------------------------------------------
   N = 30,  n = 20000000,  r =  0,   d =    4,   t = 21,
       Sparse =   TRUE

       GenerCell = smultin_GenerCellSerial
       Number of cells = d^t =      4398046511104
       Expected number per cell =  1 /  219902.33
       EColl = n^2 / (2k) =  45.47473509
       Hashing =   TRUE

       Collision test

       CollisionOver:   density = n / k =  1 /  219902.33
       Expected number of collisions = Mu =      45.47


-----------------------------------------------
Results of CollisionOver test:

POISSON approximation                 :
Expected number of collisions = N*Mu  :     1364.24
Observed number of collisions         :     1366
p-value of test                       :    0.48

-----------------------------
Total number of cells containing j balls

  j =  0                              :  131940795334486
  j =  1                              :        599997268
  j =  2                              :             1366
  j =  3                              :                0
  j =  4                              :                0
  j =  5                              :                0

-----------------------------------------------
CPU time used                    :  00:01:09.08

Generator state:




***********************************************************
Test smarsa_CollisionOver calling smultin_MultinomialOver

***********************************************************
HOST = soph-test-runner.local, Darwin

generator


smultin_MultinomialOver test:
-----------------------------------------------
   N = 30,  n = 20000000,  r = 28,   d =    4,   t = 21,
       Sparse =   TRUE

       GenerCell = smultin_GenerCellSerial
       Number of cells = d^t =      4398046511104
       Expected number per cell =  1 /  219902.33
       EColl = n^2 / (2k) =  45.47473509
       Hashing =   TRUE

       Collision test

       CollisionOver:   density = n / k =  1 /  219902.33
       Expected number of collisions = Mu =      45.47


-----------------------------------------------
Results of CollisionOver test:

POISSON approximation                 :
Expected number of collisions = N*Mu  :     1364.24
Observed number of collisions         :     1386
p-value of test                       :    0.28

-----------------------------
Total number of cells containing j balls

  j =  0                              :  131940795334506
  j =  1                              :        599997228
  j =  2                              :             1386
  j =  3                              :                0
  j =  4                              :                0
  j =  5                              :                0

-----------------------------------------------
CPU time used                    :  00:01:11.45

Generator state:




***********************************************************
HOST = soph-test-runner.local, Darwin

generator


smarsa_BirthdaySpacings test:
-----------------------------------------------
   N = 100,  n = 10000000,  r =  0,    d = 2147483648,    t = 2,    p = 1


      Number of cells = d^t = 4611686018427387904
      Lambda = Poisson mean =      54.2101


----------------------------------------------------
Total expected number = N*Lambda      :    5421.01
Total observed number                 :    5334
p-value of test                       :    0.88


-----------------------------------------------
CPU time used                    :  00:02:12.98

Generator state:




***********************************************************
HOST = soph-test-runner.local, Darwin

generator


smarsa_BirthdaySpacings test:
-----------------------------------------------
   N = 20,  n = 20000000,  r =  0,    d = 2097152,    t = 3,    p = 1


      Number of cells = d^t = 9223372036854775808
      Lambda = Poisson mean =     216.8404


----------------------------------------------------
Total expected number = N*Lambda      :    4336.81
Total observed number                 :    4317
p-value of test                       :    0.61


-----------------------------------------------
CPU time used                    :  00:00:56.29

Generator state:




***********************************************************
HOST = soph-test-runner.local, Darwin

generator


smarsa_BirthdaySpacings test:
-----------------------------------------------
   N = 20,  n = 30000000,  r = 14,    d = 65536,    t = 4,    p = 1


      Number of cells = d^t = 18446744073709551616
      Lambda = Poisson mean =     365.9182


----------------------------------------------------
Total expected number = N*Lambda      :    7318.36
Total observed number                 :    7360
p-value of test                       :    0.31


-----------------------------------------------
CPU time used                    :  00:01:28.35

Generator state:




***********************************************************
HOST = soph-test-runner.local, Darwin

generator


smarsa_BirthdaySpacings test:
-----------------------------------------------
   N = 20,  n = 20000000,  r =  0,    d = 512,    t = 7,    p = 1


      Number of cells = d^t = 9223372036854775808
      Lambda = Poisson mean =     216.8404


----------------------------------------------------
Total expected number = N*Lambda      :    4336.81
Total observed number                 :    4247
p-value of test                       :    0.91


-----------------------------------------------
CPU time used                    :  00:01:02.31

Generator state:




***********************************************************
HOST = soph-test-runner.local, Darwin

generator


smarsa_BirthdaySpacings test:
-----------------------------------------------
   N = 20,  n = 20000000,  r =  7,    d = 512,    t = 7,    p = 1


      Number of cells = d^t = 9223372036854775808
      Lambda = Poisson mean =     216.8404


----------------------------------------------------
Total expected number = N*Lambda      :    4336.81
Total observed number                 :    4322
p-value of test                       :    0.59


-----------------------------------------------
CPU time used                    :  00:01:02.27

Generator state:




***********************************************************
HOST = soph-test-runner.local, Darwin

generator


smarsa_BirthdaySpacings test:
-----------------------------------------------
   N = 20,  n = 30000000,  r = 14,    d = 256,    t = 8,    p = 1


      Number of cells = d^t = 18446744073709551616
      Lambda = Poisson mean =     365.9182


----------------------------------------------------
Total expected number = N*Lambda      :    7318.36
Total observed number                 :    7335
p-value of test                       :    0.42


-----------------------------------------------
CPU time used                    :  00:01:37.17

Generator state:




***********************************************************
HOST = soph-test-runner.local, Darwin

generator


smarsa_BirthdaySpacings test:
-----------------------------------------------
   N = 20,  n = 30000000,  r = 22,    d = 256,    t = 8,    p = 1


      Number of cells = d^t = 18446744073709551616
      Lambda = Poisson mean =     365.9182


----------------------------------------------------
Total expected number = N*Lambda      :    7318.36
Total observed number                 :    7315
p-value of test                       :    0.51


-----------------------------------------------
CPU time used                    :  00:01:37.14

Generator state:




***********************************************************
HOST = soph-test-runner.local, Darwin

generator


smarsa_BirthdaySpacings test:
-----------------------------------------------
   N = 20,  n = 30000000,  r =  0,    d = 16,    t = 16,    p = 1


      Number of cells = d^t = 18446744073709551616
      Lambda = Poisson mean =     365.9182


----------------------------------------------------
Total expected number = N*Lambda      :    7318.36
Total observed number                 :    7327
p-value of test                       :    0.46


-----------------------------------------------
CPU time used                    :  00:01:55.80

Generator state:




***********************************************************
HOST = soph-test-runner.local, Darwin

generator


smarsa_BirthdaySpacings test:
-----------------------------------------------
   N = 20,  n = 30000000,  r = 26,    d = 16,    t = 16,    p = 1


      Number of cells = d^t = 18446744073709551616
      Lambda = Poisson mean =     365.9182


----------------------------------------------------
Total expected number = N*Lambda      :    7318.36
Total observed number                 :    7485
p-value of test                       :    0.03


-----------------------------------------------
CPU time used                    :  00:01:54.09

Generator state:




***********************************************************
HOST = soph-test-runner.local, Darwin

generator


snpair_ClosePairs test:
-----------------------------------------------
   N = 30,  n = 6000000,  r =  0,  t = 3,  p = 0,  m = 30,  Torus =  TRUE


---------------------------------------
Test based on the 2 nearest points (NP):

Stat. AD on the N values (NP)         :    0.66
p-value of test                       :    0.59


A2 test based on the spacings between the
   successive jump times of process Y_n(t):

A2 test on the values of A2 (m-NP)    :    0.35
p-value of test                       :    0.89

Test on the Nm values of W_{n,i}(mNP1):    0.60
p-value of test                       :    0.65

Test on the jump times of Y
   (superposition of Yn):

Expected number of jumps of Y = mN    :     900
Number of jumps of Y                  :     891
p-value of test                       :    0.61

Stat. AD (mNP2)                       :    1.66
p-value of test                       :    0.14

Stat. AD after spacings (mNP2-S)      :    0.69
p-value of test                       :    0.57

-----------------------------------------------
CPU time used                    :  00:00:46.07

Generator state:




***********************************************************
HOST = soph-test-runner.local, Darwin

generator


snpair_ClosePairs test:
-----------------------------------------------
   N = 20,  n = 4000000,  r =  0,  t = 5,  p = 0,  m = 30,  Torus =  TRUE


---------------------------------------
Test based on the 2 nearest points (NP):

Stat. AD on the N values (NP)         :    0.48
p-value of test                       :    0.77


A2 test based on the spacings between the
   successive jump times of process Y_n(t):

A2 test on the values of A2 (m-NP)    :    1.21
p-value of test                       :    0.26

Test on the Nm values of W_{n,i}(mNP1):    0.56
p-value of test                       :    0.68

Test on the jump times of Y
   (superposition of Yn):

Expected number of jumps of Y = mN    :     600
Number of jumps of Y                  :     579
p-value of test                       :    0.80

Stat. AD (mNP2)                       :    1.29
p-value of test                       :    0.24

Stat. AD after spacings (mNP2-S)      :    2.77
p-value of test                       :    0.04

-----------------------------------------------
CPU time used                    :  00:00:33.19

Generator state:




***********************************************************
HOST = soph-test-runner.local, Darwin

generator


snpair_ClosePairs test:
-----------------------------------------------
   N = 10,  n = 3000000,  r =  0,  t = 9,  p = 0,  m = 30,  Torus =  TRUE


---------------------------------------
Test based on the 2 nearest points (NP):

Stat. AD on the N values (NP)         :    0.31
p-value of test                       :    0.93


A2 test based on the spacings between the
   successive jump times of process Y_n(t):

A2 test on the values of A2 (m-NP)    :    0.44
p-value of test                       :    0.80

Test on the Nm values of W_{n,i}(mNP1):    2.08
p-value of test                       :    0.08

Test on the jump times of Y
   (superposition of Yn):

Expected number of jumps of Y = mN    :     300
Number of jumps of Y                  :     339
p-value of test                       :    0.01

Stat. AD (mNP2)                       :    0.58
p-value of test                       :    0.67

Stat. AD after spacings (mNP2-S)      :    3.20
p-value of test                       :    0.02

-----------------------------------------------
CPU time used                    :  00:01:02.49

Generator state:




***********************************************************
HOST = soph-test-runner.local, Darwin

generator


snpair_ClosePairs test:
-----------------------------------------------
   N =  5,  n = 2000000,  r =  0,  t = 16,  p = 0,  m = 30,  Torus =  TRUE


---------------------------------------
Test based on the 2 nearest points (NP):

Stat. AD on the N values (NP)         :    0.42
p-value of test                       :    0.82


A2 test based on the spacings between the
   successive jump times of process Y_n(t):

A2 test on the values of A2 (m-NP)    :    0.80
p-value of test                       :    0.48

Test on the Nm values of W_{n,i}(mNP1):    0.37
p-value of test                       :    0.88

Test on the jump times of Y
   (superposition of Yn):

Expected number of jumps of Y = mN    :     150
Number of jumps of Y                  :     152
p-value of test                       :    0.45

Stat. AD (mNP2)                       :    1.20
p-value of test                       :    0.27

Stat. AD after spacings (mNP2-S)      :    0.36
p-value of test                       :    0.89

-----------------------------------------------
CPU time used                    :  00:01:26.34

Generator state:




***********************************************************
HOST = soph-test-runner.local, Darwin

generator


sknuth_SimpPoker test:
-----------------------------------------------
   N =  1,  n = 400000000,  r =  0,   d =    8,   k =    8


-----------------------------------------------
Number of degrees of freedom          :    7
Chi-square statistic                  :   12.55
p-value of test                       :    0.08

-----------------------------------------------
CPU time used                    :  00:00:23.50

Generator state:




***********************************************************
HOST = soph-test-runner.local, Darwin

generator


sknuth_SimpPoker test:
-----------------------------------------------
   N =  1,  n = 400000000,  r = 27,   d =    8,   k =    8


-----------------------------------------------
Number of degrees of freedom          :    7
Chi-square statistic                  :    3.92
p-value of test                       :    0.79

-----------------------------------------------
CPU time used                    :  00:00:26.33

Generator state:




***********************************************************
HOST = soph-test-runner.local, Darwin

generator


sknuth_SimpPoker test:
-----------------------------------------------
   N =  1,  n = 100000000,  r =  0,   d =   32,   k =   32


-----------------------------------------------
Number of degrees of freedom          :   18
Chi-square statistic                  :   19.94
p-value of test                       :    0.34

-----------------------------------------------
CPU time used                    :  00:00:24.34

Generator state:




***********************************************************
HOST = soph-test-runner.local, Darwin

generator


sknuth_SimpPoker test:
-----------------------------------------------
   N =  1,  n = 100000000,  r = 25,   d =   32,   k =   32


-----------------------------------------------
Number of degrees of freedom          :   18
Chi-square statistic                  :   15.89
p-value of test                       :    0.60

-----------------------------------------------
CPU time used                    :  00:00:27.85

Generator state:




***********************************************************
HOST = soph-test-runner.local, Darwin

generator


sknuth_CouponCollector test:
-----------------------------------------------
   N =  1,  n = 200000000,  r =  0,   d =    8


-----------------------------------------------
Number of degrees of freedom          :   54
Chi-square statistic                  :   77.12
p-value of test                       :    0.02

-----------------------------------------------
CPU time used                    :  00:00:28.50

Generator state:




***********************************************************
HOST = soph-test-runner.local, Darwin

generator


sknuth_CouponCollector test:
-----------------------------------------------
   N =  1,  n = 200000000,  r = 10,   d =    8


-----------------------------------------------
Number of degrees of freedom          :   54
Chi-square statistic                  :   51.02
p-value of test                       :    0.59

-----------------------------------------------
CPU time used                    :  00:00:31.94

Generator state:




***********************************************************
HOST = soph-test-runner.local, Darwin

generator


sknuth_CouponCollector test:
-----------------------------------------------
   N =  1,  n = 200000000,  r = 20,   d =    8


-----------------------------------------------
Number of degrees of freedom          :   54
Chi-square statistic                  :   56.77
p-value of test                       :    0.37

-----------------------------------------------
CPU time used                    :  00:00:31.95

Generator state:




***********************************************************
HOST = soph-test-runner.local, Darwin

generator


sknuth_CouponCollector test:
-----------------------------------------------
   N =  1,  n = 200000000,  r = 27,   d =    8


-----------------------------------------------
Number of degrees of freedom          :   54
Chi-square statistic                  :   43.45
p-value of test                       :    0.85

-----------------------------------------------
CPU time used                    :  00:00:31.93

Generator state:




***********************************************************
HOST = soph-test-runner.local, Darwin

generator


sknuth_Gap test:
-----------------------------------------------
   N =  1,  n = 500000000,  r =  0,   Alpha =        0,   Beta  =   0.0625


-----------------------------------------------
Number of degrees of freedom          :  232
Chi-square statistic                  :  251.32
p-value of test                       :    0.18

-----------------------------------------------
CPU time used                    :  00:00:30.39

Generator state:




***********************************************************
HOST = soph-test-runner.local, Darwin

generator


sknuth_Gap test:
-----------------------------------------------
   N =  1,  n = 300000000,  r = 25,   Alpha =        0,   Beta  =  0.03125


-----------------------------------------------
Number of degrees of freedom          :  434
Chi-square statistic                  :  431.94
p-value of test                       :    0.52

-----------------------------------------------
CPU time used                    :  00:00:34.76

Generator state:




***********************************************************
HOST = soph-test-runner.local, Darwin

generator


sknuth_Gap test:
-----------------------------------------------
   N =  1,  n = 100000000,  r =  0,   Alpha =        0,   Beta  = 0.0078125


-----------------------------------------------
Number of degrees of freedom          : 1437
Chi-square statistic                  : 1364.52
p-value of test                       :    0.91

-----------------------------------------------
CPU time used                    :  00:00:43.03

Generator state:




***********************************************************
HOST = soph-test-runner.local, Darwin

generator


sknuth_Gap test:
-----------------------------------------------
   N =  1,  n = 10000000,  r = 20,   Alpha =        0,   Beta  = 0.000976562


-----------------------------------------------
Number of degrees of freedom          : 7046
Chi-square statistic                  : 7046.76
p-value of test                       :    0.50

-----------------------------------------------
CPU time used                    :  00:00:33.86

Generator state:




***********************************************************
HOST = soph-test-runner.local, Darwin

generator


sknuth_Run test:
-----------------------------------------------
   N =  5,  n = 1000000000,  r =  0,   Up = FALSE


-----------------------------------------------

Kolmogorov-Smirnov+ statistic = D+    :    0.25
p-value of test                       :    0.46

Kolmogorov-Smirnov- statistic = D-    :    0.34
p-value of test                       :    0.25

Anderson-Darling statistic = A2       :    1.04
p-value of test                       :    0.33

Test on the sum of all N observations
Number of degrees of freedom          :   30
Chi-square statistic                  :   37.58
p-value of test                       :    0.16

-----------------------------------------------
CPU time used                    :  00:00:32.30

Generator state:




***********************************************************
HOST = soph-test-runner.local, Darwin

generator


sknuth_Run test:
-----------------------------------------------
   N = 10,  n = 1000000000,  r = 15,   Up =  TRUE


-----------------------------------------------

Kolmogorov-Smirnov+ statistic = D+    :    0.14
p-value of test                       :    0.62

Kolmogorov-Smirnov- statistic = D-    :    0.35
p-value of test                       :    0.06

Anderson-Darling statistic = A2       :    1.66
p-value of test                       :    0.14

Test on the sum of all N observations
Number of degrees of freedom          :   60
Chi-square statistic                  :   66.49
p-value of test                       :    0.26

-----------------------------------------------
CPU time used                    :  00:01:15.23

Generator state:




***********************************************************
Test sknuth_Permutation calling smultin_Multinomial

***********************************************************
HOST = soph-test-runner.local, Darwin

generator


smultin_Multinomial test:
-----------------------------------------------
   N =  1,  n = 1000000000,  r =  5,   t =  3,
       Sparse =  FALSE

       GenerCell = smultin_GenerCellPermut
       Number of cells = t! =                  6
       Expected number per cell =  1.6666667e+08
       Hashing =  FALSE

   For Delta > -1, we use the ChiSquare approximation
   Correction factor of the ChiSquare: 
       Delta =     1,    Mu =  2.5000002e-09,    Sigma =          1

-----------------------------------------------
Test Results for Delta =   1.0000

Number of degrees of freedom          :    5
Value of the statistic                :    5.72
p-value of test                       :    0.33


-----------------------------------------------
CPU time used                    :  00:00:14.23

Generator state:




***********************************************************
Test sknuth_Permutation calling smultin_Multinomial

***********************************************************
HOST = soph-test-runner.local, Darwin

generator


smultin_Multinomial test:
-----------------------------------------------
   N =  1,  n = 1000000000,  r =  5,   t =  5,
       Sparse =  FALSE

       GenerCell = smultin_GenerCellPermut
       Number of cells = t! =                120
       Expected number per cell =   8333333.3
       Hashing =  FALSE

   For Delta > -1, we use the ChiSquare approximation
   Correction factor of the ChiSquare: 
       Delta =     1,    Mu =  5.9500005e-08,    Sigma =          1

-----------------------------------------------
Test Results for Delta =   1.0000

Number of degrees of freedom          :  119
Value of the statistic                :  144.12
p-value of test                       :    0.06


-----------------------------------------------
CPU time used                    :  00:00:44.11

Generator state:




***********************************************************
Test sknuth_Permutation calling smultin_Multinomial

***********************************************************
HOST = soph-test-runner.local, Darwin

generator


smultin_Multinomial test:
-----------------------------------------------
   N =  1,  n = 500000000,  r =  5,   t =  7,
       Sparse =  FALSE

       GenerCell = smultin_GenerCellPermut
       Number of cells = t! =               5040
       Expected number per cell =   99206.349
       Hashing =  FALSE

   For Delta > -1, we use the ChiSquare approximation
   Correction factor of the ChiSquare: 
       Delta =     1,    Mu =  5.0390004e-06,    Sigma =          1

-----------------------------------------------
Test Results for Delta =   1.0000

Number of degrees of freedom          : 5039
Value of the statistic                : 5141.70
p-value of test                       :    0.15


-----------------------------------------------
CPU time used                    :  00:00:46.17

Generator state:




***********************************************************
Test sknuth_Permutation calling smultin_Multinomial

***********************************************************
HOST = soph-test-runner.local, Darwin

generator


smultin_Multinomial test:
-----------------------------------------------
   N =  1,  n = 500000000,  r = 10,   t = 10,
       Sparse =  FALSE

       GenerCell = smultin_GenerCellPermut
       Number of cells = t! =            3628800
       Expected number per cell =    137.7866
       Hashing =  FALSE

   For Delta > -1, we use the ChiSquare approximation
   Correction factor of the ChiSquare: 
       Delta =     1,    Mu =   0.0036287993,    Sigma =          1

-----------------------------------------------
Test Results for Delta =   1.0000

Number of degrees of freedom          : 3628799
Value of the statistic                : 3.63e+6
p-value of test                       :    0.70


-----------------------------------------------
CPU time used                    :  00:01:37.94

Generator state:




***********************************************************
Test sknuth_CollisionPermut calling smultin_Multinomial

***********************************************************
HOST = soph-test-runner.local, Darwin

generator


smultin_Multinomial test:
-----------------------------------------------
   N = 20,  n = 20000000,  r =  0,   t = 14,
       Sparse =   TRUE

       GenerCell = smultin_GenerCellPermut
       Number of cells = t! =        87178291200
       Expected number per cell =  1 /  4358.9146
       EColl = n^2 / (2k) =   2294.14912
       Hashing =   TRUE

       Collision test,    Mu =      2293.9736,    Sigma =    47.8841

-----------------------------------------------
Test Results for Collisions

For the total number of collisions, we use
      the Poisson approximation:
Expected number of collisions = N*Mu  :    45879.47
Observed number of collisions         :    45499
p-value of test                       :    0.96


-----------------------------
Total number of cells containing j balls

  j =  0                              :    1743165869499
  j =  1                              :        399909007
  j =  2                              :            45489
  j =  3                              :                5
  j =  4                              :                0
  j =  5                              :                0

-----------------------------------------------
CPU time used                    :  00:03:59.57

Generator state:




***********************************************************
Test sknuth_CollisionPermut calling smultin_Multinomial

***********************************************************
HOST = soph-test-runner.local, Darwin

generator


smultin_Multinomial test:
-----------------------------------------------
   N = 20,  n = 20000000,  r = 10,   t = 14,
       Sparse =   TRUE

       GenerCell = smultin_GenerCellPermut
       Number of cells = t! =        87178291200
       Expected number per cell =  1 /  4358.9146
       EColl = n^2 / (2k) =   2294.14912
       Hashing =   TRUE

       Collision test,    Mu =      2293.9736,    Sigma =    47.8841

-----------------------------------------------
Test Results for Collisions

For the total number of collisions, we use
      the Poisson approximation:
Expected number of collisions = N*Mu  :    45879.47
Observed number of collisions         :    45884
p-value of test                       :    0.49


-----------------------------
Total number of cells containing j balls

  j =  0                              :    1743165869884
  j =  1                              :        399908236
  j =  2                              :            45876
  j =  3                              :                4
  j =  4                              :                0
  j =  5                              :                0

-----------------------------------------------
CPU time used                    :  00:03:29.69

Generator state:




***********************************************************
HOST = soph-test-runner.local, Darwin

generator


sknuth_MaxOft test:
-----------------------------------------------
   N = 40,  n = 10000000,  r =  0,   d = 100000,   t =  8

      Number of categories = 100000
      Expected number per category  = 100.00


-----------------------------------------------
Test results for chi2 with 99999 degrees of freedom:

Kolmogorov-Smirnov+ statistic = D+    :   0.075
p-value of test                       :    0.61

Kolmogorov-Smirnov- statistic = D-    :   0.063
p-value of test                       :    0.70

Anderson-Darling statistic = A2       :    0.29
p-value of test                       :    0.95

Test on the sum of all N observations
Number of degrees of freedom          : 3999960
Chi-square statistic                  : 4.00e+6
p-value of test                       :    0.36


-----------------------------------------------
Test results for Anderson-Darling:

Kolmogorov-Smirnov+ statistic = D+    :    0.10
p-value of test                       :    0.42

Kolmogorov-Smirnov- statistic = D-    :   0.087
p-value of test                       :    0.52

Anderson-Darling statistic = A2       :    0.50
p-value of test                       :    0.74


-----------------------------------------------
CPU time used                    :  00:00:56.86

Generator state:




***********************************************************
HOST = soph-test-runner.local, Darwin

generator


sknuth_MaxOft test:
-----------------------------------------------
   N = 30,  n = 10000000,  r =  0,   d = 100000,   t = 16

      Number of categories = 100000
      Expected number per category  = 100.00


-----------------------------------------------
Test results for chi2 with 99999 degrees of freedom:

Kolmogorov-Smirnov+ statistic = D+    :   0.078
p-value of test                       :    0.66

Kolmogorov-Smirnov- statistic = D-    :    0.17
p-value of test                       :    0.17

Anderson-Darling statistic = A2       :    0.90
p-value of test                       :    0.41

Test on the sum of all N observations
Number of degrees of freedom          : 2999970
Chi-square statistic                  : 3.00e+6
p-value of test                       :    0.24


-----------------------------------------------
Test results for Anderson-Darling:

Kolmogorov-Smirnov+ statistic = D+    :   0.025
p-value of test                       :    0.95

Kolmogorov-Smirnov- statistic = D-    :    0.22
p-value of test                       :    0.05

Anderson-Darling statistic = A2       :    2.47
p-value of test                       :    0.05


-----------------------------------------------
CPU time used                    :  00:00:51.80

Generator state:




***********************************************************
HOST = soph-test-runner.local, Darwin

generator


sknuth_MaxOft test:
-----------------------------------------------
   N = 20,  n = 10000000,  r =  0,   d = 100000,   t = 24

      Number of categories = 100000
      Expected number per category  = 100.00


-----------------------------------------------
Test results for chi2 with 99999 degrees of freedom:

Kolmogorov-Smirnov+ statistic = D+    :   0.059
p-value of test                       :    0.84

Kolmogorov-Smirnov- statistic = D-    :    0.15
p-value of test                       :    0.38

Anderson-Darling statistic = A2       :    0.36
p-value of test                       :    0.89

Test on the sum of all N observations
Number of degrees of freedom          : 1999980
Chi-square statistic                  : 2.00e+6
p-value of test                       :    0.38


-----------------------------------------------
Test results for Anderson-Darling:

Kolmogorov-Smirnov+ statistic = D+    :    0.18
p-value of test                       :    0.26

Kolmogorov-Smirnov- statistic = D-    :   0.012
p-value of test                       :    0.99

Anderson-Darling statistic = A2       :    1.17
p-value of test                       :    0.28


-----------------------------------------------
CPU time used                    :  00:00:40.30

Generator state:




***********************************************************
HOST = soph-test-runner.local, Darwin

generator


sknuth_MaxOft test:
-----------------------------------------------
   N = 20,  n = 10000000,  r =  0,   d = 100000,   t = 32

      Number of categories = 100000
      Expected number per category  = 100.00


-----------------------------------------------
Test results for chi2 with 99999 degrees of freedom:

Kolmogorov-Smirnov+ statistic = D+    :    0.16
p-value of test                       :    0.33

Kolmogorov-Smirnov- statistic = D-    :    0.12
p-value of test                       :    0.52

Anderson-Darling statistic = A2       :    0.56
p-value of test                       :    0.69

Test on the sum of all N observations
Number of degrees of freedom          : 1999980
Chi-square statistic                  : 2.00e+6
p-value of test                       :    0.58


-----------------------------------------------
Test results for Anderson-Darling:

Kolmogorov-Smirnov+ statistic = D+    :    0.11
p-value of test                       :    0.59

Kolmogorov-Smirnov- statistic = D-    :    0.11
p-value of test                       :    0.59

Anderson-Darling statistic = A2       :    0.48
p-value of test                       :    0.77


-----------------------------------------------
CPU time used                    :  00:00:46.07

Generator state:




***********************************************************
HOST = soph-test-runner.local, Darwin

generator


svaria_SampleProd test:
-----------------------------------------------
   N = 40,  n = 10000000,  r =  0,   t = 8


-----------------------------------------------

Kolmogorov-Smirnov+ statistic = D+    :    0.16
p-value of test                       :    0.12

Kolmogorov-Smirnov- statistic = D-    :   0.033
p-value of test                       :    0.90

Anderson-Darling statistic = A2       :    1.14
p-value of test                       :    0.29

-----------------------------------------------
CPU time used                    :  00:00:46.34

Generator state:




***********************************************************
HOST = soph-test-runner.local, Darwin

generator


svaria_SampleProd test:
-----------------------------------------------
   N = 20,  n = 10000000,  r =  0,   t = 16


-----------------------------------------------

Kolmogorov-Smirnov+ statistic = D+    :   0.096
p-value of test                       :    0.65

Kolmogorov-Smirnov- statistic = D-    :    0.16
p-value of test                       :    0.34

Anderson-Darling statistic = A2       :    0.36
p-value of test                       :    0.89

-----------------------------------------------
CPU time used                    :  00:00:30.55

Generator state:




***********************************************************
HOST = soph-test-runner.local, Darwin

generator


svaria_SampleProd test:
-----------------------------------------------
   N = 20,  n = 10000000,  r =  0,   t = 24


-----------------------------------------------

Kolmogorov-Smirnov+ statistic = D+    :    0.28
p-value of test                       :    0.04

Kolmogorov-Smirnov- statistic = D-    :   0.070
p-value of test                       :    0.78

Anderson-Darling statistic = A2       :    1.28
p-value of test                       :    0.24

-----------------------------------------------
CPU time used                    :  00:00:37.84

Generator state:




***********************************************************
HOST = soph-test-runner.local, Darwin

generator


svaria_SampleMean test:
-----------------------------------------------
   N = 20000000,  n = 30,  r =  0


-----------------------------------------------

Kolmogorov-Smirnov+ statistic = D+    : 8.80e-5
p-value of test                       :    0.73

Kolmogorov-Smirnov- statistic = D-    : 1.47e-4
p-value of test                       :    0.42

Anderson-Darling statistic = A2       :    0.62
p-value of test                       :    0.63

-----------------------------------------------
CPU time used                    :  00:00:05.23

Generator state:




***********************************************************
HOST = soph-test-runner.local, Darwin

generator


svaria_SampleMean test:
-----------------------------------------------
   N = 20000000,  n = 30,  r = 10


-----------------------------------------------

Kolmogorov-Smirnov+ statistic = D+    : 1.45e-4
p-value of test                       :    0.43

Kolmogorov-Smirnov- statistic = D-    : 1.44e-4
p-value of test                       :    0.44

Anderson-Darling statistic = A2       :    0.57
p-value of test                       :    0.68

-----------------------------------------------
CPU time used                    :  00:00:05.21

Generator state:




***********************************************************
HOST = soph-test-runner.local, Darwin

generator


svaria_SampleCorr test:
-----------------------------------------------
   N =  1,  n = 2000000000,  r =  0,   k = 1


-----------------------------------------------
Normal statistic                      :    1.73
p-value of test                       :    0.04

-----------------------------------------------
CPU time used                    :  00:00:06.67

Generator state:




***********************************************************
HOST = soph-test-runner.local, Darwin

generator


svaria_SampleCorr test:
-----------------------------------------------
   N =  1,  n = 2000000000,  r =  0,   k = 2


-----------------------------------------------
Normal statistic                      :   -0.23
p-value of test                       :    0.59

-----------------------------------------------
CPU time used                    :  00:00:06.69

Generator state:




***********************************************************
HOST = soph-test-runner.local, Darwin

generator


svaria_AppearanceSpacings test:
-----------------------------------------------
   N =  1,   Q = 10000000,   K = 1000000000,   r = 0,   s = 3,   L = 15

   Sequences of n = (K + Q)L =  15150000000 bits
   Q = 10000000 initialization blocks
   K = 1000000000 blocks for the test
   the blocks have L = 15 bits



-----------------------------------------------
Normal statistic                      :    1.93
p-value of test                       :    0.03

-----------------------------------------------
CPU time used                    :  00:00:15.42

Generator state:




***********************************************************
HOST = soph-test-runner.local, Darwin

generator


svaria_AppearanceSpacings test:
-----------------------------------------------
   N =  1,   Q = 10000000,   K = 1000000000,   r = 27,   s = 3,   L = 15

   Sequences of n = (K + Q)L =  15150000000 bits
   Q = 10000000 initialization blocks
   K = 1000000000 blocks for the test
   the blocks have L = 15 bits



-----------------------------------------------
Normal statistic                      :   -1.89
p-value of test                       :    0.97

-----------------------------------------------
CPU time used                    :  00:00:15.40

Generator state:




***********************************************************
HOST = soph-test-runner.local, Darwin

generator


svaria_WeightDistrib test:
-----------------------------------------------
   N =  1,  n = 20000000,  r =  0,  k = 256,  Alpha =      0,  Beta =   0.25


-----------------------------------------------
Number of degrees of freedom          :   67
Chi-square statistic                  :   86.96
p-value of test                       :    0.05

-----------------------------------------------
CPU time used                    :  00:00:17.00

Generator state:




***********************************************************
HOST = soph-test-runner.local, Darwin

generator


svaria_WeightDistrib test:
-----------------------------------------------
   N =  1,  n = 20000000,  r = 20,  k = 256,  Alpha =      0,  Beta =   0.25


-----------------------------------------------
Number of degrees of freedom          :   67
Chi-square statistic                  :   85.30
p-value of test                       :    0.07

-----------------------------------------------
CPU time used                    :  00:00:16.94

Generator state:




***********************************************************
HOST = soph-test-runner.local, Darwin

generator


svaria_WeightDistrib test:
-----------------------------------------------
   N =  1,  n = 20000000,  r = 28,  k = 256,  Alpha =      0,  Beta =   0.25


-----------------------------------------------
Number of degrees of freedom          :   67
Chi-square statistic                  :   70.19
p-value of test                       :    0.37

-----------------------------------------------
CPU time used                    :  00:00:16.94

Generator state:




***********************************************************
HOST = soph-test-runner.local, Darwin

generator


svaria_WeightDistrib test:
-----------------------------------------------
   N =  1,  n = 20000000,  r =  0,  k = 256,  Alpha =      0,  Beta = 0.0625


-----------------------------------------------
Number of degrees of freedom          :   37
Chi-square statistic                  :   40.59
p-value of test                       :    0.32

-----------------------------------------------
CPU time used                    :  00:00:17.00

Generator state:




***********************************************************
HOST = soph-test-runner.local, Darwin

generator


svaria_WeightDistrib test:
-----------------------------------------------
   N =  1,  n = 20000000,  r = 10,  k = 256,  Alpha =      0,  Beta = 0.0625


-----------------------------------------------
Number of degrees of freedom          :   37
Chi-square statistic                  :   44.08
p-value of test                       :    0.20

-----------------------------------------------
CPU time used                    :  00:00:16.96

Generator state:




***********************************************************
HOST = soph-test-runner.local, Darwin

generator


svaria_WeightDistrib test:
-----------------------------------------------
   N =  1,  n = 20000000,  r = 26,  k = 256,  Alpha =      0,  Beta = 0.0625


-----------------------------------------------
Number of degrees of freedom          :   37
Chi-square statistic                  :   37.43
p-value of test                       :    0.45

-----------------------------------------------
CPU time used                    :  00:00:16.94

Generator state:




***********************************************************
HOST = soph-test-runner.local, Darwin

generator


svaria_SumCollector test:
-----------------------------------------------
   N =  1,  n = 500000000,  r =  0,   g = 10


-----------------------------------------------
Number of degrees of freedom          :   29
Chi-square statistic                  :   26.40
p-value of test                       :    0.60

-----------------------------------------------
CPU time used                    :  00:00:41.65

Generator state:




***********************************************************
HOST = soph-test-runner.local, Darwin

generator


smarsa_MatrixRank test:
-----------------------------------------------
   N = 10,  n = 1000000,  r =  0,    s = 5,    L = 30,    k = 30


-----------------------------------------------

Kolmogorov-Smirnov+ statistic = D+    :    0.19
p-value of test                       :    0.45

Kolmogorov-Smirnov- statistic = D-    :    0.21
p-value of test                       :    0.35

Anderson-Darling statistic = A2       :    0.54
p-value of test                       :    0.71

Test on the sum of all N observations
Number of degrees of freedom          :   40
Chi-square statistic                  :   36.79
p-value of test                       :    0.62

-----------------------------------------------
CPU time used                    :  00:00:26.86

Generator state:




***********************************************************
HOST = soph-test-runner.local, Darwin

generator


smarsa_MatrixRank test:
-----------------------------------------------
   N = 10,  n = 1000000,  r = 25,    s = 5,    L = 30,    k = 30


-----------------------------------------------

Kolmogorov-Smirnov+ statistic = D+    :    0.20
p-value of test                       :    0.39

Kolmogorov-Smirnov- statistic = D-    :    0.20
p-value of test                       :    0.40

Anderson-Darling statistic = A2       :    1.02
p-value of test                       :    0.34

Test on the sum of all N observations
Number of degrees of freedom          :   40
Chi-square statistic                  :   41.24
p-value of test                       :    0.42

-----------------------------------------------
CPU time used                    :  00:00:26.84

Generator state:




***********************************************************
HOST = soph-test-runner.local, Darwin

generator


smarsa_MatrixRank test:
-----------------------------------------------
   N =  1,  n = 5000,  r =  0,    s = 4,    L = 1000,    k = 1000


-----------------------------------------------
Number of degrees of freedom          :    3
Chi-square statistic                  :    1.19
p-value of test                       :    0.75

-----------------------------------------------
CPU time used                    :  00:00:31.63

Generator state:




***********************************************************
HOST = soph-test-runner.local, Darwin

generator


smarsa_MatrixRank test:
-----------------------------------------------
   N =  1,  n = 5000,  r = 26,    s = 4,    L = 1000,    k = 1000


-----------------------------------------------
Number of degrees of freedom          :    3
Chi-square statistic                  :    3.38
p-value of test                       :    0.34

-----------------------------------------------
CPU time used                    :  00:00:31.55

Generator state:




***********************************************************
HOST = soph-test-runner.local, Darwin

generator


smarsa_MatrixRank test:
-----------------------------------------------
   N =  1,  n = 80,  r = 15,    s = 15,    L = 5000,    k = 5000


-----------------------------------------------
Number of degrees of freedom          :    2
Chi-square statistic                  :    3.16
p-value of test                       :    0.21

-----------------------------------------------
CPU time used                    :  00:00:26.61

Generator state:




***********************************************************
HOST = soph-test-runner.local, Darwin

generator


smarsa_MatrixRank test:
-----------------------------------------------
   N =  1,  n = 80,  r =  0,    s = 30,    L = 5000,    k = 5000


-----------------------------------------------
Number of degrees of freedom          :    2
Chi-square statistic                  :    1.30
p-value of test                       :    0.52

-----------------------------------------------
CPU time used                    :  00:00:22.61

Generator state:




***********************************************************
HOST = soph-test-runner.local, Darwin

generator


smarsa_Savir2 test:
-----------------------------------------------
   N = 10,  n = 10000000,  r = 10,    m = 1048576,    t = 30


-----------------------------------------------

Kolmogorov-Smirnov+ statistic = D+    :   0.013
p-value of test                       :    0.99

Kolmogorov-Smirnov- statistic = D-    :    0.39
p-value of test                       :    0.03

Anderson-Darling statistic = A2       :    2.45
p-value of test                       :    0.05

Test on the sum of all N observations
Number of degrees of freedom          :  130
Chi-square statistic                  :  167.03
p-value of test                       :    0.02

-----------------------------------------------
CPU time used                    :  00:00:12.32

Generator state:




***********************************************************
HOST = soph-test-runner.local, Darwin

generator


smarsa_GCD test:
-----------------------------------------------
   N = 10,  n = 50000000,  r =  0,   s = 30


-----------------------------------------------
Test results for GCD values:

Kolmogorov-Smirnov+ statistic = D+    :    0.24
p-value of test                       :    0.28

Kolmogorov-Smirnov- statistic = D-    :    0.16
p-value of test                       :    0.56

Anderson-Darling statistic = A2       :    0.75
p-value of test                       :    0.52

Test on the sum of all N observations
Number of degrees of freedom          : 17430
Chi-square statistic                  :17299.34
p-value of test                       :    0.76



-----------------------------------------------
CPU time used                    :  00:00:31.07

Generator state:




***********************************************************
HOST = soph-test-runner.local, Darwin

generator


swalk_RandomWalk1 test:
-----------------------------------------------
   N =  1,  n = 100000000,  r =  0,   s = 5,   L0 =   50,   L1 =   50



-----------------------------------------------
Test on the values of the Statistic H

Number of degrees of freedom          :   36
ChiSquare statistic                   :   47.83
p-value of test                       :    0.09


-----------------------------------------------
Test on the values of the Statistic M

Number of degrees of freedom          :   35
ChiSquare statistic                   :   44.59
p-value of test                       :    0.13


-----------------------------------------------
Test on the values of the Statistic J

Number of degrees of freedom          :   25
ChiSquare statistic                   :   24.64
p-value of test                       :    0.48


-----------------------------------------------
Test on the values of the Statistic R

Number of degrees of freedom          :   24
ChiSquare statistic                   :   13.35
p-value of test                       :    0.96


-----------------------------------------------
Test on the values of the Statistic C

Number of degrees of freedom          :   17
ChiSquare statistic                   :    6.28
p-value of test                       :    0.9911


-----------------------------------------------
CPU time used                    :  00:00:16.69

Generator state:




***********************************************************
HOST = soph-test-runner.local, Darwin

generator


swalk_RandomWalk1 test:
-----------------------------------------------
   N =  1,  n = 100000000,  r = 25,   s = 5,   L0 =   50,   L1 =   50



-----------------------------------------------
Test on the values of the Statistic H

Number of degrees of freedom          :   36
ChiSquare statistic                   :   30.55
p-value of test                       :    0.73


-----------------------------------------------
Test on the values of the Statistic M

Number of degrees of freedom          :   35
ChiSquare statistic                   :   41.42
p-value of test                       :    0.21


-----------------------------------------------
Test on the values of the Statistic J

Number of degrees of freedom          :   25
ChiSquare statistic                   :   23.22
p-value of test                       :    0.56


-----------------------------------------------
Test on the values of the Statistic R

Number of degrees of freedom          :   24
ChiSquare statistic                   :   22.13
p-value of test                       :    0.57


-----------------------------------------------
Test on the values of the Statistic C

Number of degrees of freedom          :   17
ChiSquare statistic                   :   13.66
p-value of test                       :    0.69


-----------------------------------------------
CPU time used                    :  00:00:16.69

Generator state:




***********************************************************
HOST = soph-test-runner.local, Darwin

generator


swalk_RandomWalk1 test:
-----------------------------------------------
   N =  1,  n = 10000000,  r =  0,   s = 10,   L0 = 1000,   L1 = 1000



-----------------------------------------------
Test on the values of the Statistic H

Number of degrees of freedom          :  146
ChiSquare statistic                   :  105.58
p-value of test                       :    0.9952


-----------------------------------------------
Test on the values of the Statistic M

Number of degrees of freedom          :  146
ChiSquare statistic                   :  144.86
p-value of test                       :    0.51


-----------------------------------------------
Test on the values of the Statistic J

Number of degrees of freedom          :  500
ChiSquare statistic                   :  481.94
p-value of test                       :    0.71


-----------------------------------------------
Test on the values of the Statistic R

Number of degrees of freedom          :  136
ChiSquare statistic                   :  148.58
p-value of test                       :    0.22


-----------------------------------------------
Test on the values of the Statistic C

Number of degrees of freedom          :   74
ChiSquare statistic                   :   96.84
p-value of test                       :    0.04


-----------------------------------------------
CPU time used                    :  00:00:21.69

Generator state:




***********************************************************
HOST = soph-test-runner.local, Darwin

generator


swalk_RandomWalk1 test:
-----------------------------------------------
   N =  1,  n = 10000000,  r = 20,   s = 10,   L0 = 1000,   L1 = 1000



-----------------------------------------------
Test on the values of the Statistic H

Number of degrees of freedom          :  146
ChiSquare statistic                   :  181.47
p-value of test                       :    0.02


-----------------------------------------------
Test on the values of the Statistic M

Number of degrees of freedom          :  146
ChiSquare statistic                   :  150.38
p-value of test                       :    0.38


-----------------------------------------------
Test on the values of the Statistic J

Number of degrees of freedom          :  500
ChiSquare statistic                   :  492.19
p-value of test                       :    0.59


-----------------------------------------------
Test on the values of the Statistic R

Number of degrees of freedom          :  136
ChiSquare statistic                   :  141.11
p-value of test                       :    0.36


-----------------------------------------------
Test on the values of the Statistic C

Number of degrees of freedom          :   74
ChiSquare statistic                   :   57.52
p-value of test                       :    0.92


-----------------------------------------------
CPU time used                    :  00:00:21.73

Generator state:




***********************************************************
HOST = soph-test-runner.local, Darwin

generator


swalk_RandomWalk1 test:
-----------------------------------------------
   N =  1,  n = 1000000,  r =  0,   s = 15,   L0 = 10000,   L1 = 10000



-----------------------------------------------
Test on the values of the Statistic H

Number of degrees of freedom          :  384
ChiSquare statistic                   :  435.00
p-value of test                       :    0.04


-----------------------------------------------
Test on the values of the Statistic M

Number of degrees of freedom          :  384
ChiSquare statistic                   :  411.08
p-value of test                       :    0.16


-----------------------------------------------
Test on the values of the Statistic J

Number of degrees of freedom          : 5000
ChiSquare statistic                   : 5127.08
p-value of test                       :    0.10


-----------------------------------------------
Test on the values of the Statistic R

Number of degrees of freedom          :  378
ChiSquare statistic                   :  411.54
p-value of test                       :    0.11


-----------------------------------------------
Test on the values of the Statistic C

Number of degrees of freedom          :  200
ChiSquare statistic                   :  191.24
p-value of test                       :    0.66


-----------------------------------------------
CPU time used                    :  00:00:19.51

Generator state:




***********************************************************
HOST = soph-test-runner.local, Darwin

generator


swalk_RandomWalk1 test:
-----------------------------------------------
   N =  1,  n = 1000000,  r = 15,   s = 15,   L0 = 10000,   L1 = 10000



-----------------------------------------------
Test on the values of the Statistic H

Number of degrees of freedom          :  384
ChiSquare statistic                   :  380.41
p-value of test                       :    0.54


-----------------------------------------------
Test on the values of the Statistic M

Number of degrees of freedom          :  384
ChiSquare statistic                   :  357.44
p-value of test                       :    0.83


-----------------------------------------------
Test on the values of the Statistic J

Number of degrees of freedom          : 5000
ChiSquare statistic                   : 4853.42
p-value of test                       :    0.93


-----------------------------------------------
Test on the values of the Statistic R

Number of degrees of freedom          :  378
ChiSquare statistic                   :  328.50
p-value of test                       :    0.97


-----------------------------------------------
Test on the values of the Statistic C

Number of degrees of freedom          :  200
ChiSquare statistic                   :  220.57
p-value of test                       :    0.15


-----------------------------------------------
CPU time used                    :  00:00:19.48

Generator state:




***********************************************************
HOST = soph-test-runner.local, Darwin

generator


scomp_LinearComp test:
-----------------------------------------------
   N =  1,  n = 400020,  r =  0,    s = 1



-----------------------------------------------
Number of degrees of freedom          :   12
Chi2 statistic for size of jumps      :   10.53
p-value of test                       :    0.57


-----------------------------------------------
Normal statistic for number of jumps  :    0.88
p-value of test                       :    0.19



-----------------------------------------------
CPU time used                    :  00:01:15.84

Generator state:




***********************************************************
HOST = soph-test-runner.local, Darwin

generator


scomp_LinearComp test:
-----------------------------------------------
   N =  1,  n = 400020,  r = 29,    s = 1



-----------------------------------------------
Number of degrees of freedom          :   12
Chi2 statistic for size of jumps      :    4.81
p-value of test                       :    0.96


-----------------------------------------------
Normal statistic for number of jumps  :    1.09
p-value of test                       :    0.14



-----------------------------------------------
CPU time used                    :  00:01:15.73

Generator state:




***********************************************************
HOST = soph-test-runner.local, Darwin

generator


scomp_LempelZiv test:
-----------------------------------------------
   N = 10,  n = 134217728,  r =  0,   s =   30,   k =   27


-----------------------------------------------

Kolmogorov-Smirnov+ statistic = D+    :    0.35
p-value of test                       :    0.06

Kolmogorov-Smirnov- statistic = D-    :   0.020
p-value of test                       :    0.98

Anderson-Darling statistic = A2       :    1.35
p-value of test                       :    0.22

Tests on the sum of all N observations
Standardized normal statistic         :   -1.47
p-value of test                       :    0.93

Sample variance                       :    0.90
p-value of test                       :    0.52

-----------------------------------------------
CPU time used                    :  00:00:25.46

Generator state:




***********************************************************
HOST = soph-test-runner.local, Darwin

generator


scomp_LempelZiv test:
-----------------------------------------------
   N = 10,  n = 134217728,  r = 15,   s =   15,   k =   27


-----------------------------------------------

Kolmogorov-Smirnov+ statistic = D+    :    0.27
p-value of test                       :    0.20

Kolmogorov-Smirnov- statistic = D-    :   0.072
p-value of test                       :    0.86

Anderson-Darling statistic = A2       :    0.89
p-value of test                       :    0.42

Tests on the sum of all N observations
Standardized normal statistic         :   -1.20
p-value of test                       :    0.88

Sample variance                       :    1.74
p-value of test                       :    0.07

-----------------------------------------------
CPU time used                    :  00:00:25.76

Generator state:




***********************************************************
HOST = soph-test-runner.local, Darwin

generator


sspectral_Fourier3 test:
-----------------------------------------------
   N = 100000,  n = 16384,  r =  0,   s =    3,   k =   14


-----------------------------------------------

Kolmogorov-Smirnov+ statistic = D+    : 6.97e-3
p-value of test                       :    0.67

Kolmogorov-Smirnov- statistic = D-    :   0.011
p-value of test                       :    0.40

Anderson-Darling statistic = A2       :    0.40
p-value of test                       :    0.85

-----------------------------------------------
CPU time used                    :  00:00:06.13

Generator state:




***********************************************************
HOST = soph-test-runner.local, Darwin

generator


sspectral_Fourier3 test:
-----------------------------------------------
   N = 100000,  n = 16384,  r = 27,   s =    3,   k =   14


-----------------------------------------------

Kolmogorov-Smirnov+ statistic = D+    : 7.65e-3
p-value of test                       :    0.62

Kolmogorov-Smirnov- statistic = D-    :   0.014
p-value of test                       :    0.20

Anderson-Darling statistic = A2       :    0.53
p-value of test                       :    0.72

-----------------------------------------------
CPU time used                    :  00:00:06.13

Generator state:




***********************************************************
HOST = soph-test-runner.local, Darwin

generator


sstring_LongestHeadRun test:
-----------------------------------------------
   N =  1,  n = 1000,  r =  0,   s = 3,   L = 10000020


-----------------------------------------------
Number of degrees of freedom          :    8
Chi-square statistic                  :   18.82
p-value of test                       :    0.02

-----------------------------------------------
Global longest run of 1               :   33.00
p-value of test                       :    0.44



-----------------------------------------------
CPU time used                    :  00:00:40.76

Generator state:




***********************************************************
HOST = soph-test-runner.local, Darwin

generator


sstring_LongestHeadRun test:
-----------------------------------------------
   N =  1,  n = 1000,  r = 27,   s = 3,   L = 10000020


-----------------------------------------------
Number of degrees of freedom          :    8
Chi-square statistic                  :    6.60
p-value of test                       :    0.58

-----------------------------------------------
Global longest run of 1               :   32.00
p-value of test                       :    0.50



-----------------------------------------------
CPU time used                    :  00:00:40.76

Generator state:




***********************************************************
HOST = soph-test-runner.local, Darwin

generator


sstring_PeriodsInStrings test:
-----------------------------------------------
   N = 10,  n = 500000000,  r =  0,   s =   10


-----------------------------------------------

Kolmogorov-Smirnov+ statistic = D+    :    0.50
p-value of test                       :  4.3e-3

Kolmogorov-Smirnov- statistic = D-    :   0.098
p-value of test                       :    0.77

Anderson-Darling statistic = A2       :    3.63
p-value of test                       :    0.01

Test on the sum of all N observations
Number of degrees of freedom          :  200
Chi-square statistic                  :  179.39
p-value of test                       :    0.85

-----------------------------------------------
CPU time used                    :  00:00:56.30

Generator state:




***********************************************************
HOST = soph-test-runner.local, Darwin

generator


sstring_PeriodsInStrings test:
-----------------------------------------------
   N = 10,  n = 500000000,  r = 20,   s =   10


-----------------------------------------------

Kolmogorov-Smirnov+ statistic = D+    :    0.24
p-value of test                       :    0.27

Kolmogorov-Smirnov- statistic = D-    :   0.090
p-value of test                       :    0.80

Anderson-Darling statistic = A2       :    0.76
p-value of test                       :    0.51

Test on the sum of all N observations
Number of degrees of freedom          :  200
Chi-square statistic                  :  188.60
p-value of test                       :    0.71

-----------------------------------------------
CPU time used                    :  00:00:56.30

Generator state:




***********************************************************
HOST = soph-test-runner.local, Darwin

generator


sstring_HammingWeight2 test:
-----------------------------------------------
   N = 10,  n = 1000000000,  r =  0,   s = 3,   L = 1000000


-----------------------------------------------

Kolmogorov-Smirnov+ statistic = D+    :    0.20
p-value of test                       :    0.41

Kolmogorov-Smirnov- statistic = D-    :    0.29
p-value of test                       :    0.15

Anderson-Darling statistic = A2       :    0.87
p-value of test                       :    0.43

Test on the sum of all N observations
Number of degrees of freedom          : 10000
Chi-square statistic                  : 9959.20
p-value of test                       :    0.61

-----------------------------------------------
CPU time used                    :  00:00:07.72

Generator state:




***********************************************************
HOST = soph-test-runner.local, Darwin

generator


sstring_HammingWeight2 test:
-----------------------------------------------
   N = 10,  n = 1000000000,  r = 27,   s = 3,   L = 1000000


-----------------------------------------------

Kolmogorov-Smirnov+ statistic = D+    :    0.16
p-value of test                       :    0.54

Kolmogorov-Smirnov- statistic = D-    :    0.21
p-value of test                       :    0.37

Anderson-Darling statistic = A2       :    0.50
p-value of test                       :    0.74

Test on the sum of all N observations
Number of degrees of freedom          : 10000
Chi-square statistic                  :10038.18
p-value of test                       :    0.39

-----------------------------------------------
CPU time used                    :  00:00:07.73

Generator state:




***********************************************************
HOST = soph-test-runner.local, Darwin

generator


sstring_HammingCorr test:
-----------------------------------------------
   N =  1,  n = 1000000000,  r = 10,   s = 10,   L = 30



-----------------------------------------------
Normal statistic                      :   -0.43
p-value of test                       :    0.67

-----------------------------------------------
CPU time used                    :  00:00:07.72

Generator state:




***********************************************************
HOST = soph-test-runner.local, Darwin

generator


sstring_HammingCorr test:
-----------------------------------------------
   N =  1,  n = 100000000,  r = 10,   s = 10,   L = 300



-----------------------------------------------
Normal statistic                      :    2.24
p-value of test                       :    0.01

-----------------------------------------------
CPU time used                    :  00:00:07.52

Generator state:




***********************************************************
HOST = soph-test-runner.local, Darwin

generator


sstring_HammingCorr test:
-----------------------------------------------
   N =  1,  n = 100000000,  r = 10,   s = 10,   L = 1200



-----------------------------------------------
Normal statistic                      :   -0.38
p-value of test                       :    0.65

-----------------------------------------------
CPU time used                    :  00:00:28.52

Generator state:




***********************************************************
HOST = soph-test-runner.local, Darwin

generator


sstring_HammingIndep test:
-----------------------------------------------
   N = 10,  n = 30000000,  r =  0,   s = 3,   L = 30,   d = 0



Counters with expected numbers >= 10
-----------------------------------------------

Kolmogorov-Smirnov+ statistic = D+    :    0.20
p-value of test                       :    0.41

Kolmogorov-Smirnov- statistic = D-    :    0.22
p-value of test                       :    0.33

Anderson-Darling statistic = A2       :    1.26
p-value of test                       :    0.25

Test on the sum of all N observations
Number of degrees of freedom          : 4890
Chi-square statistic                  : 4824.35
p-value of test                       :    0.75

-----------------------------------------------
CPU time used                    :  00:00:17.60

Generator state:




***********************************************************
HOST = soph-test-runner.local, Darwin

generator


sstring_HammingIndep test:
-----------------------------------------------
   N = 10,  n = 30000000,  r = 27,   s = 3,   L = 30,   d = 0



Counters with expected numbers >= 10
-----------------------------------------------

Kolmogorov-Smirnov+ statistic = D+    :    0.19
p-value of test                       :    0.42

Kolmogorov-Smirnov- statistic = D-    :   0.094
p-value of test                       :    0.79

Anderson-Darling statistic = A2       :    0.33
p-value of test                       :    0.91

Test on the sum of all N observations
Number of degrees of freedom          : 4890
Chi-square statistic                  : 4857.56
p-value of test                       :    0.63

-----------------------------------------------
CPU time used                    :  00:00:17.64

Generator state:




***********************************************************
HOST = soph-test-runner.local, Darwin

generator


sstring_HammingIndep test:
-----------------------------------------------
   N =  1,  n = 30000000,  r =  0,   s = 4,   L = 300,   d = 0



Counters with expected numbers >= 10
-----------------------------------------------
Number of degrees of freedom          : 4117
Chi-square statistic                  : 4061.06
p-value of test                       :    0.73

-----------------------------------------------
CPU time used                    :  00:00:10.85

Generator state:




***********************************************************
HOST = soph-test-runner.local, Darwin

generator


sstring_HammingIndep test:
-----------------------------------------------
   N =  1,  n = 30000000,  r = 26,   s = 4,   L = 300,   d = 0



Counters with expected numbers >= 10
-----------------------------------------------
Number of degrees of freedom          : 4117
Chi-square statistic                  : 4059.21
p-value of test                       :    0.74

-----------------------------------------------
CPU time used                    :  00:00:10.84

Generator state:




***********************************************************
HOST = soph-test-runner.local, Darwin

generator


sstring_HammingIndep test:
-----------------------------------------------
   N =  1,  n = 10000000,  r =  0,   s = 5,   L = 1200,   d = 0



Counters with expected numbers >= 10
-----------------------------------------------
Number of degrees of freedom          : 11825
Chi-square statistic                  :11423.88
p-value of test                       :    0.9958

-----------------------------------------------
CPU time used                    :  00:00:11.31

Generator state:




***********************************************************
HOST = soph-test-runner.local, Darwin

generator


sstring_HammingIndep test:
-----------------------------------------------
   N =  1,  n = 10000000,  r = 25,   s = 5,   L = 1200,   d = 0



Counters with expected numbers >= 10
-----------------------------------------------
Number of degrees of freedom          : 11825
Chi-square statistic                  :12025.50
p-value of test                       :    0.10

-----------------------------------------------
CPU time used                    :  00:00:11.31

Generator state:




***********************************************************
HOST = soph-test-runner.local, Darwin

generator


sstring_Run test:
-----------------------------------------------
   N =  1,  n = 2000000000,  r =  0,   s =    3


-----------------------------------------------
Total number of 1 runs:  2000000000

Number of degrees of freedom          :   54
Chi2 statistic for number of runs     :   53.15
p-value of test                       :    0.51


-----------------------------------------------
Total number of bits:  8000010237

Normal statistic for number of bits   :   0.081
p-value of test                       :    0.47



-----------------------------------------------
CPU time used                    :  00:00:30.69

Generator state:




***********************************************************
HOST = soph-test-runner.local, Darwin

generator


sstring_Run test:
-----------------------------------------------
   N =  1,  n = 2000000000,  r = 27,   s =    3


-----------------------------------------------
Total number of 1 runs:  2000000000

Number of degrees of freedom          :   54
Chi2 statistic for number of runs     :   48.55
p-value of test                       :    0.68


-----------------------------------------------
Total number of bits:  7999843836

Normal statistic for number of bits   :   -1.23
p-value of test                       :    0.89



-----------------------------------------------
CPU time used                    :  00:00:30.69

Generator state:




***********************************************************
HOST = soph-test-runner.local, Darwin

generator


sstring_AutoCor test:
-----------------------------------------------
   N = 10,  n = 1000000030,  r =  0,   s = 3,   d = 1


-----------------------------------------------

Kolmogorov-Smirnov+ statistic = D+    :   0.025
p-value of test                       :    0.97

Kolmogorov-Smirnov- statistic = D-    :    0.45
p-value of test                       :    0.01

Anderson-Darling statistic = A2       :    2.89
p-value of test                       :    0.03

Tests on the sum of all N observations
Standardized normal statistic         :    2.08
p-value of test                       :    0.02

Sample variance                       :    0.87
p-value of test                       :    0.55

-----------------------------------------------
CPU time used                    :  00:00:34.53

Generator state:




***********************************************************
HOST = soph-test-runner.local, Darwin

generator


sstring_AutoCor test:
-----------------------------------------------
   N = 10,  n = 1000000029,  r =  0,   s = 3,   d = 3


-----------------------------------------------

Kolmogorov-Smirnov+ statistic = D+    :    0.34
p-value of test                       :    0.07

Kolmogorov-Smirnov- statistic = D-    :   0.081
p-value of test                       :    0.84

Anderson-Darling statistic = A2       :    0.92
p-value of test                       :    0.40

Tests on the sum of all N observations
Standardized normal statistic         :   -0.77
p-value of test                       :    0.78

Sample variance                       :    0.46
p-value of test                       :    0.90

-----------------------------------------------
CPU time used                    :  00:00:16.81

Generator state:




***********************************************************
HOST = soph-test-runner.local, Darwin

generator


sstring_AutoCor test:
-----------------------------------------------
   N = 10,  n = 1000000030,  r = 27,   s = 3,   d = 1


-----------------------------------------------

Kolmogorov-Smirnov+ statistic = D+    :    0.22
p-value of test                       :    0.35

Kolmogorov-Smirnov- statistic = D-    :   0.046
p-value of test                       :    0.93

Anderson-Darling statistic = A2       :    1.08
p-value of test                       :    0.31

Tests on the sum of all N observations
Standardized normal statistic         :   -1.45
p-value of test                       :    0.93

Sample variance                       :    1.32
p-value of test                       :    0.22

-----------------------------------------------
CPU time used                    :  00:00:34.52

Generator state:




***********************************************************
HOST = soph-test-runner.local, Darwin

generator


sstring_AutoCor test:
-----------------------------------------------
   N = 10,  n = 1000000029,  r = 27,   s = 3,   d = 3


-----------------------------------------------

Kolmogorov-Smirnov+ statistic = D+    :    0.27
p-value of test                       :    0.19

Kolmogorov-Smirnov- statistic = D-    :    0.12
p-value of test                       :    0.69

Anderson-Darling statistic = A2       :    1.06
p-value of test                       :    0.32

Tests on the sum of all N observations
Standardized normal statistic         :   -1.01
p-value of test                       :    0.84

Sample variance                       :    0.87
p-value of test                       :    0.55

-----------------------------------------------
CPU time used                    :  00:00:16.76

Generator state:





========= Summary results of BigCrush =========

 Version:          TestU01 1.2.3
 Generator:        generator
 Number of statistics:  160
 Total CPU time:   01:13:54.65

 All tests were passed



