# SOPH Battery Test Log
# Suite:     crush
# Seed:      04
# Generator: $HOME/Desktop/SOPH_ALGO/bin/soph_rng_lane --ctr-raw-gen --seed-hex 04 --bytes 0
# Date:      2026-04-02 17:05:26
#======================================================================

xxxxxxxxxxxxxxxxxxxxxxxxxxxxxxxxxxxxxxxxxxxxxxxxxxxxxxxxxxx
                 Starting Crush
                 Version: TestU01 1.2.3
xxxxxxxxxxxxxxxxxxxxxxxxxxxxxxxxxxxxxxxxxxxxxxxxxxxxxxxxxxx


***********************************************************
Test smarsa_SerialOver calling smultin_MultinomialOver

***********************************************************
HOST = soph-test-runner, Darwin

generator


smultin_MultinomialOver test:
-----------------------------------------------
   N =  1,  n = 500000000,  r =  0,   d = 4096,   t =  2,
       Sparse =  FALSE

       GenerCell = smultin_GenerCellSerial
       Number of cells = d^t =           16777216
       Expected number per cell =   29.802322
       Hashing =  FALSE

   For Delta > -1, we use the ChiSquare approximation
   Correction factor of the ChiSquare: 
       Delta =     1,    Mu =     0.01677312,    Sigma =          1

-----------------------------------------------
Test Results for Delta =   1.0000

Number of degrees of freedom          : 16773120
Value of the statistic                : 1.68e+7
p-value of test                       :    0.03


-----------------------------------------------
CPU time used                    :  00:00:07.67

Generator state:




***********************************************************
Test smarsa_SerialOver calling smultin_MultinomialOver

***********************************************************
HOST = soph-test-runner, Darwin

generator


smultin_MultinomialOver test:
-----------------------------------------------
   N =  1,  n = 300000000,  r =  0,   d =   64,   t =  4,
       Sparse =  FALSE

       GenerCell = smultin_GenerCellSerial
       Number of cells = d^t =           16777216
       Expected number per cell =   17.881393
       Hashing =  FALSE

   For Delta > -1, we use the ChiSquare approximation
   Correction factor of the ChiSquare: 
       Delta =     1,    Mu =    0.027525119,    Sigma =          1

-----------------------------------------------
Test Results for Delta =   1.0000

Number of degrees of freedom          : 16515072
Value of the statistic                : 1.65e+7
p-value of test                       :    0.10


-----------------------------------------------
CPU time used                    :  00:00:04.61

Generator state:




***********************************************************
Test smarsa_CollisionOver calling smultin_MultinomialOver

***********************************************************
HOST = soph-test-runner, Darwin

generator


smultin_MultinomialOver test:
-----------------------------------------------
   N = 10,  n = 10000000,  r =  0,   d = 1048576,   t =  2,
       Sparse =   TRUE

       GenerCell = smultin_GenerCellSerial
       Number of cells = d^t =      1099511627776
       Expected number per cell =  1 /  109951.16
       EColl = n^2 / (2k) =  45.47473509
       Hashing =   TRUE

       Collision test

       CollisionOver:   density = n / k =  1 /  109951.16
       Expected number of collisions = Mu =      45.47


-----------------------------------------------
Results of CollisionOver test:

POISSON approximation                 :
Expected number of collisions = N*Mu  :      454.75
Observed number of collisions         :      493
p-value of test                       :    0.04

-----------------------------
Total number of cells containing j balls

  j =  0                              :   10995016278253
  j =  1                              :         99999014
  j =  2                              :              493
  j =  3                              :                0
  j =  4                              :                0
  j =  5                              :                0

-----------------------------------------------
CPU time used                    :  00:00:08.39

Generator state:




***********************************************************
Test smarsa_CollisionOver calling smultin_MultinomialOver

***********************************************************
HOST = soph-test-runner, Darwin

generator


smultin_MultinomialOver test:
-----------------------------------------------
   N = 10,  n = 10000000,  r = 10,   d = 1048576,   t =  2,
       Sparse =   TRUE

       GenerCell = smultin_GenerCellSerial
       Number of cells = d^t =      1099511627776
       Expected number per cell =  1 /  109951.16
       EColl = n^2 / (2k) =  45.47473509
       Hashing =   TRUE

       Collision test

       CollisionOver:   density = n / k =  1 /  109951.16
       Expected number of collisions = Mu =      45.47


-----------------------------------------------
Results of CollisionOver test:

POISSON approximation                 :
Expected number of collisions = N*Mu  :      454.75
Observed number of collisions         :      450
p-value of test                       :    0.58

-----------------------------
Total number of cells containing j balls

  j =  0                              :   10995016278210
  j =  1                              :         99999100
  j =  2                              :              450
  j =  3                              :                0
  j =  4                              :                0
  j =  5                              :                0

-----------------------------------------------
CPU time used                    :  00:00:08.60

Generator state:




***********************************************************
Test smarsa_CollisionOver calling smultin_MultinomialOver

***********************************************************
HOST = soph-test-runner, Darwin

generator


smultin_MultinomialOver test:
-----------------------------------------------
   N = 10,  n = 10000000,  r =  0,   d = 1024,   t =  4,
       Sparse =   TRUE

       GenerCell = smultin_GenerCellSerial
       Number of cells = d^t =      1099511627776
       Expected number per cell =  1 /  109951.16
       EColl = n^2 / (2k) =  45.47473509
       Hashing =   TRUE

       Collision test

       CollisionOver:   density = n / k =  1 /  109951.16
       Expected number of collisions = Mu =      45.47


-----------------------------------------------
Results of CollisionOver test:

POISSON approximation                 :
Expected number of collisions = N*Mu  :      454.75
Observed number of collisions         :      439
p-value of test                       :    0.76

-----------------------------
Total number of cells containing j balls

  j =  0                              :   10995016278199
  j =  1                              :         99999122
  j =  2                              :              439
  j =  3                              :                0
  j =  4                              :                0
  j =  5                              :                0

-----------------------------------------------
CPU time used                    :  00:00:11.28

Generator state:




***********************************************************
Test smarsa_CollisionOver calling smultin_MultinomialOver

***********************************************************
HOST = soph-test-runner, Darwin

generator


smultin_MultinomialOver test:
-----------------------------------------------
   N = 10,  n = 10000000,  r = 20,   d = 1024,   t =  4,
       Sparse =   TRUE

       GenerCell = smultin_GenerCellSerial
       Number of cells = d^t =      1099511627776
       Expected number per cell =  1 /  109951.16
       EColl = n^2 / (2k) =  45.47473509
       Hashing =   TRUE

       Collision test

       CollisionOver:   density = n / k =  1 /  109951.16
       Expected number of collisions = Mu =      45.47


-----------------------------------------------
Results of CollisionOver test:

POISSON approximation                 :
Expected number of collisions = N*Mu  :      454.75
Observed number of collisions         :      448
p-value of test                       :    0.61

-----------------------------
Total number of cells containing j balls

  j =  0                              :   10995016278208
  j =  1                              :         99999104
  j =  2                              :              448
  j =  3                              :                0
  j =  4                              :                0
  j =  5                              :                0

-----------------------------------------------
CPU time used                    :  00:00:11.60

Generator state:




***********************************************************
Test smarsa_CollisionOver calling smultin_MultinomialOver

***********************************************************
HOST = soph-test-runner, Darwin

generator


smultin_MultinomialOver test:
-----------------------------------------------
   N = 10,  n = 10000000,  r =  0,   d =   32,   t =  8,
       Sparse =   TRUE

       GenerCell = smultin_GenerCellSerial
       Number of cells = d^t =      1099511627776
       Expected number per cell =  1 /  109951.16
       EColl = n^2 / (2k) =  45.47473509
       Hashing =   TRUE

       Collision test

       CollisionOver:   density = n / k =  1 /  109951.16
       Expected number of collisions = Mu =      45.47


-----------------------------------------------
Results of CollisionOver test:

POISSON approximation                 :
Expected number of collisions = N*Mu  :      454.75
Observed number of collisions         :      441
p-value of test                       :    0.73

-----------------------------
Total number of cells containing j balls

  j =  0                              :   10995016278201
  j =  1                              :         99999118
  j =  2                              :              441
  j =  3                              :                0
  j =  4                              :                0
  j =  5                              :                0

-----------------------------------------------
CPU time used                    :  00:00:11.29

Generator state:




***********************************************************
Test smarsa_CollisionOver calling smultin_MultinomialOver

***********************************************************
HOST = soph-test-runner, Darwin

generator


smultin_MultinomialOver test:
-----------------------------------------------
   N = 10,  n = 10000000,  r = 25,   d =   32,   t =  8,
       Sparse =   TRUE

       GenerCell = smultin_GenerCellSerial
       Number of cells = d^t =      1099511627776
       Expected number per cell =  1 /  109951.16
       EColl = n^2 / (2k) =  45.47473509
       Hashing =   TRUE

       Collision test

       CollisionOver:   density = n / k =  1 /  109951.16
       Expected number of collisions = Mu =      45.47


-----------------------------------------------
Results of CollisionOver test:

POISSON approximation                 :
Expected number of collisions = N*Mu  :      454.75
Observed number of collisions         :      475
p-value of test                       :    0.18

-----------------------------
Total number of cells containing j balls

  j =  0                              :   10995016278235
  j =  1                              :         99999050
  j =  2                              :              475
  j =  3                              :                0
  j =  4                              :                0
  j =  5                              :                0

-----------------------------------------------
CPU time used                    :  00:00:11.73

Generator state:




***********************************************************
Test smarsa_CollisionOver calling smultin_MultinomialOver

***********************************************************
HOST = soph-test-runner, Darwin

generator


smultin_MultinomialOver test:
-----------------------------------------------
   N = 10,  n = 10000000,  r =  0,   d =    4,   t = 20,
       Sparse =   TRUE

       GenerCell = smultin_GenerCellSerial
       Number of cells = d^t =      1099511627776
       Expected number per cell =  1 /  109951.16
       EColl = n^2 / (2k) =  45.47473509
       Hashing =   TRUE

       Collision test

       CollisionOver:   density = n / k =  1 /  109951.16
       Expected number of collisions = Mu =      45.47


-----------------------------------------------
Results of CollisionOver test:

POISSON approximation                 :
Expected number of collisions = N*Mu  :      454.74
Observed number of collisions         :      487
p-value of test                       :    0.07

-----------------------------
Total number of cells containing j balls

  j =  0                              :   10995016278247
  j =  1                              :         99999026
  j =  2                              :              487
  j =  3                              :                0
  j =  4                              :                0
  j =  5                              :                0

-----------------------------------------------
CPU time used                    :  00:00:11.09

Generator state:




***********************************************************
Test smarsa_CollisionOver calling smultin_MultinomialOver

***********************************************************
HOST = soph-test-runner, Darwin

generator


smultin_MultinomialOver test:
-----------------------------------------------
   N = 10,  n = 10000000,  r = 28,   d =    4,   t = 20,
       Sparse =   TRUE

       GenerCell = smultin_GenerCellSerial
       Number of cells = d^t =      1099511627776
       Expected number per cell =  1 /  109951.16
       EColl = n^2 / (2k) =  45.47473509
       Hashing =   TRUE

       Collision test

       CollisionOver:   density = n / k =  1 /  109951.16
       Expected number of collisions = Mu =      45.47


-----------------------------------------------
Results of CollisionOver test:

POISSON approximation                 :
Expected number of collisions = N*Mu  :      454.74
Observed number of collisions         :      449
p-value of test                       :    0.59

-----------------------------
Total number of cells containing j balls

  j =  0                              :   10995016278209
  j =  1                              :         99999102
  j =  2                              :              449
  j =  3                              :                0
  j =  4                              :                0
  j =  5                              :                0

-----------------------------------------------
CPU time used                    :  00:00:11.43

Generator state:




***********************************************************
HOST = soph-test-runner, Darwin

generator


smarsa_BirthdaySpacings test:
-----------------------------------------------
   N =  5,  n = 20000000,  r =  0,    d = 2147483648,    t = 2,    p = 1


      Number of cells = d^t = 4611686018427387904
      Lambda = Poisson mean =     433.6809


----------------------------------------------------
Total expected number = N*Lambda      :    2168.40
Total observed number                 :    2215
p-value of test                       :    0.16


-----------------------------------------------
CPU time used                    :  00:00:13.23

Generator state:




***********************************************************
HOST = soph-test-runner, Darwin

generator


smarsa_BirthdaySpacings test:
-----------------------------------------------
   N =  5,  n = 20000000,  r =  0,    d = 2097152,    t = 3,    p = 1


      Number of cells = d^t = 9223372036854775808
      Lambda = Poisson mean =     216.8404


----------------------------------------------------
Total expected number = N*Lambda      :    1084.20
Total observed number                 :    1064
p-value of test                       :    0.72


-----------------------------------------------
CPU time used                    :  00:00:13.45

Generator state:




***********************************************************
HOST = soph-test-runner, Darwin

generator


smarsa_BirthdaySpacings test:
-----------------------------------------------
   N =  5,  n = 20000000,  r =  0,    d = 65536,    t = 4,    p = 1


      Number of cells = d^t = 18446744073709551616
      Lambda = Poisson mean =     108.4202


----------------------------------------------------
Total expected number = N*Lambda      :     542.10
Total observed number                 :     521
p-value of test                       :    0.81


-----------------------------------------------
CPU time used                    :  00:00:13.77

Generator state:




***********************************************************
HOST = soph-test-runner, Darwin

generator


smarsa_BirthdaySpacings test:
-----------------------------------------------
   N =  3,  n = 20000000,  r =  0,    d = 512,    t = 7,    p = 1


      Number of cells = d^t = 9223372036854775808
      Lambda = Poisson mean =     216.8404


----------------------------------------------------
Total expected number = N*Lambda      :     650.52
Total observed number                 :     689
p-value of test                       :    0.07


-----------------------------------------------
CPU time used                    :  00:00:08.93

Generator state:




***********************************************************
HOST = soph-test-runner, Darwin

generator


smarsa_BirthdaySpacings test:
-----------------------------------------------
   N =  3,  n = 20000000,  r =  7,    d = 512,    t = 7,    p = 1


      Number of cells = d^t = 9223372036854775808
      Lambda = Poisson mean =     216.8404


----------------------------------------------------
Total expected number = N*Lambda      :     650.52
Total observed number                 :     601
p-value of test                       :    0.97


-----------------------------------------------
CPU time used                    :  00:00:08.84

Generator state:




***********************************************************
HOST = soph-test-runner, Darwin

generator


smarsa_BirthdaySpacings test:
-----------------------------------------------
   N =  3,  n = 20000000,  r = 14,    d = 256,    t = 8,    p = 1


      Number of cells = d^t = 18446744073709551616
      Lambda = Poisson mean =     108.4202


----------------------------------------------------
Total expected number = N*Lambda      :     325.26
Total observed number                 :     309
p-value of test                       :    0.81


-----------------------------------------------
CPU time used                    :  00:00:09.06

Generator state:




***********************************************************
HOST = soph-test-runner, Darwin

generator


smarsa_BirthdaySpacings test:
-----------------------------------------------
   N =  3,  n = 20000000,  r = 22,    d = 256,    t = 8,    p = 1


      Number of cells = d^t = 18446744073709551616
      Lambda = Poisson mean =     108.4202


----------------------------------------------------
Total expected number = N*Lambda      :     325.26
Total observed number                 :     319
p-value of test                       :    0.62


-----------------------------------------------
CPU time used                    :  00:00:09.08

Generator state:




***********************************************************
HOST = soph-test-runner, Darwin

generator


snpair_ClosePairs test:
-----------------------------------------------
   N = 10,  n = 2000000,  r =  0,  t = 2,  p = 0,  m = 30,  Torus =  TRUE


---------------------------------------
Test based on the 2 nearest points (NP):

Stat. AD on the N values (NP)         :    0.34
p-value of test                       :    0.90


A2 test based on the spacings between the
   successive jump times of process Y_n(t):

A2 test on the values of A2 (m-NP)    :    0.65
p-value of test                       :    0.60

Test on the Nm values of W_{n,i}(mNP1):    0.81
p-value of test                       :    0.48

Test on the jump times of Y
   (superposition of Yn):

Expected number of jumps of Y = mN    :     300
Number of jumps of Y                  :     300
p-value of test                       :    0.51

Stat. AD (mNP2)                       :    3.42
p-value of test                       :    0.02

-----------------------------------------------
CPU time used                    :  00:00:03.09

Generator state:




***********************************************************
HOST = soph-test-runner, Darwin

generator


snpair_ClosePairs test:
-----------------------------------------------
   N = 10,  n = 2000000,  r =  0,  t = 3,  p = 0,  m = 30,  Torus =  TRUE


---------------------------------------
Test based on the 2 nearest points (NP):

Stat. AD on the N values (NP)         :    1.41
p-value of test                       :    0.20


A2 test based on the spacings between the
   successive jump times of process Y_n(t):

A2 test on the values of A2 (m-NP)    :    0.58
p-value of test                       :    0.66

Test on the Nm values of W_{n,i}(mNP1):    0.59
p-value of test                       :    0.65

Test on the jump times of Y
   (superposition of Yn):

Expected number of jumps of Y = mN    :     300
Number of jumps of Y                  :     303
p-value of test                       :    0.44

Stat. AD (mNP2)                       :    0.54
p-value of test                       :    0.71

Stat. AD after spacings (mNP2-S)      :    0.21
p-value of test                       :    0.99

-----------------------------------------------
CPU time used                    :  00:00:04.24

Generator state:




***********************************************************
HOST = soph-test-runner, Darwin

generator


snpair_ClosePairs test:
-----------------------------------------------
   N =  5,  n = 2000000,  r =  0,  t = 7,  p = 0,  m = 30,  Torus =  TRUE


---------------------------------------
Test based on the 2 nearest points (NP):

Stat. AD on the N values (NP)         :    2.87
p-value of test                       :    0.03


A2 test based on the spacings between the
   successive jump times of process Y_n(t):

A2 test on the values of A2 (m-NP)    :    4.77
p-value of test                       :  4.1e-3

Test on the Nm values of W_{n,i}(mNP1):    0.52
p-value of test                       :    0.73

Test on the jump times of Y
   (superposition of Yn):

Expected number of jumps of Y = mN    :     150
Number of jumps of Y                  :     153
p-value of test                       :    0.41

Stat. AD (mNP2)                       :    0.80
p-value of test                       :    0.48

Stat. AD after spacings (mNP2-S)      :    1.09
p-value of test                       :    0.31

-----------------------------------------------
CPU time used                    :  00:00:08.59

Generator state:




***********************************************************
HOST = soph-test-runner, Darwin

generator


snpair_ClosePairsBitMatch test:
-----------------------------------------------
   N =  4,  n = 4000000,  r =  0,  t = 2


-----------------------------------------------
Max of all bit distances              :   21.00
p-value of test                       :    0.84

-----------------------------------------------
CPU time used                    :  00:00:02.81

Generator state:




***********************************************************
HOST = soph-test-runner, Darwin

generator


snpair_ClosePairsBitMatch test:
-----------------------------------------------
   N =  2,  n = 4000000,  r =  0,  t = 4


-----------------------------------------------
Max of all bit distances              :   11.00
p-value of test                       :    0.06

-----------------------------------------------
CPU time used                    :  00:00:02.50

Generator state:




***********************************************************
HOST = soph-test-runner, Darwin

generator


sknuth_SimpPoker test:
-----------------------------------------------
   N =  1,  n = 40000000,  r =  0,   d =   16,   k =   16


-----------------------------------------------
Number of degrees of freedom          :   12
Chi-square statistic                  :   10.80
p-value of test                       :    0.55

-----------------------------------------------
CPU time used                    :  00:00:04.62

Generator state:




***********************************************************
HOST = soph-test-runner, Darwin

generator


sknuth_SimpPoker test:
-----------------------------------------------
   N =  1,  n = 40000000,  r = 26,   d =   16,   k =   16


-----------------------------------------------
Number of degrees of freedom          :   12
Chi-square statistic                  :   12.71
p-value of test                       :    0.39

-----------------------------------------------
CPU time used                    :  00:00:05.27

Generator state:




***********************************************************
HOST = soph-test-runner, Darwin

generator


sknuth_SimpPoker test:
-----------------------------------------------
   N =  1,  n = 10000000,  r =  0,   d =   64,   k =   64


-----------------------------------------------
Number of degrees of freedom          :   23
Chi-square statistic                  :   27.64
p-value of test                       :    0.23

-----------------------------------------------
CPU time used                    :  00:00:04.75

Generator state:




***********************************************************
HOST = soph-test-runner, Darwin

generator


sknuth_SimpPoker test:
-----------------------------------------------
   N =  1,  n = 10000000,  r = 24,   d =   64,   k =   64


-----------------------------------------------
Number of degrees of freedom          :   23
Chi-square statistic                  :   31.12
p-value of test                       :    0.12

-----------------------------------------------
CPU time used                    :  00:00:05.52

Generator state:




***********************************************************
HOST = soph-test-runner, Darwin

generator


sknuth_CouponCollector test:
-----------------------------------------------
   N =  1,  n = 40000000,  r =  0,   d =    4


-----------------------------------------------
Number of degrees of freedom          :   51
Chi-square statistic                  :   47.87
p-value of test                       :    0.60

-----------------------------------------------
CPU time used                    :  00:00:02.36

Generator state:




***********************************************************
HOST = soph-test-runner, Darwin

generator


sknuth_CouponCollector test:
-----------------------------------------------
   N =  1,  n = 40000000,  r = 28,   d =    4


-----------------------------------------------
Number of degrees of freedom          :   51
Chi-square statistic                  :   59.69
p-value of test                       :    0.19

-----------------------------------------------
CPU time used                    :  00:00:02.62

Generator state:




***********************************************************
HOST = soph-test-runner, Darwin

generator


sknuth_CouponCollector test:
-----------------------------------------------
   N =  1,  n = 10000000,  r =  0,   d =   16


-----------------------------------------------
Number of degrees of freedom          :   46
Chi-square statistic                  :   34.16
p-value of test                       :    0.90

-----------------------------------------------
CPU time used                    :  00:00:02.97

Generator state:




***********************************************************
HOST = soph-test-runner, Darwin

generator


sknuth_CouponCollector test:
-----------------------------------------------
   N =  1,  n = 10000000,  r = 26,   d =   16


-----------------------------------------------
Number of degrees of freedom          :   46
Chi-square statistic                  :   29.80
p-value of test                       :    0.97

-----------------------------------------------
CPU time used                    :  00:00:03.34

Generator state:




***********************************************************
HOST = soph-test-runner, Darwin

generator


sknuth_Gap test:
-----------------------------------------------
   N =  1,  n = 100000000,  r =  0,   Alpha =        0,   Beta  =    0.125


-----------------------------------------------
Number of degrees of freedom          :  106
Chi-square statistic                  :  108.02
p-value of test                       :    0.43

-----------------------------------------------
CPU time used                    :  00:00:03.36

Generator state:




***********************************************************
HOST = soph-test-runner, Darwin

generator


sknuth_Gap test:
-----------------------------------------------
   N =  1,  n = 100000000,  r = 27,   Alpha =        0,   Beta  =    0.125


-----------------------------------------------
Number of degrees of freedom          :  106
Chi-square statistic                  :  118.70
p-value of test                       :    0.19

-----------------------------------------------
CPU time used                    :  00:00:03.62

Generator state:




***********************************************************
HOST = soph-test-runner, Darwin

generator


sknuth_Gap test:
-----------------------------------------------
   N =  1,  n = 5000000,  r =  0,   Alpha =        0,   Beta  = 0.00390625


-----------------------------------------------
Number of degrees of freedom          : 1936
Chi-square statistic                  : 1914.87
p-value of test                       :    0.63

-----------------------------------------------
CPU time used                    :  00:00:04.15

Generator state:




***********************************************************
HOST = soph-test-runner, Darwin

generator


sknuth_Gap test:
-----------------------------------------------
   N =  1,  n = 5000000,  r = 22,   Alpha =        0,   Beta  = 0.00390625


-----------------------------------------------
Number of degrees of freedom          : 1936
Chi-square statistic                  : 1885.30
p-value of test                       :    0.79

-----------------------------------------------
CPU time used                    :  00:00:04.16

Generator state:




***********************************************************
HOST = soph-test-runner, Darwin

generator


sknuth_Run test:
-----------------------------------------------
   N =  1,  n = 500000000,  r =  0,   Up =  TRUE


-----------------------------------------------
Number of degrees of freedom          :    6
Chi-square statistic                  :    2.57
p-value of test                       :    0.86

-----------------------------------------------
CPU time used                    :  00:00:03.15

Generator state:




***********************************************************
HOST = soph-test-runner, Darwin

generator


sknuth_Run test:
-----------------------------------------------
   N =  1,  n = 500000000,  r = 15,   Up = FALSE


-----------------------------------------------
Number of degrees of freedom          :    6
Chi-square statistic                  :    6.10
p-value of test                       :    0.41

-----------------------------------------------
CPU time used                    :  00:00:03.65

Generator state:




***********************************************************
Test sknuth_Permutation calling smultin_Multinomial

***********************************************************
HOST = soph-test-runner, Darwin

generator


smultin_Multinomial test:
-----------------------------------------------
   N =  1,  n = 50000000,  r =  0,   t = 10,
       Sparse =  FALSE

       GenerCell = smultin_GenerCellPermut
       Number of cells = t! =            3628800
       Expected number per cell =    13.77866
       Hashing =  FALSE

   For Delta > -1, we use the ChiSquare approximation
   Correction factor of the ChiSquare: 
       Delta =     1,    Mu =     0.03628799,    Sigma =          1

-----------------------------------------------
Test Results for Delta =   1.0000

Number of degrees of freedom          : 3628799
Value of the statistic                : 3.63e+6
p-value of test                       :    0.29


-----------------------------------------------
CPU time used                    :  00:00:08.87

Generator state:




***********************************************************
Test sknuth_Permutation calling smultin_Multinomial

***********************************************************
HOST = soph-test-runner, Darwin

generator


smultin_Multinomial test:
-----------------------------------------------
   N =  1,  n = 50000000,  r = 15,   t = 10,
       Sparse =  FALSE

       GenerCell = smultin_GenerCellPermut
       Number of cells = t! =            3628800
       Expected number per cell =    13.77866
       Hashing =  FALSE

   For Delta > -1, we use the ChiSquare approximation
   Correction factor of the ChiSquare: 
       Delta =     1,    Mu =     0.03628799,    Sigma =          1

-----------------------------------------------
Test Results for Delta =   1.0000

Number of degrees of freedom          : 3628799
Value of the statistic                : 3.63e+6
p-value of test                       :    0.04


-----------------------------------------------
CPU time used                    :  00:00:08.97

Generator state:




***********************************************************
Test sknuth_CollisionPermut calling smultin_Multinomial

***********************************************************
HOST = soph-test-runner, Darwin

generator


smultin_Multinomial test:
-----------------------------------------------
   N =  5,  n = 10000000,  r =  0,   t = 13,
       Sparse =   TRUE

       GenerCell = smultin_GenerCellPermut
       Number of cells = t! =         6227020800
       Expected number per cell =  1 /  622.70208
       EColl = n^2 / (2k) =  8029.521918
       Hashing =   TRUE

       Collision test,    Mu =      8025.2245,    Sigma =    89.5098

-----------------------------------------------
Test Results for Collisions

For the total number of collisions, we use
      the Poisson approximation:
Expected number of collisions = N*Mu  :    40126.12
Observed number of collisions         :    40020
p-value of test                       :    0.70


-----------------------------
Total number of cells containing j balls

  j =  0                              :      31085144020
  j =  1                              :         49919981
  j =  2                              :            39978
  j =  3                              :               21
  j =  4                              :                0
  j =  5                              :                0

-----------------------------------------------
CPU time used                    :  00:00:21.61

Generator state:




***********************************************************
Test sknuth_CollisionPermut calling smultin_Multinomial

***********************************************************
HOST = soph-test-runner, Darwin

generator


smultin_Multinomial test:
-----------------------------------------------
   N =  5,  n = 10000000,  r = 15,   t = 13,
       Sparse =   TRUE

       GenerCell = smultin_GenerCellPermut
       Number of cells = t! =         6227020800
       Expected number per cell =  1 /  622.70208
       EColl = n^2 / (2k) =  8029.521918
       Hashing =   TRUE

       Collision test,    Mu =      8025.2245,    Sigma =    89.5098

-----------------------------------------------
Test Results for Collisions

For the total number of collisions, we use
      the Poisson approximation:
Expected number of collisions = N*Mu  :    40126.12
Observed number of collisions         :    40158
p-value of test                       :    0.44


-----------------------------
Total number of cells containing j balls

  j =  0                              :      31085144158
  j =  1                              :         49919710
  j =  2                              :            40106
  j =  3                              :               26
  j =  4                              :                0
  j =  5                              :                0

-----------------------------------------------
CPU time used                    :  00:00:21.97

Generator state:




***********************************************************
HOST = soph-test-runner, Darwin

generator


sknuth_MaxOft test:
-----------------------------------------------
   N = 10,  n = 10000000,  r =  0,   d = 100000,   t =  5

      Number of categories = 100000
      Expected number per category  = 100.00


-----------------------------------------------
Test results for chi2 with 99999 degrees of freedom:

Kolmogorov-Smirnov+ statistic = D+    :    0.15
p-value of test                       :    0.59

Kolmogorov-Smirnov- statistic = D-    :    0.14
p-value of test                       :    0.62

Anderson-Darling statistic = A2       :    0.30
p-value of test                       :    0.93

Test on the sum of all N observations
Number of degrees of freedom          : 999990
Chi-square statistic                  : 1.00e+6
p-value of test                       :    0.49


-----------------------------------------------
Test results for Anderson-Darling:

Kolmogorov-Smirnov+ statistic = D+    :    0.24
p-value of test                       :    0.27

Kolmogorov-Smirnov- statistic = D-    :   0.098
p-value of test                       :    0.77

Anderson-Darling statistic = A2       :    0.58
p-value of test                       :    0.67


-----------------------------------------------
CPU time used                    :  00:00:12.26

Generator state:




***********************************************************
HOST = soph-test-runner, Darwin

generator


sknuth_MaxOft test:
-----------------------------------------------
   N =  5,  n = 10000000,  r =  0,   d = 100000,   t = 10

      Number of categories = 100000
      Expected number per category  = 100.00


-----------------------------------------------
Test results for chi2 with 99999 degrees of freedom:

Kolmogorov-Smirnov+ statistic = D+    :    0.36
p-value of test                       :    0.22

Kolmogorov-Smirnov- statistic = D-    :    0.19
p-value of test                       :    0.63

Anderson-Darling statistic = A2       :    0.71
p-value of test                       :    0.54

Test on the sum of all N observations
Number of degrees of freedom          : 499995
Chi-square statistic                  : 4.99e+5
p-value of test                       :    0.74


-----------------------------------------------
Test results for Anderson-Darling:

Kolmogorov-Smirnov+ statistic = D+    :   0.062
p-value of test                       :    0.92

Kolmogorov-Smirnov- statistic = D-    :    0.26
p-value of test                       :    0.44

Anderson-Darling statistic = A2       :    0.50
p-value of test                       :    0.74


-----------------------------------------------
CPU time used                    :  00:00:07.16

Generator state:




***********************************************************
HOST = soph-test-runner, Darwin

generator


sknuth_MaxOft test:
-----------------------------------------------
   N =  1,  n = 10000000,  r =  0,   d = 100000,   t = 20

      Number of categories = 100000
      Expected number per category  = 100.00


-----------------------------------------------
Number of degrees of freedom          : 99999
Chi-square statistic                  :99813.96
p-value of test                       :    0.66


-----------------------------------------------
Anderson-Darling statistic            :    0.51
p-value of test                       :    0.49


-----------------------------------------------
CPU time used                    :  00:00:01.80

Generator state:




***********************************************************
HOST = soph-test-runner, Darwin

generator


sknuth_MaxOft test:
-----------------------------------------------
   N =  1,  n = 10000000,  r =  0,   d = 100000,   t = 30

      Number of categories = 100000
      Expected number per category  = 100.00


-----------------------------------------------
Number of degrees of freedom          : 99999
Chi-square statistic                  :99714.82
p-value of test                       :    0.74


-----------------------------------------------
Anderson-Darling statistic            :    0.93
p-value of test                       :    0.07


-----------------------------------------------
CPU time used                    :  00:00:02.16

Generator state:




***********************************************************
HOST = soph-test-runner, Darwin

generator


svaria_SampleProd test:
-----------------------------------------------
   N =  1,  n = 10000000,  r =  0,   t = 10


-----------------------------------------------
Anderson-Darling statistic            :   0.032
p-value of test                       :    0.97

-----------------------------------------------
CPU time used                    :  00:00:01.20

Generator state:




***********************************************************
HOST = soph-test-runner, Darwin

generator


svaria_SampleProd test:
-----------------------------------------------
   N =  1,  n = 10000000,  r =  0,   t = 30


-----------------------------------------------
Anderson-Darling statistic            :    0.90
p-value of test                       :    0.10

-----------------------------------------------
CPU time used                    :  00:00:02.08

Generator state:




***********************************************************
HOST = soph-test-runner, Darwin

generator


svaria_SampleMean test:
-----------------------------------------------
   N = 10000000,  n = 20,  r =  0


-----------------------------------------------

Kolmogorov-Smirnov+ statistic = D+    : 2.62e-4
p-value of test                       :    0.25

Kolmogorov-Smirnov- statistic = D-    : 2.44e-4
p-value of test                       :    0.30

Anderson-Darling statistic = A2       :    1.12
p-value of test                       :    0.30

-----------------------------------------------
CPU time used                    :  00:00:01.92

Generator state:




***********************************************************
HOST = soph-test-runner, Darwin

generator


svaria_SampleCorr test:
-----------------------------------------------
   N =  1,  n = 500000000,  r =  0,   k = 1


-----------------------------------------------
Normal statistic                      :    0.28
p-value of test                       :    0.39

-----------------------------------------------
CPU time used                    :  00:00:01.63

Generator state:




***********************************************************
HOST = soph-test-runner, Darwin

generator


svaria_AppearanceSpacings test:
-----------------------------------------------
   N =  1,   Q = 10000000,   K = 400000000,   r = 0,   s = 30,   L = 15

   Sequences of n = (K + Q)L =   6150000000 bits
   Q = 10000000 initialization blocks
   K = 400000000 blocks for the test
   the blocks have L = 15 bits



-----------------------------------------------
Normal statistic                      :   -0.20
p-value of test                       :    0.58

-----------------------------------------------
CPU time used                    :  00:00:01.48

Generator state:




***********************************************************
HOST = soph-test-runner, Darwin

generator


svaria_AppearanceSpacings test:
-----------------------------------------------
   N =  1,   Q = 10000000,   K = 100000000,   r = 20,   s = 10,   L = 15

   Sequences of n = (K + Q)L =   1650000000 bits
   Q = 10000000 initialization blocks
   K = 100000000 blocks for the test
   the blocks have L = 15 bits



-----------------------------------------------
Normal statistic                      :    0.19
p-value of test                       :    0.42

-----------------------------------------------
CPU time used                    :  00:00:00.75

Generator state:




***********************************************************
HOST = soph-test-runner, Darwin

generator


svaria_WeightDistrib test:
-----------------------------------------------
   N =  1,  n = 2000000,  r =  0,  k = 256,  Alpha =      0,  Beta =  0.125


-----------------------------------------------
Number of degrees of freedom          :   46
Chi-square statistic                  :   62.55
p-value of test                       :    0.05

-----------------------------------------------
CPU time used                    :  00:00:01.64

Generator state:




***********************************************************
HOST = soph-test-runner, Darwin

generator


svaria_WeightDistrib test:
-----------------------------------------------
   N =  1,  n = 2000000,  r =  8,  k = 256,  Alpha =      0,  Beta =  0.125


-----------------------------------------------
Number of degrees of freedom          :   46
Chi-square statistic                  :   34.12
p-value of test                       :    0.90

-----------------------------------------------
CPU time used                    :  00:00:01.67

Generator state:




***********************************************************
HOST = soph-test-runner, Darwin

generator


svaria_WeightDistrib test:
-----------------------------------------------
   N =  1,  n = 2000000,  r = 16,  k = 256,  Alpha =      0,  Beta =  0.125


-----------------------------------------------
Number of degrees of freedom          :   46
Chi-square statistic                  :   49.73
p-value of test                       :    0.33

-----------------------------------------------
CPU time used                    :  00:00:01.66

Generator state:




***********************************************************
HOST = soph-test-runner, Darwin

generator


svaria_WeightDistrib test:
-----------------------------------------------
   N =  1,  n = 2000000,  r = 24,  k = 256,  Alpha =      0,  Beta =  0.125


-----------------------------------------------
Number of degrees of freedom          :   46
Chi-square statistic                  :   55.77
p-value of test                       :    0.15

-----------------------------------------------
CPU time used                    :  00:00:01.67

Generator state:




***********************************************************
HOST = soph-test-runner, Darwin

generator


svaria_SumCollector test:
-----------------------------------------------
   N =  1,  n = 20000000,  r =  0,   g = 10


-----------------------------------------------
Number of degrees of freedom          :   25
Chi-square statistic                  :   33.74
p-value of test                       :    0.11

-----------------------------------------------
CPU time used                    :  00:00:01.62

Generator state:




***********************************************************
HOST = soph-test-runner, Darwin

generator


smarsa_MatrixRank test:
-----------------------------------------------
   N =  1,  n = 1000000,  r =  0,    s = 30,    L = 60,    k = 60


-----------------------------------------------
Number of degrees of freedom          :    4
Chi-square statistic                  :    2.97
p-value of test                       :    0.56

-----------------------------------------------
CPU time used                    :  00:00:08.61

Generator state:




***********************************************************
HOST = soph-test-runner, Darwin

generator


smarsa_MatrixRank test:
-----------------------------------------------
   N =  1,  n = 1000000,  r = 20,    s = 10,    L = 60,    k = 60


-----------------------------------------------
Number of degrees of freedom          :    4
Chi-square statistic                  :    0.48
p-value of test                       :    0.98

-----------------------------------------------
CPU time used                    :  00:00:09.31

Generator state:




***********************************************************
HOST = soph-test-runner, Darwin

generator


smarsa_MatrixRank test:
-----------------------------------------------
   N =  1,  n = 50000,  r =  0,    s = 30,    L = 300,    k = 300


-----------------------------------------------
Number of degrees of freedom          :    3
Chi-square statistic                  :    5.72
p-value of test                       :    0.13

-----------------------------------------------
CPU time used                    :  00:00:11.66

Generator state:




***********************************************************
HOST = soph-test-runner, Darwin

generator


smarsa_MatrixRank test:
-----------------------------------------------
   N =  1,  n = 50000,  r = 20,    s = 10,    L = 300,    k = 300


-----------------------------------------------
Number of degrees of freedom          :    3
Chi-square statistic                  :    0.69
p-value of test                       :    0.88

-----------------------------------------------
CPU time used                    :  00:00:13.18

Generator state:




***********************************************************
HOST = soph-test-runner, Darwin

generator


smarsa_MatrixRank test:
-----------------------------------------------
   N =  1,  n = 2000,  r =  0,    s = 30,    L = 1200,    k = 1200


-----------------------------------------------
Number of degrees of freedom          :    3
Chi-square statistic                  :    5.31
p-value of test                       :    0.15

-----------------------------------------------
CPU time used                    :  00:00:11.81

Generator state:




***********************************************************
HOST = soph-test-runner, Darwin

generator


smarsa_MatrixRank test:
-----------------------------------------------
   N =  1,  n = 2000,  r = 20,    s = 10,    L = 1200,    k = 1200


-----------------------------------------------
Number of degrees of freedom          :    3
Chi-square statistic                  :    2.68
p-value of test                       :    0.44

-----------------------------------------------
CPU time used                    :  00:00:14.16

Generator state:




***********************************************************
HOST = soph-test-runner, Darwin

generator


smarsa_Savir2 test:
-----------------------------------------------
   N =  1,  n = 20000000,  r =  0,    m = 1048576,    t = 30


-----------------------------------------------
Number of degrees of freedom          :   17
Chi-square statistic                  :    5.22
p-value of test                       :    0.9971

-----------------------------------------------
CPU time used                    :  00:00:02.42

Generator state:




***********************************************************
HOST = soph-test-runner, Darwin

generator


smarsa_GCD test:
-----------------------------------------------
   N =  1,  n = 100000000,  r =  0,   s = 30


-----------------------------------------------
Number of degrees of freedom          : 2465
Chi2 statistic for GCD values         : 2485.52
p-value of test                       :    0.38



-----------------------------------------------
CPU time used                    :  00:00:05.68

Generator state:




***********************************************************
HOST = soph-test-runner, Darwin

generator


smarsa_GCD test:
-----------------------------------------------
   N =  1,  n = 40000000,  r = 10,   s = 20


-----------------------------------------------
Number of degrees of freedom          : 1559
Chi2 statistic for GCD values         : 1428.43
p-value of test                       :    0.9917



-----------------------------------------------
CPU time used                    :  00:00:01.74

Generator state:




***********************************************************
HOST = soph-test-runner, Darwin

generator


swalk_RandomWalk1 test:
-----------------------------------------------
   N =  1,  n = 50000000,  r =  0,   s = 30,   L0 =   90,   L1 =   90



-----------------------------------------------
Test on the values of the Statistic H

Number of degrees of freedom          :   46
ChiSquare statistic                   :   42.26
p-value of test                       :    0.63


-----------------------------------------------
Test on the values of the Statistic M

Number of degrees of freedom          :   47
ChiSquare statistic                   :   36.53
p-value of test                       :    0.86


-----------------------------------------------
Test on the values of the Statistic J

Number of degrees of freedom          :   45
ChiSquare statistic                   :   56.48
p-value of test                       :    0.12


-----------------------------------------------
Test on the values of the Statistic R

Number of degrees of freedom          :   36
ChiSquare statistic                   :   29.67
p-value of test                       :    0.76


-----------------------------------------------
Test on the values of the Statistic C

Number of degrees of freedom          :   23
ChiSquare statistic                   :   30.47
p-value of test                       :    0.14


-----------------------------------------------
CPU time used                    :  00:00:11.35

Generator state:




***********************************************************
HOST = soph-test-runner, Darwin

generator


swalk_RandomWalk1 test:
-----------------------------------------------
   N =  1,  n = 10000000,  r = 20,   s = 10,   L0 =   90,   L1 =   90



-----------------------------------------------
Test on the values of the Statistic H

Number of degrees of freedom          :   44
ChiSquare statistic                   :   35.83
p-value of test                       :    0.80


-----------------------------------------------
Test on the values of the Statistic M

Number of degrees of freedom          :   45
ChiSquare statistic                   :   30.17
p-value of test                       :    0.96


-----------------------------------------------
Test on the values of the Statistic J

Number of degrees of freedom          :   45
ChiSquare statistic                   :   44.07
p-value of test                       :    0.51


-----------------------------------------------
Test on the values of the Statistic R

Number of degrees of freedom          :   35
ChiSquare statistic                   :   50.42
p-value of test                       :    0.04


-----------------------------------------------
Test on the values of the Statistic C

Number of degrees of freedom          :   22
ChiSquare statistic                   :   11.29
p-value of test                       :    0.97


-----------------------------------------------
CPU time used                    :  00:00:02.47

Generator state:




***********************************************************
HOST = soph-test-runner, Darwin

generator


swalk_RandomWalk1 test:
-----------------------------------------------
   N =  1,  n = 5000000,  r =  0,   s = 30,   L0 = 1000,   L1 = 1000



-----------------------------------------------
Test on the values of the Statistic H

Number of degrees of freedom          :  140
ChiSquare statistic                   :  128.60
p-value of test                       :    0.75


-----------------------------------------------
Test on the values of the Statistic M

Number of degrees of freedom          :  141
ChiSquare statistic                   :  126.85
p-value of test                       :    0.80


-----------------------------------------------
Test on the values of the Statistic J

Number of degrees of freedom          :  500
ChiSquare statistic                   :  493.84
p-value of test                       :    0.57


-----------------------------------------------
Test on the values of the Statistic R

Number of degrees of freedom          :  132
ChiSquare statistic                   :  151.81
p-value of test                       :    0.11


-----------------------------------------------
Test on the values of the Statistic C

Number of degrees of freedom          :   72
ChiSquare statistic                   :   63.56
p-value of test                       :    0.75


-----------------------------------------------
CPU time used                    :  00:00:10.25

Generator state:




***********************************************************
HOST = soph-test-runner, Darwin

generator


swalk_RandomWalk1 test:
-----------------------------------------------
   N =  1,  n = 1000000,  r = 20,   s = 10,   L0 = 1000,   L1 = 1000



-----------------------------------------------
Test on the values of the Statistic H

Number of degrees of freedom          :  128
ChiSquare statistic                   :  119.73
p-value of test                       :    0.69


-----------------------------------------------
Test on the values of the Statistic M

Number of degrees of freedom          :  130
ChiSquare statistic                   :  129.32
p-value of test                       :    0.50


-----------------------------------------------
Test on the values of the Statistic J

Number of degrees of freedom          :  500
ChiSquare statistic                   :  509.97
p-value of test                       :    0.37


-----------------------------------------------
Test on the values of the Statistic R

Number of degrees of freedom          :  122
ChiSquare statistic                   :  130.09
p-value of test                       :    0.29


-----------------------------------------------
Test on the values of the Statistic C

Number of degrees of freedom          :   66
ChiSquare statistic                   :   77.46
p-value of test                       :    0.16


-----------------------------------------------
CPU time used                    :  00:00:02.13

Generator state:




***********************************************************
HOST = soph-test-runner, Darwin

generator


swalk_RandomWalk1 test:
-----------------------------------------------
   N =  1,  n = 500000,  r =  0,   s = 30,   L0 = 10000,   L1 = 10000



-----------------------------------------------
Test on the values of the Statistic H

Number of degrees of freedom          :  366
ChiSquare statistic                   :  321.56
p-value of test                       :    0.95


-----------------------------------------------
Test on the values of the Statistic M

Number of degrees of freedom          :  366
ChiSquare statistic                   :  384.45
p-value of test                       :    0.24


-----------------------------------------------
Test on the values of the Statistic J

Number of degrees of freedom          : 5000
ChiSquare statistic                   : 5063.49
p-value of test                       :    0.26


-----------------------------------------------
Test on the values of the Statistic R

Number of degrees of freedom          :  360
ChiSquare statistic                   :  355.48
p-value of test                       :    0.56


-----------------------------------------------
Test on the values of the Statistic C

Number of degrees of freedom          :  192
ChiSquare statistic                   :  187.80
p-value of test                       :    0.57


-----------------------------------------------
CPU time used                    :  00:00:09.32

Generator state:




***********************************************************
HOST = soph-test-runner, Darwin

generator


swalk_RandomWalk1 test:
-----------------------------------------------
   N =  1,  n = 100000,  r = 20,   s = 10,   L0 = 10000,   L1 = 10000



-----------------------------------------------
Test on the values of the Statistic H

Number of degrees of freedom          :  318
ChiSquare statistic                   :  331.37
p-value of test                       :    0.29


-----------------------------------------------
Test on the values of the Statistic M

Number of degrees of freedom          :  318
ChiSquare statistic                   :  336.18
p-value of test                       :    0.23


-----------------------------------------------
Test on the values of the Statistic J

Number of degrees of freedom          : 5000
ChiSquare statistic                   : 5008.23
p-value of test                       :    0.46


-----------------------------------------------
Test on the values of the Statistic R

Number of degrees of freedom          :  315
ChiSquare statistic                   :  343.83
p-value of test                       :    0.13


-----------------------------------------------
Test on the values of the Statistic C

Number of degrees of freedom          :  169
ChiSquare statistic                   :  192.78
p-value of test                       :    0.10


-----------------------------------------------
CPU time used                    :  00:00:01.93

Generator state:




***********************************************************
HOST = soph-test-runner, Darwin

generator


scomp_LinearComp test:
-----------------------------------------------
   N =  1,  n = 120000,  r =  0,    s = 1



-----------------------------------------------
Number of degrees of freedom          :   10
Chi2 statistic for size of jumps      :   13.51
p-value of test                       :    0.20


-----------------------------------------------
Normal statistic for number of jumps  :   -0.40
p-value of test                       :    0.66



-----------------------------------------------
CPU time used                    :  00:00:06.42

Generator state:




***********************************************************
HOST = soph-test-runner, Darwin

generator


scomp_LinearComp test:
-----------------------------------------------
   N =  1,  n = 120000,  r = 29,    s = 1



-----------------------------------------------
Number of degrees of freedom          :   10
Chi2 statistic for size of jumps      :    6.50
p-value of test                       :    0.77


-----------------------------------------------
Normal statistic for number of jumps  :    0.20
p-value of test                       :    0.42



-----------------------------------------------
CPU time used                    :  00:00:06.44

Generator state:




***********************************************************
HOST = soph-test-runner, Darwin

generator


scomp_LempelZiv test:
-----------------------------------------------
   N = 10,  n = 33554432,  r =  0,   s =   30,   k =   25


-----------------------------------------------

Kolmogorov-Smirnov+ statistic = D+    :    0.14
p-value of test                       :    0.64

Kolmogorov-Smirnov- statistic = D-    :    0.35
p-value of test                       :    0.07

Anderson-Darling statistic = A2       :    1.16
p-value of test                       :    0.28

Tests on the sum of all N observations
Standardized normal statistic         :    0.69
p-value of test                       :    0.25

Sample variance                       :    1.33
p-value of test                       :    0.22

-----------------------------------------------
CPU time used                    :  00:00:02.45

Generator state:




***********************************************************
HOST = soph-test-runner, Darwin

generator


sspectral_Fourier3 test:
-----------------------------------------------
   N = 50000,  n = 16384,  r =  0,   s =   30,   k =   14


-----------------------------------------------

Kolmogorov-Smirnov+ statistic = D+    :   0.013
p-value of test                       :    0.24

Kolmogorov-Smirnov- statistic = D-    : 3.30e-3
p-value of test                       :    0.91

Anderson-Darling statistic = A2       :    0.84
p-value of test                       :    0.45

-----------------------------------------------
CPU time used                    :  00:00:02.39

Generator state:




***********************************************************
HOST = soph-test-runner, Darwin

generator


sspectral_Fourier3 test:
-----------------------------------------------
   N = 50000,  n = 16384,  r = 20,   s =   10,   k =   14


-----------------------------------------------

Kolmogorov-Smirnov+ statistic = D+    :   0.013
p-value of test                       :    0.24

Kolmogorov-Smirnov- statistic = D-    : 6.52e-3
p-value of test                       :    0.70

Anderson-Darling statistic = A2       :    0.59
p-value of test                       :    0.66

-----------------------------------------------
CPU time used                    :  00:00:02.50

Generator state:




***********************************************************
HOST = soph-test-runner, Darwin

generator


sstring_LongestHeadRun test:
-----------------------------------------------
   N =  1,  n = 1000,  r =  0,   s = 30,   L = 10000020


-----------------------------------------------
Number of degrees of freedom          :    8
Chi-square statistic                  :    4.39
p-value of test                       :    0.82

-----------------------------------------------
Global longest run of 1               :   32.00
p-value of test                       :    0.50



-----------------------------------------------
CPU time used                    :  00:00:31.29

Generator state:




***********************************************************
HOST = soph-test-runner, Darwin

generator


sstring_LongestHeadRun test:
-----------------------------------------------
   N =  1,  n = 300,  r = 20,   s = 10,   L = 10000020


-----------------------------------------------
Number of degrees of freedom          :    7
Chi-square statistic                  :   13.99
p-value of test                       :    0.05

-----------------------------------------------
Global longest run of 1               :   37.00
p-value of test                       :    0.01



-----------------------------------------------
CPU time used                    :  00:00:09.87

Generator state:




***********************************************************
HOST = soph-test-runner, Darwin

generator


sstring_PeriodsInStrings test:
-----------------------------------------------
   N =  1,  n = 300000000,  r =  0,   s =   30


-----------------------------------------------
Number of degrees of freedom          :  302
Chi-square statistic                  :  317.16
p-value of test                       :    0.26

-----------------------------------------------
CPU time used                    :  00:00:05.59

Generator state:




***********************************************************
HOST = soph-test-runner, Darwin

generator


sstring_PeriodsInStrings test:
-----------------------------------------------
   N =  1,  n = 300000000,  r = 15,   s =   15


-----------------------------------------------
Number of degrees of freedom          :   56
Chi-square statistic                  :   77.20
p-value of test                       :    0.03

-----------------------------------------------
CPU time used                    :  00:00:03.99

Generator state:




***********************************************************
HOST = soph-test-runner, Darwin

generator


sstring_HammingWeight2 test:
-----------------------------------------------
   N = 100,  n = 100000000,  r =  0,   s = 30,   L = 1000000


-----------------------------------------------

Kolmogorov-Smirnov+ statistic = D+    : 7.67e-3
p-value of test                       :    0.98

Kolmogorov-Smirnov- statistic = D-    :    0.15
p-value of test                       :    0.01

Anderson-Darling statistic = A2       :    4.01
p-value of test                       :  8.6e-3

Test on the sum of all N observations
Number of degrees of freedom          : 10000
Chi-square statistic                  :10386.05
p-value of test                       :  3.5e-3

-----------------------------------------------
CPU time used                    :  00:00:00.75

Generator state:




***********************************************************
HOST = soph-test-runner, Darwin

generator


sstring_HammingWeight2 test:
-----------------------------------------------
   N = 30,  n = 100000000,  r = 20,   s = 10,   L = 1000000


-----------------------------------------------

Kolmogorov-Smirnov+ statistic = D+    :   0.080
p-value of test                       :    0.65

Kolmogorov-Smirnov- statistic = D-    :    0.11
p-value of test                       :    0.45

Anderson-Darling statistic = A2       :    0.58
p-value of test                       :    0.67

Test on the sum of all N observations
Number of degrees of freedom          : 3000
Chi-square statistic                  : 3010.02
p-value of test                       :    0.45

-----------------------------------------------
CPU time used                    :  00:00:00.69

Generator state:




***********************************************************
HOST = soph-test-runner, Darwin

generator


sstring_HammingCorr test:
-----------------------------------------------
   N =  1,  n = 500000000,  r =  0,   s = 30,   L = 30



-----------------------------------------------
Normal statistic                      :   -1.24
p-value of test                       :    0.89

-----------------------------------------------
CPU time used                    :  00:00:01.32

Generator state:




***********************************************************
HOST = soph-test-runner, Darwin

generator


sstring_HammingCorr test:
-----------------------------------------------
   N =  1,  n = 50000000,  r =  0,   s = 30,   L = 300



-----------------------------------------------
Normal statistic                      :   -0.94
p-value of test                       :    0.83

-----------------------------------------------
CPU time used                    :  00:00:01.42

Generator state:




***********************************************************
HOST = soph-test-runner, Darwin

generator


sstring_HammingCorr test:
-----------------------------------------------
   N =  1,  n = 10000000,  r =  0,   s = 30,   L = 1200



-----------------------------------------------
Normal statistic                      :    0.43
p-value of test                       :    0.33

-----------------------------------------------
CPU time used                    :  00:00:00.98

Generator state:




***********************************************************
HOST = soph-test-runner, Darwin

generator


sstring_HammingIndep test:
-----------------------------------------------
   N =  1,  n = 300000000,  r =  0,   s = 30,   L = 30,   d = 0



Counters with expected numbers >= 10
-----------------------------------------------
Number of degrees of freedom          :  577
Chi-square statistic                  :  564.25
p-value of test                       :    0.64

-----------------------------------------------
CPU time used                    :  00:00:01.69

Generator state:




***********************************************************
HOST = soph-test-runner, Darwin

generator


sstring_HammingIndep test:
-----------------------------------------------
   N =  1,  n = 100000000,  r = 20,   s = 10,   L = 30,   d = 0



Counters with expected numbers >= 10
-----------------------------------------------
Number of degrees of freedom          :  533
Chi-square statistic                  :  548.32
p-value of test                       :    0.31

-----------------------------------------------
CPU time used                    :  00:00:01.73

Generator state:




***********************************************************
HOST = soph-test-runner, Darwin

generator


sstring_HammingIndep test:
-----------------------------------------------
   N =  1,  n = 30000000,  r =  0,   s = 30,   L = 300,   d = 0



Counters with expected numbers >= 10
-----------------------------------------------
Number of degrees of freedom          : 4117
Chi-square statistic                  : 4349.57
p-value of test                       :  5.8e-3

-----------------------------------------------
CPU time used                    :  00:00:01.58

Generator state:




***********************************************************
HOST = soph-test-runner, Darwin

generator


sstring_HammingIndep test:
-----------------------------------------------
   N =  1,  n = 10000000,  r = 20,   s = 10,   L = 300,   d = 0



Counters with expected numbers >= 10
-----------------------------------------------
Number of degrees of freedom          : 3585
Chi-square statistic                  : 3612.33
p-value of test                       :    0.37

-----------------------------------------------
CPU time used                    :  00:00:01.49

Generator state:




***********************************************************
HOST = soph-test-runner, Darwin

generator


sstring_HammingIndep test:
-----------------------------------------------
   N =  1,  n = 10000000,  r =  0,   s = 30,   L = 1200,   d = 0



Counters with expected numbers >= 10
-----------------------------------------------
Number of degrees of freedom          : 11825
Chi-square statistic                  :11910.69
p-value of test                       :    0.29

-----------------------------------------------
CPU time used                    :  00:00:01.97

Generator state:




***********************************************************
HOST = soph-test-runner, Darwin

generator


sstring_HammingIndep test:
-----------------------------------------------
   N =  1,  n = 1000000,  r = 20,   s = 10,   L = 1200,   d = 0



Counters with expected numbers >= 10
-----------------------------------------------
Number of degrees of freedom          : 7473
Chi-square statistic                  : 7464.80
p-value of test                       :    0.52

-----------------------------------------------
CPU time used                    :  00:00:00.55

Generator state:




***********************************************************
HOST = soph-test-runner, Darwin

generator


sstring_Run test:
-----------------------------------------------
   N =  1,  n = 1000000000,  r =  0,   s =   30


-----------------------------------------------
Total number of 1 runs:  1000000005

Number of degrees of freedom          :   52
Chi2 statistic for number of runs     :   49.83
p-value of test                       :    0.56


-----------------------------------------------
Total number of bits:  3999978030

Normal statistic for number of bits   :   -0.25
p-value of test                       :    0.60



-----------------------------------------------
CPU time used                    :  00:00:10.29

Generator state:




***********************************************************
HOST = soph-test-runner, Darwin

generator


sstring_Run test:
-----------------------------------------------
   N =  1,  n = 1000000000,  r = 20,   s =   10


-----------------------------------------------
Total number of 1 runs:  1000000000

Number of degrees of freedom          :   52
Chi2 statistic for number of runs     :   53.43
p-value of test                       :    0.42


-----------------------------------------------
Total number of bits:  3999996180

Normal statistic for number of bits   :  -0.043
p-value of test                       :    0.52



-----------------------------------------------
CPU time used                    :  00:00:11.52

Generator state:




***********************************************************
HOST = soph-test-runner, Darwin

generator


sstring_AutoCor test:
-----------------------------------------------
   N = 10,  n = 1000000021,  r =  0,   s = 30,   d = 1


-----------------------------------------------

Kolmogorov-Smirnov+ statistic = D+    :   0.098
p-value of test                       :    0.77

Kolmogorov-Smirnov- statistic = D-    :    0.17
p-value of test                       :    0.52

Anderson-Darling statistic = A2       :    0.47
p-value of test                       :    0.77

Tests on the sum of all N observations
Standardized normal statistic         :   -0.23
p-value of test                       :    0.59

Sample variance                       :    1.36
p-value of test                       :    0.20

-----------------------------------------------
CPU time used                    :  00:00:02.91

Generator state:




***********************************************************
HOST = soph-test-runner, Darwin

generator


sstring_AutoCor test:
-----------------------------------------------
   N =  5,  n = 1000000001,  r = 20,   s = 10,   d = 1


-----------------------------------------------

Kolmogorov-Smirnov+ statistic = D+    :    0.42
p-value of test                       :    0.13

Kolmogorov-Smirnov- statistic = D-    :    0.15
p-value of test                       :    0.74

Anderson-Darling statistic = A2       :    0.90
p-value of test                       :    0.41

Tests on the sum of all N observations
Standardized normal statistic         :   -0.76
p-value of test                       :    0.78

Sample variance                       :    0.27
p-value of test                       :    0.90

-----------------------------------------------
CPU time used                    :  00:00:04.37

Generator state:




***********************************************************
HOST = soph-test-runner, Darwin

generator


sstring_AutoCor test:
-----------------------------------------------
   N = 10,  n = 1000000020,  r =  0,   s = 30,   d = 30


-----------------------------------------------

Kolmogorov-Smirnov+ statistic = D+    :    0.21
p-value of test                       :    0.38

Kolmogorov-Smirnov- statistic = D-    :    0.38
p-value of test                       :    0.04

Anderson-Darling statistic = A2       :    1.90
p-value of test                       :    0.11

Tests on the sum of all N observations
Standardized normal statistic         :    0.84
p-value of test                       :    0.20

Sample variance                       :    0.14
p-value of test                       :    0.9986

-----------------------------------------------
CPU time used                    :  00:00:01.27

Generator state:




***********************************************************
HOST = soph-test-runner, Darwin

generator


sstring_AutoCor test:
-----------------------------------------------
   N =  5,  n = 1000000010,  r = 20,   s = 10,   d = 10


-----------------------------------------------

Kolmogorov-Smirnov+ statistic = D+    :    0.24
p-value of test                       :    0.47

Kolmogorov-Smirnov- statistic = D-    :    0.26
p-value of test                       :    0.44

Anderson-Darling statistic = A2       :    0.66
p-value of test                       :    0.58

Tests on the sum of all N observations
Standardized normal statistic         :   -0.46
p-value of test                       :    0.68

Sample variance                       :    1.47
p-value of test                       :    0.21

-----------------------------------------------
CPU time used                    :  00:00:01.94

Generator state:





========= Summary results of Crush =========

 Version:          TestU01 1.2.3
 Generator:        generator
 Number of statistics:  144
 Total CPU time:   00:09:45.07

 All tests were passed



