# SOPH Battery Test Log
# Suite:     crush
# Seed:      01
# Generator: $HOME/Desktop/SOPH_ALGO/bin/soph_rng_lane --ctr-raw-gen --seed-hex 01 --bytes 0
# Date:      2026-04-02 16:35:25
#======================================================================

xxxxxxxxxxxxxxxxxxxxxxxxxxxxxxxxxxxxxxxxxxxxxxxxxxxxxxxxxxx
                 Starting Crush
                 Version: TestU01 1.2.3
xxxxxxxxxxxxxxxxxxxxxxxxxxxxxxxxxxxxxxxxxxxxxxxxxxxxxxxxxxx


***********************************************************
Test smarsa_SerialOver calling smultin_MultinomialOver

***********************************************************
HOST = soph-test-runner, Darwin

generator


smultin_MultinomialOver test:
-----------------------------------------------
   N =  1,  n = 500000000,  r =  0,   d = 4096,   t =  2,
       Sparse =  FALSE

       GenerCell = smultin_GenerCellSerial
       Number of cells = d^t =           16777216
       Expected number per cell =   29.802322
       Hashing =  FALSE

   For Delta > -1, we use the ChiSquare approximation
   Correction factor of the ChiSquare: 
       Delta =     1,    Mu =     0.01677312,    Sigma =          1

-----------------------------------------------
Test Results for Delta =   1.0000

Number of degrees of freedom          : 16773120
Value of the statistic                : 1.68e+7
p-value of test                       :    0.66


-----------------------------------------------
CPU time used                    :  00:00:07.66

Generator state:




***********************************************************
Test smarsa_SerialOver calling smultin_MultinomialOver

***********************************************************
HOST = soph-test-runner, Darwin

generator


smultin_MultinomialOver test:
-----------------------------------------------
   N =  1,  n = 300000000,  r =  0,   d =   64,   t =  4,
       Sparse =  FALSE

       GenerCell = smultin_GenerCellSerial
       Number of cells = d^t =           16777216
       Expected number per cell =   17.881393
       Hashing =  FALSE

   For Delta > -1, we use the ChiSquare approximation
   Correction factor of the ChiSquare: 
       Delta =     1,    Mu =    0.027525119,    Sigma =          1

-----------------------------------------------
Test Results for Delta =   1.0000

Number of degrees of freedom          : 16515072
Value of the statistic                : 1.65e+7
p-value of test                       :    0.54


-----------------------------------------------
CPU time used                    :  00:00:04.53

Generator state:




***********************************************************
Test smarsa_CollisionOver calling smultin_MultinomialOver

***********************************************************
HOST = soph-test-runner, Darwin

generator


smultin_MultinomialOver test:
-----------------------------------------------
   N = 10,  n = 10000000,  r =  0,   d = 1048576,   t =  2,
       Sparse =   TRUE

       GenerCell = smultin_GenerCellSerial
       Number of cells = d^t =      1099511627776
       Expected number per cell =  1 /  109951.16
       EColl = n^2 / (2k) =  45.47473509
       Hashing =   TRUE

       Collision test

       CollisionOver:   density = n / k =  1 /  109951.16
       Expected number of collisions = Mu =      45.47


-----------------------------------------------
Results of CollisionOver test:

POISSON approximation                 :
Expected number of collisions = N*Mu  :      454.75
Observed number of collisions         :      396
p-value of test                       :    0.9973

-----------------------------
Total number of cells containing j balls

  j =  0                              :   10995016278156
  j =  1                              :         99999208
  j =  2                              :              396
  j =  3                              :                0
  j =  4                              :                0
  j =  5                              :                0

-----------------------------------------------
CPU time used                    :  00:00:08.21

Generator state:




***********************************************************
Test smarsa_CollisionOver calling smultin_MultinomialOver

***********************************************************
HOST = soph-test-runner, Darwin

generator


smultin_MultinomialOver test:
-----------------------------------------------
   N = 10,  n = 10000000,  r = 10,   d = 1048576,   t =  2,
       Sparse =   TRUE

       GenerCell = smultin_GenerCellSerial
       Number of cells = d^t =      1099511627776
       Expected number per cell =  1 /  109951.16
       EColl = n^2 / (2k) =  45.47473509
       Hashing =   TRUE

       Collision test

       CollisionOver:   density = n / k =  1 /  109951.16
       Expected number of collisions = Mu =      45.47


-----------------------------------------------
Results of CollisionOver test:

POISSON approximation                 :
Expected number of collisions = N*Mu  :      454.75
Observed number of collisions         :      438
p-value of test                       :    0.78

-----------------------------
Total number of cells containing j balls

  j =  0                              :   10995016278198
  j =  1                              :         99999124
  j =  2                              :              438
  j =  3                              :                0
  j =  4                              :                0
  j =  5                              :                0

-----------------------------------------------
CPU time used                    :  00:00:08.46

Generator state:




***********************************************************
Test smarsa_CollisionOver calling smultin_MultinomialOver

***********************************************************
HOST = soph-test-runner, Darwin

generator


smultin_MultinomialOver test:
-----------------------------------------------
   N = 10,  n = 10000000,  r =  0,   d = 1024,   t =  4,
       Sparse =   TRUE

       GenerCell = smultin_GenerCellSerial
       Number of cells = d^t =      1099511627776
       Expected number per cell =  1 /  109951.16
       EColl = n^2 / (2k) =  45.47473509
       Hashing =   TRUE

       Collision test

       CollisionOver:   density = n / k =  1 /  109951.16
       Expected number of collisions = Mu =      45.47


-----------------------------------------------
Results of CollisionOver test:

POISSON approximation                 :
Expected number of collisions = N*Mu  :      454.75
Observed number of collisions         :      449
p-value of test                       :    0.59

-----------------------------
Total number of cells containing j balls

  j =  0                              :   10995016278209
  j =  1                              :         99999102
  j =  2                              :              449
  j =  3                              :                0
  j =  4                              :                0
  j =  5                              :                0

-----------------------------------------------
CPU time used                    :  00:00:11.10

Generator state:




***********************************************************
Test smarsa_CollisionOver calling smultin_MultinomialOver

***********************************************************
HOST = soph-test-runner, Darwin

generator


smultin_MultinomialOver test:
-----------------------------------------------
   N = 10,  n = 10000000,  r = 20,   d = 1024,   t =  4,
       Sparse =   TRUE

       GenerCell = smultin_GenerCellSerial
       Number of cells = d^t =      1099511627776
       Expected number per cell =  1 /  109951.16
       EColl = n^2 / (2k) =  45.47473509
       Hashing =   TRUE

       Collision test

       CollisionOver:   density = n / k =  1 /  109951.16
       Expected number of collisions = Mu =      45.47


-----------------------------------------------
Results of CollisionOver test:

POISSON approximation                 :
Expected number of collisions = N*Mu  :      454.75
Observed number of collisions         :      445
p-value of test                       :    0.67

-----------------------------
Total number of cells containing j balls

  j =  0                              :   10995016278205
  j =  1                              :         99999110
  j =  2                              :              445
  j =  3                              :                0
  j =  4                              :                0
  j =  5                              :                0

-----------------------------------------------
CPU time used                    :  00:00:11.43

Generator state:




***********************************************************
Test smarsa_CollisionOver calling smultin_MultinomialOver

***********************************************************
HOST = soph-test-runner, Darwin

generator


smultin_MultinomialOver test:
-----------------------------------------------
   N = 10,  n = 10000000,  r =  0,   d =   32,   t =  8,
       Sparse =   TRUE

       GenerCell = smultin_GenerCellSerial
       Number of cells = d^t =      1099511627776
       Expected number per cell =  1 /  109951.16
       EColl = n^2 / (2k) =  45.47473509
       Hashing =   TRUE

       Collision test

       CollisionOver:   density = n / k =  1 /  109951.16
       Expected number of collisions = Mu =      45.47


-----------------------------------------------
Results of CollisionOver test:

POISSON approximation                 :
Expected number of collisions = N*Mu  :      454.75
Observed number of collisions         :      455
p-value of test                       :    0.50

-----------------------------
Total number of cells containing j balls

  j =  0                              :   10995016278215
  j =  1                              :         99999090
  j =  2                              :              455
  j =  3                              :                0
  j =  4                              :                0
  j =  5                              :                0

-----------------------------------------------
CPU time used                    :  00:00:11.14

Generator state:




***********************************************************
Test smarsa_CollisionOver calling smultin_MultinomialOver

***********************************************************
HOST = soph-test-runner, Darwin

generator


smultin_MultinomialOver test:
-----------------------------------------------
   N = 10,  n = 10000000,  r = 25,   d =   32,   t =  8,
       Sparse =   TRUE

       GenerCell = smultin_GenerCellSerial
       Number of cells = d^t =      1099511627776
       Expected number per cell =  1 /  109951.16
       EColl = n^2 / (2k) =  45.47473509
       Hashing =   TRUE

       Collision test

       CollisionOver:   density = n / k =  1 /  109951.16
       Expected number of collisions = Mu =      45.47


-----------------------------------------------
Results of CollisionOver test:

POISSON approximation                 :
Expected number of collisions = N*Mu  :      454.75
Observed number of collisions         :      463
p-value of test                       :    0.36

-----------------------------
Total number of cells containing j balls

  j =  0                              :   10995016278223
  j =  1                              :         99999074
  j =  2                              :              463
  j =  3                              :                0
  j =  4                              :                0
  j =  5                              :                0

-----------------------------------------------
CPU time used                    :  00:00:11.51

Generator state:




***********************************************************
Test smarsa_CollisionOver calling smultin_MultinomialOver

***********************************************************
HOST = soph-test-runner, Darwin

generator


smultin_MultinomialOver test:
-----------------------------------------------
   N = 10,  n = 10000000,  r =  0,   d =    4,   t = 20,
       Sparse =   TRUE

       GenerCell = smultin_GenerCellSerial
       Number of cells = d^t =      1099511627776
       Expected number per cell =  1 /  109951.16
       EColl = n^2 / (2k) =  45.47473509
       Hashing =   TRUE

       Collision test

       CollisionOver:   density = n / k =  1 /  109951.16
       Expected number of collisions = Mu =      45.47


-----------------------------------------------
Results of CollisionOver test:

POISSON approximation                 :
Expected number of collisions = N*Mu  :      454.74
Observed number of collisions         :      426
p-value of test                       :    0.91

-----------------------------
Total number of cells containing j balls

  j =  0                              :   10995016278186
  j =  1                              :         99999148
  j =  2                              :              426
  j =  3                              :                0
  j =  4                              :                0
  j =  5                              :                0

-----------------------------------------------
CPU time used                    :  00:00:11.01

Generator state:




***********************************************************
Test smarsa_CollisionOver calling smultin_MultinomialOver

***********************************************************
HOST = soph-test-runner, Darwin

generator


smultin_MultinomialOver test:
-----------------------------------------------
   N = 10,  n = 10000000,  r = 28,   d =    4,   t = 20,
       Sparse =   TRUE

       GenerCell = smultin_GenerCellSerial
       Number of cells = d^t =      1099511627776
       Expected number per cell =  1 /  109951.16
       EColl = n^2 / (2k) =  45.47473509
       Hashing =   TRUE

       Collision test

       CollisionOver:   density = n / k =  1 /  109951.16
       Expected number of collisions = Mu =      45.47


-----------------------------------------------
Results of CollisionOver test:

POISSON approximation                 :
Expected number of collisions = N*Mu  :      454.74
Observed number of collisions         :      512
p-value of test                       :  4.4e-3

-----------------------------
Total number of cells containing j balls

  j =  0                              :   10995016278272
  j =  1                              :         99998976
  j =  2                              :              512
  j =  3                              :                0
  j =  4                              :                0
  j =  5                              :                0

-----------------------------------------------
CPU time used                    :  00:00:11.40

Generator state:




***********************************************************
HOST = soph-test-runner, Darwin

generator


smarsa_BirthdaySpacings test:
-----------------------------------------------
   N =  5,  n = 20000000,  r =  0,    d = 2147483648,    t = 2,    p = 1


      Number of cells = d^t = 4611686018427387904
      Lambda = Poisson mean =     433.6809


----------------------------------------------------
Total expected number = N*Lambda      :    2168.40
Total observed number                 :    2252
p-value of test                       :    0.04


-----------------------------------------------
CPU time used                    :  00:00:13.03

Generator state:




***********************************************************
HOST = soph-test-runner, Darwin

generator


smarsa_BirthdaySpacings test:
-----------------------------------------------
   N =  5,  n = 20000000,  r =  0,    d = 2097152,    t = 3,    p = 1


      Number of cells = d^t = 9223372036854775808
      Lambda = Poisson mean =     216.8404


----------------------------------------------------
Total expected number = N*Lambda      :    1084.20
Total observed number                 :    1050
p-value of test                       :    0.85


-----------------------------------------------
CPU time used                    :  00:00:13.32

Generator state:




***********************************************************
HOST = soph-test-runner, Darwin

generator


smarsa_BirthdaySpacings test:
-----------------------------------------------
   N =  5,  n = 20000000,  r =  0,    d = 65536,    t = 4,    p = 1


      Number of cells = d^t = 18446744073709551616
      Lambda = Poisson mean =     108.4202


----------------------------------------------------
Total expected number = N*Lambda      :     542.10
Total observed number                 :     557
p-value of test                       :    0.27


-----------------------------------------------
CPU time used                    :  00:00:13.65

Generator state:




***********************************************************
HOST = soph-test-runner, Darwin

generator


smarsa_BirthdaySpacings test:
-----------------------------------------------
   N =  3,  n = 20000000,  r =  0,    d = 512,    t = 7,    p = 1


      Number of cells = d^t = 9223372036854775808
      Lambda = Poisson mean =     216.8404


----------------------------------------------------
Total expected number = N*Lambda      :     650.52
Total observed number                 :     644
p-value of test                       :    0.59


-----------------------------------------------
CPU time used                    :  00:00:08.80

Generator state:




***********************************************************
HOST = soph-test-runner, Darwin

generator


smarsa_BirthdaySpacings test:
-----------------------------------------------
   N =  3,  n = 20000000,  r =  7,    d = 512,    t = 7,    p = 1


      Number of cells = d^t = 9223372036854775808
      Lambda = Poisson mean =     216.8404


----------------------------------------------------
Total expected number = N*Lambda      :     650.52
Total observed number                 :     635
p-value of test                       :    0.72


-----------------------------------------------
CPU time used                    :  00:00:08.72

Generator state:




***********************************************************
HOST = soph-test-runner, Darwin

generator


smarsa_BirthdaySpacings test:
-----------------------------------------------
   N =  3,  n = 20000000,  r = 14,    d = 256,    t = 8,    p = 1


      Number of cells = d^t = 18446744073709551616
      Lambda = Poisson mean =     108.4202


----------------------------------------------------
Total expected number = N*Lambda      :     325.26
Total observed number                 :     306
p-value of test                       :    0.85


-----------------------------------------------
CPU time used                    :  00:00:09.00

Generator state:




***********************************************************
HOST = soph-test-runner, Darwin

generator


smarsa_BirthdaySpacings test:
-----------------------------------------------
   N =  3,  n = 20000000,  r = 22,    d = 256,    t = 8,    p = 1


      Number of cells = d^t = 18446744073709551616
      Lambda = Poisson mean =     108.4202


----------------------------------------------------
Total expected number = N*Lambda      :     325.26
Total observed number                 :     343
p-value of test                       :    0.17


-----------------------------------------------
CPU time used                    :  00:00:08.97

Generator state:




***********************************************************
HOST = soph-test-runner, Darwin

generator


snpair_ClosePairs test:
-----------------------------------------------
   N = 10,  n = 2000000,  r =  0,  t = 2,  p = 0,  m = 30,  Torus =  TRUE


---------------------------------------
Test based on the 2 nearest points (NP):

Stat. AD on the N values (NP)         :    0.94
p-value of test                       :    0.39


A2 test based on the spacings between the
   successive jump times of process Y_n(t):

A2 test on the values of A2 (m-NP)    :    0.47
p-value of test                       :    0.77

Test on the Nm values of W_{n,i}(mNP1):    0.40
p-value of test                       :    0.85

Test on the jump times of Y
   (superposition of Yn):

Expected number of jumps of Y = mN    :     300
Number of jumps of Y                  :     302
p-value of test                       :    0.46

Stat. AD (mNP2)                       :    0.78
p-value of test                       :    0.50

-----------------------------------------------
CPU time used                    :  00:00:03.09

Generator state:




***********************************************************
HOST = soph-test-runner, Darwin

generator


snpair_ClosePairs test:
-----------------------------------------------
   N = 10,  n = 2000000,  r =  0,  t = 3,  p = 0,  m = 30,  Torus =  TRUE


---------------------------------------
Test based on the 2 nearest points (NP):

Stat. AD on the N values (NP)         :    0.53
p-value of test                       :    0.71


A2 test based on the spacings between the
   successive jump times of process Y_n(t):

A2 test on the values of A2 (m-NP)    :    1.15
p-value of test                       :    0.29

Test on the Nm values of W_{n,i}(mNP1):    0.92
p-value of test                       :    0.40

Test on the jump times of Y
   (superposition of Yn):

Expected number of jumps of Y = mN    :     300
Number of jumps of Y                  :     280
p-value of test                       :    0.87

Stat. AD (mNP2)                       :    0.60
p-value of test                       :    0.65

Stat. AD after spacings (mNP2-S)      :    0.87
p-value of test                       :    0.43

-----------------------------------------------
CPU time used                    :  00:00:04.27

Generator state:




***********************************************************
HOST = soph-test-runner, Darwin

generator


snpair_ClosePairs test:
-----------------------------------------------
   N =  5,  n = 2000000,  r =  0,  t = 7,  p = 0,  m = 30,  Torus =  TRUE


---------------------------------------
Test based on the 2 nearest points (NP):

Stat. AD on the N values (NP)         :    0.25
p-value of test                       :    0.97


A2 test based on the spacings between the
   successive jump times of process Y_n(t):

A2 test on the values of A2 (m-NP)    :    0.96
p-value of test                       :    0.38

Test on the Nm values of W_{n,i}(mNP1):    1.57
p-value of test                       :    0.16

Test on the jump times of Y
   (superposition of Yn):

Expected number of jumps of Y = mN    :     150
Number of jumps of Y                  :     170
p-value of test                       :    0.06

Stat. AD (mNP2)                       :    0.84
p-value of test                       :    0.45

Stat. AD after spacings (mNP2-S)      :    1.61
p-value of test                       :    0.15

-----------------------------------------------
CPU time used                    :  00:00:08.47

Generator state:




***********************************************************
HOST = soph-test-runner, Darwin

generator


snpair_ClosePairsBitMatch test:
-----------------------------------------------
   N =  4,  n = 4000000,  r =  0,  t = 2


-----------------------------------------------
Max of all bit distances              :   23.00
p-value of test                       :    0.11

-----------------------------------------------
CPU time used                    :  00:00:02.81

Generator state:




***********************************************************
HOST = soph-test-runner, Darwin

generator


snpair_ClosePairsBitMatch test:
-----------------------------------------------
   N =  2,  n = 4000000,  r =  0,  t = 4


-----------------------------------------------
Max of all bit distances              :   10.00
p-value of test                       :    0.60

-----------------------------------------------
CPU time used                    :  00:00:02.52

Generator state:




***********************************************************
HOST = soph-test-runner, Darwin

generator


sknuth_SimpPoker test:
-----------------------------------------------
   N =  1,  n = 40000000,  r =  0,   d =   16,   k =   16


-----------------------------------------------
Number of degrees of freedom          :   12
Chi-square statistic                  :    7.70
p-value of test                       :    0.81

-----------------------------------------------
CPU time used                    :  00:00:04.61

Generator state:




***********************************************************
HOST = soph-test-runner, Darwin

generator


sknuth_SimpPoker test:
-----------------------------------------------
   N =  1,  n = 40000000,  r = 26,   d =   16,   k =   16


-----------------------------------------------
Number of degrees of freedom          :   12
Chi-square statistic                  :    8.00
p-value of test                       :    0.79

-----------------------------------------------
CPU time used                    :  00:00:05.27

Generator state:




***********************************************************
HOST = soph-test-runner, Darwin

generator


sknuth_SimpPoker test:
-----------------------------------------------
   N =  1,  n = 10000000,  r =  0,   d =   64,   k =   64


-----------------------------------------------
Number of degrees of freedom          :   23
Chi-square statistic                  :   27.06
p-value of test                       :    0.25

-----------------------------------------------
CPU time used                    :  00:00:04.77

Generator state:




***********************************************************
HOST = soph-test-runner, Darwin

generator


sknuth_SimpPoker test:
-----------------------------------------------
   N =  1,  n = 10000000,  r = 24,   d =   64,   k =   64


-----------------------------------------------
Number of degrees of freedom          :   23
Chi-square statistic                  :   17.27
p-value of test                       :    0.80

-----------------------------------------------
CPU time used                    :  00:00:05.50

Generator state:




***********************************************************
HOST = soph-test-runner, Darwin

generator


sknuth_CouponCollector test:
-----------------------------------------------
   N =  1,  n = 40000000,  r =  0,   d =    4


-----------------------------------------------
Number of degrees of freedom          :   51
Chi-square statistic                  :   47.55
p-value of test                       :    0.61

-----------------------------------------------
CPU time used                    :  00:00:02.36

Generator state:




***********************************************************
HOST = soph-test-runner, Darwin

generator


sknuth_CouponCollector test:
-----------------------------------------------
   N =  1,  n = 40000000,  r = 28,   d =    4


-----------------------------------------------
Number of degrees of freedom          :   51
Chi-square statistic                  :   44.74
p-value of test                       :    0.72

-----------------------------------------------
CPU time used                    :  00:00:02.62

Generator state:




***********************************************************
HOST = soph-test-runner, Darwin

generator


sknuth_CouponCollector test:
-----------------------------------------------
   N =  1,  n = 10000000,  r =  0,   d =   16


-----------------------------------------------
Number of degrees of freedom          :   46
Chi-square statistic                  :   62.42
p-value of test                       :    0.05

-----------------------------------------------
CPU time used                    :  00:00:03.02

Generator state:




***********************************************************
HOST = soph-test-runner, Darwin

generator


sknuth_CouponCollector test:
-----------------------------------------------
   N =  1,  n = 10000000,  r = 26,   d =   16


-----------------------------------------------
Number of degrees of freedom          :   46
Chi-square statistic                  :   43.89
p-value of test                       :    0.56

-----------------------------------------------
CPU time used                    :  00:00:03.37

Generator state:




***********************************************************
HOST = soph-test-runner, Darwin

generator


sknuth_Gap test:
-----------------------------------------------
   N =  1,  n = 100000000,  r =  0,   Alpha =        0,   Beta  =    0.125


-----------------------------------------------
Number of degrees of freedom          :  106
Chi-square statistic                  :   91.98
p-value of test                       :    0.83

-----------------------------------------------
CPU time used                    :  00:00:03.36

Generator state:




***********************************************************
HOST = soph-test-runner, Darwin

generator


sknuth_Gap test:
-----------------------------------------------
   N =  1,  n = 100000000,  r = 27,   Alpha =        0,   Beta  =    0.125


-----------------------------------------------
Number of degrees of freedom          :  106
Chi-square statistic                  :  127.79
p-value of test                       :    0.07

-----------------------------------------------
CPU time used                    :  00:00:03.63

Generator state:




***********************************************************
HOST = soph-test-runner, Darwin

generator


sknuth_Gap test:
-----------------------------------------------
   N =  1,  n = 5000000,  r =  0,   Alpha =        0,   Beta  = 0.00390625


-----------------------------------------------
Number of degrees of freedom          : 1936
Chi-square statistic                  : 1883.05
p-value of test                       :    0.80

-----------------------------------------------
CPU time used                    :  00:00:04.15

Generator state:




***********************************************************
HOST = soph-test-runner, Darwin

generator


sknuth_Gap test:
-----------------------------------------------
   N =  1,  n = 5000000,  r = 22,   Alpha =        0,   Beta  = 0.00390625


-----------------------------------------------
Number of degrees of freedom          : 1936
Chi-square statistic                  : 1957.01
p-value of test                       :    0.36

-----------------------------------------------
CPU time used                    :  00:00:04.16

Generator state:




***********************************************************
HOST = soph-test-runner, Darwin

generator


sknuth_Run test:
-----------------------------------------------
   N =  1,  n = 500000000,  r =  0,   Up =  TRUE


-----------------------------------------------
Number of degrees of freedom          :    6
Chi-square statistic                  :    9.62
p-value of test                       :    0.14

-----------------------------------------------
CPU time used                    :  00:00:03.15

Generator state:




***********************************************************
HOST = soph-test-runner, Darwin

generator


sknuth_Run test:
-----------------------------------------------
   N =  1,  n = 500000000,  r = 15,   Up = FALSE


-----------------------------------------------
Number of degrees of freedom          :    6
Chi-square statistic                  :    3.11
p-value of test                       :    0.80

-----------------------------------------------
CPU time used                    :  00:00:03.69

Generator state:




***********************************************************
Test sknuth_Permutation calling smultin_Multinomial

***********************************************************
HOST = soph-test-runner, Darwin

generator


smultin_Multinomial test:
-----------------------------------------------
   N =  1,  n = 50000000,  r =  0,   t = 10,
       Sparse =  FALSE

       GenerCell = smultin_GenerCellPermut
       Number of cells = t! =            3628800
       Expected number per cell =    13.77866
       Hashing =  FALSE

   For Delta > -1, we use the ChiSquare approximation
   Correction factor of the ChiSquare: 
       Delta =     1,    Mu =     0.03628799,    Sigma =          1

-----------------------------------------------
Test Results for Delta =   1.0000

Number of degrees of freedom          : 3628799
Value of the statistic                : 3.63e+6
p-value of test                       :    0.12


-----------------------------------------------
CPU time used                    :  00:00:09.01

Generator state:




***********************************************************
Test sknuth_Permutation calling smultin_Multinomial

***********************************************************
HOST = soph-test-runner, Darwin

generator


smultin_Multinomial test:
-----------------------------------------------
   N =  1,  n = 50000000,  r = 15,   t = 10,
       Sparse =  FALSE

       GenerCell = smultin_GenerCellPermut
       Number of cells = t! =            3628800
       Expected number per cell =    13.77866
       Hashing =  FALSE

   For Delta > -1, we use the ChiSquare approximation
   Correction factor of the ChiSquare: 
       Delta =     1,    Mu =     0.03628799,    Sigma =          1

-----------------------------------------------
Test Results for Delta =   1.0000

Number of degrees of freedom          : 3628799
Value of the statistic                : 3.63e+6
p-value of test                       :    0.72


-----------------------------------------------
CPU time used                    :  00:00:09.00

Generator state:




***********************************************************
Test sknuth_CollisionPermut calling smultin_Multinomial

***********************************************************
HOST = soph-test-runner, Darwin

generator


smultin_Multinomial test:
-----------------------------------------------
   N =  5,  n = 10000000,  r =  0,   t = 13,
       Sparse =   TRUE

       GenerCell = smultin_GenerCellPermut
       Number of cells = t! =         6227020800
       Expected number per cell =  1 /  622.70208
       EColl = n^2 / (2k) =  8029.521918
       Hashing =   TRUE

       Collision test,    Mu =      8025.2245,    Sigma =    89.5098

-----------------------------------------------
Test Results for Collisions

For the total number of collisions, we use
      the Poisson approximation:
Expected number of collisions = N*Mu  :    40126.12
Observed number of collisions         :    40014
p-value of test                       :    0.71


-----------------------------
Total number of cells containing j balls

  j =  0                              :      31085144014
  j =  1                              :         49919995
  j =  2                              :            39968
  j =  3                              :               23
  j =  4                              :                0
  j =  5                              :                0

-----------------------------------------------
CPU time used                    :  00:00:21.68

Generator state:




***********************************************************
Test sknuth_CollisionPermut calling smultin_Multinomial

***********************************************************
HOST = soph-test-runner, Darwin

generator


smultin_Multinomial test:
-----------------------------------------------
   N =  5,  n = 10000000,  r = 15,   t = 13,
       Sparse =   TRUE

       GenerCell = smultin_GenerCellPermut
       Number of cells = t! =         6227020800
       Expected number per cell =  1 /  622.70208
       EColl = n^2 / (2k) =  8029.521918
       Hashing =   TRUE

       Collision test,    Mu =      8025.2245,    Sigma =    89.5098

-----------------------------------------------
Test Results for Collisions

For the total number of collisions, we use
      the Poisson approximation:
Expected number of collisions = N*Mu  :    40126.12
Observed number of collisions         :    40542
p-value of test                       :    0.02


-----------------------------
Total number of cells containing j balls

  j =  0                              :      31085144542
  j =  1                              :         49918938
  j =  2                              :            40498
  j =  3                              :               22
  j =  4                              :                0
  j =  5                              :                0

-----------------------------------------------
CPU time used                    :  00:00:22.04

Generator state:




***********************************************************
HOST = soph-test-runner, Darwin

generator


sknuth_MaxOft test:
-----------------------------------------------
   N = 10,  n = 10000000,  r =  0,   d = 100000,   t =  5

      Number of categories = 100000
      Expected number per category  = 100.00


-----------------------------------------------
Test results for chi2 with 99999 degrees of freedom:

Kolmogorov-Smirnov+ statistic = D+    :    0.16
p-value of test                       :    0.53

Kolmogorov-Smirnov- statistic = D-    :   0.074
p-value of test                       :    0.86

Anderson-Darling statistic = A2       :    0.26
p-value of test                       :    0.96

Test on the sum of all N observations
Number of degrees of freedom          : 999990
Chi-square statistic                  : 9.99e+5
p-value of test                       :    0.66


-----------------------------------------------
Test results for Anderson-Darling:

Kolmogorov-Smirnov+ statistic = D+    :    0.51
p-value of test                       :  3.2e-3

Kolmogorov-Smirnov- statistic = D-    :   0.033
p-value of test                       :    0.96

Anderson-Darling statistic = A2       :    3.80
p-value of test                       :    0.01


-----------------------------------------------
CPU time used                    :  00:00:12.29

Generator state:




***********************************************************
HOST = soph-test-runner, Darwin

generator


sknuth_MaxOft test:
-----------------------------------------------
   N =  5,  n = 10000000,  r =  0,   d = 100000,   t = 10

      Number of categories = 100000
      Expected number per category  = 100.00


-----------------------------------------------
Test results for chi2 with 99999 degrees of freedom:

Kolmogorov-Smirnov+ statistic = D+    :   0.049
p-value of test                       :    0.94

Kolmogorov-Smirnov- statistic = D-    :    0.46
p-value of test                       :    0.08

Anderson-Darling statistic = A2       :    1.91
p-value of test                       :    0.10

Test on the sum of all N observations
Number of degrees of freedom          : 499995
Chi-square statistic                  : 5.02e+5
p-value of test                       :    0.05


-----------------------------------------------
Test results for Anderson-Darling:

Kolmogorov-Smirnov+ statistic = D+    :    0.30
p-value of test                       :    0.35

Kolmogorov-Smirnov- statistic = D-    :    0.19
p-value of test                       :    0.63

Anderson-Darling statistic = A2       :    0.69
p-value of test                       :    0.56


-----------------------------------------------
CPU time used                    :  00:00:07.14

Generator state:




***********************************************************
HOST = soph-test-runner, Darwin

generator


sknuth_MaxOft test:
-----------------------------------------------
   N =  1,  n = 10000000,  r =  0,   d = 100000,   t = 20

      Number of categories = 100000
      Expected number per category  = 100.00


-----------------------------------------------
Number of degrees of freedom          : 99999
Chi-square statistic                  :99568.42
p-value of test                       :    0.83


-----------------------------------------------
Anderson-Darling statistic            :    0.75
p-value of test                       :    0.25


-----------------------------------------------
CPU time used                    :  00:00:01.79

Generator state:




***********************************************************
HOST = soph-test-runner, Darwin

generator


sknuth_MaxOft test:
-----------------------------------------------
   N =  1,  n = 10000000,  r =  0,   d = 100000,   t = 30

      Number of categories = 100000
      Expected number per category  = 100.00


-----------------------------------------------
Number of degrees of freedom          : 99999
Chi-square statistic                  :99833.68
p-value of test                       :    0.64


-----------------------------------------------
Anderson-Darling statistic            :    0.66
p-value of test                       :    0.34


-----------------------------------------------
CPU time used                    :  00:00:02.17

Generator state:




***********************************************************
HOST = soph-test-runner, Darwin

generator


svaria_SampleProd test:
-----------------------------------------------
   N =  1,  n = 10000000,  r =  0,   t = 10


-----------------------------------------------
Anderson-Darling statistic            :    0.82
p-value of test                       :    0.18

-----------------------------------------------
CPU time used                    :  00:00:01.20

Generator state:




***********************************************************
HOST = soph-test-runner, Darwin

generator


svaria_SampleProd test:
-----------------------------------------------
   N =  1,  n = 10000000,  r =  0,   t = 30


-----------------------------------------------
Anderson-Darling statistic            :   0.029
p-value of test                       :    0.97

-----------------------------------------------
CPU time used                    :  00:00:02.10

Generator state:




***********************************************************
HOST = soph-test-runner, Darwin

generator


svaria_SampleMean test:
-----------------------------------------------
   N = 10000000,  n = 20,  r =  0


-----------------------------------------------

Kolmogorov-Smirnov+ statistic = D+    : 6.91e-5
p-value of test                       :    0.91

Kolmogorov-Smirnov- statistic = D-    : 2.42e-4
p-value of test                       :    0.31

Anderson-Darling statistic = A2       :    0.65
p-value of test                       :    0.60

-----------------------------------------------
CPU time used                    :  00:00:01.93

Generator state:




***********************************************************
HOST = soph-test-runner, Darwin

generator


svaria_SampleCorr test:
-----------------------------------------------
   N =  1,  n = 500000000,  r =  0,   k = 1


-----------------------------------------------
Normal statistic                      :   -1.83
p-value of test                       :    0.97

-----------------------------------------------
CPU time used                    :  00:00:01.64

Generator state:




***********************************************************
HOST = soph-test-runner, Darwin

generator


svaria_AppearanceSpacings test:
-----------------------------------------------
   N =  1,   Q = 10000000,   K = 400000000,   r = 0,   s = 30,   L = 15

   Sequences of n = (K + Q)L =   6150000000 bits
   Q = 10000000 initialization blocks
   K = 400000000 blocks for the test
   the blocks have L = 15 bits



-----------------------------------------------
Normal statistic                      :    0.55
p-value of test                       :    0.29

-----------------------------------------------
CPU time used                    :  00:00:01.47

Generator state:




***********************************************************
HOST = soph-test-runner, Darwin

generator


svaria_AppearanceSpacings test:
-----------------------------------------------
   N =  1,   Q = 10000000,   K = 100000000,   r = 20,   s = 10,   L = 15

   Sequences of n = (K + Q)L =   1650000000 bits
   Q = 10000000 initialization blocks
   K = 100000000 blocks for the test
   the blocks have L = 15 bits



-----------------------------------------------
Normal statistic                      :    0.97
p-value of test                       :    0.17

-----------------------------------------------
CPU time used                    :  00:00:00.75

Generator state:




***********************************************************
HOST = soph-test-runner, Darwin

generator


svaria_WeightDistrib test:
-----------------------------------------------
   N =  1,  n = 2000000,  r =  0,  k = 256,  Alpha =      0,  Beta =  0.125


-----------------------------------------------
Number of degrees of freedom          :   46
Chi-square statistic                  :   41.24
p-value of test                       :    0.67

-----------------------------------------------
CPU time used                    :  00:00:01.64

Generator state:




***********************************************************
HOST = soph-test-runner, Darwin

generator


svaria_WeightDistrib test:
-----------------------------------------------
   N =  1,  n = 2000000,  r =  8,  k = 256,  Alpha =      0,  Beta =  0.125


-----------------------------------------------
Number of degrees of freedom          :   46
Chi-square statistic                  :   34.42
p-value of test                       :    0.90

-----------------------------------------------
CPU time used                    :  00:00:01.67

Generator state:




***********************************************************
HOST = soph-test-runner, Darwin

generator


svaria_WeightDistrib test:
-----------------------------------------------
   N =  1,  n = 2000000,  r = 16,  k = 256,  Alpha =      0,  Beta =  0.125


-----------------------------------------------
Number of degrees of freedom          :   46
Chi-square statistic                  :   49.04
p-value of test                       :    0.35

-----------------------------------------------
CPU time used                    :  00:00:01.67

Generator state:




***********************************************************
HOST = soph-test-runner, Darwin

generator


svaria_WeightDistrib test:
-----------------------------------------------
   N =  1,  n = 2000000,  r = 24,  k = 256,  Alpha =      0,  Beta =  0.125


-----------------------------------------------
Number of degrees of freedom          :   46
Chi-square statistic                  :   59.15
p-value of test                       :    0.09

-----------------------------------------------
CPU time used                    :  00:00:01.66

Generator state:




***********************************************************
HOST = soph-test-runner, Darwin

generator


svaria_SumCollector test:
-----------------------------------------------
   N =  1,  n = 20000000,  r =  0,   g = 10


-----------------------------------------------
Number of degrees of freedom          :   25
Chi-square statistic                  :   30.37
p-value of test                       :    0.21

-----------------------------------------------
CPU time used                    :  00:00:01.63

Generator state:




***********************************************************
HOST = soph-test-runner, Darwin

generator


smarsa_MatrixRank test:
-----------------------------------------------
   N =  1,  n = 1000000,  r =  0,    s = 30,    L = 60,    k = 60


-----------------------------------------------
Number of degrees of freedom          :    4
Chi-square statistic                  :    1.02
p-value of test                       :    0.91

-----------------------------------------------
CPU time used                    :  00:00:08.62

Generator state:




***********************************************************
HOST = soph-test-runner, Darwin

generator


smarsa_MatrixRank test:
-----------------------------------------------
   N =  1,  n = 1000000,  r = 20,    s = 10,    L = 60,    k = 60


-----------------------------------------------
Number of degrees of freedom          :    4
Chi-square statistic                  :    3.09
p-value of test                       :    0.54

-----------------------------------------------
CPU time used                    :  00:00:09.33

Generator state:




***********************************************************
HOST = soph-test-runner, Darwin

generator


smarsa_MatrixRank test:
-----------------------------------------------
   N =  1,  n = 50000,  r =  0,    s = 30,    L = 300,    k = 300


-----------------------------------------------
Number of degrees of freedom          :    3
Chi-square statistic                  :    0.94
p-value of test                       :    0.82

-----------------------------------------------
CPU time used                    :  00:00:11.68

Generator state:




***********************************************************
HOST = soph-test-runner, Darwin

generator


smarsa_MatrixRank test:
-----------------------------------------------
   N =  1,  n = 50000,  r = 20,    s = 10,    L = 300,    k = 300


-----------------------------------------------
Number of degrees of freedom          :    3
Chi-square statistic                  :    0.83
p-value of test                       :    0.84

-----------------------------------------------
CPU time used                    :  00:00:13.24

Generator state:




***********************************************************
HOST = soph-test-runner, Darwin

generator


smarsa_MatrixRank test:
-----------------------------------------------
   N =  1,  n = 2000,  r =  0,    s = 30,    L = 1200,    k = 1200


-----------------------------------------------
Number of degrees of freedom          :    3
Chi-square statistic                  :    0.43
p-value of test                       :    0.93

-----------------------------------------------
CPU time used                    :  00:00:11.72

Generator state:




***********************************************************
HOST = soph-test-runner, Darwin

generator


smarsa_MatrixRank test:
-----------------------------------------------
   N =  1,  n = 2000,  r = 20,    s = 10,    L = 1200,    k = 1200


-----------------------------------------------
Number of degrees of freedom          :    3
Chi-square statistic                  :    3.49
p-value of test                       :    0.32

-----------------------------------------------
CPU time used                    :  00:00:14.43

Generator state:




***********************************************************
HOST = soph-test-runner, Darwin

generator


smarsa_Savir2 test:
-----------------------------------------------
   N =  1,  n = 20000000,  r =  0,    m = 1048576,    t = 30


-----------------------------------------------
Number of degrees of freedom          :   17
Chi-square statistic                  :   15.80
p-value of test                       :    0.54

-----------------------------------------------
CPU time used                    :  00:00:02.42

Generator state:




***********************************************************
HOST = soph-test-runner, Darwin

generator


smarsa_GCD test:
-----------------------------------------------
   N =  1,  n = 100000000,  r =  0,   s = 30


-----------------------------------------------
Number of degrees of freedom          : 2465
Chi2 statistic for GCD values         : 2361.83
p-value of test                       :    0.93



-----------------------------------------------
CPU time used                    :  00:00:05.70

Generator state:




***********************************************************
HOST = soph-test-runner, Darwin

generator


smarsa_GCD test:
-----------------------------------------------
   N =  1,  n = 40000000,  r = 10,   s = 20


-----------------------------------------------
Number of degrees of freedom          : 1559
Chi2 statistic for GCD values         : 1473.70
p-value of test                       :    0.94



-----------------------------------------------
CPU time used                    :  00:00:01.75

Generator state:




***********************************************************
HOST = soph-test-runner, Darwin

generator


swalk_RandomWalk1 test:
-----------------------------------------------
   N =  1,  n = 50000000,  r =  0,   s = 30,   L0 =   90,   L1 =   90



-----------------------------------------------
Test on the values of the Statistic H

Number of degrees of freedom          :   46
ChiSquare statistic                   :   42.17
p-value of test                       :    0.63


-----------------------------------------------
Test on the values of the Statistic M

Number of degrees of freedom          :   47
ChiSquare statistic                   :   37.79
p-value of test                       :    0.83


-----------------------------------------------
Test on the values of the Statistic J

Number of degrees of freedom          :   45
ChiSquare statistic                   :   42.69
p-value of test                       :    0.57


-----------------------------------------------
Test on the values of the Statistic R

Number of degrees of freedom          :   36
ChiSquare statistic                   :   26.24
p-value of test                       :    0.88


-----------------------------------------------
Test on the values of the Statistic C

Number of degrees of freedom          :   23
ChiSquare statistic                   :   22.28
p-value of test                       :    0.50


-----------------------------------------------
CPU time used                    :  00:00:11.27

Generator state:




***********************************************************
HOST = soph-test-runner, Darwin

generator


swalk_RandomWalk1 test:
-----------------------------------------------
   N =  1,  n = 10000000,  r = 20,   s = 10,   L0 =   90,   L1 =   90



-----------------------------------------------
Test on the values of the Statistic H

Number of degrees of freedom          :   44
ChiSquare statistic                   :   35.75
p-value of test                       :    0.81


-----------------------------------------------
Test on the values of the Statistic M

Number of degrees of freedom          :   45
ChiSquare statistic                   :   39.69
p-value of test                       :    0.70


-----------------------------------------------
Test on the values of the Statistic J

Number of degrees of freedom          :   45
ChiSquare statistic                   :   29.27
p-value of test                       :    0.97


-----------------------------------------------
Test on the values of the Statistic R

Number of degrees of freedom          :   35
ChiSquare statistic                   :   42.63
p-value of test                       :    0.18


-----------------------------------------------
Test on the values of the Statistic C

Number of degrees of freedom          :   22
ChiSquare statistic                   :   22.81
p-value of test                       :    0.41


-----------------------------------------------
CPU time used                    :  00:00:02.43

Generator state:




***********************************************************
HOST = soph-test-runner, Darwin

generator


swalk_RandomWalk1 test:
-----------------------------------------------
   N =  1,  n = 5000000,  r =  0,   s = 30,   L0 = 1000,   L1 = 1000



-----------------------------------------------
Test on the values of the Statistic H

Number of degrees of freedom          :  140
ChiSquare statistic                   :  146.29
p-value of test                       :    0.34


-----------------------------------------------
Test on the values of the Statistic M

Number of degrees of freedom          :  141
ChiSquare statistic                   :  156.19
p-value of test                       :    0.18


-----------------------------------------------
Test on the values of the Statistic J

Number of degrees of freedom          :  500
ChiSquare statistic                   :  508.78
p-value of test                       :    0.38


-----------------------------------------------
Test on the values of the Statistic R

Number of degrees of freedom          :  132
ChiSquare statistic                   :  118.83
p-value of test                       :    0.79


-----------------------------------------------
Test on the values of the Statistic C

Number of degrees of freedom          :   72
ChiSquare statistic                   :   56.13
p-value of test                       :    0.92


-----------------------------------------------
CPU time used                    :  00:00:10.24

Generator state:




***********************************************************
HOST = soph-test-runner, Darwin

generator


swalk_RandomWalk1 test:
-----------------------------------------------
   N =  1,  n = 1000000,  r = 20,   s = 10,   L0 = 1000,   L1 = 1000



-----------------------------------------------
Test on the values of the Statistic H

Number of degrees of freedom          :  128
ChiSquare statistic                   :  108.11
p-value of test                       :    0.90


-----------------------------------------------
Test on the values of the Statistic M

Number of degrees of freedom          :  130
ChiSquare statistic                   :  103.32
p-value of test                       :    0.96


-----------------------------------------------
Test on the values of the Statistic J

Number of degrees of freedom          :  500
ChiSquare statistic                   :  512.86
p-value of test                       :    0.34


-----------------------------------------------
Test on the values of the Statistic R

Number of degrees of freedom          :  122
ChiSquare statistic                   :  116.05
p-value of test                       :    0.63


-----------------------------------------------
Test on the values of the Statistic C

Number of degrees of freedom          :   66
ChiSquare statistic                   :   67.21
p-value of test                       :    0.44


-----------------------------------------------
CPU time used                    :  00:00:02.11

Generator state:




***********************************************************
HOST = soph-test-runner, Darwin

generator


swalk_RandomWalk1 test:
-----------------------------------------------
   N =  1,  n = 500000,  r =  0,   s = 30,   L0 = 10000,   L1 = 10000



-----------------------------------------------
Test on the values of the Statistic H

Number of degrees of freedom          :  366
ChiSquare statistic                   :  347.70
p-value of test                       :    0.75


-----------------------------------------------
Test on the values of the Statistic M

Number of degrees of freedom          :  366
ChiSquare statistic                   :  377.40
p-value of test                       :    0.33


-----------------------------------------------
Test on the values of the Statistic J

Number of degrees of freedom          : 5000
ChiSquare statistic                   : 5092.22
p-value of test                       :    0.18


-----------------------------------------------
Test on the values of the Statistic R

Number of degrees of freedom          :  360
ChiSquare statistic                   :  368.17
p-value of test                       :    0.37


-----------------------------------------------
Test on the values of the Statistic C

Number of degrees of freedom          :  192
ChiSquare statistic                   :  192.05
p-value of test                       :    0.49


-----------------------------------------------
CPU time used                    :  00:00:09.37

Generator state:




***********************************************************
HOST = soph-test-runner, Darwin

generator


swalk_RandomWalk1 test:
-----------------------------------------------
   N =  1,  n = 100000,  r = 20,   s = 10,   L0 = 10000,   L1 = 10000



-----------------------------------------------
Test on the values of the Statistic H

Number of degrees of freedom          :  318
ChiSquare statistic                   :  305.59
p-value of test                       :    0.68


-----------------------------------------------
Test on the values of the Statistic M

Number of degrees of freedom          :  318
ChiSquare statistic                   :  352.55
p-value of test                       :    0.09


-----------------------------------------------
Test on the values of the Statistic J

Number of degrees of freedom          : 5000
ChiSquare statistic                   : 4995.82
p-value of test                       :    0.51


-----------------------------------------------
Test on the values of the Statistic R

Number of degrees of freedom          :  315
ChiSquare statistic                   :  326.42
p-value of test                       :    0.32


-----------------------------------------------
Test on the values of the Statistic C

Number of degrees of freedom          :  169
ChiSquare statistic                   :  176.53
p-value of test                       :    0.33


-----------------------------------------------
CPU time used                    :  00:00:01.92

Generator state:




***********************************************************
HOST = soph-test-runner, Darwin

generator


scomp_LinearComp test:
-----------------------------------------------
   N =  1,  n = 120000,  r =  0,    s = 1



-----------------------------------------------
Number of degrees of freedom          :   10
Chi2 statistic for size of jumps      :    8.19
p-value of test                       :    0.61


-----------------------------------------------
Normal statistic for number of jumps  :   -1.37
p-value of test                       :    0.92



-----------------------------------------------
CPU time used                    :  00:00:06.43

Generator state:




***********************************************************
HOST = soph-test-runner, Darwin

generator


scomp_LinearComp test:
-----------------------------------------------
   N =  1,  n = 120000,  r = 29,    s = 1



-----------------------------------------------
Number of degrees of freedom          :   10
Chi2 statistic for size of jumps      :    2.02
p-value of test                       :    0.9962


-----------------------------------------------
Normal statistic for number of jumps  :   -0.18
p-value of test                       :    0.57



-----------------------------------------------
CPU time used                    :  00:00:06.41

Generator state:




***********************************************************
HOST = soph-test-runner, Darwin

generator


scomp_LempelZiv test:
-----------------------------------------------
   N = 10,  n = 33554432,  r =  0,   s =   30,   k =   25


-----------------------------------------------

Kolmogorov-Smirnov+ statistic = D+    :    0.38
p-value of test                       :    0.04

Kolmogorov-Smirnov- statistic = D-    :    0.12
p-value of test                       :    0.68

Anderson-Darling statistic = A2       :    1.93
p-value of test                       :    0.10

Tests on the sum of all N observations
Standardized normal statistic         :   -0.83
p-value of test                       :    0.80

Sample variance                       :    2.12
p-value of test                       :    0.02

-----------------------------------------------
CPU time used                    :  00:00:02.56

Generator state:




***********************************************************
HOST = soph-test-runner, Darwin

generator


sspectral_Fourier3 test:
-----------------------------------------------
   N = 50000,  n = 16384,  r =  0,   s =   30,   k =   14


-----------------------------------------------

Kolmogorov-Smirnov+ statistic = D+    : 2.80e-3
p-value of test                       :    0.94

Kolmogorov-Smirnov- statistic = D-    :   0.016
p-value of test                       :    0.13

Anderson-Darling statistic = A2       :    1.25
p-value of test                       :    0.25

-----------------------------------------------
CPU time used                    :  00:00:02.42

Generator state:




***********************************************************
HOST = soph-test-runner, Darwin

generator


sspectral_Fourier3 test:
-----------------------------------------------
   N = 50000,  n = 16384,  r = 20,   s =   10,   k =   14


-----------------------------------------------

Kolmogorov-Smirnov+ statistic = D+    :   0.012
p-value of test                       :    0.31

Kolmogorov-Smirnov- statistic = D-    : 8.03e-3
p-value of test                       :    0.59

Anderson-Darling statistic = A2       :    0.98
p-value of test                       :    0.37

-----------------------------------------------
CPU time used                    :  00:00:02.55

Generator state:




***********************************************************
HOST = soph-test-runner, Darwin

generator


sstring_LongestHeadRun test:
-----------------------------------------------
   N =  1,  n = 1000,  r =  0,   s = 30,   L = 10000020


-----------------------------------------------
Number of degrees of freedom          :    8
Chi-square statistic                  :    4.14
p-value of test                       :    0.84

-----------------------------------------------
Global longest run of 1               :   32.00
p-value of test                       :    0.50



-----------------------------------------------
CPU time used                    :  00:00:31.28

Generator state:




***********************************************************
HOST = soph-test-runner, Darwin

generator


sstring_LongestHeadRun test:
-----------------------------------------------
   N =  1,  n = 300,  r = 20,   s = 10,   L = 10000020


-----------------------------------------------
Number of degrees of freedom          :    7
Chi-square statistic                  :    6.72
p-value of test                       :    0.46

-----------------------------------------------
Global longest run of 1               :   30.00
p-value of test                       :    0.50



-----------------------------------------------
CPU time used                    :  00:00:09.84

Generator state:




***********************************************************
HOST = soph-test-runner, Darwin

generator


sstring_PeriodsInStrings test:
-----------------------------------------------
   N =  1,  n = 300000000,  r =  0,   s =   30


-----------------------------------------------
Number of degrees of freedom          :  302
Chi-square statistic                  :  273.76
p-value of test                       :    0.88

-----------------------------------------------
CPU time used                    :  00:00:05.58

Generator state:




***********************************************************
HOST = soph-test-runner, Darwin

generator


sstring_PeriodsInStrings test:
-----------------------------------------------
   N =  1,  n = 300000000,  r = 15,   s =   15


-----------------------------------------------
Number of degrees of freedom          :   56
Chi-square statistic                  :   72.80
p-value of test                       :    0.07

-----------------------------------------------
CPU time used                    :  00:00:03.96

Generator state:




***********************************************************
HOST = soph-test-runner, Darwin

generator


sstring_HammingWeight2 test:
-----------------------------------------------
   N = 100,  n = 100000000,  r =  0,   s = 30,   L = 1000000


-----------------------------------------------

Kolmogorov-Smirnov+ statistic = D+    :   0.022
p-value of test                       :    0.90

Kolmogorov-Smirnov- statistic = D-    :   0.048
p-value of test                       :    0.61

Anderson-Darling statistic = A2       :    0.45
p-value of test                       :    0.79

Test on the sum of all N observations
Number of degrees of freedom          : 10000
Chi-square statistic                  :10117.87
p-value of test                       :    0.20

-----------------------------------------------
CPU time used                    :  00:00:00.75

Generator state:




***********************************************************
HOST = soph-test-runner, Darwin

generator


sstring_HammingWeight2 test:
-----------------------------------------------
   N = 30,  n = 100000000,  r = 20,   s = 10,   L = 1000000


-----------------------------------------------

Kolmogorov-Smirnov+ statistic = D+    :    0.11
p-value of test                       :    0.47

Kolmogorov-Smirnov- statistic = D-    :   0.074
p-value of test                       :    0.69

Anderson-Darling statistic = A2       :    0.36
p-value of test                       :    0.89

Test on the sum of all N observations
Number of degrees of freedom          : 3000
Chi-square statistic                  : 3009.32
p-value of test                       :    0.45

-----------------------------------------------
CPU time used                    :  00:00:00.69

Generator state:




***********************************************************
HOST = soph-test-runner, Darwin

generator


sstring_HammingCorr test:
-----------------------------------------------
   N =  1,  n = 500000000,  r =  0,   s = 30,   L = 30



-----------------------------------------------
Normal statistic                      :   -0.31
p-value of test                       :    0.62

-----------------------------------------------
CPU time used                    :  00:00:01.33

Generator state:




***********************************************************
HOST = soph-test-runner, Darwin

generator


sstring_HammingCorr test:
-----------------------------------------------
   N =  1,  n = 50000000,  r =  0,   s = 30,   L = 300



-----------------------------------------------
Normal statistic                      :    0.68
p-value of test                       :    0.25

-----------------------------------------------
CPU time used                    :  00:00:01.42

Generator state:




***********************************************************
HOST = soph-test-runner, Darwin

generator


sstring_HammingCorr test:
-----------------------------------------------
   N =  1,  n = 10000000,  r =  0,   s = 30,   L = 1200



-----------------------------------------------
Normal statistic                      :   -1.53
p-value of test                       :    0.94

-----------------------------------------------
CPU time used                    :  00:00:00.97

Generator state:




***********************************************************
HOST = soph-test-runner, Darwin

generator


sstring_HammingIndep test:
-----------------------------------------------
   N =  1,  n = 300000000,  r =  0,   s = 30,   L = 30,   d = 0



Counters with expected numbers >= 10
-----------------------------------------------
Number of degrees of freedom          :  577
Chi-square statistic                  :  587.55
p-value of test                       :    0.37

-----------------------------------------------
CPU time used                    :  00:00:01.67

Generator state:




***********************************************************
HOST = soph-test-runner, Darwin

generator


sstring_HammingIndep test:
-----------------------------------------------
   N =  1,  n = 100000000,  r = 20,   s = 10,   L = 30,   d = 0



Counters with expected numbers >= 10
-----------------------------------------------
Number of degrees of freedom          :  533
Chi-square statistic                  :  524.80
p-value of test                       :    0.59

-----------------------------------------------
CPU time used                    :  00:00:01.75

Generator state:




***********************************************************
HOST = soph-test-runner, Darwin

generator


sstring_HammingIndep test:
-----------------------------------------------
   N =  1,  n = 30000000,  r =  0,   s = 30,   L = 300,   d = 0



Counters with expected numbers >= 10
-----------------------------------------------
Number of degrees of freedom          : 4117
Chi-square statistic                  : 4138.10
p-value of test                       :    0.41

-----------------------------------------------
CPU time used                    :  00:00:01.61

Generator state:




***********************************************************
HOST = soph-test-runner, Darwin

generator


sstring_HammingIndep test:
-----------------------------------------------
   N =  1,  n = 10000000,  r = 20,   s = 10,   L = 300,   d = 0



Counters with expected numbers >= 10
-----------------------------------------------
Number of degrees of freedom          : 3585
Chi-square statistic                  : 3648.94
p-value of test                       :    0.22

-----------------------------------------------
CPU time used                    :  00:00:01.49

Generator state:




***********************************************************
HOST = soph-test-runner, Darwin

generator


sstring_HammingIndep test:
-----------------------------------------------
   N =  1,  n = 10000000,  r =  0,   s = 30,   L = 1200,   d = 0



Counters with expected numbers >= 10
-----------------------------------------------
Number of degrees of freedom          : 11825
Chi-square statistic                  :12042.15
p-value of test                       :    0.08

-----------------------------------------------
CPU time used                    :  00:00:01.96

Generator state:




***********************************************************
HOST = soph-test-runner, Darwin

generator


sstring_HammingIndep test:
-----------------------------------------------
   N =  1,  n = 1000000,  r = 20,   s = 10,   L = 1200,   d = 0



Counters with expected numbers >= 10
-----------------------------------------------
Number of degrees of freedom          : 7473
Chi-square statistic                  : 7546.32
p-value of test                       :    0.27

-----------------------------------------------
CPU time used                    :  00:00:00.57

Generator state:




***********************************************************
HOST = soph-test-runner, Darwin

generator


sstring_Run test:
-----------------------------------------------
   N =  1,  n = 1000000000,  r =  0,   s =   30


-----------------------------------------------
Total number of 1 runs:  1000000007

Number of degrees of freedom          :   52
Chi2 statistic for number of runs     :   46.71
p-value of test                       :    0.68


-----------------------------------------------
Total number of bits:  4000065750

Normal statistic for number of bits   :    0.74
p-value of test                       :    0.23



-----------------------------------------------
CPU time used                    :  00:00:10.21

Generator state:




***********************************************************
HOST = soph-test-runner, Darwin

generator


sstring_Run test:
-----------------------------------------------
   N =  1,  n = 1000000000,  r = 20,   s =   10


-----------------------------------------------
Total number of 1 runs:  1000000000

Number of degrees of freedom          :   52
Chi2 statistic for number of runs     :   49.81
p-value of test                       :    0.56


-----------------------------------------------
Total number of bits:  3999926080

Normal statistic for number of bits   :   -0.83
p-value of test                       :    0.80



-----------------------------------------------
CPU time used                    :  00:00:11.66

Generator state:




***********************************************************
HOST = soph-test-runner, Darwin

generator


sstring_AutoCor test:
-----------------------------------------------
   N = 10,  n = 1000000021,  r =  0,   s = 30,   d = 1


-----------------------------------------------

Kolmogorov-Smirnov+ statistic = D+    :    0.27
p-value of test                       :    0.19

Kolmogorov-Smirnov- statistic = D-    : 3.75e-3
p-value of test                       :    0.9961

Anderson-Darling statistic = A2       :    1.73
p-value of test                       :    0.13

Tests on the sum of all N observations
Standardized normal statistic         :   -1.93
p-value of test                       :    0.97

Sample variance                       :    1.29
p-value of test                       :    0.24

-----------------------------------------------
CPU time used                    :  00:00:02.94

Generator state:




***********************************************************
HOST = soph-test-runner, Darwin

generator


sstring_AutoCor test:
-----------------------------------------------
   N =  5,  n = 1000000001,  r = 20,   s = 10,   d = 1


-----------------------------------------------

Kolmogorov-Smirnov+ statistic = D+    :    0.32
p-value of test                       :    0.30

Kolmogorov-Smirnov- statistic = D-    :    0.19
p-value of test                       :    0.62

Anderson-Darling statistic = A2       :    0.68
p-value of test                       :    0.57

Tests on the sum of all N observations
Standardized normal statistic         :   -0.54
p-value of test                       :    0.70

Sample variance                       :    0.26
p-value of test                       :    0.90

-----------------------------------------------
CPU time used                    :  00:00:04.37

Generator state:




***********************************************************
HOST = soph-test-runner, Darwin

generator


sstring_AutoCor test:
-----------------------------------------------
   N = 10,  n = 1000000020,  r =  0,   s = 30,   d = 30


-----------------------------------------------

Kolmogorov-Smirnov+ statistic = D+    :    0.12
p-value of test                       :    0.69

Kolmogorov-Smirnov- statistic = D-    :    0.17
p-value of test                       :    0.50

Anderson-Darling statistic = A2       :    0.64
p-value of test                       :    0.60

Tests on the sum of all N observations
Standardized normal statistic         :    0.87
p-value of test                       :    0.19

Sample variance                       :    1.19
p-value of test                       :    0.29

-----------------------------------------------
CPU time used                    :  00:00:01.27

Generator state:




***********************************************************
HOST = soph-test-runner, Darwin

generator


sstring_AutoCor test:
-----------------------------------------------
   N =  5,  n = 1000000010,  r = 20,   s = 10,   d = 10


-----------------------------------------------

Kolmogorov-Smirnov+ statistic = D+    :   0.098
p-value of test                       :    0.86

Kolmogorov-Smirnov- statistic = D-    :    0.54
p-value of test                       :    0.03

Anderson-Darling statistic = A2       :    1.93
p-value of test                       :    0.10

Tests on the sum of all N observations
Standardized normal statistic         :    1.56
p-value of test                       :    0.06

Sample variance                       :    0.56
p-value of test                       :    0.69

-----------------------------------------------
CPU time used                    :  00:00:01.91

Generator state:





========= Summary results of Crush =========

 Version:          TestU01 1.2.3
 Generator:        generator
 Number of statistics:  144
 Total CPU time:   00:09:43.71

 All tests were passed



