# SOPH Battery Test Log
# Suite:     crush
# Seed:      02
# Generator: $HOME/Desktop/SOPH_ALGO/bin/soph_rng_lane --ctr-raw-gen --seed-hex 02 --bytes 0
# Date:      2026-04-02 16:45:23
#======================================================================

xxxxxxxxxxxxxxxxxxxxxxxxxxxxxxxxxxxxxxxxxxxxxxxxxxxxxxxxxxx
                 Starting Crush
                 Version: TestU01 1.2.3
xxxxxxxxxxxxxxxxxxxxxxxxxxxxxxxxxxxxxxxxxxxxxxxxxxxxxxxxxxx


***********************************************************
Test smarsa_SerialOver calling smultin_MultinomialOver

***********************************************************
HOST = soph-test-runner.local, Darwin

generator


smultin_MultinomialOver test:
-----------------------------------------------
   N =  1,  n = 500000000,  r =  0,   d = 4096,   t =  2,
       Sparse =  FALSE

       GenerCell = smultin_GenerCellSerial
       Number of cells = d^t =           16777216
       Expected number per cell =   29.802322
       Hashing =  FALSE

   For Delta > -1, we use the ChiSquare approximation
   Correction factor of the ChiSquare: 
       Delta =     1,    Mu =     0.01677312,    Sigma =          1

-----------------------------------------------
Test Results for Delta =   1.0000

Number of degrees of freedom          : 16773120
Value of the statistic                : 1.68e+7
p-value of test                       :    0.82


-----------------------------------------------
CPU time used                    :  00:00:07.53

Generator state:




***********************************************************
Test smarsa_SerialOver calling smultin_MultinomialOver

***********************************************************
HOST = soph-test-runner.local, Darwin

generator


smultin_MultinomialOver test:
-----------------------------------------------
   N =  1,  n = 300000000,  r =  0,   d =   64,   t =  4,
       Sparse =  FALSE

       GenerCell = smultin_GenerCellSerial
       Number of cells = d^t =           16777216
       Expected number per cell =   17.881393
       Hashing =  FALSE

   For Delta > -1, we use the ChiSquare approximation
   Correction factor of the ChiSquare: 
       Delta =     1,    Mu =    0.027525119,    Sigma =          1

-----------------------------------------------
Test Results for Delta =   1.0000

Number of degrees of freedom          : 16515072
Value of the statistic                : 1.65e+7
p-value of test                       :    0.38


-----------------------------------------------
CPU time used                    :  00:00:04.55

Generator state:




***********************************************************
Test smarsa_CollisionOver calling smultin_MultinomialOver

***********************************************************
HOST = soph-test-runner.local, Darwin

generator


smultin_MultinomialOver test:
-----------------------------------------------
   N = 10,  n = 10000000,  r =  0,   d = 1048576,   t =  2,
       Sparse =   TRUE

       GenerCell = smultin_GenerCellSerial
       Number of cells = d^t =      1099511627776
       Expected number per cell =  1 /  109951.16
       EColl = n^2 / (2k) =  45.47473509
       Hashing =   TRUE

       Collision test

       CollisionOver:   density = n / k =  1 /  109951.16
       Expected number of collisions = Mu =      45.47


-----------------------------------------------
Results of CollisionOver test:

POISSON approximation                 :
Expected number of collisions = N*Mu  :      454.75
Observed number of collisions         :      446
p-value of test                       :    0.65

-----------------------------
Total number of cells containing j balls

  j =  0                              :   10995016278206
  j =  1                              :         99999108
  j =  2                              :              446
  j =  3                              :                0
  j =  4                              :                0
  j =  5                              :                0

-----------------------------------------------
CPU time used                    :  00:00:08.44

Generator state:




***********************************************************
Test smarsa_CollisionOver calling smultin_MultinomialOver

***********************************************************
HOST = soph-test-runner.local, Darwin

generator


smultin_MultinomialOver test:
-----------------------------------------------
   N = 10,  n = 10000000,  r = 10,   d = 1048576,   t =  2,
       Sparse =   TRUE

       GenerCell = smultin_GenerCellSerial
       Number of cells = d^t =      1099511627776
       Expected number per cell =  1 /  109951.16
       EColl = n^2 / (2k) =  45.47473509
       Hashing =   TRUE

       Collision test

       CollisionOver:   density = n / k =  1 /  109951.16
       Expected number of collisions = Mu =      45.47


-----------------------------------------------
Results of CollisionOver test:

POISSON approximation                 :
Expected number of collisions = N*Mu  :      454.75
Observed number of collisions         :      439
p-value of test                       :    0.76

-----------------------------
Total number of cells containing j balls

  j =  0                              :   10995016278199
  j =  1                              :         99999122
  j =  2                              :              439
  j =  3                              :                0
  j =  4                              :                0
  j =  5                              :                0

-----------------------------------------------
CPU time used                    :  00:00:08.94

Generator state:




***********************************************************
Test smarsa_CollisionOver calling smultin_MultinomialOver

***********************************************************
HOST = soph-test-runner.local, Darwin

generator


smultin_MultinomialOver test:
-----------------------------------------------
   N = 10,  n = 10000000,  r =  0,   d = 1024,   t =  4,
       Sparse =   TRUE

       GenerCell = smultin_GenerCellSerial
       Number of cells = d^t =      1099511627776
       Expected number per cell =  1 /  109951.16
       EColl = n^2 / (2k) =  45.47473509
       Hashing =   TRUE

       Collision test

       CollisionOver:   density = n / k =  1 /  109951.16
       Expected number of collisions = Mu =      45.47


-----------------------------------------------
Results of CollisionOver test:

POISSON approximation                 :
Expected number of collisions = N*Mu  :      454.75
Observed number of collisions         :      481
p-value of test                       :    0.11

-----------------------------
Total number of cells containing j balls

  j =  0                              :   10995016278241
  j =  1                              :         99999038
  j =  2                              :              481
  j =  3                              :                0
  j =  4                              :                0
  j =  5                              :                0

-----------------------------------------------
CPU time used                    :  00:00:11.31

Generator state:




***********************************************************
Test smarsa_CollisionOver calling smultin_MultinomialOver

***********************************************************
HOST = soph-test-runner.local, Darwin

generator


smultin_MultinomialOver test:
-----------------------------------------------
   N = 10,  n = 10000000,  r = 20,   d = 1024,   t =  4,
       Sparse =   TRUE

       GenerCell = smultin_GenerCellSerial
       Number of cells = d^t =      1099511627776
       Expected number per cell =  1 /  109951.16
       EColl = n^2 / (2k) =  45.47473509
       Hashing =   TRUE

       Collision test

       CollisionOver:   density = n / k =  1 /  109951.16
       Expected number of collisions = Mu =      45.47


-----------------------------------------------
Results of CollisionOver test:

POISSON approximation                 :
Expected number of collisions = N*Mu  :      454.75
Observed number of collisions         :      439
p-value of test                       :    0.76

-----------------------------
Total number of cells containing j balls

  j =  0                              :   10995016278199
  j =  1                              :         99999122
  j =  2                              :              439
  j =  3                              :                0
  j =  4                              :                0
  j =  5                              :                0

-----------------------------------------------
CPU time used                    :  00:00:11.56

Generator state:




***********************************************************
Test smarsa_CollisionOver calling smultin_MultinomialOver

***********************************************************
HOST = soph-test-runner.local, Darwin

generator


smultin_MultinomialOver test:
-----------------------------------------------
   N = 10,  n = 10000000,  r =  0,   d =   32,   t =  8,
       Sparse =   TRUE

       GenerCell = smultin_GenerCellSerial
       Number of cells = d^t =      1099511627776
       Expected number per cell =  1 /  109951.16
       EColl = n^2 / (2k) =  45.47473509
       Hashing =   TRUE

       Collision test

       CollisionOver:   density = n / k =  1 /  109951.16
       Expected number of collisions = Mu =      45.47


-----------------------------------------------
Results of CollisionOver test:

POISSON approximation                 :
Expected number of collisions = N*Mu  :      454.75
Observed number of collisions         :      488
p-value of test                       :    0.06

-----------------------------
Total number of cells containing j balls

  j =  0                              :   10995016278248
  j =  1                              :         99999024
  j =  2                              :              488
  j =  3                              :                0
  j =  4                              :                0
  j =  5                              :                0

-----------------------------------------------
CPU time used                    :  00:00:11.22

Generator state:




***********************************************************
Test smarsa_CollisionOver calling smultin_MultinomialOver

***********************************************************
HOST = soph-test-runner.local, Darwin

generator


smultin_MultinomialOver test:
-----------------------------------------------
   N = 10,  n = 10000000,  r = 25,   d =   32,   t =  8,
       Sparse =   TRUE

       GenerCell = smultin_GenerCellSerial
       Number of cells = d^t =      1099511627776
       Expected number per cell =  1 /  109951.16
       EColl = n^2 / (2k) =  45.47473509
       Hashing =   TRUE

       Collision test

       CollisionOver:   density = n / k =  1 /  109951.16
       Expected number of collisions = Mu =      45.47


-----------------------------------------------
Results of CollisionOver test:

POISSON approximation                 :
Expected number of collisions = N*Mu  :      454.75
Observed number of collisions         :      437
p-value of test                       :    0.79

-----------------------------
Total number of cells containing j balls

  j =  0                              :   10995016278197
  j =  1                              :         99999126
  j =  2                              :              437
  j =  3                              :                0
  j =  4                              :                0
  j =  5                              :                0

-----------------------------------------------
CPU time used                    :  00:00:11.62

Generator state:




***********************************************************
Test smarsa_CollisionOver calling smultin_MultinomialOver

***********************************************************
HOST = soph-test-runner.local, Darwin

generator


smultin_MultinomialOver test:
-----------------------------------------------
   N = 10,  n = 10000000,  r =  0,   d =    4,   t = 20,
       Sparse =   TRUE

       GenerCell = smultin_GenerCellSerial
       Number of cells = d^t =      1099511627776
       Expected number per cell =  1 /  109951.16
       EColl = n^2 / (2k) =  45.47473509
       Hashing =   TRUE

       Collision test

       CollisionOver:   density = n / k =  1 /  109951.16
       Expected number of collisions = Mu =      45.47


-----------------------------------------------
Results of CollisionOver test:

POISSON approximation                 :
Expected number of collisions = N*Mu  :      454.74
Observed number of collisions         :      432
p-value of test                       :    0.85

-----------------------------
Total number of cells containing j balls

  j =  0                              :   10995016278192
  j =  1                              :         99999136
  j =  2                              :              432
  j =  3                              :                0
  j =  4                              :                0
  j =  5                              :                0

-----------------------------------------------
CPU time used                    :  00:00:11.07

Generator state:




***********************************************************
Test smarsa_CollisionOver calling smultin_MultinomialOver

***********************************************************
HOST = soph-test-runner.local, Darwin

generator


smultin_MultinomialOver test:
-----------------------------------------------
   N = 10,  n = 10000000,  r = 28,   d =    4,   t = 20,
       Sparse =   TRUE

       GenerCell = smultin_GenerCellSerial
       Number of cells = d^t =      1099511627776
       Expected number per cell =  1 /  109951.16
       EColl = n^2 / (2k) =  45.47473509
       Hashing =   TRUE

       Collision test

       CollisionOver:   density = n / k =  1 /  109951.16
       Expected number of collisions = Mu =      45.47


-----------------------------------------------
Results of CollisionOver test:

POISSON approximation                 :
Expected number of collisions = N*Mu  :      454.74
Observed number of collisions         :      477
p-value of test                       :    0.15

-----------------------------
Total number of cells containing j balls

  j =  0                              :   10995016278237
  j =  1                              :         99999046
  j =  2                              :              477
  j =  3                              :                0
  j =  4                              :                0
  j =  5                              :                0

-----------------------------------------------
CPU time used                    :  00:00:11.42

Generator state:




***********************************************************
HOST = soph-test-runner.local, Darwin

generator


smarsa_BirthdaySpacings test:
-----------------------------------------------
   N =  5,  n = 20000000,  r =  0,    d = 2147483648,    t = 2,    p = 1


      Number of cells = d^t = 4611686018427387904
      Lambda = Poisson mean =     433.6809


----------------------------------------------------
Total expected number = N*Lambda      :    2168.40
Total observed number                 :    2206
p-value of test                       :    0.21


-----------------------------------------------
CPU time used                    :  00:00:13.06

Generator state:




***********************************************************
HOST = soph-test-runner.local, Darwin

generator


smarsa_BirthdaySpacings test:
-----------------------------------------------
   N =  5,  n = 20000000,  r =  0,    d = 2097152,    t = 3,    p = 1


      Number of cells = d^t = 9223372036854775808
      Lambda = Poisson mean =     216.8404


----------------------------------------------------
Total expected number = N*Lambda      :    1084.20
Total observed number                 :    1063
p-value of test                       :    0.73


-----------------------------------------------
CPU time used                    :  00:00:13.31

Generator state:




***********************************************************
HOST = soph-test-runner.local, Darwin

generator


smarsa_BirthdaySpacings test:
-----------------------------------------------
   N =  5,  n = 20000000,  r =  0,    d = 65536,    t = 4,    p = 1


      Number of cells = d^t = 18446744073709551616
      Lambda = Poisson mean =     108.4202


----------------------------------------------------
Total expected number = N*Lambda      :     542.10
Total observed number                 :     560
p-value of test                       :    0.23


-----------------------------------------------
CPU time used                    :  00:00:13.77

Generator state:




***********************************************************
HOST = soph-test-runner.local, Darwin

generator


smarsa_BirthdaySpacings test:
-----------------------------------------------
   N =  3,  n = 20000000,  r =  0,    d = 512,    t = 7,    p = 1


      Number of cells = d^t = 9223372036854775808
      Lambda = Poisson mean =     216.8404


----------------------------------------------------
Total expected number = N*Lambda      :     650.52
Total observed number                 :     632
p-value of test                       :    0.76


-----------------------------------------------
CPU time used                    :  00:00:08.84

Generator state:




***********************************************************
HOST = soph-test-runner.local, Darwin

generator


smarsa_BirthdaySpacings test:
-----------------------------------------------
   N =  3,  n = 20000000,  r =  7,    d = 512,    t = 7,    p = 1


      Number of cells = d^t = 9223372036854775808
      Lambda = Poisson mean =     216.8404


----------------------------------------------------
Total expected number = N*Lambda      :     650.52
Total observed number                 :     658
p-value of test                       :    0.39


-----------------------------------------------
CPU time used                    :  00:00:08.83

Generator state:




***********************************************************
HOST = soph-test-runner.local, Darwin

generator


smarsa_BirthdaySpacings test:
-----------------------------------------------
   N =  3,  n = 20000000,  r = 14,    d = 256,    t = 8,    p = 1


      Number of cells = d^t = 18446744073709551616
      Lambda = Poisson mean =     108.4202


----------------------------------------------------
Total expected number = N*Lambda      :     325.26
Total observed number                 :     300
p-value of test                       :    0.92


-----------------------------------------------
CPU time used                    :  00:00:08.96

Generator state:




***********************************************************
HOST = soph-test-runner.local, Darwin

generator


smarsa_BirthdaySpacings test:
-----------------------------------------------
   N =  3,  n = 20000000,  r = 22,    d = 256,    t = 8,    p = 1


      Number of cells = d^t = 18446744073709551616
      Lambda = Poisson mean =     108.4202


----------------------------------------------------
Total expected number = N*Lambda      :     325.26
Total observed number                 :     319
p-value of test                       :    0.62


-----------------------------------------------
CPU time used                    :  00:00:09.02

Generator state:




***********************************************************
HOST = soph-test-runner.local, Darwin

generator


snpair_ClosePairs test:
-----------------------------------------------
   N = 10,  n = 2000000,  r =  0,  t = 2,  p = 0,  m = 30,  Torus =  TRUE


---------------------------------------
Test based on the 2 nearest points (NP):

Stat. AD on the N values (NP)         :    1.28
p-value of test                       :    0.24


A2 test based on the spacings between the
   successive jump times of process Y_n(t):

A2 test on the values of A2 (m-NP)    :    0.27
p-value of test                       :    0.96

Test on the Nm values of W_{n,i}(mNP1):    0.57
p-value of test                       :    0.68

Test on the jump times of Y
   (superposition of Yn):

Expected number of jumps of Y = mN    :     300
Number of jumps of Y                  :     316
p-value of test                       :    0.18

Stat. AD (mNP2)                       :    0.81
p-value of test                       :    0.47

-----------------------------------------------
CPU time used                    :  00:00:03.09

Generator state:




***********************************************************
HOST = soph-test-runner.local, Darwin

generator


snpair_ClosePairs test:
-----------------------------------------------
   N = 10,  n = 2000000,  r =  0,  t = 3,  p = 0,  m = 30,  Torus =  TRUE


---------------------------------------
Test based on the 2 nearest points (NP):

Stat. AD on the N values (NP)         :    0.30
p-value of test                       :    0.94


A2 test based on the spacings between the
   successive jump times of process Y_n(t):

A2 test on the values of A2 (m-NP)    :    1.13
p-value of test                       :    0.29

Test on the Nm values of W_{n,i}(mNP1):    0.67
p-value of test                       :    0.58

Test on the jump times of Y
   (superposition of Yn):

Expected number of jumps of Y = mN    :     300
Number of jumps of Y                  :     287
p-value of test                       :    0.76

Stat. AD (mNP2)                       :    1.38
p-value of test                       :    0.21

Stat. AD after spacings (mNP2-S)      :    1.46
p-value of test                       :    0.19

-----------------------------------------------
CPU time used                    :  00:00:04.21

Generator state:




***********************************************************
HOST = soph-test-runner.local, Darwin

generator


snpair_ClosePairs test:
-----------------------------------------------
   N =  5,  n = 2000000,  r =  0,  t = 7,  p = 0,  m = 30,  Torus =  TRUE


---------------------------------------
Test based on the 2 nearest points (NP):

Stat. AD on the N values (NP)         :    1.34
p-value of test                       :    0.22


A2 test based on the spacings between the
   successive jump times of process Y_n(t):

A2 test on the values of A2 (m-NP)    :    0.94
p-value of test                       :    0.39

Test on the Nm values of W_{n,i}(mNP1):    1.02
p-value of test                       :    0.35

Test on the jump times of Y
   (superposition of Yn):

Expected number of jumps of Y = mN    :     150
Number of jumps of Y                  :     149
p-value of test                       :    0.51

Stat. AD (mNP2)                       :    0.79
p-value of test                       :    0.49

Stat. AD after spacings (mNP2-S)      :    1.05
p-value of test                       :    0.33

-----------------------------------------------
CPU time used                    :  00:00:08.53

Generator state:




***********************************************************
HOST = soph-test-runner.local, Darwin

generator


snpair_ClosePairsBitMatch test:
-----------------------------------------------
   N =  4,  n = 4000000,  r =  0,  t = 2


-----------------------------------------------
Max of all bit distances              :   22.00
p-value of test                       :    0.37

-----------------------------------------------
CPU time used                    :  00:00:02.81

Generator state:




***********************************************************
HOST = soph-test-runner.local, Darwin

generator


snpair_ClosePairsBitMatch test:
-----------------------------------------------
   N =  2,  n = 4000000,  r =  0,  t = 4


-----------------------------------------------
Max of all bit distances              :   10.00
p-value of test                       :    0.60

-----------------------------------------------
CPU time used                    :  00:00:02.53

Generator state:




***********************************************************
HOST = soph-test-runner.local, Darwin

generator


sknuth_SimpPoker test:
-----------------------------------------------
   N =  1,  n = 40000000,  r =  0,   d =   16,   k =   16


-----------------------------------------------
Number of degrees of freedom          :   12
Chi-square statistic                  :   12.20
p-value of test                       :    0.43

-----------------------------------------------
CPU time used                    :  00:00:04.59

Generator state:




***********************************************************
HOST = soph-test-runner.local, Darwin

generator


sknuth_SimpPoker test:
-----------------------------------------------
   N =  1,  n = 40000000,  r = 26,   d =   16,   k =   16


-----------------------------------------------
Number of degrees of freedom          :   12
Chi-square statistic                  :   10.35
p-value of test                       :    0.59

-----------------------------------------------
CPU time used                    :  00:00:05.27

Generator state:




***********************************************************
HOST = soph-test-runner.local, Darwin

generator


sknuth_SimpPoker test:
-----------------------------------------------
   N =  1,  n = 10000000,  r =  0,   d =   64,   k =   64


-----------------------------------------------
Number of degrees of freedom          :   23
Chi-square statistic                  :   25.47
p-value of test                       :    0.33

-----------------------------------------------
CPU time used                    :  00:00:04.78

Generator state:




***********************************************************
HOST = soph-test-runner.local, Darwin

generator


sknuth_SimpPoker test:
-----------------------------------------------
   N =  1,  n = 10000000,  r = 24,   d =   64,   k =   64


-----------------------------------------------
Number of degrees of freedom          :   23
Chi-square statistic                  :   22.24
p-value of test                       :    0.51

-----------------------------------------------
CPU time used                    :  00:00:05.55

Generator state:




***********************************************************
HOST = soph-test-runner.local, Darwin

generator


sknuth_CouponCollector test:
-----------------------------------------------
   N =  1,  n = 40000000,  r =  0,   d =    4


-----------------------------------------------
Number of degrees of freedom          :   51
Chi-square statistic                  :   60.32
p-value of test                       :    0.17

-----------------------------------------------
CPU time used                    :  00:00:02.37

Generator state:




***********************************************************
HOST = soph-test-runner.local, Darwin

generator


sknuth_CouponCollector test:
-----------------------------------------------
   N =  1,  n = 40000000,  r = 28,   d =    4


-----------------------------------------------
Number of degrees of freedom          :   51
Chi-square statistic                  :   47.82
p-value of test                       :    0.60

-----------------------------------------------
CPU time used                    :  00:00:02.62

Generator state:




***********************************************************
HOST = soph-test-runner.local, Darwin

generator


sknuth_CouponCollector test:
-----------------------------------------------
   N =  1,  n = 10000000,  r =  0,   d =   16


-----------------------------------------------
Number of degrees of freedom          :   46
Chi-square statistic                  :   47.02
p-value of test                       :    0.43

-----------------------------------------------
CPU time used                    :  00:00:03.00

Generator state:




***********************************************************
HOST = soph-test-runner.local, Darwin

generator


sknuth_CouponCollector test:
-----------------------------------------------
   N =  1,  n = 10000000,  r = 26,   d =   16


-----------------------------------------------
Number of degrees of freedom          :   46
Chi-square statistic                  :   38.75
p-value of test                       :    0.77

-----------------------------------------------
CPU time used                    :  00:00:03.38

Generator state:




***********************************************************
HOST = soph-test-runner.local, Darwin

generator


sknuth_Gap test:
-----------------------------------------------
   N =  1,  n = 100000000,  r =  0,   Alpha =        0,   Beta  =    0.125


-----------------------------------------------
Number of degrees of freedom          :  106
Chi-square statistic                  :   95.95
p-value of test                       :    0.75

-----------------------------------------------
CPU time used                    :  00:00:03.36

Generator state:




***********************************************************
HOST = soph-test-runner.local, Darwin

generator


sknuth_Gap test:
-----------------------------------------------
   N =  1,  n = 100000000,  r = 27,   Alpha =        0,   Beta  =    0.125


-----------------------------------------------
Number of degrees of freedom          :  106
Chi-square statistic                  :  104.31
p-value of test                       :    0.53

-----------------------------------------------
CPU time used                    :  00:00:03.63

Generator state:




***********************************************************
HOST = soph-test-runner.local, Darwin

generator


sknuth_Gap test:
-----------------------------------------------
   N =  1,  n = 5000000,  r =  0,   Alpha =        0,   Beta  = 0.00390625


-----------------------------------------------
Number of degrees of freedom          : 1936
Chi-square statistic                  : 1960.67
p-value of test                       :    0.34

-----------------------------------------------
CPU time used                    :  00:00:04.15

Generator state:




***********************************************************
HOST = soph-test-runner.local, Darwin

generator


sknuth_Gap test:
-----------------------------------------------
   N =  1,  n = 5000000,  r = 22,   Alpha =        0,   Beta  = 0.00390625


-----------------------------------------------
Number of degrees of freedom          : 1936
Chi-square statistic                  : 1896.73
p-value of test                       :    0.73

-----------------------------------------------
CPU time used                    :  00:00:04.18

Generator state:




***********************************************************
HOST = soph-test-runner.local, Darwin

generator


sknuth_Run test:
-----------------------------------------------
   N =  1,  n = 500000000,  r =  0,   Up =  TRUE


-----------------------------------------------
Number of degrees of freedom          :    6
Chi-square statistic                  :    8.66
p-value of test                       :    0.19

-----------------------------------------------
CPU time used                    :  00:00:03.16

Generator state:




***********************************************************
HOST = soph-test-runner.local, Darwin

generator


sknuth_Run test:
-----------------------------------------------
   N =  1,  n = 500000000,  r = 15,   Up = FALSE


-----------------------------------------------
Number of degrees of freedom          :    6
Chi-square statistic                  :    5.39
p-value of test                       :    0.50

-----------------------------------------------
CPU time used                    :  00:00:03.71

Generator state:




***********************************************************
Test sknuth_Permutation calling smultin_Multinomial

***********************************************************
HOST = soph-test-runner.local, Darwin

generator


smultin_Multinomial test:
-----------------------------------------------
   N =  1,  n = 50000000,  r =  0,   t = 10,
       Sparse =  FALSE

       GenerCell = smultin_GenerCellPermut
       Number of cells = t! =            3628800
       Expected number per cell =    13.77866
       Hashing =  FALSE

   For Delta > -1, we use the ChiSquare approximation
   Correction factor of the ChiSquare: 
       Delta =     1,    Mu =     0.03628799,    Sigma =          1

-----------------------------------------------
Test Results for Delta =   1.0000

Number of degrees of freedom          : 3628799
Value of the statistic                : 3.63e+6
p-value of test                       :    0.54


-----------------------------------------------
CPU time used                    :  00:00:09.11

Generator state:




***********************************************************
Test sknuth_Permutation calling smultin_Multinomial

***********************************************************
HOST = soph-test-runner.local, Darwin

generator


smultin_Multinomial test:
-----------------------------------------------
   N =  1,  n = 50000000,  r = 15,   t = 10,
       Sparse =  FALSE

       GenerCell = smultin_GenerCellPermut
       Number of cells = t! =            3628800
       Expected number per cell =    13.77866
       Hashing =  FALSE

   For Delta > -1, we use the ChiSquare approximation
   Correction factor of the ChiSquare: 
       Delta =     1,    Mu =     0.03628799,    Sigma =          1

-----------------------------------------------
Test Results for Delta =   1.0000

Number of degrees of freedom          : 3628799
Value of the statistic                : 3.63e+6
p-value of test                       :    0.33


-----------------------------------------------
CPU time used                    :  00:00:09.16

Generator state:




***********************************************************
Test sknuth_CollisionPermut calling smultin_Multinomial

***********************************************************
HOST = soph-test-runner.local, Darwin

generator


smultin_Multinomial test:
-----------------------------------------------
   N =  5,  n = 10000000,  r =  0,   t = 13,
       Sparse =   TRUE

       GenerCell = smultin_GenerCellPermut
       Number of cells = t! =         6227020800
       Expected number per cell =  1 /  622.70208
       EColl = n^2 / (2k) =  8029.521918
       Hashing =   TRUE

       Collision test,    Mu =      8025.2245,    Sigma =    89.5098

-----------------------------------------------
Test Results for Collisions

For the total number of collisions, we use
      the Poisson approximation:
Expected number of collisions = N*Mu  :    40126.12
Observed number of collisions         :    39988
p-value of test                       :    0.75


-----------------------------
Total number of cells containing j balls

  j =  0                              :      31085143988
  j =  1                              :         49920041
  j =  2                              :            39954
  j =  3                              :               17
  j =  4                              :                0
  j =  5                              :                0

-----------------------------------------------
CPU time used                    :  00:00:21.75

Generator state:




***********************************************************
Test sknuth_CollisionPermut calling smultin_Multinomial

***********************************************************
HOST = soph-test-runner.local, Darwin

generator


smultin_Multinomial test:
-----------------------------------------------
   N =  5,  n = 10000000,  r = 15,   t = 13,
       Sparse =   TRUE

       GenerCell = smultin_GenerCellPermut
       Number of cells = t! =         6227020800
       Expected number per cell =  1 /  622.70208
       EColl = n^2 / (2k) =  8029.521918
       Hashing =   TRUE

       Collision test,    Mu =      8025.2245,    Sigma =    89.5098

-----------------------------------------------
Test Results for Collisions

For the total number of collisions, we use
      the Poisson approximation:
Expected number of collisions = N*Mu  :    40126.12
Observed number of collisions         :    40074
p-value of test                       :    0.60


-----------------------------
Total number of cells containing j balls

  j =  0                              :      31085144074
  j =  1                              :         49919865
  j =  2                              :            40048
  j =  3                              :               13
  j =  4                              :                0
  j =  5                              :                0

-----------------------------------------------
CPU time used                    :  00:00:22.12

Generator state:




***********************************************************
HOST = soph-test-runner.local, Darwin

generator


sknuth_MaxOft test:
-----------------------------------------------
   N = 10,  n = 10000000,  r =  0,   d = 100000,   t =  5

      Number of categories = 100000
      Expected number per category  = 100.00


-----------------------------------------------
Test results for chi2 with 99999 degrees of freedom:

Kolmogorov-Smirnov+ statistic = D+    :    0.16
p-value of test                       :    0.56

Kolmogorov-Smirnov- statistic = D-    :    0.26
p-value of test                       :    0.22

Anderson-Darling statistic = A2       :    0.56
p-value of test                       :    0.68

Test on the sum of all N observations
Number of degrees of freedom          : 999990
Chi-square statistic                  : 1.00e+6
p-value of test                       :    0.43


-----------------------------------------------
Test results for Anderson-Darling:

Kolmogorov-Smirnov+ statistic = D+    :    0.26
p-value of test                       :    0.22

Kolmogorov-Smirnov- statistic = D-    :   0.048
p-value of test                       :    0.93

Anderson-Darling statistic = A2       :    1.06
p-value of test                       :    0.32


-----------------------------------------------
CPU time used                    :  00:00:12.39

Generator state:




***********************************************************
HOST = soph-test-runner.local, Darwin

generator


sknuth_MaxOft test:
-----------------------------------------------
   N =  5,  n = 10000000,  r =  0,   d = 100000,   t = 10

      Number of categories = 100000
      Expected number per category  = 100.00


-----------------------------------------------
Test results for chi2 with 99999 degrees of freedom:

Kolmogorov-Smirnov+ statistic = D+    :    0.16
p-value of test                       :    0.72

Kolmogorov-Smirnov- statistic = D-    :    0.38
p-value of test                       :    0.18

Anderson-Darling statistic = A2       :    0.68
p-value of test                       :    0.57

Test on the sum of all N observations
Number of degrees of freedom          : 499995
Chi-square statistic                  : 5.01e+5
p-value of test                       :    0.29


-----------------------------------------------
Test results for Anderson-Darling:

Kolmogorov-Smirnov+ statistic = D+    :    0.17
p-value of test                       :    0.67

Kolmogorov-Smirnov- statistic = D-    :    0.36
p-value of test                       :    0.22

Anderson-Darling statistic = A2       :    0.83
p-value of test                       :    0.45


-----------------------------------------------
CPU time used                    :  00:00:07.22

Generator state:




***********************************************************
HOST = soph-test-runner.local, Darwin

generator


sknuth_MaxOft test:
-----------------------------------------------
   N =  1,  n = 10000000,  r =  0,   d = 100000,   t = 20

      Number of categories = 100000
      Expected number per category  = 100.00


-----------------------------------------------
Number of degrees of freedom          : 99999
Chi-square statistic                  :99661.08
p-value of test                       :    0.77


-----------------------------------------------
Anderson-Darling statistic            :    0.23
p-value of test                       :    0.77


-----------------------------------------------
CPU time used                    :  00:00:01.80

Generator state:




***********************************************************
HOST = soph-test-runner.local, Darwin

generator


sknuth_MaxOft test:
-----------------------------------------------
   N =  1,  n = 10000000,  r =  0,   d = 100000,   t = 30

      Number of categories = 100000
      Expected number per category  = 100.00


-----------------------------------------------
Number of degrees of freedom          : 99999
Chi-square statistic                  :99837.26
p-value of test                       :    0.64


-----------------------------------------------
Anderson-Darling statistic            :    0.27
p-value of test                       :    0.73


-----------------------------------------------
CPU time used                    :  00:00:02.14

Generator state:




***********************************************************
HOST = soph-test-runner.local, Darwin

generator


svaria_SampleProd test:
-----------------------------------------------
   N =  1,  n = 10000000,  r =  0,   t = 10


-----------------------------------------------
Anderson-Darling statistic            :    0.66
p-value of test                       :    0.34

-----------------------------------------------
CPU time used                    :  00:00:01.23

Generator state:




***********************************************************
HOST = soph-test-runner.local, Darwin

generator


svaria_SampleProd test:
-----------------------------------------------
   N =  1,  n = 10000000,  r =  0,   t = 30


-----------------------------------------------
Anderson-Darling statistic            :    0.26
p-value of test                       :    0.74

-----------------------------------------------
CPU time used                    :  00:00:02.11

Generator state:




***********************************************************
HOST = soph-test-runner.local, Darwin

generator


svaria_SampleMean test:
-----------------------------------------------
   N = 10000000,  n = 20,  r =  0


-----------------------------------------------

Kolmogorov-Smirnov+ statistic = D+    : 1.15e-4
p-value of test                       :    0.77

Kolmogorov-Smirnov- statistic = D-    : 2.98e-4
p-value of test                       :    0.17

Anderson-Darling statistic = A2       :    0.67
p-value of test                       :    0.59

-----------------------------------------------
CPU time used                    :  00:00:01.94

Generator state:




***********************************************************
HOST = soph-test-runner.local, Darwin

generator


svaria_SampleCorr test:
-----------------------------------------------
   N =  1,  n = 500000000,  r =  0,   k = 1


-----------------------------------------------
Normal statistic                      :    1.37
p-value of test                       :    0.09

-----------------------------------------------
CPU time used                    :  00:00:01.63

Generator state:




***********************************************************
HOST = soph-test-runner.local, Darwin

generator


svaria_AppearanceSpacings test:
-----------------------------------------------
   N =  1,   Q = 10000000,   K = 400000000,   r = 0,   s = 30,   L = 15

   Sequences of n = (K + Q)L =   6150000000 bits
   Q = 10000000 initialization blocks
   K = 400000000 blocks for the test
   the blocks have L = 15 bits



-----------------------------------------------
Normal statistic                      :   -1.12
p-value of test                       :    0.87

-----------------------------------------------
CPU time used                    :  00:00:01.48

Generator state:




***********************************************************
HOST = soph-test-runner.local, Darwin

generator


svaria_AppearanceSpacings test:
-----------------------------------------------
   N =  1,   Q = 10000000,   K = 100000000,   r = 20,   s = 10,   L = 15

   Sequences of n = (K + Q)L =   1650000000 bits
   Q = 10000000 initialization blocks
   K = 100000000 blocks for the test
   the blocks have L = 15 bits



-----------------------------------------------
Normal statistic                      :    0.46
p-value of test                       :    0.32

-----------------------------------------------
CPU time used                    :  00:00:00.75

Generator state:




***********************************************************
HOST = soph-test-runner.local, Darwin

generator


svaria_WeightDistrib test:
-----------------------------------------------
   N =  1,  n = 2000000,  r =  0,  k = 256,  Alpha =      0,  Beta =  0.125


-----------------------------------------------
Number of degrees of freedom          :   46
Chi-square statistic                  :   38.84
p-value of test                       :    0.76

-----------------------------------------------
CPU time used                    :  00:00:01.64

Generator state:




***********************************************************
HOST = soph-test-runner.local, Darwin

generator


svaria_WeightDistrib test:
-----------------------------------------------
   N =  1,  n = 2000000,  r =  8,  k = 256,  Alpha =      0,  Beta =  0.125


-----------------------------------------------
Number of degrees of freedom          :   46
Chi-square statistic                  :   65.43
p-value of test                       :    0.03

-----------------------------------------------
CPU time used                    :  00:00:01.67

Generator state:




***********************************************************
HOST = soph-test-runner.local, Darwin

generator


svaria_WeightDistrib test:
-----------------------------------------------
   N =  1,  n = 2000000,  r = 16,  k = 256,  Alpha =      0,  Beta =  0.125


-----------------------------------------------
Number of degrees of freedom          :   46
Chi-square statistic                  :   45.31
p-value of test                       :    0.50

-----------------------------------------------
CPU time used                    :  00:00:01.66

Generator state:




***********************************************************
HOST = soph-test-runner.local, Darwin

generator


svaria_WeightDistrib test:
-----------------------------------------------
   N =  1,  n = 2000000,  r = 24,  k = 256,  Alpha =      0,  Beta =  0.125


-----------------------------------------------
Number of degrees of freedom          :   46
Chi-square statistic                  :   46.30
p-value of test                       :    0.46

-----------------------------------------------
CPU time used                    :  00:00:01.67

Generator state:




***********************************************************
HOST = soph-test-runner.local, Darwin

generator


svaria_SumCollector test:
-----------------------------------------------
   N =  1,  n = 20000000,  r =  0,   g = 10


-----------------------------------------------
Number of degrees of freedom          :   25
Chi-square statistic                  :   24.22
p-value of test                       :    0.51

-----------------------------------------------
CPU time used                    :  00:00:01.62

Generator state:




***********************************************************
HOST = soph-test-runner.local, Darwin

generator


smarsa_MatrixRank test:
-----------------------------------------------
   N =  1,  n = 1000000,  r =  0,    s = 30,    L = 60,    k = 60


-----------------------------------------------
Number of degrees of freedom          :    4
Chi-square statistic                  :    5.14
p-value of test                       :    0.27

-----------------------------------------------
CPU time used                    :  00:00:08.64

Generator state:




***********************************************************
HOST = soph-test-runner.local, Darwin

generator


smarsa_MatrixRank test:
-----------------------------------------------
   N =  1,  n = 1000000,  r = 20,    s = 10,    L = 60,    k = 60


-----------------------------------------------
Number of degrees of freedom          :    4
Chi-square statistic                  :    9.37
p-value of test                       :    0.05

-----------------------------------------------
CPU time used                    :  00:00:09.36

Generator state:




***********************************************************
HOST = soph-test-runner.local, Darwin

generator


smarsa_MatrixRank test:
-----------------------------------------------
   N =  1,  n = 50000,  r =  0,    s = 30,    L = 300,    k = 300


-----------------------------------------------
Number of degrees of freedom          :    3
Chi-square statistic                  :    4.12
p-value of test                       :    0.25

-----------------------------------------------
CPU time used                    :  00:00:11.68

Generator state:




***********************************************************
HOST = soph-test-runner.local, Darwin

generator


smarsa_MatrixRank test:
-----------------------------------------------
   N =  1,  n = 50000,  r = 20,    s = 10,    L = 300,    k = 300


-----------------------------------------------
Number of degrees of freedom          :    3
Chi-square statistic                  :    2.09
p-value of test                       :    0.55

-----------------------------------------------
CPU time used                    :  00:00:13.14

Generator state:




***********************************************************
HOST = soph-test-runner.local, Darwin

generator


smarsa_MatrixRank test:
-----------------------------------------------
   N =  1,  n = 2000,  r =  0,    s = 30,    L = 1200,    k = 1200


-----------------------------------------------
Number of degrees of freedom          :    3
Chi-square statistic                  :    7.27
p-value of test                       :    0.06

-----------------------------------------------
CPU time used                    :  00:00:11.79

Generator state:




***********************************************************
HOST = soph-test-runner.local, Darwin

generator


smarsa_MatrixRank test:
-----------------------------------------------
   N =  1,  n = 2000,  r = 20,    s = 10,    L = 1200,    k = 1200


-----------------------------------------------
Number of degrees of freedom          :    3
Chi-square statistic                  :    1.61
p-value of test                       :    0.66

-----------------------------------------------
CPU time used                    :  00:00:14.22

Generator state:




***********************************************************
HOST = soph-test-runner.local, Darwin

generator


smarsa_Savir2 test:
-----------------------------------------------
   N =  1,  n = 20000000,  r =  0,    m = 1048576,    t = 30


-----------------------------------------------
Number of degrees of freedom          :   17
Chi-square statistic                  :   14.24
p-value of test                       :    0.65

-----------------------------------------------
CPU time used                    :  00:00:02.41

Generator state:




***********************************************************
HOST = soph-test-runner.local, Darwin

generator


smarsa_GCD test:
-----------------------------------------------
   N =  1,  n = 100000000,  r =  0,   s = 30


-----------------------------------------------
Number of degrees of freedom          : 2465
Chi2 statistic for GCD values         : 2532.20
p-value of test                       :    0.17



-----------------------------------------------
CPU time used                    :  00:00:05.68

Generator state:




***********************************************************
HOST = soph-test-runner.local, Darwin

generator


smarsa_GCD test:
-----------------------------------------------
   N =  1,  n = 40000000,  r = 10,   s = 20


-----------------------------------------------
Number of degrees of freedom          : 1559
Chi2 statistic for GCD values         : 1555.10
p-value of test                       :    0.52



-----------------------------------------------
CPU time used                    :  00:00:01.73

Generator state:




***********************************************************
HOST = soph-test-runner.local, Darwin

generator


swalk_RandomWalk1 test:
-----------------------------------------------
   N =  1,  n = 50000000,  r =  0,   s = 30,   L0 =   90,   L1 =   90



-----------------------------------------------
Test on the values of the Statistic H

Number of degrees of freedom          :   46
ChiSquare statistic                   :   48.91
p-value of test                       :    0.36


-----------------------------------------------
Test on the values of the Statistic M

Number of degrees of freedom          :   47
ChiSquare statistic                   :   47.93
p-value of test                       :    0.44


-----------------------------------------------
Test on the values of the Statistic J

Number of degrees of freedom          :   45
ChiSquare statistic                   :   62.34
p-value of test                       :    0.04


-----------------------------------------------
Test on the values of the Statistic R

Number of degrees of freedom          :   36
ChiSquare statistic                   :   46.00
p-value of test                       :    0.12


-----------------------------------------------
Test on the values of the Statistic C

Number of degrees of freedom          :   23
ChiSquare statistic                   :   29.70
p-value of test                       :    0.16


-----------------------------------------------
CPU time used                    :  00:00:11.32

Generator state:




***********************************************************
HOST = soph-test-runner.local, Darwin

generator


swalk_RandomWalk1 test:
-----------------------------------------------
   N =  1,  n = 10000000,  r = 20,   s = 10,   L0 =   90,   L1 =   90



-----------------------------------------------
Test on the values of the Statistic H

Number of degrees of freedom          :   44
ChiSquare statistic                   :   44.26
p-value of test                       :    0.46


-----------------------------------------------
Test on the values of the Statistic M

Number of degrees of freedom          :   45
ChiSquare statistic                   :   46.66
p-value of test                       :    0.40


-----------------------------------------------
Test on the values of the Statistic J

Number of degrees of freedom          :   45
ChiSquare statistic                   :   42.83
p-value of test                       :    0.56


-----------------------------------------------
Test on the values of the Statistic R

Number of degrees of freedom          :   35
ChiSquare statistic                   :   40.02
p-value of test                       :    0.26


-----------------------------------------------
Test on the values of the Statistic C

Number of degrees of freedom          :   22
ChiSquare statistic                   :   25.67
p-value of test                       :    0.27


-----------------------------------------------
CPU time used                    :  00:00:02.48

Generator state:




***********************************************************
HOST = soph-test-runner.local, Darwin

generator


swalk_RandomWalk1 test:
-----------------------------------------------
   N =  1,  n = 5000000,  r =  0,   s = 30,   L0 = 1000,   L1 = 1000



-----------------------------------------------
Test on the values of the Statistic H

Number of degrees of freedom          :  140
ChiSquare statistic                   :  136.17
p-value of test                       :    0.58


-----------------------------------------------
Test on the values of the Statistic M

Number of degrees of freedom          :  141
ChiSquare statistic                   :  107.61
p-value of test                       :    0.98


-----------------------------------------------
Test on the values of the Statistic J

Number of degrees of freedom          :  500
ChiSquare statistic                   :  538.55
p-value of test                       :    0.11


-----------------------------------------------
Test on the values of the Statistic R

Number of degrees of freedom          :  132
ChiSquare statistic                   :  131.28
p-value of test                       :    0.50


-----------------------------------------------
Test on the values of the Statistic C

Number of degrees of freedom          :   72
ChiSquare statistic                   :   59.40
p-value of test                       :    0.86


-----------------------------------------------
CPU time used                    :  00:00:10.22

Generator state:




***********************************************************
HOST = soph-test-runner.local, Darwin

generator


swalk_RandomWalk1 test:
-----------------------------------------------
   N =  1,  n = 1000000,  r = 20,   s = 10,   L0 = 1000,   L1 = 1000



-----------------------------------------------
Test on the values of the Statistic H

Number of degrees of freedom          :  128
ChiSquare statistic                   :  132.85
p-value of test                       :    0.37


-----------------------------------------------
Test on the values of the Statistic M

Number of degrees of freedom          :  130
ChiSquare statistic                   :  103.36
p-value of test                       :    0.96


-----------------------------------------------
Test on the values of the Statistic J

Number of degrees of freedom          :  500
ChiSquare statistic                   :  474.09
p-value of test                       :    0.79


-----------------------------------------------
Test on the values of the Statistic R

Number of degrees of freedom          :  122
ChiSquare statistic                   :  116.40
p-value of test                       :    0.63


-----------------------------------------------
Test on the values of the Statistic C

Number of degrees of freedom          :   66
ChiSquare statistic                   :   71.25
p-value of test                       :    0.31


-----------------------------------------------
CPU time used                    :  00:00:02.13

Generator state:




***********************************************************
HOST = soph-test-runner.local, Darwin

generator


swalk_RandomWalk1 test:
-----------------------------------------------
   N =  1,  n = 500000,  r =  0,   s = 30,   L0 = 10000,   L1 = 10000



-----------------------------------------------
Test on the values of the Statistic H

Number of degrees of freedom          :  366
ChiSquare statistic                   :  446.92
p-value of test                       :  2.4e-3


-----------------------------------------------
Test on the values of the Statistic M

Number of degrees of freedom          :  366
ChiSquare statistic                   :  382.90
p-value of test                       :    0.26


-----------------------------------------------
Test on the values of the Statistic J

Number of degrees of freedom          : 5000
ChiSquare statistic                   : 4807.43
p-value of test                       :    0.97


-----------------------------------------------
Test on the values of the Statistic R

Number of degrees of freedom          :  360
ChiSquare statistic                   :  351.57
p-value of test                       :    0.61


-----------------------------------------------
Test on the values of the Statistic C

Number of degrees of freedom          :  192
ChiSquare statistic                   :  196.37
p-value of test                       :    0.40


-----------------------------------------------
CPU time used                    :  00:00:09.31

Generator state:




***********************************************************
HOST = soph-test-runner.local, Darwin

generator


swalk_RandomWalk1 test:
-----------------------------------------------
   N =  1,  n = 100000,  r = 20,   s = 10,   L0 = 10000,   L1 = 10000



-----------------------------------------------
Test on the values of the Statistic H

Number of degrees of freedom          :  318
ChiSquare statistic                   :  312.60
p-value of test                       :    0.57


-----------------------------------------------
Test on the values of the Statistic M

Number of degrees of freedom          :  318
ChiSquare statistic                   :  312.71
p-value of test                       :    0.57


-----------------------------------------------
Test on the values of the Statistic J

Number of degrees of freedom          : 5000
ChiSquare statistic                   : 4961.17
p-value of test                       :    0.65


-----------------------------------------------
Test on the values of the Statistic R

Number of degrees of freedom          :  315
ChiSquare statistic                   :  294.17
p-value of test                       :    0.79


-----------------------------------------------
Test on the values of the Statistic C

Number of degrees of freedom          :  169
ChiSquare statistic                   :  177.85
p-value of test                       :    0.31


-----------------------------------------------
CPU time used                    :  00:00:01.93

Generator state:




***********************************************************
HOST = soph-test-runner.local, Darwin

generator


scomp_LinearComp test:
-----------------------------------------------
   N =  1,  n = 120000,  r =  0,    s = 1



-----------------------------------------------
Number of degrees of freedom          :   10
Chi2 statistic for size of jumps      :   12.54
p-value of test                       :    0.25


-----------------------------------------------
Normal statistic for number of jumps  :   -0.17
p-value of test                       :    0.57



-----------------------------------------------
CPU time used                    :  00:00:06.37

Generator state:




***********************************************************
HOST = soph-test-runner.local, Darwin

generator


scomp_LinearComp test:
-----------------------------------------------
   N =  1,  n = 120000,  r = 29,    s = 1



-----------------------------------------------
Number of degrees of freedom          :   10
Chi2 statistic for size of jumps      :   11.06
p-value of test                       :    0.35


-----------------------------------------------
Normal statistic for number of jumps  :    0.65
p-value of test                       :    0.26



-----------------------------------------------
CPU time used                    :  00:00:06.37

Generator state:




***********************************************************
HOST = soph-test-runner.local, Darwin

generator


scomp_LempelZiv test:
-----------------------------------------------
   N = 10,  n = 33554432,  r =  0,   s =   30,   k =   25


-----------------------------------------------

Kolmogorov-Smirnov+ statistic = D+    :   0.042
p-value of test                       :    0.94

Kolmogorov-Smirnov- statistic = D-    :    0.24
p-value of test                       :    0.27

Anderson-Darling statistic = A2       :    0.75
p-value of test                       :    0.51

Tests on the sum of all N observations
Standardized normal statistic         :    1.01
p-value of test                       :    0.16

Sample variance                       :    0.97
p-value of test                       :    0.46

-----------------------------------------------
CPU time used                    :  00:00:02.39

Generator state:




***********************************************************
HOST = soph-test-runner.local, Darwin

generator


sspectral_Fourier3 test:
-----------------------------------------------
   N = 50000,  n = 16384,  r =  0,   s =   30,   k =   14


-----------------------------------------------

Kolmogorov-Smirnov+ statistic = D+    : 5.07e-3
p-value of test                       :    0.81

Kolmogorov-Smirnov- statistic = D-    :   0.022
p-value of test                       :    0.02

Anderson-Darling statistic = A2       :    2.32
p-value of test                       :    0.06

-----------------------------------------------
CPU time used                    :  00:00:02.38

Generator state:




***********************************************************
HOST = soph-test-runner.local, Darwin

generator


sspectral_Fourier3 test:
-----------------------------------------------
   N = 50000,  n = 16384,  r = 20,   s =   10,   k =   14


-----------------------------------------------

Kolmogorov-Smirnov+ statistic = D+    : 6.77e-3
p-value of test                       :    0.68

Kolmogorov-Smirnov- statistic = D-    : 7.31e-3
p-value of test                       :    0.64

Anderson-Darling statistic = A2       :    0.34
p-value of test                       :    0.91

-----------------------------------------------
CPU time used                    :  00:00:02.50

Generator state:




***********************************************************
HOST = soph-test-runner.local, Darwin

generator


sstring_LongestHeadRun test:
-----------------------------------------------
   N =  1,  n = 1000,  r =  0,   s = 30,   L = 10000020


-----------------------------------------------
Number of degrees of freedom          :    8
Chi-square statistic                  :    5.82
p-value of test                       :    0.67

-----------------------------------------------
Global longest run of 1               :   34.00
p-value of test                       :    0.25



-----------------------------------------------
CPU time used                    :  00:00:31.23

Generator state:




***********************************************************
HOST = soph-test-runner.local, Darwin

generator


sstring_LongestHeadRun test:
-----------------------------------------------
   N =  1,  n = 300,  r = 20,   s = 10,   L = 10000020


-----------------------------------------------
Number of degrees of freedom          :    7
Chi-square statistic                  :    8.34
p-value of test                       :    0.30

-----------------------------------------------
Global longest run of 1               :   31.00
p-value of test                       :    0.50



-----------------------------------------------
CPU time used                    :  00:00:09.84

Generator state:




***********************************************************
HOST = soph-test-runner.local, Darwin

generator


sstring_PeriodsInStrings test:
-----------------------------------------------
   N =  1,  n = 300000000,  r =  0,   s =   30


-----------------------------------------------
Number of degrees of freedom          :  302
Chi-square statistic                  :  366.68
p-value of test                       :  6.4e-3

-----------------------------------------------
CPU time used                    :  00:00:05.63

Generator state:




***********************************************************
HOST = soph-test-runner.local, Darwin

generator


sstring_PeriodsInStrings test:
-----------------------------------------------
   N =  1,  n = 300000000,  r = 15,   s =   15


-----------------------------------------------
Number of degrees of freedom          :   56
Chi-square statistic                  :   51.12
p-value of test                       :    0.66

-----------------------------------------------
CPU time used                    :  00:00:03.99

Generator state:




***********************************************************
HOST = soph-test-runner.local, Darwin

generator


sstring_HammingWeight2 test:
-----------------------------------------------
   N = 100,  n = 100000000,  r =  0,   s = 30,   L = 1000000


-----------------------------------------------

Kolmogorov-Smirnov+ statistic = D+    :   0.026
p-value of test                       :    0.86

Kolmogorov-Smirnov- statistic = D-    :    0.14
p-value of test                       :    0.01

Anderson-Darling statistic = A2       :    2.39
p-value of test                       :    0.06

Test on the sum of all N observations
Number of degrees of freedom          : 10000
Chi-square statistic                  :10216.22
p-value of test                       :    0.06

-----------------------------------------------
CPU time used                    :  00:00:00.75

Generator state:




***********************************************************
HOST = soph-test-runner.local, Darwin

generator


sstring_HammingWeight2 test:
-----------------------------------------------
   N = 30,  n = 100000000,  r = 20,   s = 10,   L = 1000000


-----------------------------------------------

Kolmogorov-Smirnov+ statistic = D+    :   0.057
p-value of test                       :    0.79

Kolmogorov-Smirnov- statistic = D-    :   0.062
p-value of test                       :    0.76

Anderson-Darling statistic = A2       :    0.15
p-value of test                       :    0.9988

Test on the sum of all N observations
Number of degrees of freedom          : 3000
Chi-square statistic                  : 3000.03
p-value of test                       :    0.50

-----------------------------------------------
CPU time used                    :  00:00:00.69

Generator state:




***********************************************************
HOST = soph-test-runner.local, Darwin

generator


sstring_HammingCorr test:
-----------------------------------------------
   N =  1,  n = 500000000,  r =  0,   s = 30,   L = 30



-----------------------------------------------
Normal statistic                      : 4.04e-3
p-value of test                       :    0.50

-----------------------------------------------
CPU time used                    :  00:00:01.34

Generator state:




***********************************************************
HOST = soph-test-runner.local, Darwin

generator


sstring_HammingCorr test:
-----------------------------------------------
   N =  1,  n = 50000000,  r =  0,   s = 30,   L = 300



-----------------------------------------------
Normal statistic                      :   -0.67
p-value of test                       :    0.75

-----------------------------------------------
CPU time used                    :  00:00:01.41

Generator state:




***********************************************************
HOST = soph-test-runner.local, Darwin

generator


sstring_HammingCorr test:
-----------------------------------------------
   N =  1,  n = 10000000,  r =  0,   s = 30,   L = 1200



-----------------------------------------------
Normal statistic                      :   -1.92
p-value of test                       :    0.97

-----------------------------------------------
CPU time used                    :  00:00:00.97

Generator state:




***********************************************************
HOST = soph-test-runner.local, Darwin

generator


sstring_HammingIndep test:
-----------------------------------------------
   N =  1,  n = 300000000,  r =  0,   s = 30,   L = 30,   d = 0



Counters with expected numbers >= 10
-----------------------------------------------
Number of degrees of freedom          :  577
Chi-square statistic                  :  570.74
p-value of test                       :    0.57

-----------------------------------------------
CPU time used                    :  00:00:01.70

Generator state:




***********************************************************
HOST = soph-test-runner.local, Darwin

generator


sstring_HammingIndep test:
-----------------------------------------------
   N =  1,  n = 100000000,  r = 20,   s = 10,   L = 30,   d = 0



Counters with expected numbers >= 10
-----------------------------------------------
Number of degrees of freedom          :  533
Chi-square statistic                  :  540.29
p-value of test                       :    0.40

-----------------------------------------------
CPU time used                    :  00:00:01.74

Generator state:




***********************************************************
HOST = soph-test-runner.local, Darwin

generator


sstring_HammingIndep test:
-----------------------------------------------
   N =  1,  n = 30000000,  r =  0,   s = 30,   L = 300,   d = 0



Counters with expected numbers >= 10
-----------------------------------------------
Number of degrees of freedom          : 4117
Chi-square statistic                  : 4193.66
p-value of test                       :    0.20

-----------------------------------------------
CPU time used                    :  00:00:01.70

Generator state:




***********************************************************
HOST = soph-test-runner.local, Darwin

generator


sstring_HammingIndep test:
-----------------------------------------------
   N =  1,  n = 10000000,  r = 20,   s = 10,   L = 300,   d = 0



Counters with expected numbers >= 10
-----------------------------------------------
Number of degrees of freedom          : 3585
Chi-square statistic                  : 3599.69
p-value of test                       :    0.43

-----------------------------------------------
CPU time used                    :  00:00:01.50

Generator state:




***********************************************************
HOST = soph-test-runner.local, Darwin

generator


sstring_HammingIndep test:
-----------------------------------------------
   N =  1,  n = 10000000,  r =  0,   s = 30,   L = 1200,   d = 0



Counters with expected numbers >= 10
-----------------------------------------------
Number of degrees of freedom          : 11825
Chi-square statistic                  :11831.33
p-value of test                       :    0.48

-----------------------------------------------
CPU time used                    :  00:00:01.96

Generator state:




***********************************************************
HOST = soph-test-runner.local, Darwin

generator


sstring_HammingIndep test:
-----------------------------------------------
   N =  1,  n = 1000000,  r = 20,   s = 10,   L = 1200,   d = 0



Counters with expected numbers >= 10
-----------------------------------------------
Number of degrees of freedom          : 7473
Chi-square statistic                  : 7290.27
p-value of test                       :    0.93

-----------------------------------------------
CPU time used                    :  00:00:00.57

Generator state:




***********************************************************
HOST = soph-test-runner.local, Darwin

generator


sstring_Run test:
-----------------------------------------------
   N =  1,  n = 1000000000,  r =  0,   s =   30


-----------------------------------------------
Total number of 1 runs:  1000000007

Number of degrees of freedom          :   52
Chi2 statistic for number of runs     :   42.09
p-value of test                       :    0.84


-----------------------------------------------
Total number of bits:  3999994440

Normal statistic for number of bits   :  -0.062
p-value of test                       :    0.52



-----------------------------------------------
CPU time used                    :  00:00:10.24

Generator state:




***********************************************************
HOST = soph-test-runner.local, Darwin

generator


sstring_Run test:
-----------------------------------------------
   N =  1,  n = 1000000000,  r = 20,   s =   10


-----------------------------------------------
Total number of 1 runs:  1000000002

Number of degrees of freedom          :   52
Chi2 statistic for number of runs     :   55.12
p-value of test                       :    0.36


-----------------------------------------------
Total number of bits:  4000000120

Normal statistic for number of bits   : 1.34e-3
p-value of test                       :    0.50



-----------------------------------------------
CPU time used                    :  00:00:11.48

Generator state:




***********************************************************
HOST = soph-test-runner.local, Darwin

generator


sstring_AutoCor test:
-----------------------------------------------
   N = 10,  n = 1000000021,  r =  0,   s = 30,   d = 1


-----------------------------------------------

Kolmogorov-Smirnov+ statistic = D+    :    0.10
p-value of test                       :    0.76

Kolmogorov-Smirnov- statistic = D-    :    0.28
p-value of test                       :    0.17

Anderson-Darling statistic = A2       :    0.96
p-value of test                       :    0.38

Tests on the sum of all N observations
Standardized normal statistic         :    0.15
p-value of test                       :    0.44

Sample variance                       :    2.07
p-value of test                       :    0.03

-----------------------------------------------
CPU time used                    :  00:00:02.92

Generator state:




***********************************************************
HOST = soph-test-runner.local, Darwin

generator


sstring_AutoCor test:
-----------------------------------------------
   N =  5,  n = 1000000001,  r = 20,   s = 10,   d = 1


-----------------------------------------------

Kolmogorov-Smirnov+ statistic = D+    :    0.30
p-value of test                       :    0.35

Kolmogorov-Smirnov- statistic = D-    :    0.22
p-value of test                       :    0.53

Anderson-Darling statistic = A2       :    0.62
p-value of test                       :    0.62

Tests on the sum of all N observations
Standardized normal statistic         :   -0.42
p-value of test                       :    0.66

Sample variance                       :    0.29
p-value of test                       :    0.88

-----------------------------------------------
CPU time used                    :  00:00:04.37

Generator state:




***********************************************************
HOST = soph-test-runner.local, Darwin

generator


sstring_AutoCor test:
-----------------------------------------------
   N = 10,  n = 1000000020,  r =  0,   s = 30,   d = 30


-----------------------------------------------

Kolmogorov-Smirnov+ statistic = D+    :    0.20
p-value of test                       :    0.40

Kolmogorov-Smirnov- statistic = D-    :    0.18
p-value of test                       :    0.46

Anderson-Darling statistic = A2       :    0.41
p-value of test                       :    0.84

Tests on the sum of all N observations
Standardized normal statistic         :   0.097
p-value of test                       :    0.46

Sample variance                       :    0.86
p-value of test                       :    0.56

-----------------------------------------------
CPU time used                    :  00:00:01.26

Generator state:




***********************************************************
HOST = soph-test-runner.local, Darwin

generator


sstring_AutoCor test:
-----------------------------------------------
   N =  5,  n = 1000000010,  r = 20,   s = 10,   d = 10


-----------------------------------------------

Kolmogorov-Smirnov+ statistic = D+    :   0.046
p-value of test                       :    0.95

Kolmogorov-Smirnov- statistic = D-    :    0.33
p-value of test                       :    0.29

Anderson-Darling statistic = A2       :    0.66
p-value of test                       :    0.59

Tests on the sum of all N observations
Standardized normal statistic         :    1.00
p-value of test                       :    0.16

Sample variance                       :    0.94
p-value of test                       :    0.44

-----------------------------------------------
CPU time used                    :  00:00:01.92

Generator state:





========= Summary results of Crush =========

 Version:          TestU01 1.2.3
 Generator:        generator
 Number of statistics:  144
 Total CPU time:   00:09:45.38

 All tests were passed



